<?xml version="1.0" encoding="UTF-8"?>
<!-- Generated by org.testng.reporters.JUnitReportReporter -->
<testsuite skipped="0" hostname="EQ-EQ6330754" name="TestCases_Production.GuardianHomePageProductionTestCase" tests="1" failures="0" timestamp="28 Sep 2020 10:33:10 GMT" time="112.994" errors="0">
  <testcase name="Launch_MyTools_Application" time="112.994" classname="TestCases_Production.GuardianHomePageProductionTestCase"/>
</testsuite> <!-- TestCases_Production.GuardianHomePageProductionTestCase -->
