<?xml version="1.0" encoding="UTF-8"?>
<!-- Generated by org.testng.reporters.JUnitReportReporter -->
<testsuite hostname="KhagendraP-LP" failures="0" tests="8" name="TestCases.ISTrackOrderProcessingAMTestCase" time="2105.216" errors="0" timestamp="2021-04-07T18:28:56 IST" skipped="0">
  <testcase classname="TestCases.ISTrackOrderProcessingAMTestCase" name="newCaseGeneration" time="338.683"/>
  <system-out/>
  <testcase classname="TestCases.ISTrackOrderProcessingAMTestCase" name="checkManageStatusInGold" time="157.641"/>
  <system-out/>
  <testcase classname="TestCases.ISTrackOrderProcessingAMTestCase" name="EquipmentProcurement" time="312.823"/>
  <system-out/>
  <testcase classname="TestCases.ISTrackOrderProcessingAMTestCase" name="taskCompletion1" time="711.984"/>
  <system-out/>
  <testcase classname="TestCases.ISTrackOrderProcessingAMTestCase" name="acceptanceERS" time="220.157"/>
  <system-out/>
  <testcase classname="TestCases.ISTrackOrderProcessingAMTestCase" name="checkRFS_RFBAndSRTMessageCheck" time="157.141"/>
  <system-out/>
  <testcase classname="TestCases.ISTrackOrderProcessingAMTestCase" name="billingSupervisor" time="89.059"/>
  <system-out/>
  <testcase classname="TestCases.ISTrackOrderProcessingAMTestCase" name="checkGoldOrderAcceptanceStatus" time="117.728"/>
  <system-out/>
</testsuite> <!-- TestCases.ISTrackOrderProcessingAMTestCase -->
