<?xml version="1.0" encoding="UTF-8"?>
<!-- Generated by org.testng.reporters.JUnitReportReporter -->
<testsuite hostname="KhagendraP-LP" failures="0" tests="6" name="TestCases.ISTrackEAMManagedWithoutCheckBoxAMTestCase" time="1236.533" errors="1" timestamp="2021-05-11T17:58:31 IST" skipped="0">
  <testcase classname="TestCases.ISTrackEAMManagedWithoutCheckBoxAMTestCase" name="AutomaticReport" time="91.098">
    <error message="554 Mail from parminder.kaur@orange.com rejected for policy reasons.
" type="com.sun.mail.smtp.SMTPSendFailedException">
      <![CDATA[com.sun.mail.smtp.SMTPSendFailedException: 554 Mail from parminder.kaur@orange.com rejected for policy reasons.

at com.sun.mail.smtp.SMTPTransport.issueSendCommand(SMTPTransport.java:2108)
at com.sun.mail.smtp.SMTPTransport.mailFrom(SMTPTransport.java:1609)
at com.sun.mail.smtp.SMTPTransport.sendMessage(SMTPTransport.java:1117)
at javax.mail.Transport.send0(Transport.java:195)
at javax.mail.Transport.send(Transport.java:124)
at themis.Util.AutoGenerateMail.GenerateMail(AutoGenerateMail.java:273)
at TestCases.ISTrackEAMManagedWithoutCheckBoxAMTestCase.AutomaticReport(ISTrackEAMManagedWithoutCheckBoxAMTestCase.java:75)
at java.base/jdk.internal.reflect.NativeMethodAccessorImpl.invoke0(Native Method)
at java.base/jdk.internal.reflect.NativeMethodAccessorImpl.invoke(NativeMethodAccessorImpl.java:64)
at java.base/jdk.internal.reflect.DelegatingMethodAccessorImpl.invoke(DelegatingMethodAccessorImpl.java:43)
at java.base/java.lang.reflect.Method.invoke(Method.java:564)
at org.testng.internal.MethodInvocationHelper.invokeMethod(MethodInvocationHelper.java:132)
at org.testng.internal.MethodInvocationHelper.invokeMethodConsideringTimeout(MethodInvocationHelper.java:61)
at org.testng.internal.ConfigInvoker.invokeConfigurationMethod(ConfigInvoker.java:366)
at org.testng.internal.ConfigInvoker.invokeConfigurations(ConfigInvoker.java:320)
at org.testng.internal.TestMethodWorker.invokeAfterClassMethods(TestMethodWorker.java:217)
at org.testng.internal.TestMethodWorker.run(TestMethodWorker.java:130)
at java.base/java.util.ArrayList.forEach(ArrayList.java:1511)
at org.testng.TestRunner.privateRun(TestRunner.java:764)
at org.testng.TestRunner.run(TestRunner.java:585)
at org.testng.SuiteRunner.runTest(SuiteRunner.java:384)
at org.testng.SuiteRunner.runSequentially(SuiteRunner.java:378)
at org.testng.SuiteRunner.privateRun(SuiteRunner.java:337)
at org.testng.SuiteRunner.run(SuiteRunner.java:286)
at org.testng.SuiteRunnerWorker.runSuite(SuiteRunnerWorker.java:53)
at org.testng.SuiteRunnerWorker.run(SuiteRunnerWorker.java:96)
at org.testng.TestNG.runSuitesSequentially(TestNG.java:1218)
at org.testng.TestNG.runSuitesLocally(TestNG.java:1140)
at org.testng.TestNG.runSuites(TestNG.java:1069)
at org.testng.TestNG.run(TestNG.java:1037)
at org.testng.remote.AbstractRemoteTestNG.run(AbstractRemoteTestNG.java:115)
at org.testng.remote.RemoteTestNG.initAndRun(RemoteTestNG.java:251)
at org.testng.remote.RemoteTestNG.main(RemoteTestNG.java:77)
]]>
    </error>
  </testcase> <!-- AutomaticReport -->
  <system-out/>
  <testcase classname="TestCases.ISTrackEAMManagedWithoutCheckBoxAMTestCase" name="newCaseGeneration" time="297.971"/>
  <system-out/>
  <testcase classname="TestCases.ISTrackEAMManagedWithoutCheckBoxAMTestCase" name="taskCompletionByProcurementUser" time="538.139"/>
  <system-out/>
  <testcase classname="TestCases.ISTrackEAMManagedWithoutCheckBoxAMTestCase" name="pocmSupervisor" time="81.727"/>
  <system-out/>
  <testcase classname="TestCases.ISTrackEAMManagedWithoutCheckBoxAMTestCase" name="pocmUser1" time="47.566"/>
  <system-out/>
  <testcase classname="TestCases.ISTrackEAMManagedWithoutCheckBoxAMTestCase" name="acceptanceIS" time="180.032"/>
  <system-out/>
</testsuite> <!-- TestCases.ISTrackEAMManagedWithoutCheckBoxAMTestCase -->
