<?xml version="1.0" encoding="UTF-8"?>
<!-- Generated by org.testng.reporters.JUnitReportReporter -->
<testsuite skipped="0" hostname="EQ-EQ6330754" name="TestCases_Production.ISTrackVendorBrandedServiceOrderProcessingProductionTestCase" tests="9" failures="0" timestamp="28 Sep 2020 10:33:10 GMT" time="1285.479" errors="0">
  <testcase name="newCaseGeneration" time="205.081" classname="TestCases_Production.ISTrackVendorBrandedServiceOrderProcessingProductionTestCase"/>
  <testcase name="checkManageStatusInGold" time="171.125" classname="TestCases_Production.ISTrackVendorBrandedServiceOrderProcessingProductionTestCase"/>
  <testcase name="taskCompletion" time="167.382" classname="TestCases_Production.ISTrackVendorBrandedServiceOrderProcessingProductionTestCase"/>
  <testcase name="acceptanceERS" time="199.974" classname="TestCases_Production.ISTrackVendorBrandedServiceOrderProcessingProductionTestCase"/>
  <testcase name="checkRFS_RFBInGold" time="194.020" classname="TestCases_Production.ISTrackVendorBrandedServiceOrderProcessingProductionTestCase"/>
  <testcase name="billingSupervisor" time="80.972" classname="TestCases_Production.ISTrackVendorBrandedServiceOrderProcessingProductionTestCase"/>
  <testcase name="billingUser1" time="63.876" classname="TestCases_Production.ISTrackVendorBrandedServiceOrderProcessingProductionTestCase"/>
  <testcase name="checkCompletedTasks" time="59.979" classname="TestCases_Production.ISTrackVendorBrandedServiceOrderProcessingProductionTestCase"/>
  <testcase name="checkGoldOrderAcceptanceStatus" time="143.070" classname="TestCases_Production.ISTrackVendorBrandedServiceOrderProcessingProductionTestCase"/>
</testsuite> <!-- TestCases_Production.ISTrackVendorBrandedServiceOrderProcessingProductionTestCase -->
