<?xml version="1.0" encoding="UTF-8"?>
<!-- Generated by org.testng.reporters.JUnitReportReporter -->
<testsuite hostname="KhagendraP-LP" failures="0" tests="1" name="TestCases.ISTrackOCDServicesAMTestCase" time="161.989" errors="0" timestamp="2021-05-03T13:46:52 IST" skipped="0">
  <testcase classname="TestCases.ISTrackOCDServicesAMTestCase" name="acceptanceIS" time="161.989"/>
  <system-out/>
</testsuite> <!-- TestCases.ISTrackOCDServicesAMTestCase -->
