<?xml version="1.0" encoding="UTF-8"?>
<!-- Generated by org.testng.reporters.JUnitReportReporter -->
<testsuite hostname="KhagendraP-LP" failures="0" tests="1" name="TestCases.GuardianHomePageTestCase" time="19.917" errors="0" timestamp="2021-04-20T17:06:59 IST" skipped="0">
  <testcase classname="TestCases.GuardianHomePageTestCase" name="Launch_Guardian_Application" time="19.917"/>
  <system-out/>
</testsuite> <!-- TestCases.GuardianHomePageTestCase -->
