<?xml version="1.0" encoding="UTF-8"?>
<!-- Generated by org.testng.reporters.JUnitReportReporter -->
<testsuite skipped="0" hostname="EQ-EQ6330754" name="TestCases.ISTrackVendorBrandedServiceOrderProcessingAMTestCase" tests="9" failures="0" timestamp="19 Aug 2020 11:20:42 GMT" time="1279.980" errors="0">
  <testcase name="newCaseGeneration" time="236.852" classname="TestCases.ISTrackVendorBrandedServiceOrderProcessingAMTestCase"/>
  <testcase name="checkManageStatusInGold" time="138.034" classname="TestCases.ISTrackVendorBrandedServiceOrderProcessingAMTestCase"/>
  <testcase name="taskCompletion" time="205.541" classname="TestCases.ISTrackVendorBrandedServiceOrderProcessingAMTestCase"/>
  <testcase name="acceptanceERS" time="202.607" classname="TestCases.ISTrackVendorBrandedServiceOrderProcessingAMTestCase"/>
  <testcase name="checkRFS_RFBAndSRTMessageCheck" time="196.049" classname="TestCases.ISTrackVendorBrandedServiceOrderProcessingAMTestCase"/>
  <testcase name="billingSupervisor" time="88.531" classname="TestCases.ISTrackVendorBrandedServiceOrderProcessingAMTestCase"/>
  <testcase name="billingUser1" time="58.846" classname="TestCases.ISTrackVendorBrandedServiceOrderProcessingAMTestCase"/>
  <testcase name="checkCompletedTasks" time="62.981" classname="TestCases.ISTrackVendorBrandedServiceOrderProcessingAMTestCase"/>
  <testcase name="checkGoldOrderAcceptanceStatus" time="90.539" classname="TestCases.ISTrackVendorBrandedServiceOrderProcessingAMTestCase"/>
</testsuite> <!-- TestCases.ISTrackVendorBrandedServiceOrderProcessingAMTestCase -->
