<?xml version="1.0" encoding="UTF-8"?>
<!-- Generated by org.testng.reporters.JUnitReportReporter -->
<testsuite hostname="KhagendraP-LP" failures="0" tests="7" name="TestCases.ISTrackVendorBrandedServiceOrderProcessingAMTestCase" time="1133.537" errors="0" timestamp="2021-05-20T10:06:24 IST" skipped="0">
  <testcase classname="TestCases.ISTrackVendorBrandedServiceOrderProcessingAMTestCase" name="newCaseGenerationISTrack" time="252.246"/>
  <system-out/>
  <testcase classname="TestCases.ISTrackVendorBrandedServiceOrderProcessingAMTestCase" name="checkManageStatusInGold" time="162.083"/>
  <system-out/>
  <testcase classname="TestCases.ISTrackVendorBrandedServiceOrderProcessingAMTestCase" name="taskCompletionByProcurementUserISTrack" time="174.011"/>
  <system-out/>
  <testcase classname="TestCases.ISTrackVendorBrandedServiceOrderProcessingAMTestCase" name="acceptanceERSByODMUser" time="206.879"/>
  <system-out/>
  <testcase classname="TestCases.ISTrackVendorBrandedServiceOrderProcessingAMTestCase" name="checkRFS_RFBInGold" time="142.049"/>
  <system-out/>
  <testcase classname="TestCases.ISTrackVendorBrandedServiceOrderProcessingAMTestCase" name="billingSupervisor" time="79.800"/>
  <system-out/>
  <testcase classname="TestCases.ISTrackVendorBrandedServiceOrderProcessingAMTestCase" name="checkGoldOrderAcceptanceStatus" time="116.469"/>
  <system-out/>
</testsuite> <!-- TestCases.ISTrackVendorBrandedServiceOrderProcessingAMTestCase -->
