<?xml version="1.0" encoding="UTF-8"?>
<!-- Generated by org.testng.reporters.JUnitReportReporter -->
<testsuite skipped="0" hostname="EQ-EQ6283022" name="TestCases.FlipReportRequestPageTestCase" tests="13" failures="0" timestamp="2020-01-09T12:28:43 IST" time="414.213" errors="0">
  <testcase name="Launch_Flip_Application" time="8.882" classname="TestCases.FlipReportRequestPageTestCase"/>
  <testcase name="Verification_Of_Flip_Logo" time="0.105" classname="TestCases.FlipReportRequestPageTestCase"/>
  <testcase name="Click_and_Open_ReportRequest" time="33.008" classname="TestCases.FlipReportRequestPageTestCase"/>
  <testcase name="Insertion_service_product_reference" time="13.568" classname="TestCases.FlipReportRequestPageTestCase"/>
  <testcase name="SelectSitePart_and_ContinueCreateIncident" time="13.889" classname="TestCases.FlipReportRequestPageTestCase"/>
  <testcase name="SelectContact_and_ContinueCreateIncident" time="27.531" classname="TestCases.FlipReportRequestPageTestCase"/>
  <testcase name="Filling_Detail_Of_Case_and_Submit" time="45.079" classname="TestCases.FlipReportRequestPageTestCase"/>
  <testcase name="Case_ID_retrieval" time="23.150" classname="TestCases.FlipReportRequestPageTestCase"/>
  <testcase name="Click_On_Case_and_NavigateToDispatch" time="17.898" classname="TestCases.FlipReportRequestPageTestCase"/>
  <testcase name="Creation_of_Dispatch" time="55.213" classname="TestCases.FlipReportRequestPageTestCase"/>
  <testcase name="NavigateToDispatchBoardSuccessfully" time="104.834" classname="TestCases.FlipReportRequestPageTestCase"/>
  <testcase name="AssigningToFE" time="21.480" classname="TestCases.FlipReportRequestPageTestCase"/>
  <testcase name="VerifyDispatchStatusAfterAssigned" time="49.576" classname="TestCases.FlipReportRequestPageTestCase"/>
</testsuite> <!-- TestCases.FlipReportRequestPageTestCase -->
