<?xml version="1.0" encoding="UTF-8"?>
<!-- Generated by org.testng.reporters.JUnitReportReporter -->
<testsuite hostname="KhagendraP-LP" failures="0" tests="7" name="TestCases_Production.ISTrackOrderProcessingProductionTestCase" time="2184.602" errors="0" timestamp="2021-04-08T15:19:23 IST" skipped="0">
  <testcase classname="TestCases_Production.ISTrackOrderProcessingProductionTestCase" name="newCaseGeneration" time="331.039"/>
  <system-out/>
  <testcase classname="TestCases_Production.ISTrackOrderProcessingProductionTestCase" name="checkManageStatusInGold" time="162.421"/>
  <system-out/>
  <testcase classname="TestCases_Production.ISTrackOrderProcessingProductionTestCase" name="taskCompletion" time="313.393"/>
  <system-out/>
  <testcase classname="TestCases_Production.ISTrackOrderProcessingProductionTestCase" name="taskCompletion1" time="1001.984"/>
  <system-out/>
  <testcase classname="TestCases_Production.ISTrackOrderProcessingProductionTestCase" name="checkRFS_RFBAndSRTMessageCheck" time="156.734"/>
  <system-out/>
  <testcase classname="TestCases_Production.ISTrackOrderProcessingProductionTestCase" name="billingSupervisor" time="95.785"/>
  <system-out/>
  <testcase classname="TestCases_Production.ISTrackOrderProcessingProductionTestCase" name="checkGoldOrderAcceptanceStatus" time="123.246"/>
  <system-out/>
</testsuite> <!-- TestCases_Production.ISTrackOrderProcessingProductionTestCase -->
