<?xml version="1.0" encoding="UTF-8"?>
<!-- Generated by org.testng.reporters.JUnitReportReporter -->
<testsuite skipped="0" hostname="EQ-EQ6330754" name="TestCases_Production.GoldOrderPageProductionTestCase" tests="2" failures="0" timestamp="28 Sep 2020 10:33:10 GMT" time="722.396" errors="0">
  <testcase name="clickOnOrdersLink" time="22.386" classname="TestCases_Production.GoldOrderPageProductionTestCase"/>
  <testcase name="createGoldOrder" time="700.010" classname="TestCases_Production.GoldOrderPageProductionTestCase"/>
</testsuite> <!-- TestCases_Production.GoldOrderPageProductionTestCase -->
