<?xml version="1.0" encoding="UTF-8"?>
<!-- Generated by org.testng.reporters.JUnitReportReporter -->
<testsuite hostname="KhagendraP-LP" failures="0" tests="7" name="TestCases.ISTrackERSDirectPlusVBSOrderProcessingAMTestCase" time="1764.059" errors="0" timestamp="2021-05-11T19:06:42 IST" skipped="0">
  <testcase classname="TestCases.ISTrackERSDirectPlusVBSOrderProcessingAMTestCase" name="newCaseGenerationISTrack" time="267.369"/>
  <system-out/>
  <testcase classname="TestCases.ISTrackERSDirectPlusVBSOrderProcessingAMTestCase" name="checkManageStatusInGold" time="161.657"/>
  <system-out/>
  <testcase classname="TestCases.ISTrackERSDirectPlusVBSOrderProcessingAMTestCase" name="taskCompletionByProcurementUser" time="788.623"/>
  <system-out/>
  <testcase classname="TestCases.ISTrackERSDirectPlusVBSOrderProcessingAMTestCase" name="acceptanceERSByODMUser" time="199.486"/>
  <system-out/>
  <testcase classname="TestCases.ISTrackERSDirectPlusVBSOrderProcessingAMTestCase" name="checkRFS_RFB" time="145.092"/>
  <system-out/>
  <testcase classname="TestCases.ISTrackERSDirectPlusVBSOrderProcessingAMTestCase" name="billingSupervisor" time="86.457"/>
  <system-out/>
  <testcase classname="TestCases.ISTrackERSDirectPlusVBSOrderProcessingAMTestCase" name="checkGoldOrderAcceptanceStatus" time="115.375"/>
  <system-out/>
</testsuite> <!-- TestCases.ISTrackERSDirectPlusVBSOrderProcessingAMTestCase -->
