<?xml version="1.0" encoding="UTF-8"?>
<!-- Generated by org.testng.reporters.JUnitReportReporter -->
<testsuite skipped="0" hostname="EQ-EQ6330754" name="TestCases.GuardianHomePageTestCase" tests="1" failures="0" timestamp="25 Sep 2020 05:15:08 GMT" time="9.056" errors="0">
  <testcase name="Launch_Guardian_Application" time="9.056" classname="TestCases.GuardianHomePageTestCase"/>
</testsuite> <!-- TestCases.GuardianHomePageTestCase -->
