<?xml version="1.0" encoding="UTF-8"?>
<!-- Generated by org.testng.reporters.JUnitReportReporter -->
<testsuite skipped="0" hostname="EQ-EQ6330754" name="themis.Util.RestAssuredTesting" tests="1" failures="0" timestamp="03 Jun 2020 11:53:12 GMT" time="6.625" errors="0">
  <testcase name="RegistrationSuccessful" time="6.625" classname="themis.Util.RestAssuredTesting"/>
</testsuite> <!-- themis.Util.RestAssuredTesting -->
