<?xml version="1.0" encoding="UTF-8"?>
<!-- Generated by org.testng.reporters.JUnitReportReporter -->
<testsuite hostname="KhagendraP-LP" failures="0" tests="11" name="TestCases.MaintenancePlusOnsiteInterventionScopeProcessingAMTestCase" time="1336.859" errors="0" timestamp="2021-05-20T10:50:19 IST" skipped="0">
  <testcase classname="TestCases.MaintenancePlusOnsiteInterventionScopeProcessingAMTestCase" name="newCaseGenerationISTrack" time="258.097"/>
  <system-out/>
  <testcase classname="TestCases.MaintenancePlusOnsiteInterventionScopeProcessingAMTestCase" name="checkManageStatusInGold" time="164.336"/>
  <system-out/>
  <testcase classname="TestCases.MaintenancePlusOnsiteInterventionScopeProcessingAMTestCase" name="taskCompletionByProcurementUserISTrack" time="179.621"/>
  <system-out/>
  <testcase classname="TestCases.MaintenancePlusOnsiteInterventionScopeProcessingAMTestCase" name="samiSupervisorISTrack" time="75.506"/>
  <system-out/>
  <testcase classname="TestCases.MaintenancePlusOnsiteInterventionScopeProcessingAMTestCase" name="SamiUserISTrack" time="49.224"/>
  <system-out/>
  <testcase classname="TestCases.MaintenancePlusOnsiteInterventionScopeProcessingAMTestCase" name="pocmSupervisorISTrack" time="80.118"/>
  <system-out/>
  <testcase classname="TestCases.MaintenancePlusOnsiteInterventionScopeProcessingAMTestCase" name="pocmUserISTrack" time="39.929"/>
  <system-out/>
  <testcase classname="TestCases.MaintenancePlusOnsiteInterventionScopeProcessingAMTestCase" name="acceptanceISByODMUser" time="150.009"/>
  <system-out/>
  <testcase classname="TestCases.MaintenancePlusOnsiteInterventionScopeProcessingAMTestCase" name="checkRFS_RFBInGold" time="145.292"/>
  <system-out/>
  <testcase classname="TestCases.MaintenancePlusOnsiteInterventionScopeProcessingAMTestCase" name="billingSupervisorISTrack" time="81.452"/>
  <system-out/>
  <testcase classname="TestCases.MaintenancePlusOnsiteInterventionScopeProcessingAMTestCase" name="checkGoldOrderAcceptanceStatus" time="113.275"/>
  <system-out/>
</testsuite> <!-- TestCases.MaintenancePlusOnsiteInterventionScopeProcessingAMTestCase -->
