<?xml version="1.0" encoding="UTF-8"?>
<!-- Generated by org.testng.reporters.JUnitReportReporter -->
<testsuite hostname="KhagendraP-LP" failures="0" tests="11" name="TestCases.ISTrackMaintenanceScopeProcessingAMTestCase" time="1254.392" errors="0" timestamp="2021-05-13T11:17:17 IST" skipped="0">
  <testcase classname="TestCases.ISTrackMaintenanceScopeProcessingAMTestCase" name="newCaseGenerationISTrack" time="238.805"/>
  <system-out/>
  <testcase classname="TestCases.ISTrackMaintenanceScopeProcessingAMTestCase" name="checkManageStatusInGold" time="164.156"/>
  <system-out/>
  <testcase classname="TestCases.ISTrackMaintenanceScopeProcessingAMTestCase" name="taskCompletionByProcurementUser" time="115.073"/>
  <system-out/>
  <testcase classname="TestCases.ISTrackMaintenanceScopeProcessingAMTestCase" name="samiSupervisor" time="73.435"/>
  <system-out/>
  <testcase classname="TestCases.ISTrackMaintenanceScopeProcessingAMTestCase" name="SAMIUser" time="46.426"/>
  <system-out/>
  <testcase classname="TestCases.ISTrackMaintenanceScopeProcessingAMTestCase" name="pocmSupervisor" time="85.121"/>
  <system-out/>
  <testcase classname="TestCases.ISTrackMaintenanceScopeProcessingAMTestCase" name="pocmUser" time="41.568"/>
  <system-out/>
  <testcase classname="TestCases.ISTrackMaintenanceScopeProcessingAMTestCase" name="acceptanceISByODMUserISTrack" time="149.786"/>
  <system-out/>
  <testcase classname="TestCases.ISTrackMaintenanceScopeProcessingAMTestCase" name="checkRFS_RFBACheckinGold" time="146.499"/>
  <system-out/>
  <testcase classname="TestCases.ISTrackMaintenanceScopeProcessingAMTestCase" name="billingSupervisor" time="79.729"/>
  <system-out/>
  <testcase classname="TestCases.ISTrackMaintenanceScopeProcessingAMTestCase" name="checkGoldOrderAcceptanceStatus" time="113.794"/>
  <system-out/>
</testsuite> <!-- TestCases.ISTrackMaintenanceScopeProcessingAMTestCase -->
