<?xml version="1.0" encoding="UTF-8"?>
<!-- Generated by org.testng.reporters.JUnitReportReporter -->
<testsuite hostname="KhagendraP-LP" failures="0" tests="6" name="TestCases.ISTrackEAMManagedWithCheckBoxAMTestCase" time="1579.240" errors="1" timestamp="2021-05-04T09:29:16 IST" skipped="0">
  <testcase classname="TestCases.ISTrackEAMManagedWithCheckBoxAMTestCase" name="AutomaticReport" time="59.881">
    <error message="Element &lt;span class=&quot;test-name&quot;&gt; is not clickable at point (202,198) because another element &lt;img class=&quot;featherlight-image featherlight-inner&quot; src=&quot;data:image/png;base64,iVBORw0KGgoAAAANSUhEUgAABVYAAAKOCAYAAABN80LeAAAgAElEQVR4nOzde1xUdf4/8CMKtTp201SysquxtX77tlnub/fblm4Xd7fW3F3tsmVu6SClZCldtIJKFFMoFEnF+w01JUXNJFO8gggioqLcBVEQRGAYLnJ5/f4YP8czM2dggLkA83o/Hs9Hzplz+ZzPGYbh1Wc+R2poaAARERERtU91dXXQ6/UoKipCTk4Orly5goaGBrA6V9XX1+PKlSvIzs5GUVER9Ho96urqnP76IyIiIuqsAKCsrKxNJGefBBERERFZVl1djeLiYuTm5qKxsdHJ8R/L3tXY2Ijc3FwUFxejurra6a8/IiIios4KYLBKRERE1KmVl5cjOzsb1dXVAICK/auQO3EAst68kTqR3IkDULF/FQCguroa2dnZKC8vd/rrj4iIiKizYrBKRERE1MkVFRWhoKAAAFB1ai+y3riROrGqU3sBAAUFBSgqKnL664+IiIios2KwSkRERNTJ5efno7y8HABQOO81pwd/ZF+F814zjEyuqEB+fr7TX39EREREnRWDVSIiIqJOLicnBzU1NQCAcxPvQ9Z/bnSo/Cm34ORfPRx+XFcmKicnx+mvPyIiIqLOisEqERERUSeXmZkpB23OCPkYrDovWM3IyHD664+IiIios2ouWB07diyDVSIiIqKOLCMjg8Gqi2GwSkRERGR/TQWrY8eOlTFYJSIiIuqgjILV1290uPwPrwWrTji2q2KwSkRERGR/loJVZajaXLjKYJWIiIioHVMGq5mv3+Bw+R/cjJPD3Z1ybFfFYJWIiIjI/tSCVdMwtblwVUJT5S05l1bC1QldcXVCV0ArAeMl1Pp0Q42PBzBeAt6RUODbH6jNwRUAOgBorAQaqlDd5ImxWCwWq63l7F+CRK7CKFh97YYWK9s5X96+ImkfUv7WG5mvWL99/oe3IPV591Ydm1pHFINVIiIiIvsBLAerzS1jsMpisVisNpWzfwkSuQqjYPXVG1qk4KvnzH52CyNDceJZd6v3kf/BzYZg1Yp1Ly1+F0XLpqFwqbrcT4cjbYRHi8+jRec846+4tGoaCkJ9cOpv7ihZNx2FS6chfexApP/LvsfOfPUGmxxPFINVIiIiIvsB1IPVltzIisEqi8VisVpVzv4lSOQq2hKslm762uxntyJpH479uRtyJw5E+d5VqDy+D5d3rsSpEb2RMbptwWrViV+bfN/In/+JYVoBOwebAFB+ZDeSn+kmH/vMe8/bPdRVhqJtOZ4oBqtERERE9gNYvnmVtRisslgsFqtV5exfgkSuwihYfeWGFikIsDxita74nNHyiqR9SH6qm9k+8idfC1atOJ4IVmvOZ+F8+KfqI1b/4dHi82iJkrWKYPXPJsGqnY+d+coNNjmeKAarRERERPYDMFhlsMpisVhOKmf/EiRyFa0JViuPRuPsO4/j7EgP1TlW1QJXAEh4oqtNglURajYZ+s74K678HAFd0m5c2fsD8udOwKm/urd4ncJvX0fFwU2oSNyNgoWGMFfZBrnvPnkFl1ZMQ+Uxw76yprxgFnyWrJ2OymO7UZHYdJvE8dTWESWC1fxP/oBLq6YZTw/AYJWIiIjI6QAGqwxWWSwWy0nl7F+CRK7CKFgdfUOzSn8wfP2/XleGo092VV3HYrA62Hx9OVi14thGwepT3Syud2nxu6rHvxS1GClDu1m9jhidqqy68lKjNpguV1bmJ6/g9N8N56aL29Sq4wHAheWzDfPWjjYOVtNf74MGneG4+fM/wUkr+1EUg1UiIiIi+wEYrDJYZbFYLCeVs38JErkKZbCaMcqjWVlj+6AmNwU5M97GyeHuyH13IErWf43yQ1txft6HOP3P3kj/lwdqclOMfqbLE2OR9KeuZvvL89XgxLPdrDq2/lqwWldeivIjhpGfQuHab3DiL4a5XUVlB3rj5AvuyP/kD3IAmR3ojfSxLVsnf/4nOPFsNxR8NVxeVnZkN5L+r6v8uPJ0IlL//SAyx/SVQ9Sa81k4+mRXozalfzzacNOrNdPkZfGPu6m2W7lO4tO9kP4vD/lxms9zqE5PAgAUbV6M40Ot68OMUdf3wWCViIiIyH4ABqsMVlksFstJ5exfgkSuwtpgNWtsH6T/yyQUnfoEGvRlRj+79boypP7n90h/vQ+ubJ+PyuP7cGHplzg1orfZ9q0NVtVKBJ1FiwwjUWvOZ+HsxOeR99lw5H02HFd+jgBgCCHz506wep268lIkPHE9EC7/JcLoeKJEGJoxysMoJD355hNIf70PCr4yHCNj3EDkfzEcFQevj2CNf9zNqN1Hn7x+vJI101C4ZBrOjHkQZ0deD0UrTyfK/038o3lgzWCViIiIyLkAICkpqdUYrLJYLBar1eXsX4JErsIoWP23h5m8qU9An7oPAFBzIRcZH/0Tp/7qjox/m49KFVW6dyuSn+qmuj+z/U/S4MRfrFtXn2IIVitPJyLd93mcmz5clv3+EKS9ZDzKU63K4nfjfPinVq9TFr/bMNL2WhvE/sVyUWk+z+H0393l9UyXl6yZJo+INa3437uZ7ddSH5hWXXkpjg3rjfR/Nt9/pvtgsEpERERkPwCDVQarLJa9KnCw4edOKxn+bW1F+wNhLwGfP3R9e60E+PY07GfJ68CxKNu1U3kMW+mspbymq7Vt3p2zfwkSuYrmgtWqU/uMfjZrLuQaRlSqhHzKiv+9m92C1abCRxFQqoWvIoC9tML6dWwRrJ6bfn0Kgfz5nyDb7wWjZa0JVmvOZ6E8YTcAwxysKUOt60MGq+1PdEoBtZKzrx1fN0T25eyfM6K2AhisMlhlsexVLQ1Wo/0N4am14eXnDwEHl7S9nQxWrS8Gq0QdklGw+i8PM2p1atxQnP67e5M/w/GPuanuz1TexGvBqhXrGgWrf+yqus7Fua/JbUh8uhfSRxqWFy18F4VLpiHb7wWcn/lqi9ZJfvEBnB1hWOdqYbZRG0QVbV6M4093k/ej7IeS1dOMtsn4l4e8TKwj2i2PQB3pgdx3r08pkPr6E0h76Xqfp380GrmfXg9nlW1sjny9Gay2C84OLjoyZ187vm6I7MvZP2dEbQUwWGWwymLZq1oSrIa91PoQM9q/be1ksGp9MVgl6pCUwWr6vzzMmH7dv+ZCLo482RXp/zIfzSrqUvRKHPtzN9X9mcqbqMHxodatqwxWE//Y1eJ6NVmGmzrVnM9CXtinuLzdMC9qXXkpkkc8iLQR1q0jQlSxji5pt3yOog3KKtq8GIVrv0FdueEr/xeWz8bxod2MgtYLy2fLxxIV/5gb0hWhbeXpROSFfSrfnEp5vqJOez+HU39zl/ukJOYHJP2f5T5REsVgtX1ggMA+Yx8QGetMr29r6+o11pbd29pQC5z8DlhzGxAhXbdYAtb1BNZpgDW/AY58CpxZ5tC2ylV9Gfj5BWDdTdet7Xmd0fKbr/37ZmC1OxA3GWhsdEifMlhlsMpi2aesDVY3fmj+lf/VWvPRqMXZwC/B6iGsLUauWqqDSxx3rPZeDFaJOiSjYPWfHmbyP38WV4vOATCEqulT/4mTL7gj/Z8eOPeh+c2rai7k4vg/7seZEeb7UnPu3WvBqhXrGgWr/6+rxfUyx/SF/rjxja5q8rNw8s0ncPrv7lavc87vD3LYKZ6/FLXYqA2iijYtNtpXWfxuJD/fG2dfNj9WTX4WcmZOkB+feM1wTNPjme4n/Z8mwepf3XHef7jZsub6URSD1fahMwUI7DPn9sG0adOIOhRX+BlvquoAVKSuRtF/JVzub3BxrIQrJ1aiFkBjE9vara0NdUDZGeDYXGC2BOwbB6RvAk6vAU6vBnL2Ahv6ARvvBKL/CHwrAWESEOdrscF2aWcjgM3/Ywh7Nz0AbP0tsMXL8N+tDwPRj6jb+jCw6V4gXAL2jXVInzJYZbDKYtmnrAlWi7ONv/7/+UOGZc2Vadjp52nbtjd1LAarDFaJOhijYHWkh0XnPrwWOJosz3yzDy4tnYKilV+hIOxDnBrRG2dHWN6P2X5FsGrl+i2RM+Eh5H02HFmThuD038zbbu065/2HI/fT4Tg1XP15uS/G9EX+F5b3dW7qH3BuWvP7EetljB2ItH/Yvl9EMVhtH1oTIEyePNmi7Oxsp59Te+yzzsZSsMpidZRy9WC1vrEeurhQlPtJ0H/lBn3071Ab/TvUfNUVuo8k6ONCUNfE9nZra20psPNpYPMjwC8j1Q++6X5g29NA2reGEaxLr4Wrx750SFsBANXFwEIJ2PmiFa82lVosAauNI0t79SmDVQarLJZ9yppgNdrfOLTMOGD9/k1Huv4SbJNmmxWD1evFYJWoQ1IGq2dHelgt440+KPt1FXTJ+5Az422ceNa9RdsL597VIPmZbq3allpHFIPV9qG1wSrORhvZvHmzy4SrnSl0sWUfMFhldaRy+WC1LAeVm/6NypldUDX/LlR/2x/V3/ZHVdhdqJzZBbofRuPqlVyL29utrbVlwM/DgC2/B3a/CtVhqNuGAD+PAE58BSySgGUSsEQC9o8D6qrs3lYAQE2p4dg7/9qSl931WiYBq7s5pE8ZrDJYZbHsU9YEq6u1xqNVW1rK0a42CPpUi8Hq9WKwStQhGQWrL3tY7dLSKUY/symjf49Tf3Nv0T7OvuyBXJ8ehmC1hdtR64lisNo+2DpYrVo8AJMnT0ZaWprTz6099Vlnw2CV1dHL1YPVuqIT0K/7KypndkVV6B2oCrsbVQvuhv67O6Cb2RW6dX9DbWGqxekA7NbWmlJgyyPAj/8DxH+qfvC8X4CCQ8CRd4HvJWD5tdGfERKw3xu4WmnXtsrtXCQBu4arNNCKWspg1WbBar23IljVimC1m3GwWtN8sNrY2NTsF82Xpe3bul8Wq92WI4JVcYzAwcCS19vWXkvV1mBV2Q+AYaqDsJeuh8J+nobHaqN1Mw4YRuYGDjasZzoXbeBgw/PWTJ+g3OeS1w39rdxf4GDD9WhqX9YGq6YjkS1M8eDsD0FErqK1wWrJ+q+NfmZPjRuKk8NbEaxO0DBYZbDq0lobrFZWVhoFq4cOHZKDVRGupqenO/382kufdTYMVlkdvVw5WG0EUFd5CfpdH0A3syv0czXQh94BfegdqJzdExUz3VC5azKu6oqdEKxeAaL/F9jyGHB4qvrBT4QAqd8Dyf5AqGT4Sr4YtRomAUkzgbwdQH2tXdpqaOe1YDXGimC1oR44FmC8LOr3hukAHNCnnT5YNR+x6mE+YtWKYNUexVCV1anLmmDV9Ov87XE0qC2D1eJs80DT0lQGS15XX0+Nb8/m21Wcbd0+fXsagtHmzsVSsPpLsFWhKsBglchRlMHqmREeVsuZ/ATqdYYbV5UnxuLIk11btL2QO0GDY3/u1qptqXVEMVhtH2wVrCYmJhoFqyJcdfb5tZc+62ysDVb9/Pzg6ekJSZIgSRKGDBmCzMzMpj8XtrJ27doFSboeAQwZMkQ+riRJ8PT0hJ+fn12Ozep45fLBKoCq7L3QrX4aFUEe0M3qjspZ3VEx6wboVj2Nmpy9qG+0fAMru7VVGazGWfh5Xf0bYPktQHUJcOC/QPwkIH4ykPABsGEgsPlhIPpRQ/hph7Ya2tmCYLW6GFggARseMUx1IOqQt0P61OWC1asTPFA74UZgnPODVUvFwJXVKcqaYDXjgPWhnrPKlsGq8t+fP3T9senNt8JeMg88xfqBg9XDWd+elueotRToin2ajobVSurXoblg9VhUi25G5uwPQUSuwjhYdXe4XJ8eOPbnrk45tqsSxWC1fWhLsHr1UrocrCYkJKjezCohLq7JfU2dOhWSJCEwMNBouSRJTu8bW/ZZZ2NNsDp69Gh4eXlh165dAIDLly/j+++/t/jZq62lFqwqg9T169fDy8sLo0ePtlsbWB2nXDlYBYAGGMLV6gvHUBn7OSo3jkTlxpHQ7/0MNReOof7aOs4NVj9SP3j8FGDvGMO/63RAnd4AABKmAz/+Doi6z3AjLDu01dDOloxYrTV89X+5BKy+A9BfcGifukiw2s04WPXxaNfBKovVKcqaYBVQDxH9PA2jK+11Q6qWlC2DVRGAHou6/nxxtvFj06/RW5omoDjbeCoFsa5azX3GeL25z5jv8+AS44DVt6d5KNpUsNrCUBVgsErkKEbB6j/cHS7X+1qw6oRjuypRDFbbh7YGq4IIWFNSUrB3716sWLHC6mBVo9FAo9GguLhYXs5gtX1rLlhNSEiARqOx2+hUtWouWAUM4a5Go5HDXpbrlksGq42NaATQ0FCHq6VZqC06jprLmai5dBJVmT+hKnMnaopO4erlDNQWHkdtaRbqG+oM4arJADu7tdWaYDU1HDhiYf7VY98Yto0aaP9gdaFKsHp2E3AsGEgONTg+H0icBayQgLUSsEoyzAtbsNes6fbq004frBrmWO0m/7Ff69PNPFg1vXlVY6XTpwLgqFVWhy9rg9Wmvh6vDOlE0NqS+URtUbYOVpvbXtkXTfWbKGUwrTZP7bEo68JXwBC2NnVDMEvBaitCVYDBKpGjMFh1PfLbOoPVdqEtwWplZSX0er1ZuCpYG6wOGTIEXl5eGDVqlLxcGayGh4dDo9HIXyWPj4+HJEnYuXMnGhoaMH78eEiSJAezXl5emDp1arPnofyauClb91ln01yw6ufn1+zI0JkzZ8rTBHh6ehqFnVqtVr7mTT2n1V7/zGdNsCq2V27Hcs1yxWC1oaERdQBqys6jcucHqJj/MCrDfofKZU+hMvIFVK59AZXL/ozKBYNQMf+30O/6ADXleai7tq3xvuzUVjlY/b3lm1ddPAic36P+XMJXwI+PAlEPOmbE6i+KYLX6MrDyJsPcqUsUll4LVYXVkmGd9BUO6VM7B6td2mWwWjPhRuM5Vq0IVmtra1FRUQGdToeKigrU1NQ0eerNBaP19fXQ6XRmP4jWbs9itfuyNlgVZTr6srmgNdrfMSGrLYNV06/8q9XcZwzbWDNvKmA+p6lpKYNXa46vnIfVdH21YLWVoSrAYJXIUZTBato/3B1OBKvOOLarEsVgtX1oa7B69epVo5GryoC1JcHqzp07jcJSEW6mp6dDkiTEx8ejoaEBo0aNwvPPP4/nn39eDk89PT3h5eWF8PBwFBcXG63fnJaGqq3ts86muWDVUqiprF27dskjWkXIKpZ7eXnh8uXLAAyjX8W//fz88Pzzz+Py5cu4fPkynn/+efk41garfn5+GDJkiFWfB1mdt1wxWK2vLIb+xGroEuahYs8X0K0YDt03nqiYLqHiYwkVn0io+ExC5VxPVCwfblgnYT70J9agXldstC+7tdWaYHXbY8D6h9Wfc3awut4TWGMSpKpZIwHhEpAYaPc+7fQjVq9O6NZMsHqXVcFqREQE+vfvj3vvvRcDBgzAXXfdhREjRiAnJ6fJLrBUR48exQMPPICUlJRWbc9itftqabAKGEZMrtY2P4JV+XV1e08XYMtgde4z9m+faSm/3m/phlPKEkFp4GDz0a2mwWpxdqtDVYDBKpGjGAWrL7k7XK53DyT9X1enHNtViWKw2j60NVitr6+HXq83GrkqtCRYbWgwhKZeXl5oaLgerAYGBpoFn0OGDEFgYCC8vLyQnp4OT09PBAYGYtSoUYiMjIRGo2nR+bQkVG1tn3U2tghWTUuEopmZmdBoNKrzsXp6eiIhIUF+vGvXLjkkZbDKakm5WrDaAOBqyVno5nmhIsAD+m3e0CfMhz55JSpjA1AZ+TwqIoejcv9X0CevhP7ofFRu80Z5gAd087xQU3LGaL5Vu7W1uWD1zFLgOwkIlYCUUPPnjzooWK2+NhVAW4PVQ1Pt3qftMFjtYruRrqbB6njDY7WpAErR9Byrs2bNQpcuXbBw4ULs2LEDs2fPhru7O8aMGdNkF1iqCxcuIDw8HIWFha3ansVq99WaYFVZGQcMo1LDXlK/uZK1X29va9kyWLUm2LS2TaJvlMGmabBanN22tpuW8lyWvG4egCvnirWinP0hiMhVODtYJQarrq6twWplZSXq6urQ0NAAnU6H6upqXL16FZcvX25xsFpcXAyNRiPf0KqhwRCsqgWlYjoAEaimp6fL2yqnFLBWS+Z07Uyhiy1fNy2ZCuDy5cvQarXyVACCqISEBIwePRqenp7w8/OTR6yqjTDWaDQArA9WR48e3eLQl9X5ypWC1UYA1RX5qEhaiYpdU1Ex8ybovpSgm3cfdOtfhm73p9DFh0IfHwr97k8Myxbci8qvJFTMvAkVMR9Dd2w5asvy5HDVXm1tNljN3GoINBdKQMYP5s87O1hdeRMQIRm+/q+kDFvXSIapAM4sM2q6vfq0XQSrDRMM2hqkNmrVglXTm1cZB6vnJ92hGqxWmZyKCFazsw2jserr6/Hoo4/ilVdegV6vx4svvojY2FjExsYCAHbs2IEXXngBJSUl2LFjBx577DHcfffdeOaZZ5CWlobs7Gy89tprKCwsxKxZs/Dmm29i5MiR8PT0xNtvvy1PNfD999/jgQcewIABA/DZZ5/JUwTk5eVh1KhRuPfee+Hl5YWFCxcCAKKiojB48GD5WBwRy3JatTVYNS0RtJreiEnY+GHbj6FWzgxWMw4YzmvJ64b9NBcwmwarpm1v69QJpvPFmmrhdXb2hyAiV8Fg1fWIYrDaPrQlWAWAq1evor6+HnV1dairq4NOp0NdXR2qq6tbHKw2NBjPp9rQcH0qgMDAQDQ0GMLX9PR0NDQYpgDw9PREeHi46uP21GedTXPB6q5du6DRaORA1LRmzpwJLy8vo5tbKUNRUaZf99doNEYjVpXFm1exWlKuFKzW1JSjbOmTKF80GBXHV6Jy72eoDO2Pyhlu0Af9BrqQvtAtHYKqJU9C921f6IJ+g8oZXaD/rj8q9k6D7sQq6BY+Ad2iJ1BbfQWAE29eVXTYEFQuloDzP5k/7+hg1fTmVWd+AOL9gaOB18wy/Fd586pwCcj/2azp9upTuwar1oSlpqGqWThqcVSrFetdC1brfNwVUwF4oMqnmTlWVYLV2bNnw83NDc8++yxGjRqFP/3pT/Dw8MChQ4dQXl6OG264ARs2bMCGDRsAAIsWLYK7uzsSExMxYMAAjBw5EocOHcJTTz2FyZMn48iRI+jevTsyMjIwZswYuLm5ISQkBN9//z3c3NwQFRWFmJgY9OjRA2vWrEF0dDR69uyJFStWYPny5fDz80P37t0RExODL7/8Er/97W+RkpKC+++/H6+88gri4uLwzDPPYNy4cU1dIhbLfmXrYFVZxdnGc4GKaQHsUc4IVjMONB9iKudBtTZYbWtZ06Zof6t35+wPQUSuorXTFrE6fuXk5Dj99UdtC1arq69/j66urg6NjY1obGxEXV0d6uvrWxWsNjQ0YMiQIUYjSCMjI+WRjRqNRg5OR40aZXTTKvFYBK/tqc86m+aCVQDyTclMv7oPXJ8rFTCEnaNHjzaaCkC5jTJYHT16NIYMGSIHspcvX5b/3Vywun79enh6ejZ7Uy2Wa5QrBavlhdm48ryEqpAbULHkT9DHf4fKH19H5Tc9UP1dX+hDboN+Tk9Uzelp+Pd3fVH5TQ9U/fg6KhNCoVvyR+i/vRHlz0sovXAWgBOD1ewfgQWSwdnF5s87c8SqpWqoNYTByyVgRS+gPEN9NTv1qWOCVavC0pboYhzCWgpw5RGrXeU/+mtaGawGBQXBzc0Nfn5+mDNnDr788kvce++98qjTHj16IDIyEpGRkQAMc7J6eHggPT0dw4cPx6233opx48bJX/+Pi4tD9+7dkZmZiVGjRuHhhw0TA+t0Otx9990IDw+Hr68v+vTpg5kzZ2L27Nm499578eyzz+K5557DwoUL5aB3xowZiI2NRX19PZ577jnceuuteOeddxAeHo68vLzmX4Qslj3KnsGqKNMbXtljvlVHB6umN4NS+vwhw/5Waw0BZsaBpsNTewervj0N7VVOCeDbkzevImpnLly40Paff1aHrAsXLjj99UetD1at1Vyw2hF1ptDFln1gGqxevnwZfn5+Rl/3F3ObZmZmwsvLC5IkwdPTUw49TZ+TJEm+WZXYp1arlUc1i20B9WBVOWWAl5eX6rytLNcsVwpWKy/lo+wlCfoZEnTzvVCZMB+6bW+jcvYNqA7tj6qwu1A1v79B2F2oCr0DlbNvRNW2tw3rhnqhcpaE8hclXLl0DoCjglXFiPPGOsN/o58GNj4B/PgH4IffGZY11F9fz9kjVtWqptgQBK8bCOiLri+P9zVazV596tipACwFrFaMbG3UXl/PulGthuPVeyuC1fFizlUP4B0JeLtlUwG4ubnJUwEAhlGsPXv2xJEjR3DTTTcZjVhdvnw53N3dkZ2djfPnz2PRokV48803cfPNN+PFF1/EgQMHoNFokJmZidGjR+ORRx4BYBysarVa9O/fHx9//DH8/Pzw4YcfYt68eZg3bx7Ky8sRHR0NPz8/DBo0CLfccgsSExORn5+P8PBwvPHGG7jpppswdOjQ5l+ELJY9qrlgNdrfsFzcKKk1ZTqHqK3mMFWWo4NV0xGoS15v+pgtCVZtORWACFUBw3+Vx7HyJl3O/hBE5CoqKipw4cIF5OTkICMjg1xATk4OLly4gIqKCqe//qj1AUJCXJzVnH2O7aXPOhNrglUWqz2XKwWr9XXVqNzhi8rNo1GZ8C0qjgRDt+h/UDmnB6rn90d12F3G5vdH5Zwe0C/+HXRHglGZ8B10P76Kyu3voa7OkEbZq61Gwerh6zd2Qu0VoLERWOIBVJ0Hai4BS28BruqAKkVYefTL9hesNtQDSV8YL9v6R2CR8d/H9urTsrKyNmk6WFUJQI1D0S62Gc1qaSoBOVi9NsfqOxKqtR6o9XYH/isB/7V88yrTYHXmzJlwc3NDWFgYtmzZgg0bNmDQoEF44IEHkJeXh/79+8Pb2xve3t4oLS3FyJEj0b17d+zZswcDBgxAaKjhbmo+Pj7o1asXfvnlF/Ts2RMZGUjVmQIAACAASURBVBkYNWqUHKxWVFTgzjvvxKJFi7B06VLcfPPNSE1NRVlZGV588UUsWrQIixYtwttvv40nn3wSOp0Oe/bsgbu7O0JCQnD//fdjzpw5hu7XavGb3/ym+Rchi2WPai5YNR1t2trQrzMFq9H+Lf9a/cYPLQerGQfa1nbTaupcTKdmsOJYzv4QRERE5AidKUBgnzm3DxissjpSuVKwCgD19dWoPZ8A3SYtKmbejcrQ3tAvuhfVYXejOtQT1fPuNAj1RHXY3ahadA+q5t2Gill3oWLTBNQUHJVDVcCewWopsPURQzga/8n1C1anN/x31QDg9GIgfR2wcoAhtKy5cn29xCDgx/8Foh5wTLC6y4pgVa2WScDqbkaL7NWnDgtWDXOpdkHDhC5GwaoIQg3/7WK0TDxuflqALurrjpfQ4N0N9d4ewLs3AFN7o+bTB1ExZQCg7Qr4SDj3/r1Aba7xVAD1erNgNTw8HL169cKdd96J/v37o2/fvnjyySexf/9+AIbRq927d0f37t3Rv39/PPfccxg0aBAKCwsREhKCm266CX369MEdd9yBFStWICUlBV5eXsjNzYWPjw/+8pe/AACqqqrw5JNPYvny5QAgj3K99dZb8dRTT6GwsBCFhYVISUnBI488gttuuw233347Ro0ahaqqKnz55Ze45ZZb0KdPHwwYMAArVqxo3YuQxWprNResmgaWLZib06hssY+mypHBqjKc9PO0bv+mgaZpKacVsPYGX36e16cdyDhg3bkUZxuPtvXzbDYsd/aHICIiIkfoTAEC+8y5fcBgldWRytWCVQCo0xWhLGocSqdI0L0nQT/dHdWL7kDVsgdRPf9uVM+/G1XLB0K/sD+qp7tDN1HClakSKqK8cVVXZLQvu7W1tgzY+Qzw42PAr68CMNwgHddulI6iZGDfW8C+/wAX4oyfA4CD7wFRjwBbHjGEtHZoKwDDvhdJwE4XD1YbJlz/Y7/BuytqtN1Qo+12faSqtgvqtW5o8O6Keq3btX93MxjXxcC7Gxq8u8rztTZqJdSNN2wnwtQG7664Ot4N9dqucrjaMKELoO2CuvHdUPvODcDUvsDKfwDrtEDkRGDD68CKYUjzfQiozUMZAD0gj1itBtCoePE0NDSgrq4ONTU1MuXzAJCXl4e8vDxkZWWhoaEB9fXX56EoLCzEyZMnUVpqeOGJSecbGxtRX19vtG5dXZ3RD2heXp58V1dlVVVV4eTJk8jNzTVafunSJZw8eRJlZWVNXR4Wy75lzRyryiBO+dVya8t0tKYyBLRVOTJYVa77+UPN77s423w+VtMKe6llYa3p1/qV16S5c/kl2HwagybK2R+CiIiIHKEzBQjsM+f2AYNVVkcqVwxWGxobUVtVjKq8QyjfMwOls2/Hldck6N6VoF/VHzUr+0M/QUL5axKufNMHul8DUZ0Xh9qqEjSY5Et2a2tNKbD9T8AmL2D3SPWLFz8JOPSm+nOHvIGNA4BN9wDVJXZpq6GdJYZg9ed/tO4FuFgC1hj/fWyvPrVrsFovRqe+I6F2XBdgSh9gah/UvW1Yhgld0ejjgavjuwG+PQDfHqgb3w1Xx3UFPrwVeP9m1I7rijqtIVhtvBbQYsrtaJhwAxrGG5bVa7sCU/oCPj2ujUTtivoJXQzH8b0N+KAPqibcirq5zyErbBzORnwAbJ4MhD2H1Mn/C9SeNwtWa624TqbBanup9toulouVNcGq6VfffXtaH1yabhv2kq1ablyODFZNp0doKiguzja+aZSlYNW0/W0Jd605l7nPWN1fzv4QRERE5AidKUBgnzm3D6ZNm0bUobjCz7haNQJoQCNqasuhu5SF4rVDUTxEQskfJFxa9QIqinNwtbYcDddGi6olOHZra0MdcDkNSJoDzJGAAz5AxhYgbR2QthbIiAIytxqcjTIsS1sHpP8IHJ4CBEvAoWlAfgzQcNUubZXrh4eAJZJh6oLtjwHbHgO2/97w7+2Pq/g9sO1xYMtAw82sfn3NIX1q12C16l0PYLwEvC0h8737ED9jNJJmjECBTz80jOsC3aRbccZvEBKnPImsT/8fzn08GKc+eAyJU/6A0wF/Q85nf0DWxPtR5tMLVT49kD+xP4589DSSZoxC1ge/Q8O4LsB4CTm+D+LYjH8jftpzyJ38AKrfuxm12t8g5917cPazp5HxxVAUT7wD+OoeYOYgIGQosP5lYN6jyPW9H6jORSmAMgBorAAaK6Fv6sRsXAxCWZ2yrAlWAeMRlcr1o/3NR7Aei7p+0yvTQLatN2ayVI4MVk2P9flD6qN4fwk2v8mVpWAVMO/jJa+b91fGAfN+NT1Xa84l44DxKNomRt46+0MQERGRI3SmAIF9xj4gsoXO9Pq2tuqusbbs3tb6q0BqMLDqVsPI0CUKS69RLlssASu7A0lfAXVVdm2rXFXFhtG1q28A1vYE1lhplRtw0Nt4CgM79qnd51itmeCOkg/vA2IDgOKdQNFWIOYT5Ey6D1XBzwPpS4Bj3wMpoUBiAOq+fBxI+AbIiwYKdgExAcie9ADwwxtAfCBwbBlQsh9ImgfdhwNQ5nMb8OunQPEvwOl1wKmFwOa3cW58P2DbNKDgF6DwILA7CFmTvZDvex8uTLwTNd43AFoxx2oOrgCoACzevAowBKB5eXlIS0tDSUmJdT8NKvtQq9LSUuj1joxzWSw7l7XBanG2erhqrdZMIdCScmSwarq+8iv8gYPVnzMd5arWF5ZGt4p5VNWeU/sav7XnYtomC+s6+0MQERGRI4gAgVrO2deOrxsi+3L2zxlRWwH2DlbHSsie0Bfl2wOBsv3A6neA1W8DpXtxfvNsnAh7Dyj9FTi5DIh4Awh/DvhsILDJBymzxyJ990ag4jjy5v4b2OsPlPyE3BWfIGfNl0DpXlTP/ycQPhIo2YrciEm4GPkFcGUv8HMAysNfB3THcXTVbPy6aAZQloziNR+gcdmbKBx3G3BtOoL89+8CruagDNduXtVQBTRUm00FoNfrMX78eGg0Gtxyyy3o1asX5s6d2+TpW1uNjY14+umn4e/vb5P9sVjtoqwNVkVF+1sehWlJ2Ev2G6kqytHBqqUQVC1sFW1Rrm/pBl7F2eY3urIUVFu6yVVLzsX0HFQCX2f/EiQiInIEZwcXHZmzrx1fN0T25eyfM6K2AsyD1bFjx6oGqJaWNx2s/kfCicm/Q0VOInBmJzLH3Y3cd+4A0nciJ+04flo+B7gSC13Q33Bm/L3IebsfSnzvBdZogaNrUHoxE6jJxekF7wIHQ4D09fjxwxfx6zfvAuVHUBoxDojxB9I3YNvUf2DntNHAhV+AX+cCP80Aas+jOnU3kLwVKN0PxHwNbJ+Cknd6Av+VgP9KOD/5bqA2VzHHahXQaB6sRkREwM3NDZGRkcjOzoaPjw/c3NwQExMjr1NeXo7y8nJUVFSYdUVdXR1KSkpUR6w2NjZi27ZtSEpKkpdVVVWprq/X66HX61VHzJaWlqoem8VySrU0WBX1S7AhAAwcbH5jJjFyc+OH9rlRlVo5OlgVFe1vmK9U2Qd+noZlpuGpMjBtrq+PRRnWNw0+Awcb2tdUv7ZlWgOVdjn7lyARERERERFRawHqwappiKq2zLpg9XUJqb6PQJ8RB2Tsxhnt/TinvRPI3oWMtGRsXxkCXN4FzPw/XPzv7cgadw+wczpwfguOzHoLMZsWAzU5ODnvPeDAXCBzFWI+Go4DcycA5YdxZdFbwM+fA+d+wqZP/oOfZmiB0oPA7tnAzq+A6lwcCvfD8Zn/RtHMZ3Dx00Eo+fhh6H1uNoxY/a+E8753mQSrlUBjFapNTuWbb76Bm5sbYmNjARhC1JCQECQmJgIApkyZgr59+6Jv377o37+/PPp0zpw5GDVqFF544QU8+uijGDZsGObMmQPAEIQOHToUkZGRmDx5MiIiIgAAS5cuxX333Yfbb78dQ4cORVpaGgBg+fLluPfee3HffffhtttuwyuvvIKKigqUl5fjjTfeQP/+/eHp6QkfHx/U1NQ0HXqwWCyWk8vZvwSJiIiIiIiIWguwHKyKINX0ccuC1bclFGh7o3LjNKAsHtj+GbB9KnB5F3I2zETSwilA8VZg5mDo3uiG/P/2BvYFAeeicWbh+8DpbYAuCfmhbwGxXwJp8xD/4ZM4ETQauPwT8P2/oA/+O3AlFrXHfsLV03uBymRg10yUfDsaKD+K2l3foWzpOODoF8DMR4CZj0A//gZgnASMk1DgexdQk4sruDYVgIU5Vs+ePQsvLy906dIFAwYMwJgxYxAXF4fGxkbMmTMHt9xyC2JjYxEbG4stW7bgxhtvxIYNG/Dxxx/Dzc0No0aNwp49ezBmzBj0798fjY2N2LFjB7p3747k5GQ88cQTmD59OlJSUuDm5obPPvsMSUlJGDRoEF588UUcOXIEGo0G33//PRYuXIjU1FTcf//98PHxwYoVK+Dm5obo6GhERkbi4Ycfxr59+2yfgrBYLJYNy9m/BImIiIiIiIhaC1CfY1UZpjYVqjYbrDZMkNDg3RVl73kCWz8ELmwHzkUCG8cj+737UTZnOHA0EAh4BHVjJFSN7QZ882fgxELg1Grgl5nA0fkomzEUiHwd2KVFpu99yP/i/wFHvgLm/AlZ4+9A9er3gbO7kXsgCiiKA/YGIWP8PcCKsUD6OiBnI/DTJODD3sAHt6Lauxsw3jDH6sVJ/YHqbJRCcfOqxkqjYFV8HV+v1yM6Ohre3t6466674Obmhh07duDvf/87fvvb3yIkJAQhISGYM2cObr/9drz66qv4+OOP0bt3b/mr+/v27UO3bt0QFxcHHx8fPPXUUwCAxx57DP7+/pg9ezbuuece6HQ6AEBFRQUqKirg7+8Pd3d3zJgxA4GBgQgNDcVTTz2Fhx9+GDExMejduzcGDRqECRMmYP369RyxymKx2n05+5cgERERERERUWsBlm9eZU2o2mywWvVuN8PI0HckXPDuhVN+jyNjyiBcHncToO0G3bs348J7fVDx7s2GoHO8hHLtDTg3cQDOvv8wcifchQvv9kfpe71ROUGDSu/foOzdW1AysTfKJvRE5TsewMzBQPxcZK2ajoxNc4Ar+4FVb+HK2zfhsvYWZL7/W6RNHYycCXei2vs3qPV2x9UJHsbBak2OWbCqNzmXMWPGwM/PT35cVlaGXr16YfLkyRg+fDgef/xxrF69GqtXr8by5csxa9YsbN26FZMmTcLAgQNRW2uYtbWurg6DBg3Ca6+9hvvvvx+LFi0CADz66KPw9/fHl19+iYEDB8rBaHp6OlJSUjBt2jT06NEDERERiIiIwIoVKxAaGoqwsDBcunQJhw4dQlhYGF588UW4ubnJ0wqwWCxWey1n/xIkIiIiIiIiai3AcrDa1A2rrA5W6yd0kW9ccnVCN1S82xO6d3ui3rurIdj07oJaHw9cndBNXq9hgoTaCTdC79MTV71vlJ9vmNAF8O6CqxO6Gdb3ltA4TkL9lH7A3s+A3M1Azg9A9PvQTewDjOsKaLtA925PXHmvF2p9PABvCbU+HqjxMQlWq3ONg1XFVABitOrkyZPRtWtXzJ49G3FxcQgJCYGbmxvWrFmDuXPn4tZbb0ViYiISExORlJSE++67D5GRkXj//fdx3333Qa+/HtUGBQWhS5cu6NOnDy5cuAAAGDRoED777DPExcXBzc0N8+bNw4kTJ3DPPffg1VdfRWxsLNzd3bF8+XIsX74chYWFGD58OMaNG4eQkBB4enri+PHjSE1NRffu3Y1CYBaLxWqP5exfgkREREREREStBTQdrFqj6TlWx0tomNDFEKRqJXleU2glQ+jqrbhjtLdi2bXRq8rnjP6teFw5QYMzkwYi+ZNnkDp1CPIm3IFab3fj7bWGEBXjJdT6dEOVz41ysFrgexdQ3fwcq+Xl5fD29sZNN92Em2++GTfffDM++eQTNDQ0oKamBm+++SZ69eqFXr164fbbb8f48ePR2NiIr776Ci+88ILRV/MzMjLwwAMPYNKkSfKykSNHyje1mj17Nvr27YtbbrkFf/rTn5CRkQEACA4ORp8+fdC3b1/06tULTzzxBDIyMlBSUoLnnnsOvXv3hqenJ0aMGIHCwsK2Zh4sFotl13L2L0EiIiIiIiKi1gLsHayyWCwWi2WhnP1LkIiIiIiIiKi1AAarLBaLxXJSOfuXIBEREREREVFrATYIVp19EkRERERERERERESOZJNgNS0tDUTkepz9BkZERERERERE1JFJDFiIXA9/7omIiIiIiIiI2kZKS0tDXV0dEbkQBqtERERERERERG0jpaWloba2lojauYCAgDYT+2KwSkRERERERETUNlJaWhqqq6uJqJ0LCAho0x3cAwIC5H0xWCUiIiIiIiIiahspLS0Ner2eiNo5WwSrYl8tCVbLysqcfqOtjo59yL50Fbw+rsvZH2iJiIiIqHPpKH9bSGlpaaioqCCidi4gIACNjY1Nqqqqwp49e1SfCwgIkPfVkj+CAaC4tIxaKS0tjX3IvnQJvD6ui8EqEREREdlaR/jbQg5Wy8rKiKiday5YraqqQnh4OPz9/VXD1YCAAHlfDFYd+0bLPmRfugJeH9fFYJWIiIiIbK0j/G0hB6ulpaV2o9VqodVq7XqMtrYtKyvL6W0hak5AQIDFNxy9Xi+HquHh4dDr9WbrBAQEyPtisOrYN1r2IfvSFfD6uC4Gq0RERERkax3hbws5WC0pKTGzaNEiOXjUarUICgpSXa85YvvWbGvNfpU2bNjQqn1kZGQYPU5ISLB5e1srIyNDbteiRYvk5Rs2bDBrP3VuAQEBqKurM6PT6YxCVZ1Op7peQECAvC8Gq459o2Ufsi9dAa+P62KwSkRERES21hH+tpCD1aKiIiNBQUHQarWIj49HUVER4uPjodVq8dFHH5mt2xwR/rV0u5bud+HChdBqtVi4cGGL93HmzBmbt89Wzpw5I7dT2f/iGrX39pPtBAQEoLb2qpkffvgB/v7+8Pf3R1HRJdV1amuvIiAgQN4Xg1XHvtGyD9mXroDXx3UxWCUiIiIiW+sIf1vIwerFixdlcXFx0Gq1mDVrltHyWbNmQavVYufOnbh48SI++ugjaLVaREZGyqGfcntTyn2JbYXIyEiz50z3a6qp/cbFxVl1LLFM9IHysThf5fo7d+4065uWnou1+xXS0tLkfc+aNQtxcXFIS0szOq5ov2lbTPtC2cam2mtpe0ddW1IXEBCA6upqM2VlZViwYAH8/f2xYMEClJWVqa4XEBBg9LrqTG9m7RnDJvalq+D1cV0MVomIiIjI1jrC3xZysFpQUCBbt24dtFotwsPDVZevW7cOBQUFZgHaRx99hFOnTsmPxXZqjz/66CP5sQgaDx06ZHG/ynZY2m9BQQHCw8Oh1WqxY8cOq44l9nHq1Cmzx+Jcmtu+pedizX6VlH26bt06hIeHY926dfL1ULZfbTvlcZT7sdSHlrZ35LUldQEBAais1KsqKbmMsDBDuBoWtgAlJZfN1gkICJD3xWDVsW+07EP2pSvg9XFdDFaJiIiIyNY6wt8WcrCan58vW7t2LbRaLRYsWKC6fO3atcjPz5dDsoMHD8rrbN++3WxbEaIpn1ezfft2i/tVo9yvsGDBAnlf1hxLPE5NTVV9PHPmTPlxamoqtFotZs6c2eZzEfs9ePCg2X5NiedFO0Qgabo8Pz8fBw8eVG2PpT5ryfaOvLakLiAgAGXl5RYVFhUhLCwM/v7+2Llzp9nzAQEB8r4YrDr2jZZ9yL5sby5dvtLk4/ZwfU6mncEXX/jD29vbyBdf+ONk2hmn92FHZa9r7+wP3kRERETUuXSEv/3kYPXcuXOy/fv3y0GfcrkIA7dt24Zz587Bz88PWq0W+/fvl9fZtm2bHL6JZSJcUz5vum8ltf2qUe7XdNuUlBSrjiX2kZKSovpY9MWaNWvk/Ynzb8u5iP0uWLAAa9asafJ8U1JSjM7Vz88Pfn5+Zu0V+xTPmW6n1mct2d6R15bUBQQEoLikpEnnCwqwY8cO1ecCAgLkfbWnYDX11GkcTUqWHx9NSkbqqdNOeVM0bYut3mg7wi8EW0vPzMbRpGTkFVxkX7YziceSEXckAUUlpSguLcO58xdw8NBhnMnIbFfX56uvv0b0tu1my3fs/Blfff210/uxI7LntXf2B28iIiIi6lw6wt9+crCanZ1tJDAwEFqtFlu3bkV2djZiY2Pl0E2sI0Ky2NhYeVlycrLZeiJ8M32s3G7+/PnyY7X9qjHd76pVq6DVajF//nyrjyWeT05OVn0s2uPn54fAwECj82rruYjnxL4tnafoU+W5mh4/OTkZW7duhVarlfeltp2lx9Zsr/YasNe1JXUBAQFtJvbl6GA1r+AitkZvw9bobWah6eKICAQFBcmPg4KCsDgiwmid9MxsbI3ehkOH4+VlqadOY2v0NrNQdmv0NqRnZreqnaZtsdUbbVv6UJy7Wt8dOhwvP9eSfW6N3oadu2LMrs+e2H1mx21t0Lw1ehuCgoJsGlTbKrg7mpSMdZHrsTgiAusi1xudt/J1JOzcFWNVQCyuh9rrb+euGKPrpLyugmlfqV2X4tIy7IndhxUrVxm1XW1/aq+NopJSHDwch/0HDyHuSAIyc3Jx8NBh7D94CAmJSe3i+thaQlIyIpYuw8RJvohYugzpWTlGz6dn5WDjpigzTe1z46YoTP/8C9X9xezegznBIZgTHIIEk2sqjjVxkq/qMcR+1bYV5zH98y8Qs3uP2bYxu/fI56jWZntfe2d/8CYiIiKizqU9/m2h9jlYSktLQ2Zmppn58+cbfZ17xowZRs+LkGzPnj1Gy1euXKn6dXC1bZXEfizt15TaMbZs2WK2XlPHEo+TkpJUH2dmZmLLli3y8pUrV7Zo/02di3K/TZ1rUlKSah+qtXfGjBlN9r2lx9Zu76hrS/bn6GB1T+w+BAUFITg4GOsi1xs9Z02wqrZ80+YoBAUFYcXKVfKyFStXISgoqNWjJNtjsHo0KRlBQUEICgoy67vQ0FD5ubac56HD8fL1Ect27opBUFCQUZjdEu01WBWvG/F6Uutb0Xal4ODgJgP7dZHr5XWV55xXcBELwsPNrpPyugrKEDT11GkEBwdbfN0vCA+X97tzV4zq/kyvqXD+QqEcsAlHjia2+Svhbb0+O3b+jPfee8/sq//NmTRpEn7dG6u6zzFvjYUkSUZ6aDSYExwir7NxU5TZOpIkqe4vZvcePDhwoNn+YnbvQXpWDoYOG2a2H3GsiKXL0EOjMXruwYEDkZ6Vg/SsHPTt18/ithMn+Zo9N+LlkRbPU+zXkdfe2R+8iYiIiKhz6VDBanp6OjlYVFQUtFotpk6d6vS2tMavv/4qB+7Obgu1nKOD1RUrV8mhqmnQY22warqeCJWU+wsODsaC8HD5sXJknzIgFKP78gouYueuGPl4psfYE7tPdaRoS99obRGsLggPNzrX9MxsowCtuNTyqEjTEY+moacybBTnahpSi1GeK1auMhrtKvaXeuo0Dh2Ox4qVq+TRxMpjiFGgrQ1qbdGXos9CQ0Pl88oruCgH1OLcRdtFX5o+Vnttitee8pzzCi4iODgYoaGh8jFMr6vptVE+J16Pyp8HtZ8X5f9cEFJPnUZQUBA2bVYfeZl2NsMoXLtQVNzqfrXV9Zk0aVKLQ1VhypQpZvubExxiFKSKkaIifBQjRkWwOuLlkc2OWE3PykEPjUYecTri5ZGQJAlDhw1DcWkZHh88GEOHDZNHnorji+Mo2yIC2umff4HiUkN4Kp4T2/bt109+7sGBAxGxdJlRQBuzew8SkpLldZVtmjjJ16HX3tkfvImIiIioc+lQweqZM2fIwcRozs2bNzu9Ldb6+uuvjUaiTp061eltotZxZLCaV3BRHhEoRkYqwyRrg1UxgvJoUrIckIlRgqmnTpsFScqRfSLUEsGYMqwU/zVtixhlazpKtDVvtLYIVkXQKUK7nbtiEBwcbNRm0R8ivBR9ZhqEir4S/REaGipvK9ZVhtTiuoWGhsp9prxGyr4UYawyWBWjLxeEh7dpztW29qWlgFT0k6UgVTw27UdhT+w+1TBZbJtXcNHsdS6OuWlzlNk0AKL/1H4elG0zvd5K4jm1Ubbn8gvkr4AL8UeOyvNuOuv6iJBUbaSlJckpqfJ2ps89Pniw0ahPQYzuFCM+RbBqKYg0pWyf2PbxwYPNnisuLTMb/ap8XoS8asdNz8ppcr/i3DZuipID5DFvjUVxaZkctIptHXXtnf3Bm4iIiIg6F1sEq2FhC1S/2WdpgEprPgdLaWlpICLX46g3MxFQHjocL4esyjcwa4NVZRgo9ilCx527YlSPoxy9GhoaKo/4FNuFhoYaBU+iLbYKVcUbrS2C1a3R2xAcHCwHxwvCw+V5QkX/iT4S7RZhp1qYKUJZEVLv3BWDBeHhWLFylbxMeSzlfpSBtrhmaoGi2K8tQlVb9KVok2kQqexj5XrKINma9jc1/YGlYFVJbXSp2s+DcgoItW3E9VP7oFBYfFkO1o4cTUROXr781fAjRxOden1aO1rVUrAqQk3TuUpNw1C1Eatqc5iqESGtaXhbXGr46r/pV/aVxIhVZfvmBIdg4iRf9O3XD3379VNtR0JSMnpoNEajWU0DWrXpDOx97Z39wZuIiIiIOhdbBKtikJCaEyfbftPstLQ0SM7uKCJq39r6ZiaCKTEyT4RCIqSyNlgtLr0eBq6LXI/Q0FB5/2KZ2K8IypShkzhO6qnTZkGa6TpibsvW3gTL9I3WVsGqOG8RnB06HK86RYKYD7Sp/wsnRsCKEDk9M1se5asMqcU1UYbUpiM41a6ZWEf0pdpX3h3dl5ZGnopftmrBqqVpApo6Z2uC1eLSMvn1lZ6ZLfeT6Xamx1GOLFZeQ+U2Yh1L89seO55iNK9m/oVCHDx0GJk5uU69PvYKVk2X9mZ2YAAAIABJREFUWwpWlcRzMbv3yGGraUArRoo+OHCg2TFidu9BD40GPTQas+2KS8vkr+uLUaaCGIkqphcwnZIgPStHDmTFTaqsDVbtfe2d/buKiIiIiDoXW00FoDZq1RajVcXnYAarRNQkW8xpqUaEQS0JVsVcrWK0ZnGp4Sv/YpkI/8Rx1eamVAavloJVEUwpw8S2vNHaKlgVAaByrlq1eWGV52BpTlMxYnJxRIQcUov9K/uquLTMbH5Q05GfTYWMYv/N3fzJEX2pPD/lctFX4jWp/Lq9GAUsthFzxVozd63aa8tS2yw9b9pe05HUpnPvKud1betr19HXx9ZTASjnIVUuFyNJrRmxqgw6lcGlMlQ1ba8yVFUbcSpCVUsjWZVt6qHRyPtXhqrKEbKWglUxt6ujrr2zf1cRERERUediq2BVbdSqLUaris/BDFaJqElteTMT4Z0ygDINPVsSrCq/Pi32qXyTVI5QFSNl98TuMwoRi0vNv/otKNuinAOzrW+0tgpWRf8owzW1QE6MflS7I7wgAkPlvsQUCqahshjJumlzFA4djkdwcDCCg4Pl4LW50ZviWG0Nqtval8rXxYqVq4zmKVXe0Kqlc6yqnbPpc6bXaV3kejksF/2r9ro3XS5C00OH4+VroTaa2BYjhB19fWw9YnXosGGqc5iaLm9qjlW1Eav2DlUFEejG7N5jMVQtLjWfciBm9x6Lc6za89o7+3cVEREREXUutrx5lXLUqq1Gq4rPwQxWiahJbXkzEyGW6UhF5fKWBKvKMFC5T7FMOToz9dRped9in2Iba4JV5eO2hFS2DlbF17/FuaoFq8ogtKl9q31NX+xPuW1ewUU5gBQhpDI8tOZr8eJxW+attUWwmldwUe5DtdeGsq2iz/MKLsqjbsWUAGpaEqyKa6Rsg9q+Tfv20OF4ozlWF4SHy9uJ0apNBer21N6CVRFyiq/VT5zkK49AVY4EbcnNq0SIKYJLJTH3qQhdlc/F7N4jz8faQ6Mxem7MW2OxcVOU3MaJk3zl8FfMoypC1b79+hltK0JWcdwxb421GMDa+9o7+3cVEREREXUutgxWlQOybDVaVXwOZrBKRE2y5ZuZK7JFGNhSpjeX6iyc0ZfkuOvj7e0NHx8fm00FUFxqCFdF0KgMRJWjSVsSrIqv3atRm6tV+ZxyWgG19vTt189iOy3tV7TZdHvTuVsdce2d/buKiIiIiDoXW//tFxa2wKajVcXnYMnZdyYnIudw1puZq0lLc1wYeOhwvByqWhr125E5si/J8dfH9/33Wz1adaqfX7P7b0lg60xtaaezzrElv1OIiIiIiKxh67/9Dh2Ot+loVfE5WEpLS3P6HxFE5FgMVh3b147qwz2x++Qbe4n5QjsTBqvtW1uvz697Y/Hxx5+0OFSdNn064o4cdfr5uzIGq0RERERkax3hbz8Gq0QuisGqY/uafci+dAW8Pq6LwSoRERER2VpH+NuCwSqRi2Kw6ti+Zh+yL10Br4/rYrBKRERERLbWEf62YLBK5KIYrDq2r9mH7EtXwOvjuhisEhEREZGtdYS/LRisErkoBquO7Wv2IfvSFfD6uC4Gq0RERERkax3hbwsGq0QuqiV/BJeVGdan1mMfsi9dBa8PESmdO3fO6W0govYrOzvb6W0govaro/xtwWCVyAWlpVkfrLZkXSIiIiIiIiIiV8BglchFMVglIiIiIiIiImo9BqvtQHpWDjZuikJCUrLT20Kug8EqEREREREREVHrtShYnfzBBy1abq3HBw82ErF0mdNDJzUTJ/ni8cGD5ccbN0Xh8cGDMSc4RF424uWRGPHyyBbtd+OmKEiShImTfJ1+juQ6GKwSEREREREREbWe1cHq5A8+kFmzvCUkSULffv0wcZIvHhw4EJIkIWb3HqN10rNymnzc3HOW1m/J8jnBIUZtG/PWWEiShKHDhsnbSJKEMW+Ntaqd4nkGq+QMDFaJiIiIiIiIiFqvxSNWlSGqLULV4lJDsCpGgipDxomTfCFJkhxoTpzki5jde+TwVWwnwss5wSHoodHIz80JDkF6Vg4eHzxYXvbgwIFIz8pBQlIy+vbrZ7Sf4tIyo3V7aDRGwWhCUjIkScL0z79AcWkZHhw4EH379UMPjQbFpWWIWLoMkiQhYumyJtspwlfxvGmwOuLlkeih0WDjpiinh2/UeTFYJSIiIiIiIiJXBQBlZWVt0uI5VpVhqi1C1eLSMjnw3LgpCiNeHimHjSJYFaNZN26KwtBhw9BDo0HE0mWY/vkXRoFkD41G3s+c4BAkJCXL64g5THtoNBjx8kh53yIEjVi6TA44x7w1FglJyUZf8Rf69uuHocOGyaNTlfsX+0zPymmynSJsFe1QBqvi/NWOTWRLDFaJiIiIiIiIyFU5JVgtLrXdSFVBBI2C+Cq9MvxUrquc57Rvv354fPBgi1+nFyNQxfytPTQao/VF0JqQlIz0rBx5xOvQYcNUR4yK0aRiFK3YRsy/+uDAgU22Uzwn1isuvT5KV4xg5ZQA5AgMVomIiIiIiIjIVTktWC0ubfsNq5SUI1aVX70Xwaoy4GxtsCqmFpg4yVceDZqQlCyPEO3brx+KSw1znk6c5CsHrAlJyUb7E4Hq0GHD5HB06LBhRsdpqp1qzylDXjG1QHNzsxK1FYNVIiIiIiIiInJVTg1Wbck0aBTUglVLX7EXI0dFQBuxdJnROtM//wIJScnYuCnKiNinCFEjli5DelaO0Vf8lW0S86wqR9bOCQ6R52tV7rOpqQDUglUxh2wPjUa+IRaRvTBYJSIiIiIiIiJX5ZLBqunNqJq7eVVxaRnGvDXWaKqBOcEhctgpiFBTuUytTcWlZWYhqjJstaadTQWrxaVlRmGws8M36rwYrBIRERERERGRq+o0wSoROR6DVSIiIiIiIiJyVc0Fq2PHjmWwSkTqGKwSERERERERkatqKlgdO3asjMEqEZlxVLBaV1ePdT9sxeixPnhp9Fv4xyv/xYfTZyD19Fmnv4kSERERERERkWuyFKwqQ9XmwlUGq0QuyhHBamlpKSZN/hD3PfhbDLj/ITz08CA86PUI7r7vQTz+5B8RvW27099IiYiIiIiIiMj1qAWrpmFqc+Eqg1UiF+WIYHXNmjW4o39/TJ06FSdOnMCFCxeQn5+PrVu3wsvLC088+STKysqc/mZKRERERERERK6lqWC1uWUMVolcnCOC1fHjx2HY0KGqz2VlZeGuO+/E0aMJTn8zJSIiIiIiIiLXYilYbcmNrBisErmotgarGZlZ+C7sexw4nICklFOITzyORUtXYOuOXUg8fhJxR5Pxwt9G4NU33kLCsRM4mpyKhGMnkHDsBBKPn8QPP27DI//ze3wTEorE4yeRePwkon+KwfeLl2P/4QQkpZzG/sMJCF2wEOkZmU5/wyUiIiIiIiKizqOpm1dZi8EqkYtqS7BaVl6BWXNCMPylfyJkwTKs3fwTlkduwfLILVgW+SOWrzf8N/LHn7FhawxWrN+KlRuisXJDNFZtjMaqjduwZvMObPk5Fut+3Ik1m7Zj7eYdWLN5B9Zs2o41m7bjh+27MT9iNZ792z/wTUgoyit0Tn/TJSIiIiIiIqLOwabBKhG5HmvfbEzXzc7JxarIzVi2ZgPW/RCNPfvj8Ov+w9h7MB57D8Rjz/7D2B17ELtjD+HnPfuxPWYPtu78FVHbY/DD1p+xPmoH1m7ajlUbtmJFZBSWrd2EJas3ImLVBixZvQGLV0Zi8Yp1CJw7DwuXrsa6H7YgJ/ec0990iYiIiIiIiKhzsGmw6uyTISLHakuwWlxcjCUrIxGfdAKxB+OQcOw4kk+cwomTp5F68jRSUk8iMTkFhxMSse/QEezaewDbft6DzdE/Y93m7Vi6djPCl0Xi20UrMXteBGZ9txBfz12Ar+fMx5dB3+Kzr7/Bx18EYur0LxGfmIKlq9fj0qVLTu8zIiIiIiIiIuocGKwSUau1JVi9dOkSFq9Yh4NHknAwLgEpqadw6vRZnE3PxNmMTJw+k46U1NM4eiwFh44kYu+Bw/h59z5s27kHP0T/jDU/RGPpmk1YsGwtvlu4EsHhyzAnbAm+mbcYM0MW4KtvQvH5jDn4+ItA7I9LxJJVkSgsLHR6nxERERERERFR58BglYharS3BalFRERYuW40D8UmIS0jC6bQzyMjMxrlz55B77hwyM7NxOu0sklNOIv7oMew7fAQxew9gR8xebN4Wg8jN27F8XRS+XxGJeYvX4Nvvl2PugqWYHboIgcFhhmD162/wacBM7I9LxOLlaxmsEhEREREREZHNAEBSUlKrMVglcmFtDVYXRKzC/vhEHEk89v/Zu9dm9606X/B6AXoDegd6B34BU6U5dabmTJ2Z1pmB5nR3oAUJECBBuZGQC4lyD7mQGEwwJOYiAiaASaJccC5OQuxAY7pP96bRadNnTrmrupEfdE37SUOpfvNg81v/n5aXLpb33vbe+/vgU///ti1Z0t7+eemrtZbo13+f0j/89h/pn/7pn2i5/Cda/OP/oF//JqVf/c3f0ft/9Sua/Ox9eu2Nd+jF196g5194lb77/Iv0je/+kHqD79GXnv4WPfaVZ+ihJ79G9z/2FYoeeZLueuAxuu2eh+iWO++jt372c/rK17+JYBUAAAAAAAAATgyCVQBobddg9Uu9b9DkZ7+g6S9+SX/369/8scfq/6T/8f/+T/qH3/6Wjv7+NzT/m7+l93/xK3r7Z+/Ta2++Sy+99ib98MXXKH7+RRo89yP66je/R08+fTwdwMNP9enBJ75K9z3apbsfeoLuuO8RuvWu++mtd9+np55+FsEqAAAAAAAAAJwYBKsA0NquweoTX/k6vfnuz+m99/+K/ubvfk2//s1/p/QfFvTfF7+lX/8mpb/5u1/TL//6b2n68zm99e7sjz1W36LnX3iV4udfpGef+xE9/c3v0VNf+w493jueZ/W+R79Md9z7Rbrpzvvo0zfdQR+//hZ6/e0pPfXVZxCsbmk6nVKn06HpdLr3bQEAAAAAAICLL0kSsixLcRyHwjDc+3aVQbAKAK3tGqw+9tTX6I23p/T2ez+nX/7qv9Ff/+0R/e3R39PfHf1Gharv/9Wv6J3ZL+j1yXv06utv0wuvvEHP/+RV+s7zL9Kz3/0RfeXZ5+iR7jMUfbFLt97zCIWfv4euvfEO+thnbqGrPv5Z+vOrP0M/fetn9MRXvt4oWOUiHgRB5fNJkuz9+He7Xep0OuoLx7Zt8jzvxLbtLPd1Op2S67ob++e6rto/z/M2Ql65/6zsSzdJEvV627Y3XtftdslxHPXlHcexei5NU/J9X72H7/uUZRnleU5ZllEYhoVlu92uWpaft22bLMsyhtVBEBi3K0mSjeMCAAAAAABwUfF5KP88nU43zrHa8H1/53WYIFgFgNZ2DVYfefKr9PrkPXrjnfdo+os5/fyXf01/9av/9kd/Q7O/+hW9N/sFvfnH3qrJT9+iHydj+sFPXqFvfX9ET/W/Q/c+1qPP3fsY3Xz3wxTefh9dd+vd9Kmb76Rrrv8cfeSTIV11zXX02pvv0mNPfW2rYLUsUDyUYNX3fbJtm7rdrgr40jSlMAzJsqwT+cI4y311XbfwPhxU8mNZllEURWTbNqVpql7X6XQaX730fV+FpWmaFr6csywrBLe87/xeURRRFEWUZZl6re/7hePOr02ShGzbLqwrCAL1PO+b3NdOp6PW7bpu4fd3Wg0AAAAAAACAQ6MHq3l+fM7ked7et80EwSoAtLZLsPq73/2OHnriK/TTt35Gr77xDr393vv0zvQX9N77v6Tpz+f03vu/pHemv6A335nRePIevfz62/Tia2/QD154jZ6Jn6fHewOKHu3RnQ88SbdGj9LNX3iYbrjjfrr+1nvokzfeTtdcdwt95BOfpas+cR29+sY79MiTX20crHLPT8dxVGgpn993sNrtdsmyrNIh+lEUVT7f1FntK1+B5J+zLCPbto3vGwSBCjTzfLtgVReGYeWynU6ndN+592ubZfM8LzQUZICc5znFcVxoNMRxXDg+AAAAAAAAF1VZsCrPA+VoQ9lJxbKswjm8fEw//zOtI8/zQgebPM/Jtu3CiNYwDAs/I1gFgNZ27bF6/6NP0atvvEsvvPI6/fTNd+j1yXv05jtTeuvd9+mNd6b0+uQ9eu2td+mVN96hF159k5774Yv09De/T49/dUAPP/l1uueRL9Pn73+Cbo0epRvvepDCz99L193yBfrkDZ+nq6+7ha665jr6i499ml55/W16+PGvbNVjlcM9fUqAsrBxOp2S53mFYet6MdZDPB7+LYec5/lxKFd1Nc5xnNqrdY7jFL545H7xkHbbtiu3nwPcbfeV9yEMQxUKWpZFURQZt1X/kkySpDRI5OBbf582f7++75duEx/DsnC62+2W/g64Z60eyrM0TQv7oDcaptNp4Xl+jX6MAQAAAAAALho9WOXzQz4v5Z/liEDu9MLnsbysPG+TwWrTdcRxTK7rFqZn63Q6hXN4BKsA0Nouweo///M/0/2PPEkvj9+mH774Kr302puU/HRCr7z+Nr36xjv0yuvv0Cuvv03J+G368Us/pcFzP6LeMzE9+fS36JEvf52iR79Kdz74FN1672N0y92P0A133E+f+dzd9Kmb7qCPX38bffTTN9KfffRT9GfBtZSM36IHH+tuFazmeW4MFk3BKgdlYRiqK2W+7xd6vPq+vzFXpuM4GwFonueVQ/n5iltVIMjvJ8NJ3m7XdTeW5e2X84bKQHTbfc3z4y8b/gKqCwT1cFR+qZnIL9m2wWqWZYUvUtPfQdXcpvqXKW+XaX5WnX6FUw9WTY/V9YAFAAAAAAC4CPSbV+mdkUwdZPj8iYNQftx1XbWsDFar1hFFkTpH59fJ81q9VyyCVQBobddgNXrocXrptTfp+z9O6Mcv/ZRGL79OL7z6Or3w6pv04qtvHvdS/dFL9PVvD+krz3yXnux/mx798jN0/xNP010PPUW33fs43RI9Sjfd9RCFt99Ln775Lrr2xtvp6us+R3957Q30X4Nr6UPBJ+jFV9+k+x95cutgNc+PAy0ZGpqCVd/3N4JAPQDlkJbXM51O1fOyd2Icx5W9E5sOz+e5VvXlTCFkEATGHpa8jm33lY9bVa9NSQ8ptw1W9S/dumNjmsdU4qkJynqr+r6/EYZLcRyXTmXAN+SSxwXBKgAAAAAAwDH9nFyfOs10DiinwuP7cugjBWWwWrUOOVUdrysIAoqiiOI43jhXRbAKAK3tGqze9/CX6KXX3qRvD0f03I9eouHoFXr+hVfpRy+NafiTV+iZ+HnqPftd6n79O/Slp79Fj3Sfofuf+Brd+dBT9Pn7Hhdzq95H1992N3365jvpE+Ft9JfX3kB/ee1n6UN/+Qn60w9f88dg9alWwSoXY+5haAo2TcP887w4pD9N08KVtjAM1VUvub4gCCp7Su4arJqW63Q6xiCz7b5WrdOk0+kUQtmTmAqA998UJlcFo3WhqykYLTv++nuUBbamqQAQrAIAAAAAwGWkn5PzXKj8s+d5lSM4OQSNomhjblQ+N6xbB49C5HPz6XRKnU6HgiDYOL9EsAoAre0arN7z4OP0k5dfp29853n61vdH9O3hT+i5H75I3x7+hL7yjZie+Oo36Ymnv0mP9Z6lh77Up+jRr9JdDx+Hqp+754t0y90P0013PkjX3XoPffqm496qH/vMzfSXnwzpL67+DH3gqqvpg1ddTT95+XWKHn6iVbCa51duBpUkieqdKUMu05UuJsNF13VVYZdD8vXH9XlddWU9T6WyqQDKglXT+kzLNN3XbYJV/cvpNG9edRahap5vBqtVvWBNN6/Sj13Z8QAAAAAAALhITOfk8ryPg1Z5fiTPs6bTqZqWTj4ug9W6dfD5tDzXtG17Y515jmAVAHawa7B6572P0A9feI16z36P+t8a0rPf/RH1vz2kL375Gfpi9xv0yFPfoAe+9DW697Gv0hce7tKdD36Jbrv3MdVT9cY77qfrb7uHPnXznXTtjXfQNdffSh/91I30kU9+lv5r8En6L38W0P/z5x+lH734Gt39wGOtg9U8L04JYAob6+Y8zfMrvVG5lyoP94+iqHTdJq7rtr551a49Vpvu6zbBKgeW8rEwDAtfdFmWqWkT5DQJ2wSrpxWqxnFcmMqAe9XyttdNLcBTH2RZRmmabmyHPoQFAAAAAADgojKdk/M5Fp+P8Tk035RZPyfUbziV58VgtW4dPJWfHraazssQrAJAa7sGq3dED9PwJ6/Ql772LfryM8/Rk1/7NkWP9uieL36Zokd79IWHu3TXQ0/SnQ89Sbfd9zjddu9j9Ll7HqFb7n6YbrjjAbr+1nvous/dTZ+84Xa65rPHoWrwqRvpL67+DH3ww9fQn3zoI/TBq66m5194le68/4s7BatySgA9bGwSdOb5lflTefJruW7uhWp6b52pyEvcw1YGkFXBahAExqH3sqfutvu6TbDKPVT1eWU5zOQesZ7nbezzNsFqWU/bMAyNE6TLOVvL5uDhIfpyO+UE6XlenJZAJ38H/IWu91g2TSsAAAAAAAAA+4dgFQBa2zVYvf2eh+j7P36ZHu8N6Ivdb9DtDzxBn7/vCbrrwSfp9vufoNvvf4I+f+/xXKqfu+cRuvkLD9PNX3iYwtvvo8/edg99+pYv0LU33kEf/+yt9NFP30wf/dSNdNU119GHPvJx+sBVH6M/+dOr6INXfYx+MHqZ7oge3ilYzfMrQaMeNsobQ/EVtCzLKI7jjbCw6oqa4ziNQss8v3K1rNvtqvdM01SFeHrPy6pglUNj3/cLN+niq3dt9nWbYDXPER6WybKMHMcpvZkZAAAAAAAA7A+CVQBobZdg9V/+5Xd0+90P0fd//BI9/FSfbosepVvueYRujR49DlKjR+nW6It0y93HgepNdz1EN9zxAH328xFdd+vd9Olb7qJrb7yDrr7uc3T1Z26m4Nob6MMfv47+7KPX0gev+hh94C8+Sn/ypx+mD374Ghr+OKHbo4fpX/7ld7XbWRWs5vmVuwfqAWWSJOR53kZvRj0Q4+X1npfcY7HJMHvW7XYLPSlt2ybP84zhad1Nr3gybr13aNt93TZY5fXu+2/60KRpWtozGQAAAAAAAPYLwSoAtLZTsPq739HNt99L3/3hC3TD7ffT1dffRtfedCdde+Od9El2w5308fAO+kR4O119/W300U/fTMG1N9JHPnkDXfXx6+lDwafoT4Nr6QMfvob8Pwvo//i//5z+d/9D9B//rw/Qf/w/P0Def/LpP3/gz+m5H75It9x5f6NgFQAAAAAAAACgCQSrANDaLsHqPyx+S08/+x167Kmn6amnn6Xh6GX67vMvFsQ/eIG++/wLFP/gJxT/4Cf0neGIvjMc0be+90P65nPP0ze/90N6Nv4BPRsP6ZnvfJ++8e3v0de/+Rx9/VvPUf+b36VB/AN66PEv0wOPPknPfOf7tPjtP+79mAEAAAAAAADAxYBgFQBa2yVY/f/+7d/otjvvpv/1f/vP9O3vj+j1d39OyfhtSl5/h15+/V16+fV3Kfnjvy+9NlH/f/mNd+nlN35Gr/zRSz99+/j/b75Hr7z5Hr361nv0ypvHz7313i8pfv5F+l/+w3+i278Q0b/927/t/ZgBAAAAAAAAwMWAYBUAWtslWM3znObzOd10y210z/0P0n0PPEw3fe7zdNfd99L9D32R7nvgYbrvwYfVv/fef+y+B47/je57ULnnvgeUex94iD5/5xfo5s/dTtEDD9EXovvppltuo/l8vvfjBQAAAAAAAAAXB4JVAGht12CV/f73v6ff//73lOc5/eEPf1A/s3//939X9J9N/vCHP1Ce5+r1+z5OAAAAAAAAAHDxIFgFgNZOKlgFAAAAAAAAADhvEKwCQGsIVgEAAAAAAADgskKwCgCtIVgFAAAAAAAAgMsKwSoAtIZgFQAAAAAAAAAuKwSrANAaglUAAAAAAAAAuKwQrAJAawhWAQAAAAAAAOCyQrAKAK0hWAUAAAAAAACAywrBKgC0hmAVAAAAAAAAAC4rBKsA0BqCVQAAAAAAAAC4rBCsAkBrCFYBAAAAAAAA4LJCsAoArSFYBQAAAAAAAIDLCsEqALSGYBUAAAAAAAAALisEqwDQGoJVAAAAAAAAALisEKwCQGsIVgEAAAAAAADgskKwCgCtIVgFAAAAAAAAgMvq4ILVTqdDlmUpjuNQGIZ7P1AAsAnBKgAAAAAAAABcVgcZrMogNUkSsm2but3u3g9WlmVk2/betwPgUCBYBQAAAAAAAIDL6uCD1TzPKQxD6nQ66uc0TcnzPLIsi2zbpiAICq+fTqfkuq7q9SrXF0UROY5DlmWR67o0nU4L7x1Fkeo1a9u2WnY6narlWJIke/8FAuwTglUAAAAAAAAAuKzORbAaBAF5nqd+dl2XoiiiPD8OWV3XVcukaUq2bavnsyyjNE0pz3OK45hc11U/R1FEtm1TlmXqvR3HUYHpdDol27ZV+JokCVmWtfdfGsChQLAKAAAAAAAAAJfVqQerv/71r43KNqhsKgAOO5MkIcdxCstwYJrnx71bZQirr1ufUsB1XYrj2Pje+mNVwWrZfgJcFGV/902LzTavBQAAAAAAAAA4dGcSrG6zQaabV8kh92EYFp6XePmym12VLcev73Q6G8P7mwarABcZglUAAAAAAAAAgKKDDFb1Yf0y7OQ5UJssr9PXZVoWwSrAJgSrAAAAAAAAAABFBx2s5vlxD1Ue5p/nx/OeWpal5kXVVU0F4Hnexo2u9PdGsAqwCcEqAAAAAAAAAEDRwQereZ6T4ziFxzqdDvm+r8LV6XSqbjBlunmVnJ9V9lrNskzNr8rrrQpWsywjy7LUewFcFghWAQAAAAAAAACKzkWwyoFomqaU58cBp+/7hXlYZUCaJAm5rrsxh2qeH98dQmG5AAAgAElEQVToynEc9Zzs3VoXrOZ5cY5XBKxwWZx1sLpcLmk0GlGv16Ner0eDwYAmk8mZ7OtkMqHhcKh+Hg6HajvOelsug+l0Sp7nqbrquq6xDpvm1NaFYajqe6fTUTWavzNs2ybLsgoX5qqeS5JEvbdt24URD3K7bdsufE9kWaaW07+f4OJbr9eUJAkNBgNVN4bDIa1Wq0bLD4fDyhozn89pPp+XPr9YLAr1M45jOjo6arUv4/GYlsvliRyXyWRC/X5/4zgsFotCzT2Psiwjz/M2pqrathbEcbwxbVWWZRSGoapRrusW2p/dbtdYv0x1k2snj8Ay1VS9jS3rHmrb5aS3iy66qn1dr9c0mUxUfe/3+5QkCa3X663fZ7lc0ng8PtHtNn0mJ5MJ2q0AsDfyPHrXdmlT+rl8mxpY992nt8cPLlgFgMNzlsHqcrmkfr9Pk8lENVSXyyUtFosz2VdTsCqL8dHREcVxXDlfMzSTZZkaYcBhAAcLMjgwXfQyrSsIAnUBTk4LkySJeg8OQHhUQ9Vz3W5XnaSkaVoIEqIo2niOt9n3ffJ9n/L8OIB1HKd0+hq4WNbrNQ0GA0qSRAWI6/Wa5vN54xPvugZg1UnyYrGgfr9Ps9lMPXZ0dET9fr9VI3Y4HJ5Y7eVgdTQabWzzaYY2bRvUTWVZRq7rku/7G8HqNrWg2+2S67obF5c4WJW1jafI4lFasvaU3WeALxTx/8umxoqiiDzPUzWx0+lQt9vden/g4hgMBhTHceOLQydttVrRYDA4s/fr9Xqlzw2Hw8KFstVqRUmStLrIcNK1bzgcbtT/PD/dYHWxWFQeLwCAXq9XaEvO53Pq9Xqn+p0i69JpBat6bUWwCgC1zjJYHY1GdJJX8LdVF6zm+XFQ0u/3zyzsvaiiKFIn6VK3260dTVBHhgi6MAxLw4eq54IgKH1ObqNt24Wwwfd9FUzAxZYkyUZwuK1dgtWyZY+OjloFEycdrI7HYxoMBoV1XoRgNUkSY83ZphYkSaKCzKp6x9NS5flxDZUBKV/kMS3neV7hwlDTGhgEgbrYhNp2+SwWC4rjmMbj8bno9Tifz3fezrKgkC9cmS6SxXFcOZKgbH0nHazOZrONbUSwCgD7pAerZY+d9Hvy/xGsAsDBOMtgte4K1mq1KgxzlSegy+WS4jiufW4wGJQOb20SrOZ5TuPxmPYZAF8EnU7H2MuDe7LK120brOrhrOT7vgoKmj6XJAk5jqN6jelkj1V9qoKqsBYull6v12jo/Hw+V0NJB4NBoTepqZc8v3Y4HFJVwFFVP+W28f95vfwa7lXa6/VoPB5vBKtyu4fDoTp554BgPp9Tv983NkS5Acr7oy8r99/UAJfPz2YzNU3LcDik5XJJSZKoobky4NBfrx/vPM9pPB4X9lvf5vF4TL1er7JhbgpW29SCqnrHw/Q5TDWtzzRVih64hmFInU6HbNvemOaEX9vtdqnb7VKn01FhKmrb5ZMkCc1mM1Uv5HOyHsiekk3bYjw6qWydg8FA1TNZAzjs1d+Xe0ExXvd6vVbtRr0+8NQt8rmyoHAymZR+NieTibqoVlYPl8tloQ5xXZLbUradw+GQjo6O1PKmQIJr53g8Llzgkyf/pjDX9Dx/F/Dx1b+H9Potvzv0qRGq2t9l30UAcHHoNYtHf/LP27b7BoPBVnVcb1eXtWV1eiZQ1x5HsAoAtc4qWG1y5Xu9XquTYh52y8WVG7L8HDfe9B6mVb0Omgarl23OsdNQFSDIE3h9rsCynqiMh+aa5sGeTqfkuq5x+KrpOZ5XW59HVdJ73iJ8uJyWy2WjE0Mems/1iesR1ydZc1arVaFBKqdK0ddbVz9lw7XX69FoNCqEsNzQ5Me4YSrrpnxe1kB+rmquQXnyLvexTbAqhyUnSVIIIfTfg/56Pt5yP0ajEa3XaxVs8LbxXIr60FqT0w5W5TzUclqAJsGqfsEoTVNV59I0Jdd1Cz1PgyAgx3HItu3C46htl4/8rJhCMTkknv9f1hZbrVaFz+pqtaI4jtXnTa+N+nvx/5fLZeE1cjtMvTP1mip7zfMoA65bfHJuOhZVvZ5kHSurh3KO/vV6TXEcl7Y39e3kOlbVw4trp97m3TZYld8x/J0jwwdZI/XXcw3lC1R17W/TdxEAXCz6HKuyzuf59u0+/q7g5+vquN7mLGvL6uRzde3x9XqNYBUA6h1SsKqTDUIurHoDbT6fbwzPLRviimD17OzSY1XeSFC/cZQeEjCeE7AscC17Ls+Pw4dOp7PRm5XnRZRhLMKHy8lUvyaTyUbvKXlSyuRVb1lz9B5N+mvr3l/Sg1W916Zpu+SJPPdck8/z+/F7V80jK2s1N1BXq1WrYFVuJ/de018vQx5T0MLhjh4Wye2ZTCaN507cJliVN4/Sl6nroc83q5Lrq3rPLMtq50KN41j18A+CQF0o4h6y/B6obZfLfD4v/P2Px+PC3yYHhfrnvqwtZqpn3Aszz801iDWtbXqwymGufL18jT6t03q9PpFgVa+Hpgtvct/rtpN7R1X9vuRx4Atl+nqaBKv6dnJvWfl6/jswvZ6DC96Oqva36bsIAC4WU49VGW5u2+7Tn6+r43L5qrasTp7r17XH5/M5glUAqHdIUwFwo9A03CvPjwsf9wKQDW39almv1zP2QmoarCZJci7mGztkJz3H6mmFqvJ3LkMQU6ia55iH8LLihlxZT3h5gqw3IGXdkTXH1Puqar68baYC0LfBtF3yMb3uMr65YN1FMX27eZ9PIljVG7ty/8qCVX7MtE8ccGxzAW3XOVZZk3rHr2kyx2oYhsY6K3W7XfUa/f3lfqG2XS5y2iX9s5HnxzWP502WN+zL8/K2mP5ZlLWjak5nWQN43XK7yt6D16/jsM9Ut05iKgBT2KjXElMYW7adTeYI1I8fL3MSwapcrz5awbSv/Fhd+7tsWgMAuDjK2pxV7eJtgtW6Oq6/V1lbVl+HrHV17fHJZIJgFQDqnWWwWtd41O94WhYyyIbdbDZrfEOZJsEqbl51MrhnahRF6mQ9juPCXa7zvFnQcBqharfbLQyXlT1Wy0LVPMedsy8zOaxV0nvW79JjtSpYLauf+s2rTI1cU28x2dgdjUalQ+LbBKs8lYup5jbtecDv3SZY5R6r+pA0fZt3CVbb1AJTsCnrk+yxmqZpoV7K3qXMNDd0HMfqMZ4KgHsmep6n1sE9VnkfUNsuD+5Vrl8oMs1RnOflnxVZG+bz+c49Vnn4pR4glgWr/Pqy/TS15cpqWdObV5nqoanHqqxdddvZJljldcrvF1O91J8/iWCVv2/q2t8IVgEuvm2D1bp2H6+T/19Xx+XyVW1ZXV2PVfl9M5vNEKwCQL2zDFa5kTabzVTjVc7dJa8q6XM78dxSeV5sxPIJgpzouu3Nqzig2PZmSmCWpil5nleYP1A/tk2CVTk1gE6fo1U+XvWc7/tk27ZxjtWy9wrDUN3Z27IsdROYfR9nOBtcvyaTSaH3lgxT9TlVt5ljlefdqxqOql984rmoZBhiauTqc6zyvuhDS/UTd/naqmNjCoR522TNlTdekTck4OfbBKv6fsl5I5MkoeFwqH5er9eN5t7SmYLVNrXAFKy6rluoTaag1bIs8jyvEHTyzaf09wjDUC2jb1eWZYWaLNeJ2nZ5zGYz4/euDMpkTZEnnWVtMb4ozfXJNMeqnJpjtVoV5uLkdcub381ms40eq3qQNxgMaDweF9qUci4+OTcf97AsOy7D4bBQL1arFSVJUpgyoawe6nOsjkajQn2p2s42wWqe58Q35pPvW9eObhOs6vvF0xbUtb8RrAJcfKapAGQd2rbdx+vk/9fVcbl8VVtWJ2tdXXt8tVohWAWAemcZrOb5cUNNDkGTN6iaTIp3Hp3NZoVu+PycfsdAnodPH16lMwWrcqiA7JUAAKBbLpcbQ2j1E1P9ztcyoCi7mMPrOTo6qjzB1utnHMcbPczKTmZlDeVeTPJ1s9mscBfwqpNx07pN281BBf+8Xq9V3W1yd9cmwap+N1l5PHg4s/zu4Oe3CVYBLhJT3cjzYk9Wvc7wyWlVW0zeId50Iz5ZY2TIKmsAvy8vnyTJxsmuHG6+Wq02tlVeSNHvJl31mV+v1zSZTAp1UL9JVVk9XC6XhTrEP8tjW7adbYNVDrPlsvP5XP1+eO7WXYJV3jbZNtePR1n7G8EqwMWnD7s3tcO2affxOuXyVXVcX76sLavT24B17XEEqwBQ66yDVQAAAAAAAACAQ4dgFQBqIVgFAAAAAAAAAChCsAoAtRCsAgAAAAAAAAAUIVgFgFoIVgEAAAAAAAAAihCsAkAtBKsAAAAAAAAAAEUIVgGgFoJVAAAAAAAAAIAiBKsAUAvBKgAAAAAAAABAEYJVAKiFYBUAAAAAAAAAoAjBKgDUQrAKAAAAAAAAAFCEYBUAaiFYBQAAAAAAAAAoQrAKALUQrMJpSNOU0jTd+3YAAAAAAAAAtIFgFQBqIViF0xCGIYVheKbvaVnW3vf7PBwnAGgmSRKyLIu63e7Gc2EYkmVZlCSJ+rnqsxzHMTmOY1yP6fFOp6PWrb9evk8QBGTbNlmWRY7jUBzHxvefTqfkeR5ZlkWWZZHrujSdTvd+jJv8Djqdzt63AwAAAC4nBKsAUAvBKpyGswgMfd8vBA/nMVg9Kd1uFwEtwAnjUM/zvI3nHMch13UbB6ue51Gn09kIPjlY1ZdtEqx2u11yXZeyLKM8Pw5PTSMFptMpWZZFURSpx+I4VssBAAAAgNleg9UkSTaujOuNyU6no55nZY3SbrdLjuMYr8inaUq+76t1+L5faCxWLcuNUsuyyLZtCoJAPZdlGYVhqHoCdDqdjav7QRCoZasa1J1Oh1zX3Xj8LMIH3g8+BrZtbxyjpqbTaeEYwfmHYBVOg17buJbatl04uY+iSNVY13VVKCBruinU4LrN8jxXPct4fXK5NE0L30myjnU6HYqiSNVIuR063/cL3wmmOhqGIQVBoL7jOp0OpWmqfnYcR32XyOOkL6d/X+nBMS/L30NMBj2mYw4AzSRJotpPsiZw708Zfla157IsI8dxKEkS8n2/8FwYhhTHMdm2XXiPJsFq0zak53mVNWA6naqaqtcdvT4GQUDT6VT9LOug/lq9RpbVz6oarPdYlW16vV1e9R0AAAAA0MbegtUkSTZO5LjRqDfWmjQIsywjz/NU44mHZnGjK4oiiqKIsixTr+WGa92y3EDM8+MTb9d11XYnSUJBEKjX6sO1wjBUDcMsy8h1XeNwMd5X08ntWQSrnU5Hndjzfvq+bwx662BI1sWDYBVOg6xtcRyrXlUcMEynU/V/2duKXy9PiMuGq8oQkX/mi0ammszfP2makm3bar184UuGunr4wZIkUevnMMC073L9HOjytgZBoPZPD0ls21av4wBB7l/ZMda/T8uO+b7/LgDOEw5WgyAofNZ936c4jhsHq9xOzfO8UPN4uSRJKIqiQvuqSbDKtays7cls2668mO44jlrHdDothLxcH2Ut4aBZr4P6a/VaWlY/q2qwbHfqtdtUI6u+AwAAAAC2tbdgtSww1eeXahqslr2HqcGZ5/XhX9WydUGnPLHl3gdy/8qujnMDUm/cnnawyiG3qUHdpsGJYPXiQbAKp0HWNs/zChfV5HPyhJ5x76myOs1Mwars8VVVX+X3QKfTKWxD0zpXtv4wDDfCBLk++bMerOqBrvzO2SZYrTrmANAMB6tpmhbar/z/psGqDA3DMCzUGw5W+XX8uW06xyqPEDNNJ8CqpklJkmTjQnsQBIXaom+vPhqh7LUchJret2o5WSP1eqmPmpLfFdt8BwAAAAA0sbdgVW/Y6M/JXkJtGzxVvW+63W7l8J+yZTmELDuZ1xuIekOVr/KbluUGsuyplOebjT59OJY8VrLR6XleoSFsahjz+st6XoVhqLaFG648hIobsdPptDAsVe9RwT2CeYoBuY08lxgvXxeSwH4gWIXToJ80l037wj3o9VBAhgVlN2MxBatl26DfuEUuqwcYZcEq98DiYaZl09eYgo+mwaq+vrbB6jZT7QCAGQereZ6rmz11u10V7jUJVnl+U0m212Swyu1I7tHZJFhlPOrK9JxlWaU9Vk31Tq8tcjvqglV9m7luVdXPqhpcVi+ZXLaqRgIAAAC0sZdglYfal22U3kuoTYOnLESU71F2Im5alk9A6+ZJ1a+Um/azbN95v7MsK4S3stGnPyd7m0ZRVJjewLbtwnAy01X8umOsN1wdx9mYe1WGHTysSh+qJgMS2YuXh3YhUD1sCFbhNNSdbOv4Io0+tJ7riuli2DbBKl8Y4uf076ImwSoPT5V1d5/Bqu/7lcEqai/AbmSwGkWRujguL3rXBatBEGz0ytd7sMrPahAEaq7lbYJV3l5T7fI8r3SEUpMeq9sEq2U9Vqvq5zbBal2P1abHCgAAAKCJcxGs6lfx604EecL8st6qVXPj1S3LvUVNjTD9zqt53i5Y5XXxMDLZ6DP1tOXleNvl62RjvSxM3iZY1Xs0cC8LuQz3QM1z8xAvvaGMG10dPgSrcBpkLYiiqBAk8Nx8eX5l3lMZrKZpWpj7uqxu63Wv6qRazsvH9W7bYFUGv7xdZxmsymkT+MKbXFbW26pjDgDNyGBVXtTm55sEq6bpmDik5eVk/eF5TMtGUMn3ieNYfca5R6hpG7heyNBT1tS6OVa3CVa57uhzrFbVz6bBapM5VsuOFQAAAEAb53YqABm46o3NqnlBTeFn02UZ99yUj5UFsqapAJoEq3Lf9ZNqPWi2LEs1RLmhyz0PeE7XLMtK33ebqQD0dZjCBVMYq+N17jLVA5ydsw5Wl8sljUYj6vV61Ov1aDAY0GQy2ftxKNvW8Xi89+04j/QT2iAI1BBQeYdtnvpE3nRE3nG6aiQBT13CF3iqTqrlnaK5N9a2wap+J+w4js80WNXvhi17lclt4++qsmMO7a3Xa0qShAaDgaphw+GQVqtVo+WHw2FlvZvP5zSfz0ufXywWhfoZxzEdHR212pfxeEzL5XLnYzKZTNT26BaLxd5/Z7uQwWqe5xu96vVgVW8P3XzzzcapqeScrXqwmufHgWlZZwO9ZvBn3LbtjVFH+jplvZW9VPVpn/QbzW4TrEZRVKhT8uaEZfWzabDK+yHXI9vmCFa3N5lMaDgc7n07zkrVvq7Xa5pMJqq+9/t9SpKE1uv11u9zku3H4XBYWmP3fTwB4HLTa9Iu7dKmZB2va1ebtGm3XqibV51FqJrnm8FqVS9X082rym54ojcauUeAPDGOoqhybljf91U4wPtp23bl+za9eZUpWDUFxbKBWzWn7La/X9ifswxWl8sl9ft9mkwmqqG6XC4P9uR7sVhcqhMOACi3Xq9pMBhQkiQqSF2v1zSfzxufeNc1ACeTSenzi8WC+v0+zWYz9djR0RH1+/1WjdjhcHjitbdNAxcuDkxBcv4MBgOK47jxxaGTtlqtaDAYnNn7VYWRw+GwcKFstVpRkiSl08tVOa3240W4YAUAF4dek+bzOfV6vVP9TpF1fNd2Z9Pl9xascpgnr+rHcaxCQH6safB2WqEq34SAl9Mn/q+bOiAMQ3U1npct20ZTY5N7E8k5Si3LKh2qxb2VZIjKN7HS5yXU37vT6RSGhPq+v3HzK1OvV32OVc/zCu/vOA4FQVA4hvx/BKvnw1kGq6PRiM6yB2iSJDs1QBGsAgBLkoRGo9FO69glWC1b9ujoqFUwgWAVThqC1fNlsVhQHMc0Ho/Pxed2Pp/vvJ1lwSpfuDJdJIvjuHIkQdn6EKwCwEVnqkmnXacuVbCa51fu6CyHHOlX/JoGb2VDznmYlGmuVh4iVLVsv98vbKM+X17Z0HwZQAZBoIZgVc0namps8nxd+pBROVRL9mDl4FWGqN1utzD00yTLMgrDsDC0Vh8uVhas6sPD+Ge5TfrvWc7LhWD18J1lsFp3BWs4HNLR0ZEa9sRFeT6fq6FZw+Gw0PCdzWbqucFgoJZJksTYtb9qXcvlUr33YDCg2WyGYBUAKM+P61eTofOyxgwGg0JvUr0Bx6Eo16OqgKOqfspt4//zevk1k8mE+v0+9Xo9Go/HG8FqWW3kgGA+n1O/36+siWX7J18jH+v1ehvHQB7j9Xqtpj7o9/tbhxtwthCsni9JktBsNlP1Qj4n64HsKb9cLimOY9W2kr9v+RyPTipb52AwUPVM1ikOe/X35V5QjNddVSN46hb5XFmwOplMSv92J5OJuqhWVg/r2o9V21nW9jXRnzeFvvwYb6us/frUBlVtYgCAOnpNOjo6KmR+pov4ejDK9ZLr5zZ1XG93blvTmrZb9xqsAsD5cFbB6mKxqJ0PajgcUhzHhQK8WCwKDXB9PrDFYqGe45BVrm+bdcn5XtfrNcVxjGAVAGi5XDaaz46H5nM4yL2guA7JBtxqtSo0SOVUKfp66+qnrHW9Xo9Go1EhhOWGJj/GDVNepqo28nNN5ho0XfmXF7zy/EqYw9sq16sPu9WPl74uAGiv3++rz/xgMChc1JAXclarlfo/h4p5ftxO4mVWq1UhMFytVhTHsfr86rVRfy/+/3K5LLxGboepR39VjeBRBrK+lNXRql5LsvdpWT2saz9Wbaep7VvGNOxWvg//Hnhb5XcKbxePHKtrEwMA1NHnKJV1Ps+bBatyOhr+ruDn6+q4rK1talrTdiuCVQCodWjBqj5VgDwJZ1Xr0Ytt2Qm9/npTcMI9CPb9OwKA/TLVLzn5PTfKRqPRRgNN9kKVDThTj/iyHqvbBqv6nKum7ZIn8lW1kd+7SU8mUwN1NpupnmDr9boQ5pQNIeMgRzau+ZifhyHLAIduPp8XLmKMx+NCj00OCvXPPZ/k6r3nTfVMtqFMNYg1rW3657+uRsiLWnl+XH9OIljV62Fd+7FuO01t3zKmmilrqux5a/re4OCBf5fbtK8BAHSmHqsy3GwSrOq1Vz5fV8fl8m1qWtN2K4JVAKh1aFMBmHojmO7at1wuab1e03g8LtyhuypYrVqXaT4szLEKAHl+pSFnChf1E2S9ASmvmMsaZwoJq4LDbaYC0LfBtF3ysbra2PRk21TD5bGbz+eFeWqr5ubi99XtOs8tAORqWLre04ifl+0recO+PD8+6eQemWWhZ54Xg72qOZ1lfeF1m6Zy0t+jrkaY6tZJTAVgCiur2o9127nNHIGmmjkej4mDWdnzuGxb5e+krO7v++8TAM6HsjZnVbt4m2C1ro7r77VtTWvabkWwCgC1zjJYrWs8mp4fjUYbV58YN8Blg78qWK1al6nHAYJVAGByWKskT/aTJNmpx+pJ3LzK1Mg19RaT9bGqNu4arPJx4cap7E2rbys3ZlerlZoaYd+/d4CLhqch0S8U6XNCs7LhlLI26EPS83z7Hqv8mdcviJcFq3U1Ql+XfC/TvjS5eZWpHta1H+u2c9dglacW4DluTb8f+Tvh74uqug8A0MS2wWpVj1O5Tv5/XR2Xy7epaU3brQhWAaDWWQar3MibzWaq8arP3VV2swNZVPnKk+xFICe35tfxhNhN1pXnm3NkjUYjBKsAQHl+pX5NJpPCxRwZpupzqm4zxyqfHFcNR5U3c8nzK3NRVYWVeb45xyrvi35TP1NtPIlglUMGPVzgXltlc6wOBgMaj8eF7wvcXAVgN3KYo/44t6lkTZEXgRaLhfoMykCRh0tyfTLNsSp7U8rPspx2ZDAYqMdns9lGj1W9x3pVjdDn5uPpW8qOy3A4pOFwWJhbVq9JZfWwrv1YtZ27Bqty2+X3g/zO4u2Sc6zWtYkBAOqYpgKQvUTH43HtuXpVsFpXx+XybWpa03YrglUAqHWWwWqeHxcqOQRN3v2vrLjxTal4qJoMJnjIGPe0kD23OHSQBb5sXXm+eVdX/nnfvyMAOAzL5XJjCK1+NV6/87UMKMruPsrrOTo6qjzB1utnHMcbPczKTrzlnaG5F618XVltPIlgNc+vBAv6turHQDaCV6vVxv5WTSdz0rIsI8/zyLIssiyLXNelNE1PbP1JklCn09n73zVcLqa6kefFnqz6505e0OY6ot+9mXtMmtpXeV6sMTJklfWF35eXT5Jk4+ITX6Dnx8pqhOlu0lVtuvV6TZPJpFAH9ZtUldXDuvZj1XaeRLDKNyTUt5XXzb8zfX+q2sQAAHX0Yfd6u3e9XqvayHV4m2C1ro7ry29b05q2WxGsAkCtsw5WAQDg8tHvFJvn5SHBofB9n3zfVz/LnmsAAIdC9jZm21wUAwCAItluRbAKALUQrMJpSNO00NMrCAL1XLfbJcdx1HOWZaleW/K5TqdD0+l07/sCALspm6Px0IPVTqdTekOb6XRKnU5H1SruyZokCXmeR91ulyzLok984hNk23Zh2SiKyPf9jR6rsv65rqseD8OQbNsm27YpiqLCemzbPpXetABwPnBPXr2WIlgFAGhHb7ciWAWAWghW4bRw7640Tcm2bRWSyv93u13yPM/4Og4Z9r0fANAOz4WlD/Fnhx6sdrtdcl3XGK66rkvdbpfy/Djg5DqWJAnZtl3o6ep5XqG3q+u6NJ1OC8GqXv84JI3jmFzXpSzLKMsychyHptOp+n+WZZTnOS5CAVxCVcNdEawCAGynrN2KYBUAaiFYhbMge37p4SkHC2EYFnq25nleGmoAAJwFDldd11Xh6HQ6LfQozfOcLMuiPL8SrOrr4KA1TVN1wUgGq6b6l+eboWwYhhSGIeV5To7jqHAXAAAAAE4eglUAqIVgFU7DdDotTAVgWZYKSOM4Vo9x76s8LwYGrGooLgDAWeHANEkSSpKkUNsYv06/IVWWZSpsjaJIBah6sKrXvzzP1XQDEr8uTVPyfZ8cxzEuCwAAAAC7QbAKALUQrMJpcBynMBegDEijKCo8x9BjFQAOGYefpvCUlT3HPU95GgD9tWU9VptcXMqyjDzPM9ZVAAAAAGgPwSoA1EKwCpwEHssAACAASURBVKdBDvfn3l0cDoRhaLy7NuZYBYBD0u121RymaZoWLvToN5IyhaX6ujzPK9S0qjlW+d8oigo3pkrTVG0T11EEqwAAAACnA8EqANRCsAqnodvtqrtVB0Ggennl+XFQIIe1yukA4jhWd8XudDq4IQsA7I2czkQfbs/zrOrD86t6s9q2XViH/lq+mGRZVmEO1yAIVD11HEeFrPL9fd9XgSsAAAAAnAwEqweGb4DAjWDP8zZCAxk28F1l6xrK3IuibH4tDjH0x7nxzkxzgvm+X9rzgpd3HEf1miibd8z0/nAYEKzCWeJeW/IxDl73vW0AAAAAAAAADMHqAQnDkBzHUT22siyjKIrItm3V8yDP88Jw2TRNyfM8dSdZk+l0So7jkOd5xmDC933yfd8YbFaFnVmWkeu6xmCVh6vxdprugCvFcVzaewP2D8EqnKUwDMnzvMLw2k6ngyGsAAAAAAAAcFAQrB4Ivhus6eYDQRAUglMZrOZ5fWgZRRFNp1Pj3WSzLFM3Qtg2WE2ShLrdrnFIm+mxqnV1Oh3qdrt7/z2AGYJVOEs8F2DZ8FoAAAAAAACAQ4Bg9UAkSVJ6AxY9ODUFq01u3mIKViU9+MyyrNF6TSEqB8XyBjNyLjCJe7fu+3cA5RCsAgAAAAAAAAAUIVg9EGEYVg6Fl6GnPhVAp9Np1Jtr22CVA1t5kwTTXbrLbsIwnU7Jtm3qdDrkum7pPLC+76M32oFDsAoAAAAAAAAAUIRg9UBsG6xKPJS/yXtsE6zmeV64cVa32yXLsgrzveZ5ebDq+z55nqd6q5q2k3u26uuEw4JgFQAAAAAAAACgCMHqgWg7FYDe27PT6ajAVZ+vtU2wqjP1jjUFq6a7ept6vEZRtPE6ODwIVgEAAAAAAAAAihCsHoi2N69K09TYi9TkpIJV/c7cpmDV9F5BEGw85jiOcZ/hsCBYhUMXhuHee76nabr3bQAAAAAAAICzg2D1gIRhWAgasyyjKIo2hsrrvVHrphGQr9t2jlX5Prwt+lypZT1WXddV2829buXUAnEcN7o5FuwfglU4LdPplDzPUz3tXddtdbHF1Eu/Ddnr37Is8jyvULeqyBpbV28BAAAAAADg/EOwemA4kKw6qdcDhKrerlKbYFVuS6fTMQYMZXOshmFItm2TZVnkOA51u93C86ber3CYEKzCaeDaFUWRumATx/HGRZgmTjJYlRe3ut0uOY7TaHsQpgIAAAAAAFwuCFYBoBaCVTgNURQVpjlh+hzNHLTatq0u4nS7XXXhJgiCQk/XLMvI9311UUcGrqZ1STJYldspt4d721uWVdh+U4/VOI435pHmm/rx62zbVgGzvh18cUvvyTudTtHjHwAAAAAAYM8QrAJALQSrcBo6nc7GDe3y/EpPVv6Ze8xzr1YORrkXKYeTHDzKean5tWXrMm2THqxmWaZ69KdpWujB6nmeCkTLpgKQU6jIfYvjmFzXpSzLKMuywno7nU7h5263WwhxgyCgIAj2/jsEAAAAAAC4zBCsAkAtBKtwGkwhJpNTk1iWVRiKH4bhRqgopwLQ54KW76Ovq+k28fZEUVR4bzkVSlmw6vu+6qEqA1LP8wrBslxGnypFD5sdx8GNsgAAAAAAAPYMwSoA1EKwCqdhmx6r8nnTXKYyWJU3n2LyubptMvVY5e0Jw3Bj3XXBqpwOQIap+o2yLMsqBKv6dnBAO51OyXXdvf/+AAAAAAAALjsEqwBQC8EqnIamc6yagtWqHqtV4WmbYDUMQ7WdVTeoKgtW8/y4F22apoXAuKrHruk5DmiDIMCN/wAAAAAAAA4AglUAqIVgFU4D9wSNokgN3Y/juDB/ap5vhqE8byoPhY+iqDDHqud55Pt+YU7WsnXpZKCZpqmav5XXwe8tb5TF21EVrPq+r7aLH4uiiFzXVcunaaq2uSx0dV0X0wAAAAAAAAAcCASrAFDrrIPV5XJJo9GIer0e9Xo9GgwGNJlM9n4cyrZ1PB7vfTvOqzRNyfM8NRTedd2NQNEUhna7XbJtmyzLoiAICkFklmWFdfJQ/bJ1SXJ4vm3b5Hnexpys3W6XHMdRr+Gh/VXB6nQ6LfSqZUEQqP2QgWlZsBoEAaYBOGDD4bBVrVqtVpQkCfX7/Z1r3nw+p/l8fqL7tV6vqd/v02Kx2PsxPguncQzz/LgOlN04D+BQTSYTGg6He9+Os1K1r+v1miaTCQ0GA+r1etTv9ylJElqv11u/z0m3H9t+/+yq1+ttfDcsFgvVhtcdYnte38Y4juno6Kjx8of2GRkOh4X9OeTzKLjYyurALp+XbT5v8/m8UK9Ho9Gp7SuCVQCodZbB6nK5pH6/T5PJRDVUl8vlwZ7QLxaL0uK+r0YuXFzyRlhweNp85jm0HI/HhZoXxzG1OemeTCYnXnfm8znFcVw6dcVZSJLkVMLOkziGQRCoCy1Vr6ua/gPgUA0GA4rjmFar1V7ef7Va0WAwOLP36/V6pc8Nh0MaDofqWPBFMdN88XWq2o9tbPP9M5/PK2vRNvXWFKxKhxY61u3Der2m+XxO/X6/8TGQ+3jWf69N/haOjo72/h0OlxtfbDmJdTWtKYvFgvr9Pi2XS8rz48/maeYJCFYBoNZZBquj0YjOsgdokiQ7FVkEq3BWeBoC9Hg7XG0+82UNxPV6Tb1eb+sw4zSC1eFwqE402/TMOmu7ntRucwyn0yk5jtPoc4lgFc6bxWKhLvKch/bMfD7feTvLTv75JN1UA+M43vrCzz6DVd0uNfM8BKt1+1fW67bpd94h7GPd38K2I0/2HQ7DxbKPYLXuddv+jde9HsEqANQ6y2C1LkgYDod0dHSkhrlwA0F29R8Oh4WG0Gw2U88NBgO1TJIkhWEJTda1XC7Vew8GA5rNZpXBKj/Pr+ehRePxeOME2/QYQJ7nqjcceqseNnkys16vC1OaxHFsPEHj0LJsfbPZTP3fVPuOjo4K9UoPQLj3K9cgvnKf58f1drlcquVN27Barajf71OeH1/4kttatY/j8bgwtYE8mZPPDYfDwjbp6+R90cNOOXWC7EHG+8L49VV1ve4YlkmSRE0dYlkWhWG4Mb2JvNGeDFZ5bmieAoWnAZlOp2pKkk6ng/mUYa+SJKHZbKbqhHxOH2LJtUrWnF6vV2jXyOd4dFLZOgeDgfpcy88yh736+87nc+OQc1lT9F6I6/VatQX5ubJaOJlMSttok8lEDTHlwJQvRnEbsa79WLWdZfVfkt8/k8mEuE3J65OdFmSoa6qZer0ta0fz76ZNsFq3Tv27abFYbGxrkxpf9p0gle2DPiWA/O6Sx1PfR34f05QC8rGybTb9DW1z3lAWso/H48J2b/s9Wrb/AHXKgtWyep7n5d8x+uctjuPCcoxHwZpyhbK/8W0+E8PhsFA3EKwCQK2zClabXM0aDocUx3GhkHFji4ufXnAXi4V6jhtycn3brEvOU7RerymO48pgVQ6f46vfq9VKhRXy5F4PPQDgfNFPbOUJT9mJZ9VJqTy5NdW+1WpVWF5OpZLnmz1U9B44vV6PRqNR5cWs2Wym9mM+nxfmpyrbR24oy6kNZOAqn5vNZoVtksMV1+t1oRbrQxt5mdFoVNgO/Xukqq7XHcM6SZIU5nHmfcjz4zmk5c3vOFjNsqzQy1XO4+y6rrqAEkUReZ63979ruLzkSanpwowcEs//lxeL1ut1YRimDAxXqxXFcaw+a0dHR4Vhm/p78f+Xy2XhNXI7TL3NZV3mYdryAvtoNFK1hINI07Go6hEqg0quN/rcq3Xtx6rtNNX/qu2bTCaF2s/Hno+b3ltW32f9OFa1o9sGq3Xr1L+bZOcEPj4yiKxqu9edWzQNq/lvhUNw+Zzp/eT3p/w91G2z6W9om/OGsr9VfTu3+R6t2n+AOmXn+FX1vOw7Rv4dJ0lS2SlpPB6rC3z6Z9y0Pdt8JhCsAsDWDi1Y1a+Sco8K+VjVeuRzelGsWhcXfPkc9yAo21ZTA59PKmTvL25E7ft3DQDtyc88z0taN+xum2BVr32mHvOyt6UehPJ6+P16vV7tDTrkyaw+PUHZPuoBimQaisjrMNVY07HQ1YUEVXW97hjWMQWrkuylKv/vOM5GD/TpdLpxc7q6G+4BnBb+fPPPeu84Dgr1nvgcVuoXbEyfNdmGqgpq6uY95Zqi1wkZZDH5Gr0ecY0re5+mwWqv19sY7VTVfqzbTlP9r9o+U5gpj9O2wWrV7+OkpgLQ16l/N+nBqgz9684DTiJY1UNMeQzLglX+e5IXFvn3WLXNpr8h/ow0OW9oGqyW/Q2bjlnV/gPUaToVgKxTZd8xskd+k5Geq9WKuLe1rKN121P3mUCwCgBbO7SpAExhpT40iIcRrddrGo/HpV3+9aJYtS5TI2LbOVblYzyZfJ6bG1gAcL6YbhgxGo1oMBhUDvdvOhWAXk9MJ7/ysclkYqxnvM66E2IOA8qWr9rH5XJJSZJsNIxNDVnet6p6KvdrtVrRaDRSw7V4yBa/1tT4Lavrdcewjh6sTqfTwlQAlmUZg9U0Tcn3fXIch8IwVOuSy7F9/13D5SSn5GAy/JPtqyRJCm232WymemSWhZ55XjzZ1ttjkvxM87rldpW9R9nd6fmCk6keVV3caToVgKnXfFX7sW47m8yfelrBal07uk2w2mad8vvINFVCWY2v+p3W7YPsNWxaP38eqnrIyjBUhpN15xtlvemanDeU/b0kSdL6e7Rq/wHqlP1NV9Xzsu+YyWRCg8Fgq9FFeX5lRFJZXWjTtjzzYBUAzr+yz3fTYtb0tXWNR9Pzo9GotHHBBVs2+KuC1ap1mXoctAlWZWOQhwGdl5vCAEC5svqlD+uUynqQ6L1DTes29QCTJ8Sz2Wyjx6pUd0KcJAnpvaT0Xmx1+6gPGTS9Ztseqzw8S5+PTu6XXLbuO6LqGNbRg1XHcSiKIvVzWY9VlmUZeZ5HURTV9n4FOCs8RYbeLpG9BqWq4d78eZzP5zv3WOUTY/2CeFmwyq8v209TD/qyGtT05lWmAKGu/Vi3nfsMVuva0W2C1TbrnM1mpcegqsZX/U6r3k//fctApm4f5fvxxUeeX7jJNlf17mty3mD6e9GnBtr2e7Rq/wHqlNXFqnouyc/YZDJRU0ptc0O2PM8Lo6xMbcVtPhNnHqwCwMV1GsEqF97ZbFaYV6gqXODJrWVx4y9/2YtA3qSAXyd7hNWtK88358gajUaVwaqcP0nOscqv4S+KqvADAM4HWZ+Wy6X6rK/X69JglRuG4/G4MCcp34nbtG6mzw/K4abskdLr9TZ6kvL/606Iyyb95xOssn1crVaF99HnopMn1KY5VuV+y1ouh8Vy3eZ5GvXGr3z/qrpedwzr6GGonFOVe6CaglU+wZbBKi8vg1k5/yrAWdHnhpSPc3tFBqzyAsVisSjUMm5zca3TP7tyFI/s0bdarTZ6uvPwZzlHs95jVW9PDQYDkvVVrlefY5V7+Zcdl+FwSMPhlRuarFYrSpKkEJiVhWJ17ceq7TyLYFXWTH3kQ1U7uk2w2madVUFkXdtd3z+d3kuOv5fkd2eSJIXfvT4HeF0oqfcwrdrmqmC1yXmDafQM9/qTr9nme7Rq/wHqlPXkr6rnZd8x+nzEZRcZ+IK9XId+nwH5/LafifF4XKhjCFYBoLXTCFbz/LgQyiFocohpWeNS3l1UDg3gwsjr4cYFL8c3S5DFsmxdeb55V1f+2bQfXKDl6/WeHnxSXzfP4UXEoYPpTvdhGBYCCYDzQJ/qQ9aRqvnx+OSca5Ep2Curffod7Y+OjjaGwsphVvJkrOqEWA451HFP1rJ9lHWX31M2euWdhYfDYaGhykOxeFlepzzRN+2zrMMcjsgeYFV1ve4YVtGD1W63S7Ztk2VZFAQBhWFoDFZd11VD/X3fL9zISj7H0wQAnCXT3czzvNiTVX5O4zguXASRtUy/sCPvAG3qhS/vFG8assnvy8vLm5LwhRG+QM+P6dsqwyEO9ThIq5o3cr1eq2GovIx+k6qqm7RUtR+rtvO0g1W9ZupTr1S1o9sEq23WOZ/PN4ahy7+tqhpv+k6Q9CHuo9HIOPpCfnfJNn1dsMo30NHDn7JtrgpWm5w36NMMyB7VbNvv0ar9B6hT9jddVc+rvmP0v1VT3eaLF3JYv34BSf6Nt/lM8Get3+8jWAWA9k4rWL1M6oZ/XWQcSJjueu04Drmui2AVAAAA4BLj4fT6DcEuY/v5su43wKFDsAoArSFY3Y0+9+BlkyQJhWFIjuNQmqbqcb75i36jF3lDmCAI1Ou51yv3EpNBbdVyQRCoZfTeYXEck+M4qjcZLxOGIUVRRL7vo0ctAAAAwCnjKSg4WOXh+pftrvSX/bwB4JAhWAWA1hCstsdDB/QhZJcJB6tBEBTmFPR9n+I43rjRCw9LTtO0MI+hHEqbZRm5rluYXsC03HQ6Jcdx1PBb3/fVNqRpSo7jqPXL+Q/DMCTbto3TFwAAAADAyZJTNsgpGC7THJ84bwA4bAhWAaA1BKuwCw5WOcjkx/n/pjtoM/mcZVmFHq9hGJbOS8jLmYJVXiaKokLPVjmHYhiGxqkLAAAAAAAA4PJBsAoArSFYhV1wsJrnxzdymU6n1O12Vagpw1OeHkAO25fBqlyvDFarlguCQD3W6XRUyMo3zpJksIqbyQAAAAAAAECeI1gFgB0gWIVdyGCVe4l6nqeG4Mtg1XGcwnQBeo9VuV4ZflYtJ9+rbPltngMAAAAAAIDLBcEqALSGYBV2IYPVLMvItu3ClAAyBJVzqiZJ0rjHatVyspeqNJ1OybZt9bosy9RUAwhWAQAAAAAAgCFYBYDWEKzCLmSwmufFm0TleTFY7Xa7ZNs2WZZFQRBQGIaNgtWq5fQpAmTQ2u12yXEcsiyLbNtWN8BCsAoAAAAAAAAMwSoAtIZgFc4r3/cLIW6eH8/zWnazLAAAAAAAAAAdglUAaA3BKpxXnU6n0PM0SRJyHMc45yoAAAAAAACACYJVAGgNwSqcV9PplFzXVdMAuK6rhvsDAAAAAAAANIFgFQBaQ7AKAAAAAAAAAJcVglUAaA3BKgAAAAAAAABcVghWAaA1BKsAAAAAAAAAcFkhWAWA1hCsAgAAAAAAAMBlhWAVAFpDsAq7SNOU0jTd+3YAAByCMAz3XhOn0yllWbb3YwEAAABwXiBYBYDWEKzCLsIwpDAMz/Q9Lcva+36fh+MEAM1Np1PyPI8syyLLssh1XUqSZOv1WJbVajnTepht2+T7fuOwtNPpqG2Q/wcAAAAAMwSrANAaglXYxVkEhr7vF4KB8xisnpRut4uAFuCEZVlGtm1TFEUqvIzjmGzbpul0utW6TjJY5f+naUphGJLruo3CVYSpAAAAANtBsAoArSFYhV3owWoYhmTbtgop+PEoisi2bdUTjIfK+r6vemV5nrexftd1Cz238vw4cOh2u2p9crk0TQu9zoIgUM91Oh2Koogcx9nYDp3v+2r9nU7HGGaEYUhBEFCn01GvS9NU/ew4jgpl5HHSl3Mch+I4VuvVg2NeNgiCwrHg4KTsmANAM1EUke/7G493u11VX5IkIc/zqNvtkmVZ6vMsa1EQBIWertPpdKM+VK1LMl1A8jyv8Bkv++ybeqwGQbBRH2zbVttUti4Ol23bpk6ns9GTdzqdkuM4e/8dAgAAAOwCwSoAtIZgFXYhA8M4jlWPqizLVLDI/+dwksPGOI4LoWhZzzC9B5hlWWpYbJZl5Loudbtd9TyHlGmaFnqccSggQ11TmJLnx8EHr58DWdO+y/VzoMvbGgSB2j89WLVtW72u2+0WgomyYJX3QYYwZcd8338XAOdJp9MpXNxg3JM1z49rAg/J5+c5cJQXUORnW9amKIoKIa2+Lp0pWI3jmDqdjvp/2WffFKxOp1NyXbewLt6eqnXpF5e63W5hu4MgKFzAAgAAADiPEKwCQGsIVmEXMvTzPK8QTsjnHMcphJ95nqsT/bohq6ZgVfY0rZqOQA8Y5DYkSaJCiqb7qD8uAwZ9ffJnPVjVAxUZomwTrFYdcwBopmroPH8eOQyVz3FPcv31piCzbl1l7yvJmlL12S+bY9VxnMKFJa6HVeuyLKtwsUaGzfo6AQAAAM4rBKsA0BqCVdiFfjIvh6rLIa5pmpLv++Q4TiH44yGx+nB4yRSslm2DfgMauawenpQFq1mWFaYCKBuqq4eY2wSr+vraBqtVxxwAmmnaY1WvF2Wf5SRJKEmSjc+mDFbrLuqU9VjlXqZVn/2yYFVOB2DbtuqFWrUu03ZwKGsKjwEAAADOIwSrANAaglXYRVkvqTJZlm3ME5jnx8Fr2TD2bYJVx3Fq5xrk58rCDZ4igEOHqh6rZxGs+r5fGaziJjUAu2k6x6opWC3rsVoVnrYNVmWv+6rPflnd4yBUn4alSY9diZc3zdsKAAAAcB4hWAWA1hCswi5kSBhFUWEO0zRNC3fYzvNisJqmqQpSq4JVvTdZVbAq5zvkHmPbBqsy+OXtOstgVU6bwEOG9Rtf8WurjjkANMM9U6MoKtQsvZ7o9YLnWOXPH9+kj+uMfiOoqnXpZE3gnvg8Dyq/V9lnv+qCkuM46sZZ/FjVukzBap4fzx+LaQAAAADgokCwCgCtnUawOhwOaTKZnNk+TCYT4/uVPd7UeDym5XK599/RIdNDwiAI1BB6edLtuq4aYsq9Qflu0pZlFcJDHd91m4fkVgWr+h26wzDcOliV28Wh7lkGq3wzK35/3g992zikKTvm0M5FqV/z+Zzm8/mZ7EPVew2HQ+r1espgMDjT49tUmqaFaUT0+Z/L6oVec0w9RPXh9U2DVeY4TqEXPSv77FcFqxz+Nl1XWbAaBAGmATgHzrqesV6vR4vFwvi4yXA43PuxMh27XWrXYrGgXq+39/1gk8mksD/9fp+SJKH1er33bQOAw1ZVO06j1vE6TU7zOw3BKgC0hmC1ej9MJwYAcHFdlPq16/In9V768VwsFjQYDM4s9IXTIW9+BYdrm3q2Wq1oMBiUPj+fzxtPPVMWrLJDCx2bHLujoyOK47jxMdD3cTAY0Gq12tv+TCaTQoC9XC5pNBpRHMcIV0Hh0V4nuU793gXyQqFpLvK6C4/yfgp6x4wsy9S84fr9G+I4Vhc7Tfd24JEqmGJrk6zpq9WqUAtPu57rtes0IVgFgNbOQ7A6n88r13cIwWrVyQgAnB8XpX5ts/yu9WubYPU0jjGcLZ4CAdOOHL5dPmtJkrS+uHwegtW6/TMdu/V6Tf1+v9FxOYR9lMrCiW3+Rnb5m4Dz4TSC1SRJ1FQ7ZfdaYGX3NZCiKFKhqD6VGN8nIc+vjPLi76ogCApT8vBIuDw/Hn3iuu7GaBU4ptf0xWJB/X5f/f8iBav/+q//uhMEqwCX1FkHq7PZjAaDgRpWJYv0eDymfr9feG4+n9d2/28STEwmExqPx5QkiRrGoC8zmUzU+4/H441gNUkS9fxwOFQ9D3h/mGl/xuPx3n/XAFDvEOvXYrFQ28XvoQ/hPDo6Uts2HA5pPB4X1rtt/ZrP54X1bfNeVcdzuVxSHMe0Wq3UeuTrTY/B4eAeQuitej7Iz5+pjoxGo8Jnm2sAt5XYYrFQy/Nrq+ph22B1sVhQHMeqnTabzQr7cnR0pIboLxYLWq1WG0P25XuX1THT/lUdO2k8HpNs05W19fR95Dalvry+Tq6RfFzllFS9Xo+Wy6XaJ27X6usyBUNl4QT3xK37vZYds6rvCjh/ZLBqmrZGn2omiiI1RZWcq7tKVXja5qKd3CZ9+arRFTJATpJE9XZFsLrJFKxyW02vdXV1fDabqbrdZASTXrvW6zX1er3CCAD5mOk9jo6OCussq9sIVgGgtbMOVrkhnOdXGm/8uByOtFwu1f/rel41DVZlL4Plckn9fl8VWm4Y8rZxICK/RI6OjtQ2jUajwhevfoIwmUzUCct6vabRaIQeWgDnwCHWL+4ZwD+v12uK45i4MbharQr1iuubPoy1af3iBjPvq2zUNnkv/XjqoYdsROuBTJIkhUY4ALSnB6t6HeETUH69KQjkn/Vgtawe8nraBKvL5VIFicvlsnDyPBwOKY7jjXrBdZD3h5+vqmOm/as6dpJcT1VbryxY5WBUrpMDVL1HLP/OuHZzGM77tFqtCs/LdVVtd9Xvour3avqbqDrGcP5sG6zKMFX2Fq3i+76xx2q32220vE72WK26D4OUpmmhx6pp/+AKvd0Xx3FprWtSx/nno6Mj1fO1jKmuJElSqM/z+ZxGo5HxPebzOfX7/UKdKqvbCFYBoLV9TwXAhZgbh6arVicVrOpFeTKZqC9PU/CpN+Al/QRDP0HQG7b66wHgMB1i/TKFELK3AF+Zl89X9SKtq1+mcJNfs+17lfVY5Ytas9lM1WEOFfY5DyHARaIHq6aLwPLzuU2wqpPLntRUAHIbuHe8fN4UrHIdrqpjpv2rOnb6MePjUNXWKwtW8zwv1EDZY1SGA6bler3eRs+r0Wik9ll+L1Rt9za/i6pjVneM4fzZNliVvUGb3JiRb+po6pUqA9KmoigqhLFNg1XP84w9WRGsmlXdyK+uhuh1XK+rdTXDVLv0C1Sy9pdNQcXPV9VtBKsA0NpZBqvr9ZrG43Hp0NPlcklJkqiCfdI9Vk3BKj9mamDLx1arFY1GIzVsgIc88Wv1LwXTXQzrrsgBwP4dYv0qC1b5MdM65GPb1i9TL1Meglr3Xk2Op6y9PHxrvV4bQwUAaO+0gtW6etg2WJ3NZmoIqT7kvGzOU7kNMnitqmOm/as6dpLsKVXV1qsKVuUFJRlOTiYT4zr5edNxlcFsVY//smB1Pp83/r3qx6zuGMP5s22wKkPIumCV5zw1hadNQlkdz4sqQ9omwWpVz1oEq2ZVNV2vddvW8TbBap5fuUDFnRv48bq5/avqNoJVAGjtLINVLrSyN5KpmOrd8uuCidlsZjwZl1fxTUVZzkNl6rEqG5A8dJbDDNUIIQAAIABJREFUkroeX/1+Hw1LgHPoEOuXKYSQc5GaepHK9922fo1Go9KT87r3anI89XqcJIkKVfXeWADQ3mkFq3X1sE2wytOK6MFd1Qn5crks7UVbVcdM+1d17Jg+VL+qrVcVrPJ6eB1cm8u+D+qOKw/H16cF0H/XdTevqvu96ses7hjD+VMXrDqO0ypYrQpVeV3bzN1tClXzvH6O1brpChCsmjUNVtvU8bbB6nw+VxeT9ItqplGo3KauqtsIVgGgtbMMVnlOkzw/blTyRPh5ftyjShY5PZioamhyA1U27mazWaGByb0Ams6xyl8S8ouA179arSiO441gQm5/kiSFG8Ss12sMbwU4Bw6xfnE9ajrH6mq1KgzV2rZ+cT2UDWN+vu696o4nD9+S+8uBDXr1A5ysXYNV0+eUlyurh7yebYNVHsYuQ8a6nk5VQWRVHTPtX9Wxy/MrF7P0IKmsrVcVrOb5lQtecvu5vsppZfSbV5mOKwcPVd81ejjBobScH7zu96ofs7pjDOePDFZ5HlIOQ6MoIsuytg5W60LVNE3JcZzG21gWquZ5MTjl9+XXNZkDFsGqWdNgtU0dbxus8oiFOI43art+3xQ5zVRV3UawCgCtnVawqnexn0wm6oSe52eRPa7kc71e8U61fOIuh0PpuIEol5dFdjKZEPdQ5S7/pl5U8g6Bk8lEfRHod8HmO9PKZeVQAh5OJe8Sjp5YAIfvEOsXBxqyRskeqHlurlFc47atX3levDO06UZYZe9VdzzLbnQ1GAxInz/xrPCJpKm3TBiGhRNJgPNkl2CVbyrCF15ksFpVD3k9baYCGI1GhTqRJEltj1U5xYk+HUBdHZP7Zzp2cr2yxxOrauvVBatHR0fU623OmSrvqM3fB3XHlQPZqnamPs2APm1Nk9+r6ZhVHWM4f5IkKdzUKQgCsm2bLMuiIAhaTQXQ6XTIsqwN/Frf943zoAZBQEEQbDxuWpdlWRSGIWVZpt7PcRz1vc7f8yZyHxCsmm0zFcC2dbxtsMq/V54KhfEFIK7h+jl4Vd1GsAoArZ1GsHqIqooyAMAha3qjl/Nsn9On8Mmg53kbzzmOQ67r4kQL4MBwCChHA3EPpsvWa5ID5n1vB5x/URRtPdfpael0OlvfzAouF9N0JNvchFaHYBUAWkOwCrtI05Q8z1NXfeWV5W63S47jGK9Oy+fQcAKodtGD1X3X5yRJKAxDchyH0jRVj0+nU/I8r9CDJUkScl2XLMsi27YLvVy51yv37pFBbdVyskeQ7HmT58c9Zm3bJtu2KYoitQxvE69z379DgLPG04rIYJV7WJbNM3oR6fN6A7QxnU5VL89DaZNvMz0AXD6LxcI4rzSCVQDYCwSrsCsegqHPxST/3+12Vcigv45D1n3vB8ChuqjBKg9NHQ6He+1hxsFqEASF8NL3fYrjuBCspmmqalccx4Uhk5Zlke/7lGUZZVlGruuqALVsOdMccLwNcRyreeSyLCuc8HY6nYM6AQbYBzk9Cg+br5qC4KLhoa761DAAABcVt4nLptlDsAoAe3FZglU4GzKA0MNT7q3KAYZcDkNtAWBfOFjVb6DB/6+ac032FrUsq9DjNQxD47xxcjlTsMrLeJ5XmDtMrq/T6RRCYAAAAABoD8EqALSGYBV2wUNlTZPAx3GsHpM9q0xhAyaLB4B94WA1z48v8kynU+p2u+oCkKxP3ItU1jxejz4kX9a6quWCIChMl8Ihq+mGHzJYRc0EAAAAOBkIVgGgNQSrsAvHcYzz/uX58QT4ph5V6LEKAIdEBqtRFFEQBOR5XmHYfZIkahoTWauaBKt1y8n3kqrCUwSrAAAAACcHwSoAtIZgFXYhh/snSVLosRqGYWEYK8McqwBwSGSwmmUZ2bZdqEkcYurD9sMwbBSs1i0ne6lKURSR67pqeoE0TQu9WRGsAgAAAJwMBKsA0BqCVdiFvAN2EAQUhmGhx6ocwiqnA4jjmBzHUUNfcQMWANgXGazm+XEP0rKe+Dxs37btwtzReV49FUDVcvp0KjJoDYJA1VjHcVTIimAVAAAA4OQgWAWA1hCswmnodrvkeV7hMQ5e971tAACHwvf9jSlTMDUKAAAAwNlCsAoArSFYhdMQhiF5nqd6XaVpirtYAwBoOp1O4YJTkiSF3v0AAAAAcPoQrAJAawhW4TRkWVYY3uo4DnqrAgBoptMpua6raqXrusa5qQEAAADg9CBYBYDWEKwCAAAAAAAAwGWFYBUAWkOwCgAAAAAAAACXFYJVAGgNwSoAAAAAAAAAXFYIVgGgNQSrAAAAAAAAAHBZIVgFgNYQrAIAAAAAAADAZYVgFQBaQ7AKAAAAAAAAAJcVglUAaA3BKgAAAAAAAABcVghWAaA1BKsAAAAAAAAAcFkhWAWA1hCsAgAAAAAAAMBlhWAVAFr7/9m72+g2rvve93jNhbd6wdV3esV13yitTy6Tqj3rnPaWXUpO09xzI9pOk5zcKKKT1qktR3QTJ41cx1Jq96jnNLFFQyIsl04MhYLtCLYCQzYtm3ZMkbZEy5FBWSKtB9OyLYGWZUHiAzD93xe8e7RnY4DBDAEMAH5nrc9aJDCY2XjYezZ+2LNnJcHq1NQUAAAAAABAyyJYBRCYn3pvrht24wcAAAAAALASBKsAAvNT7811w278AAAAAAAAVoJgFUBgfuq9uW7YjR8AAAAAAMBKEKwCCMxPvTfXDbvxAwAAAAAAWAmCVQCB+an35rphN34AAAAAALSzwcFBWb9+vUQiEYlEIrJ27VrZuXNn6OVS1q1bJ5s2bQq9HCtBsAogMD/13lw37MYPAAAAAIB2NTg4KB0dHbJlyxb7tp07d0pHR0fFcHVwcFAikUjdy5fJZGTt2rWyZs2aFW1jJY+vBYJVAIH5qffmumEfZAAAAAAAaFflRoPu3LnTEUZu2LBBBgcH7f8bFaxu2rRJent7Ze3atY79V2KWtRkQrAIIzE+9N9cNu/Grp0wm03SNPQAAAABg9YhEIpLJZMreNzw8LBs2bLCnCYhEIjI4OCiDg4OyZs0a2bRpk3R0dEgkEpH169fL2NiY/fjh4WFZu3atRCIRWbNmjQwPD5dse82aNRUDWvW4LVu2yIYNGxz36dtXI2zdyqr2px43NjbmmPpgw4YNdrkHBwftsNnteZmPXbt2reM5m/SFYBVAIH7qvbmuaoy2bdtmN5ZhH3iUTCazonloNm3a1JBf+AAAAAAAMHmNOl23bp0dTOp/q8d2dHTYo13HxsZk3bp19pQCY2Nj0tHRYT9Gra9CSBVYlgt1p6am7OB1amr5+7eeB6j/t23bZv+vtm2WVe1P/b127Vo7pB0bG5MNGzbIunXrqnpemzZtcgS81QyWIlgFsCJ+6r25rmqI1q9fb/+S5RZeuv1CVO5XIz+3V1q3o6NDOjo6pLe3VzZt2mSXz61h1bej/nYLViv90lXN/QAAAAAAVGOlwar52E2bNtmB5LZt22T9+vVlt1fuu71uw4YN0tvba/+/du1aO0jdsmWLHYZWKreiyjo8POz6PVzdVs3z8jMtgUKwCiAwP/XeXFdv5LZs2SJr1qxx/Dq0bt06e8So+vVLTbStblcNYG9vr2NddRqC2zZU6GmePqBs2bJFIpGI3ahPTS3/QqZ+dVON8ZYtW6Sjo8Nu8NVpCR0dHfYpC+o56uVQpxOU2w4AAAAAACtVzVQAU1P+g1XzO7WiRn6WG5Sk07/XKyqs1fdlqhSsqlP93Z6rmuKg0vOamlqef1YN/tIzgUoIVgEE5qfem+tOTd0IMTOZjB2O6qFjb2+vZDIZu0FTAaUKWYeHh+1fpTZt2mSHmGvWrCm7DT3c3LZtW8lIUXWQcGusVSOuAtTe3l7Ztm2b7Ny5056/ZXBw0BGsquc4ODhon9Kg1jO3E/aBFwAAAADQHqq9eJXfYHXLli0lI1Z1XsGqGhmq36YGM42NjQUesaq2od/nZ8SqWR6VK3i9zgSrAALzU+/Ndaemlof7q7lZ9JGi6nR8fZSoavTU5NgqSFW3rV271g5VVYPstg0VzuqnGpgNazXBqn7agvkYfSoAtb9169bJunXr7NGpbtsBAAAAAKAW1JyiaiTp1NSUfRaofqq+Ps+oelylAFIFmPr3afPiVZUCyfXr17t+F1+/fr1s2bLFHpCkyjg2NmaPvDXLqvanPxd1wSq3OVYrPa/h4WF7P2NjYwSrAOrPT70311WNcbnh/yo0VeGoauDU8H41QlSFmOpvvWEst41t27bZAazZoFc7FYD+q1Y1wapetm3btrluBwAAAACAWhkcHPS8MLM+5d7w8HBVIzv1MzX17/FTU5WDVTWC1O0aI/pIVn37+oWszLKq/enb15+vClnVNis9LzWSVz+ztJrXmGAVQGB+6r25rgowt2zZYs93okLI/fv3y86dO+3TAFTDrE7/V78erVu3zp4KYMOGDZLJZOz1MpmM6za2bdsmmUzGMYWA2dCri1ep0/xVg75z507XQLSaqQDUL2/quRKsAgAAAADQ2ghWAQTmp96b66ppAPQGadu2bRKJROTb3/62YxSrGrqv//Kknxqwbds2x+TXGzZssINTcxv6emvWrHGdzHt4eNj+pcr8haxcIKpfvEr9re7TL66lRsMSrAIAAAAA0NoIVgEE5qfem+uG3fgBAAAAAACsBMEqgMD81Htz3bAbPwAAAAAAgJUgWAUQmJ96b64bduMHAAAAAACwEgSrAALzU+/NdcNu/AAAAAAAAFaCYBVAYH7qvblu2I0fAAAAAADAShCsAgjMT7031w278QMAAAAAAFgJglUAgfmp9+a6YTd+AAAAAAAAK0GwCiAwP/XeXDfsxg8AAAAAAGAlCFYBBOan3pvrht34AQAAAAAArATBKoDA/NR7c92wGz8AAAAAAICVIFgFEJifem+uG3bjB6B1hN3WAQAAAIAbglUAgfmp9+a6YQc1AFpH2G0dAAAAALghWAUQmJ96b64bdlADoHWE3dYBAAAAgBuCVQCB+an35rphBzUAWkfYbR0AAAAAuCFYBRCYn3pvrht2UAOgdYTd1gEAAACAG4JVAIH5qffmumEHNQBaR9htHQAAAAC4IVgFEJifem+uG3ZQA6B1hN3WAQAAAIAbglUAgfmp9+a6YQc1AFpH2G0dAAAAALghWAUQmJ96b66rhyZr1qyRnTt3loQpGzZskN7e3pqHNMPDw3XZLoD6CLutAwAAAAA3BKsAAvNT78119dCkt7dXNmzYUBKmdHR0yPDwcM1DmsHBQVm3bl3oYVEjXDk1Kvn3jodeDmAlwm7rAAAAAMANwSqAwPzUe3NdPTQZHh6Wjo6OktvWrFlTl5BmNQWrE/1/ICd33xJ6OYCVCLutAwAAAAA3BKsAAvNT7811zeDEnA6gt7fXcbr+8PCwrF27ViKRiKxZs8YxkjUSicjOnTtlzZo1EolEZO3atY77h4eHZd26dfZjt2zZ4ghWx8bGZP369RKJRCQSiciGDRtkbGxMpqZuhLDbtm2Tjo4O10B206ZN9qjbSCQiHR0dJVMNbNiwQTo6OiQSici6deskk8k4tr9p0ybp6OiQjo4O2bJli+P5rFu3zi6P12sxNbU8SlX9ffxnn5czybtlampKFubOMXoVLSnstg4AAAAA3BCsAgjMT7031zWDE3M6AD0wHBsbk46ODhkcHJSpqeUwsqOjww4bzTC0t7dX1q9f79jWpk2b7G2tXbvWEZCuXbvW3vfY2Jhs2LDBvn9wcFDWrFnj2L5JhaKqfJlMpmQag507d9qPX79+vb0/9VxU+dToXT1MXb9+vaP8lV6LqakpOfaT/0Mm+v9AziTvlrf/bYNMP36bnNx9i0z0/4FMP35b6CEZ4FfYbR0AAAAAuCFYBRCYn3pvrmsGJ/p0AOY0ANu2bXMEpVNTU7Ju3To7XIxEIvbfU1POU/2Hh4clEok4Hrtz586K94+Njdm3DQ4OSiQSKRuqTk0tB6vmSFa9fCa9fGr75mP10bubNm2yg1iv12JqakouHH7YDlUn+v/Ang7gTPJuuXjkl6GHZIBfYbd1AAAAAOCGYBVAYH7qvbmuW3iipgMwpwHYtGmTfZq+bsuWLcsNUIVg1W0+Va/79W26BZ8mr2A1k8nI+vXr7akA1On9av9uwar+fPTte70Wurf/bYMc/9nn7dGrYYdjQFBht3UAAAAA4IZgFUBgfuq9ua5beKICVXPe0C1btpSM0tT5HbGq35/JZKoasVop9PEKVtWp/+a8reW2XylY9XotFDVa9cqpUXnv4HbCVbS0sNs6AAAAAHBDsAogMD/13lzXLTxRUwDo0wBMTd0IP7dt2+ZYV/1dKVidmiqdY3X9+vWO+9etW2cHn25zrK40WF23bp09ojSTyTjmePUbrHq9FoqaDkD9f3L3LUwDgJYVdlsHAAAAAG4IVgEE5qfem+uWC1DWrFnjmAZAGRwclLVr19qnvuujNr2C1eHhYVm3bp1EIhF7NKx+vwpb1bbN0aUrDVZ37twpa9assacA0Od49Ruser0WQDsKu60DAAAAADcEqwAC81PvzXXDDmoAtI6w2zoAAAAAcEOwCiAwP/XeXDfsoAZA6wi7rQMAAAAANwSrAALzU+/NdcMOagC0jrDbOgAAAABwQ7AKIDA/9d5cN+ygBkDrCLutAwAAAAA3BKsAAvNT7811ww5qALSOsNs6AAAAAHBDsAogMD/13lw37KAGQOsIu60DAAAAADcEqwAC81PvzXWnpqbk7EuPAUBF9C8AAAAANCuCVQCBEawCqDf6FwAAAACaFcEqgMBqFayGfZox4FfYYeNqMjVF/wIAAABAcyJYBRCYn3pvrquHU1NTU8LC0iqLV7D67uG9Erv/Dvnql/5c/tuf/XFFX/3Sn0vs/jvk3cN7Qw8wmxX9CwAAAADNSoRgFUBABKssq3HxClYfvvd2z0DV9PC9t4ceYDYr+hcAAAAAmpUIwSqAgAhWWVbj4hWs3qqNVP3SX6yXb/z3vywJUr/x3/9S/urPb/x/y1/9WegBZrOifwEAAACgWYkQrAIIiGCVZTUuXsGqHqru/8WP5PcHB+TbN3/Bvv32r/+1TGV2y7//y1ZHuBp2gNms6F8AAAAAaFYiBKsAAqpnsDoxMSE9PT0SiUQkEolIZ2en9Pf3i4hIf3+/dHd32+sODAxIZ2enRCIRiUaj0tPTU/W2RESmp6elt7dXotGo6/1ui9s+5+bmJBqNSiaTKVlXlXdiYkK6urrssnR3d8v09LT09/fbt5kymYxkMhnX+9Siyu229PX12dsREZmbm3O8Hl1dXbJv376Kz5flxlJtsPqdr/6VnHp+UM6+9Jj8/uCAbL75i3aoevalx2Qqs1u++ZW/JFglWAUAAADQokQIVgEEVK9gdWJiQqLRqPT398vc3Jx9mwoG9WA1k8lINBqViYkJEVkOSfVg02tbKgzt6+tz3N/V1SV9fX2uwVqlfZqhr4hIZ2enZDIZe18DAwP2vt0Cze7u7pJgVwWr5RYVrKoymftXZVDb7+3tdWx7enq67LZZnEu1wep/+7M/lv7NGx3hqh6q3v71LzvWDTvAbFb0LwAAAAA0KxGCVQAB1StY7enpKRtqijjDS7cgM+i29GVubk4ikYhr4Fhpn+aoVX20qlc4qpagweqOHTscgal6XE9Pj3R3d9tl0kevsvhf/ASrZriqQtXvfePLJeuFHWA2K/oXAAAAAJqVCMEqgIDqFayWCzTVogebakRqufW9ttXd3W2PIHW7b8eOHSW3e+2zv7/fDjj1kaIiItFo1PO0+6DB6vT0tESjUcftvb29driryuEVNrNUXvwGq/rp/2dfeqxkzlWCVYJVAAAAAK1JhGAVQEBTU1Py84cG5JHdcbEsy/G327rm/27BajWjOs0Ro2oO0d7eXkeIWc22Ko3e7O/vLzvXarl9itwYteo2snVgYECi0ahnoFsuWNXp21bP05wvNRqNytzcnCNYnZiYsKcH2LFjhz0FAov3su2gv2DVnFNVnxbADFfDDjCbFf0LAAAAAM1KhGAVQEDNEqyKLM9z2tfXZ8+XWu22ggar5fapP7bctufm5mTHjh3S2dkp3d3dJcFm0BGrIuKYDmDfvn3233qwqhY1krXc3KwszmXbQZHI96oPVjff/EVHqPq9b3xZtn7bOefqN/7vHoJVglUAAAAALUqEYBVAQPUIVkX8TQVgLuo0fRUU1mMqAK99ilQX6s7NzUlXV1fJPlYSrKq5Yefm5qSnp8ceveoWrKqlt7dXenp6KpZ1tS8qVPUTrH6550/lt4M/LZlTVYWr+3/xY/nSX6wnWCVYBQAAANCiRAhWAQRUr2DVLVjUF68LVnV1ddkhYtBtVbp4ldc+Raq/UFVfX19J+VYSrIosz6G6Y8cOx3yrlYLVffv2VXw9V/uih6rVBKu3funPHeHq5pu/WDKf6m1f/StHqHrLX/1Z6AFms6J/AQAAAKBZiRCsAgioXsGqChH1+T+np6ftkFMPQzOZjGOkqAoU1eO8tqXmQ+3r67Pvn5iYkK6urrIXePLap75ffZmennbMf5rJZCQajZYEnisNVtU8rmoaALVNtZ+BgQHHa9HV1VUxfF7NixmqVhOsPnzv7SVBqpeH77099ACzWdG/AAAAANCsRAhWAQRUr2BVZDlI7OnpsS/U1NnZaZ+yrwerAwMD0tnZ6bigkzlfaKVtiSyHi729vRKNRu37KwWN1e7TDEJVYKuXQw9a1VLtxav07et/q7BYL5MerHZ3d9uPVxfZYild3ELVaoLVdw/vldj9dzhGrpZz65f+XGL33yHvHt4beoDZrOhfAAAAAGhWIgSrAAKqZ7DKwhLmUi5UrSZYBcEqAAAAgNVBhGAVQEAEqyztuFQKVQlWCVYBAAAAQBEhWAUQEMEqS7stXqEqwSrBKgAAAAAoIgSrAALyE6yePXu25LEEqyzNtFQTqhKsEqwCAAAAgCKy8mD17NmzBKvAalTLEatAKwk7bFxNpqboXwAAAABoTrUIVqemGLEKrEpTU7UJVgGgHPoXAAAAAJoVwSqAwFYarAJANcJu6wAAAADADcEqgMCmpoIHqwAAAAAAAK2MYBVAYASrAAAAAABgtSJYBRAYwSoAAAAAAFitCFYBBOan3tNGAAAAAACAdkKwCiAwglUAAAAAALBaEawCCIxgFQAAAAAArFYEqwACI1gFAAAAAACrFcEqgMAIVgEAAAAAwGpFsAogMIJVAAAAAACwWhGsAgiMYBUAAAAAAKxWBKsAAiNYBQAAAAAAqxXBKoDA6hGsnj9/XvbufUzuvPNOufXWr8qtt35V7rzzTtm79zE5f/586M8ZAAAAAADAsghWAaxALYPVxcVFGRwclN7em+UrX9noqrf3ZonFYjI/Px/6cwcAAAAAAKsbwSqAwGoVrC4uLsp9991XEqRms1nJZrMlt993332yuLgY+vMHAAAAAACrF8EqgMBqFazu2bPHdYSqut/tvsHBwdCfPwAAAAAAWL0IVgEEVotg9dy5c3Lzzbf4DlZvvvkWOXfuXOivAQAAAAAAWJ0IVgEEVotgde/ex8rOqarWKXf/3r2Phf4aAAAAAACA1YlgFUBgtQhW77zzzsDB6p133hn6awAAQKu6Mm/Jy2cKsvuNJdk1sSi7JhblF+OL9t+731iS0bMFubrQ+LJ9fN2SZ08W5P6XF+Tew4ty7+FF+fHIov33/S8vyMFTS/LJfDhle+ZkQX768qL85MUF+cmLC/KjkRt///TlRXn2nXDKBgAAGotgFUBgtQhWb731q/aFqqrdlrqg1a23fjX01wAAgFbz/pWiDB5dlP7MQnUOLcijx5bkw6v1L9vZy0X551cW5ebh+ersn5cHXl2S9z4pNqBsluwYXZCNw/NV+9noorz3SfjvOQAAqA+CVQCBhRWsTk1NyVe+slG+/vVvhP4aAADQKj6dtyTx1lL1garh7kOLMnxiSfJ1GMF6+bolD437CFQNt+yfl0deX5RP61S2XxxZ9BWo6nqH52Xg9aW6lA0AAISLYBVAYGFPBXDXXXeF/hoAANAK3v24KPe9FCxQNW1/ubajMKcuFeW2VLBA1fR3zy7IzFztRq9OXSpKX8rfKNVyvvvMgszMhf9ZAAAAtUOwCiCwsC9e9eije0N/DQAAaHZHzhfl7kM+Tv2vwg+eX5RjF1YeYD4/XZBb9tcmVFW+mpyXV84WVly2Q6cL0luDQFV3y/55eeXcyssGAACaA8EqgMBqEayePXtWbr75Ft/B6s033yJnz54N/TUAAKCZnfm4KP9wqHaBqu6HLyyuaG7Tk5eK8tXkQk1DVeVrTy7Iux8Hf92mLhbklv21Galq+psnazuqFgAAhIdgFUBgtQhWLcuSPXv2+A5W9+zZE/rzBwCgmV1dsOSfDtcnVFV2jC7K9SX/Zbsy/x9yW6o+oapy+8FFyS/6L9sn1y3ZfKA+oaryt88uBCobAABoLgSrAAKrVbC6uLgo9913X0l4ms1m7QtV6e677z5ZXFwM/fkDANDMHn8z+IWq/Hgq6//U9v89tlTXUFWJH13yXbZ/fS34har8GAxQNgAA0FwIVgEEVqtg1bKWw9XBwUHp7b257Jyqvb03SywWk/n5+dCfOwAAzezs5WJDQtX+zILcfWhBLlyp/tT2U7liQ0LVm4fn5dbkgpz3caGtU7liQ0LVjcPzcvP+BTl3mSkBAABoZQSrAAKrZbCqnDt3Th59dK/ccccdcsstt8rXvvZ1ueuuu+TRR/cypyoAAFX6xZHGjFZV9h6rfvTlj0YWGxas3jw8Lw++Wv1ZLve80JjRqsoDPsoGAACaD8EqgMDqEawCAICVyV2zGhqqqlGr81XMtfrh1caNVtVHrVYzD+yHVxs3WlUftRpkjloAANAcCFYBBEawCgBA83n5TKHhwWp/ZkEmP/Cea/XZdxozt6rptfe8T7l/9p0p4xUmAAAgAElEQVRCw4PVjcPz8tp5/3PUAgCA5kCwCiAwglUAAJrPnjcWQwlWh094Twfws9HGTgOgPPK69yn3219eCCVYHXidi1gBANCqCFYBBEawCgBA8/mfvwsnWN014R1efj+zEEqweu9h77LdlQknWP3Jiwuhf2YAAEAwBKsAAiNYBQCg+Wx7sfGhan9mQXaMeoeX3z7Q+FD15uF5uf2gd9m+9ZvGh6obh+flb58lWAUAoFURrAIIjGAVAIDm84PnwwlWf/iCd3j5N8lwgtWvPekdXt66P5xg9W+qKBsAAGhOBKsAAiNYBQCg+dz3UjjB6n0veQert6XCCVZve2bes2x9qXCmAtic8i4bAABoTgSrAAIjWAUAoPn8r9fCmWP1f495B6v/cCicOVb/4XnvUaH9Ic2x+g+HGLEKAECrIlgFEBjBKgAAzSd+NJxgde8x76vb//Mri6EEqw++6h36/uyVxVCC1QeqKBsAAGhOBKsAAiNYBQCg+bx8phBKsPrquYJn2Q6+UwglWH3utHfZnn2nEEqwmj7lXTYAANCcCFYBBEawCgBA8/lk3mp8sHpoQa7Me5ft4+tW44PV/fMyd827bHPXrFCC1WrKBgAAmhPBKoDACFYBAGhOuyYaOx3A7je8pwFQth1u7HQA979c/Rym2w43djqAn77MNAAAALQyglUAgRGsAgDQnKbnig0NVs9dLlZdtrc/KjY0WD2dq75sJz5s7HQAp3JMAwAAQCsjWAUQGMEqAADNK/bGUkNC1WouWmX66UuNGbX64Kv+y3bfS40ZtfrPrzBaFQCAVkewCiAwglUAAJrXhU8t+dFIfacE+PHIolzM+y/bucuWfOOp+oaq/+PpBblwpfrRqsrZy0X5+pP1DVW/8dSCXPg0/M8IAABYGYJVAIERrAIA0NymLhbl7kP1CVfvPrQgp+f8B5fK5IWi3LK/PqHqrckFOfFR8LIdu1CU3jqFqjfvX1nZAABA8yBYBRAYwSoAAM3vd+cKtQ9WDy3I67Mrnx/0udNLtQ9W98/LS2dWXrb06aW6BKsvnSFUBQCgXRCsAgiMYBUAgNYw+UFRfvB8bULVe15YlKmLtQsHf3e+IH+TrE2o+vWn5mXyQg3Ldq4gX03WJlD92pPzcqyGZQMAAOEjWAUQGMEqAACt48zHRXng1ZVNC/Dgq4vy3ie1DwdPXirKHemFFYWqW9IL8u7HtX/dpi4W5Hu/XVhRqHrHbxdkZgXTJgAAgOZEsAogMIJVAABaS6FoyctnCvKTF/0Fqve9tCBHzhelWKxf2ZYKlhx8pyDf+o2/gPW21Lw8P12oe9mefacg/+9v/AWqfakFOXS6vmUDAADhIVgFEBjBKgAArWmhsDxK9LenluSR15fkgVcXZduLyxek2nZ4UR58dVF2v7EkmdMFmc4VZanQuLLNL1ly/MOiPPHWktx3eEHuSC/IpgMLcmtyQTYdWB6Zev/LC7L/7YK8/VFRlhoYWs4XLHnzg4L86viS/NPhRfn79MJyELx/Qb51YEHu+O2C/PTlRRk+UZATDS4bAABoPIJVAIERrAIAAAAAgNWKYBVAYASrAAAAAABgtSJYBRAYwSoAAAAAAFitCFYBBEawCgAAAAAAViuCVQCBEawCAAAAAIDVimAVQGAEqwAAAAAAYLUiWAUQGMEqAAAAAABYrQhWAQRGsAoAAAAAAFYrglUAgRGsAgDQuhYLlnz4aVFO5W44ecn5/0dXi7JYaHzZrsxb8tKZgsReX5SHJ5bk4Ykl+fn4kv137PVFeflsQT6db3zZctcs+dXxJfn79IJ855llmw7M23//fXpBEr9fkrnr4b/HAACgvghWAQRGsAoAQOu5tmjJ6VxRjr5fqMqxC0WZnivK9aX6l+39Ty0ZPLok339uoTqZBYkfW5IPPi3WvWyn5yzZ8tyCfG7P9ap9P7MoM3P1LxsAAAgHwSqAwAhWAQBoHYsFS85crj5QLQ1YC3L2clGWirUv26fzljzxlo9A1bA1syi/PrEk+YXal23umiX3Hl70FajqPr/nutw/uiBXQhhdCwAA6otgFUBgBKu1tWvXLolGoxKJRGT79u2hliUSiYT+egAAaufqgiVvfRg8VNX9/sOC5BdrV7Z3Py7KvYeDBaqm+19elPc+qV3Z3vywKF/81XzgUFX310/My9RFRq8CANBOCFYBBBZ2sHrkyBHp6emRSCQikUhEOjs7ZevWraG/LkFcunRJIpGIHDlyxP5fvz8ajUoikXDctnnzZolGoyXb6urqkl27dq2oPASrANA+LuYtOXZh5YGqbvJCUeaurbxsY+eLsjWzWJNQVbn70KIcfb+w4rI9nS3I52sQqOr+JH5dMtMrLxsAAGgOBKsAAgs7WI1Go44g9ciRI5JOp0N/XYJIp9MVw8yenh7ZvHmz47bOzk6JRqOO56wC2lOnTq2oPASrANAeri5YcqyGgaozXF3ZyNV354rSn6ldoKr7wfMrG7l6/MOirB+sbaiq/Oe983LyUvifDQAAsHIEqwACCztY9Qr/Ll265BjR2t3dbd+3a9cu6ezstEe6miM8I5GIJBIJxzpqNKmSTqelq6ur7DYqlaWnp8celbp161b7drOcenm7urrs/48cOSLRaFQ2b97sCFxVmavZr2VZ0t3dLYlEQrq7uyUSidhBtf7aqn2ZI2YBAM1tsVC70//LOfFRUQoB5ly9umDJthfrE6rq0wIEueDWx9ct+cIv6xOqKl9OzMundZgPFgAANBbBKoDAwg5WzRGrpq6uLtm4caMdJKpgNJFIOEZ6ptPpkuBQBZxq5Of27dslGo3a2zp16pR0dnaWbKPciFm9LJcuXZKNGzc6glKvEaunTp2SSCRi73/79u2yceNGOXLkiCNI3bx5s2zcuLHq/XZ3d0tnZ2dJaKrKcunSpZpMLQAAaLx3P65vqKqc/8T/vKFDbwa/UJUfT2X9n3b/oxcW6hqqKv/yu6XQPyMAAGBlCFYBBFbrYHVqaspVufVVqNjZ2Snbt293jMRUQafb47q7u0suDmWOCI1EIiUhqR4wbt261RFgWpZVMnrUqyx6oOkVrJrrd3d322WJRqN2aNzV1eXYptd+u7u7XcusQtyuri7X8LrcewUAaA6TJ96R3xyZaZB35c0TJ6su2+Fjp6Vv/6WGuG3/RXl18lTVZTs4MSOffeRqQ3THrsrzb0yH/lkBAADBEawCCMxPva9m3aDtyK5du6S7u1ui0agj+HQ7pd6y3ENTM9h0Czm7u7vtkFGdOm9y22e5sujbqyZY3bhxo2zevNmeR1UFyRs3bpTt27eXjGqtZr9qKgC312jjxo2O0bAAgNZx8lJjRqsq03PVj1r9t7HaXqzKy6PHqh8ZuulAY0arKv2HFkP/rAAAgOAIVgEE1izBqqJO17esysGq2yn7bsGqPgLWspyBZE9PT8VpCMxy1SJYTSQS9qhZfXRtudur2W93d7fr9AV6sGqO7gUANLf5pcaGqkffL8ixC4Wq5lrNXbMaGqp+/7kF2ZpZkPkq5lqdvWI1NFT93J7r8seD1+XaCi4ABgAAwkWwCiCwZgtW9XCy0lQAPT09gaYC0C9QtX37dsf6laiLP5m3+50KQI1UVSNUzdvNqQiq2W+lYFVtIxKJlFy4CwDQvD66ajU8WD36fkE+vu5dtpfOFBoerH7/uQV58wPvEbVPvLXU8GD1c3uuy/MzzLUKAECrIlgFEFiYweqpU6ckkUg4Lia1ceNGxwhN8+JV5tyjXhev6urqsi9etXXrVsfFqy5duiTRaNQRcKbTaXt9U3d394ouXqU/J7egU01NYIakXvv1ClbVc+/q6ioZwQsAaE6nc40fsXr0/YKcvewdXu55o7HTACi/PuEdXt6Zng8lWL1/dCH0zwwAAAiGYBVAYGEHqypkjEQiEo1GHSGqWqenp8d1/tNEIiGdnZ0SiURcT3ePRCKOdbq6ukrCzCNHjjjmWtWDWJMKNdW6PT09jnWrDVa3bt3qOu/p9u3bXR/vtd9qglXLWg503S5yBQBoPtmPGh+qHn2/IKdy3sHqg682PlT9/nML8vCEd7B6azKcYPU7zxCsAgDQqghWAQTWbFMB1FI1IScAAM3o+AfhBKsnPvIOVn/yYjgjVu9/2fsiUX/5eOND1c/tuS5fTsyH/pkBAADBEKwCCIxgFQCA5jN5IZypACYvFDzLdvehcEas/uB572D1Tx8NJ1j9z3sJVgEAaFUEqwACI1gFAKD5vPVhOMHqWx96B6v3Hg4nWP2nw97B6hd/Fc5UAF/8FcEqAACtimAVQGDtHKwCANCqshfDmQpg6qL3VAA7fxdOsPq/xryD1W88FU6w+j+eJlgFAKBVEawCCIxgFQCA5nM6F06wOj3nHawOHg1njtVHj3lfvOquzEIowWr/Ie/QFwAANCeCVQCBEawCANB8Pvw0nKkALua9y/bymUIoweor57ynKXjiraVQgtXhE96hLwAAaE4EqwACI1gFAKD5LBSshoeqxy4UZWHJu2yfzFuND1YzC3Jl/j88y3Yxb4USrF6qIpAGAADNiWAVQGAEqwAANKd3LjU2WD2V854GQHl4YqmhwWrs9epPtf/OM42dDuDv0wuhf1YAAEBwBKsAAiNYBQCgOX260NhRq1cXqi/b6VyxocHqucvVh75H3y82NFg98ZH3FAUAAKB5EawCCIxgFQCA5nWqQaNWq7lolWng9cZcxCp+1P/8pbcfbMyo1a0ZLloFAECrI1gFEBjBKgAAzevaoiVvflDfUPXNCwWZr2JuVdOFTy2554X6hqv3vLBQ1QW1TNNzlvzXx+brGqr+2b/Py3kfI2kBAEBzIlgFEBjBKgAAze2TeUuOXajXBasKcmU+eDiYvViUrZn6hKtbMwu+5n01vXa+KJ+vU6j6x4PX5Y33CVUBAGgHBKsAAiNYBQCg+X10tViHULUouWsrL9ur5wq1D1YzC/J6DYLL/W8v1SVYPXiKeVUBAGgXBKsAAiNYBQCgNcxdK8pkjUauvvlBUT6Zr13ZJi8U5B8O1SZU/eHzC5K9WLvRoIeml+RPH61NoPpfHpuX184zUhUAgHZCsAogMIJVtLt77rkHAJpO0Dbt6oIlb3+0stGrb39UkPxi7dvbd+eK8rNXVjYtwAOvLsp7n9S+bMc/LMpXfr2yOVdv3j8vJy+Ff1wDAAC1RbAKIDCCVbS7e+65R1hYWFiaaVlJsKp8+GlRjvu8qNVbHxYDXQjKj0LRkpfPFOQfX/QXsN57eEHGzhelWKxf2ZYKljzx1pL8xZC/QPWLv5qXp7OFupYNAACER4RgFUBABKtodwSrLCwszbbUIli1LEuKliVX5i15/0pRTl0qytsfFeWtD4ty7EJBjn9YlLc/KsipXFHev1KUT+ethgaDCwVLTl4qysF3CrJrYlF+9sqi/OPI8gWp/vHF5ZGpsdcX5bnTBZmeK8pSoXFlm1+y5Mh7y+X6u2cXZOP+eekZWr4gVc/jyyNT/z69IHveWJKjF4qy2MCyAQCAxhMhWAUQEMEq2h3BKgsLS7MttQpWAQAAsHIiBKsAAiJYRbsjWGVhYWm2hWAVAACgeYgQrAIIiGAV7Y5glYWFpdkWglUAAIDmIUKwCiCgegWryWRSYrGYLZVKyezsbE3LPjs7KyMjI3V9fWZnZyWfz4tlWTIyMiLxeFxisZgMDQ3J6Oho6O8fvJULVvv7+yUSicjAwEDJfXNzcxKJRKS7u9u+rbu7W/r7+yuGJeXW6e7ulq6uLtcylNtmf3+/Y/8DAwPS2dkpkUhEotGo9PT0lC3H3Nyc9Pb2SjQarWr91bjMzc1JT0+PRCIRiUQi0tXVJfv27Qu7WCyrZCFYBQAAaB4iBKsAAqpnsKqCx3w+L+l0WoaGhmpa9pmZGUkmk3V9feLxuORyORkdHZVEImGHrLOzszUPii3LklwuV/PXabWrFKx2dna6Bo4qxPQTrE5PT0tXV5d0dnaW3Nfd3S3RaFR27NhRUoZqgtVMJiPRaFQmJibsfWUyGdfHzc3NSVdXl/T09Mj09LS9fiuGhtPT066vZy2W7u5u6e3ttf/PZDL261XLZWBgwLEfFhYRglUAAIBmIkKwCiCgRgSrSiwWq2kYWatgNZ1Oy8zMTMnt2WxWUqlU2eeD1lApWO3v75doNFoSqHV3d8uOHTt8Bav9/f3S19cnXV1dJaGn2l40GpW5ubmSMpTbntq/OXq10rJjxw7X0bEsziUSiZQNp1lY6r0QrAIAADQPEYJVAAE1OljN5XJ2IDo5OSnxeNwRjuqn2yeTSUcQOzs7a08xMDQ0JOPj447HxmIxx/7M4DWfz0sqlbKnJxgdHZV0Ou2YskAPWFOplExOToplWfa+1IhV0+TkpAwNDdnl1tdTgbK6f2RkRMwpDPTb9OfhVma316reUyK0Mq9gtbe31zGSVI2SzGQyvoLVzs5OmZiYkB07dpSMUOzu7pZMJiN9fX2OEbLVBqsTExOuAbDb0t3d7Tq9gb7o0wp0dnY6RrOqgLi3t9e+P5PJ2CF0JBKRvr6+sutHo9GS56RPS9Dd3W0/D/Ua69vu6elxhM+RSMT+2zx9v7e31163mm3pS09Pj+N5mEtfX1/Z56uecyQSkf7+ftdpBNRt5udoYmJCurq67NdKPU5/btFo1PEemtNAmCOfWcJfxsfHfd1HsAoAANA8RAhWAQTUiGA1l8tJOp22Q86ZmRkZGhqSdDrtCCBHRkYcp9uPj49LPB63/9fnNc3n85JIJHwFq4lEQtLptP34XC5nl9UcsZrP5yUejzv+TyaTEo/HZWRkxH6s/nzUbaOjoyXlSqVS9v0qZNX3NzQ0ZIfI+vMoV+bR0VFJpVKSz+ft8JURte68gtV9+/Y5Rnju2LFD+vr6fAWrExMT9inr09PTEo1GHferYHVubk6i0ag9UtLPHKsqyOvt7a040tJrJOa+ffsc0wqoaQb0Mun/DwwMSDQatcPiubk5O2x1W1+FwHrQuG/fPjvg7Onpsbel9q1eg7m5OXt0r/581NLV1eUoR29vb8l0CZW2pS/qPevs7JQdO3aUjCRWoawKPNV21RQS+nbNMF3/DOifI3W7Ck2np6ft/eqfLz3cV6+BPq1DPaYsYAm+XLlyRb72ta/Jk08+WXLfk08+KV/72tfkypUrjtsJVgEAAJqHCMEqgIAacfGqeDzuCFFnZmYkFouVjP6Mx+MlAWcikZCZmRmZnZ0tCU6z2WzVwarb4xW3YHV8fNwONM1tptNpicfj9mjWdDot4+PjjvX0fcViMclmsyXPS92WzWYlkUiUPLZSmfUg1nyucPIKVkXEMRq0q6vLnsO02mC1t7fXMaqxq6vLMeJQBasiN0YfmmVwK595+v/09LQ9krLcaEuvYFUPCdXS19fnCA7N/UYiEUfwqI+KdVtfjQR2W/TXNZPJOIJT9Vi9fOr+iYmJknXVRcaq3ZbbMjAwIN3d3faIYxFx/G2WWY1QdSuHeo36+vrs90d/rDm9hFrcwni97J2dndLf31929C1L+ItbuFouVBWpbbCau2bJE8eX5HsHF+Q7zyzbdODG3987uCCJt5bk4+uNb3+vL1pyOleU350ryOjZZS+fufH3784V5HSuIPNLjS/b1QVLjr5fkKenliT59rJfn7jx99NTSzJ5oSj5xfCPYwAAoL5ECFYBBNTIqQAUFayat7vdprbjFhyat1UKVisFj27Bqgp0yz1PNY2Berw+nYCij0CtFNyawax6HpXK7LY/fYQtbqgmWFVBmDpNW0R8BavqlHGdfsq/Hqzq2/IbrKpFjQrVwz9925WmAjDLYu6rXLBqbqNSEKvfNj09LT09PY7XKEiwar4f+v2ZTCZwsKqW3t5e+z0z30t1Cn655yuyHFir110PZs1Q1q08quzlPkNzc3PS19cnnZ2d0tvby4jVJl30cLVSqCpSm2D1dK4oW55bkO7d16uz57p8P7Mo784V697uXr5elNfOLcnT2er8ZqogY+8V5cp8/Y8JF/NFOTC1JD8/sli11NSS5PL1f90AAEA4RAhWAQTUTMHq0NCQrxGrXsGqPqLVz4hVt1P1Tfl83t5eKpUqGbGqcwtW9akG9OkO9OdRqczxeLymFwJrZ9UEq+q08L6+PvsU72qD1YGBgZIRjNPT044RjGaYqYJRfaSoW/kqXbDK7SJZ1Tyut7c30IhVffEKVtWcqyI3Tv0350JVf1cbrKrXVF9qMWJVLfv27bPLVS60Lvd81eN7enoc4bz5fMuNWFWfh2oWPxcyY2n8osLVSqGqyMqC1blrltx7eLH6QNXwuT3X5f6XF+TK/H/UvL2dX7LkjfcLVQeqpQHrkhy7UJCFQu2PBflFSzKnC74CVd0vxpfkhZkluc4IVgAA2o4IwSqAgJopWB0dHZVEImHPI+o1x2oqlSqZQ1UFnLlcrmQO1kQiIfpFnlQwmUwmHcHoyMhISdmz2axdrnw+75gzVl24ygxn1d9uwaplLQey6XRaUqmU43ZzjlW3Mqv962XS533FDdUEqyLLowz1KQGqDVb1kYrm7SqkdRslqk7pryZYzWQyjqBvx44dEo1GXU8NV/O46iMb5+bmys6p6jbHqt9gVZ9+wJxjVZ/ndHp6Wrq6ugIFq2pbKqR1m2PVT7A6MDBgv36qXGpdtV399VN/Vwo21euuz7/qNseqfsEqtV0V7OtlUn/r89WWC2dZmme5cuVKxVBVJHiw+uYHBfnCL4MFqqa/fmJBpi7Wrq29lC9K+lSwQNWUOb0kl2s4dcHslaLEj/obpVrO3mNL8tHV8I9tAACgdkQIVgEE1EzBqmVZol/pPplMOgLK2dlZ+7R7NceoHpyqkabq/vHxccf9uVxOUqmUfeq8Ciyz2ay9z9nZWYnH4yUhpV6uWCxWcuGt8fFxe9/xeNzx3MsFq9ls1nX+Vf21KVfmfD7vKNPQ0FDJdrCs2mBVXbBILW7Bqnmq9u23314y/6ha9JGsbsGqCkCrCVb1q8KrU+nLjagUWQ7lent77dPvzTlZ9e11dnY6grsgwaoaoar2pT+nffv22fvq7u52jAz1G6yqC0mp18EcCesnWNXfT7PM6tR79frpr1GlYFVdYEz/PJifo0wmI11dXfZ+9QtZ6c9NzfUrIiW3V3rvWVpjCRKsPp0tyOf21CZUVdbHr0vmdGHF7eyZjy35zVRtQlXlwNSSnL+88tPv3/qgIL8Yr02oqjw0vignLzE1AAAA7UKEYBVAQPUKVoFmUS5YZanNwqnpLCz+F7/B6vEPCvLHg7UNVZU/ffS6nLwYPCTMXbPkQI1DVSV1ckk+vh68bO9fseShGoeqyq4JRq4CANAuRAhWAQREsIp2R7Ba34VglYXF/+InWL183ZINj9cnVL0xLcC8XF3w374uFKyanf5fflqAgiwGmHP12qIlg2/UPlB1TAswuVSX+WABAEBjiRCsAgiIYBXtjmC1vgvBKguL/8VPsPqjF4JfqMqPf3l1yXf7OvFe8AtV+fHmB/5HraZPBb9QlR+H3135VAoAACBcIgSrAAIiWEW7I1hlYWFptqXaYPXER8WGhKrdu6/L5wevy3Su+gBz7lqxIaHq09klOXCyIJ/4uJjVB59aDQlVf35kUX4xviiX8sy3CgBAKxMhWAUQEMEq2h3BKgsLS7Mt1Qar3/rNQsOC1e7d16X/0GLVbevLZxozWlUZO1/9yNBf/74+86qW88xJ/6N9AQBA8xAhWAUQEMEq2t0999wDAE3Hq+16/1OroaGqGrV6bdG7Xb26aDU0VFWjVpeK3mW7fL3Y0FBVjVplrlUAAFoXwSqAwAhWAQBoPk8cX2p4sNq9+7q8MOM9MvR0rnHTAOhmr3ifcn/s/cbMrWo65WMaBQAA0FwIVgEERrAKAEDzuTPd2GkAlPtfXvAs22vnGjsNgHLsgnfo+5tsY6cBUF6YYToAAABaFcEqgMAIVgEAaD63JudDCVa/84x3sDoyE06wOnrWO1j95fFwgtXk2wSrAAC0KoJVAIERrAIA0Hx6hhofqnbvvi5//cS8Z9l+eyqcYDVz2jtY3fNGOMHq3kmCVQAAWhXBKoDACFYBAGg+fxIPJ1j900eve5YtdTKcYDV10ju8fHginGB11wTBKgAArYpgFUBgBKtYLW666Sbfwi4zgOq0Y/3+wi/DCVa/8EvvYDV9qvGh6tPZJXmuihGr8aPhBKuDRxdD/8ystjoCwIl6jnYQ1ueYYBVAYASrWC1uuukm8bPQ2QRaRzvW768/Gc4cq994ynsqgBffDSdYPfyud7D6xFuND1V/fmRREm81f7DabnUEgBP1HO0grM+xCMEqgIDqFawmk0mJxWIOo6OjoT/fsOmvRzwel3Q6Lfl8vm77Gx0dlWQyGfrzbgZ0NhtncnJSEolEye25XE5isVhdPvMjIyMyOztbs+2ZbdjQ0FDD27DZ2VkZGRlZ0XOo9HrF4/HQnluttWP9viuzsKKA9LOxvPzRw1fkMw9dls88dFn+8KFP5KaBTz0f13+oNCAcHR111Idtu5+Rnw4fleHj+YaFqo+9dlEGUq97vm6pk+4jVu/a945sf37O9b4fHTgvm3e/Id/cNSbfemRcbh864TtYfaaKaQqoI7Vn9jUTiYRks9nQy1VLel9uZmZGYrFY6GVCc2rXet5MVB0Ms3+4EpW+G+bzeUkkEpLL5WRoaMi1LU2n06L6pl7t7+zsrCQSCfv+ZDIpuVxO8vm8DA0NSS6Xcy0HwSqAllPPYLVeB5l0Oi2Tk5Ohv3ZBxGIxmZmZEctaDplSqZSk0+m67Y9g9QY6m42Tz+clFouVdJjGx8cllUrVZZ/JZNKuW7Xant6GzczMyNDQUEPbnpmZmRXV33JfvkdHRyWRSNgB9+zsbE1DaUV1zBvxWrVj/U68VVhRqPqZ/z9I/T93X7Nv+0+P5D0fO3yiNCA0jyVH3/1Yfvz4a/LT4Qst81kAACAASURBVKMNC1b3jF6QgX3ex8tjF4quwed39x6X+577qOT2+577SL71yLgduj5w+Irrel7evOA9mrbSF0nqSDB6vyqfz8vk5KTE4/EVt9WTk5N17Z/5QbCKarVrPW8mZh2cnZ1teP9wJSp9NxwZGbH7viMjI65tYDwet/uMevtrWcvtpur/5/N5R1ucz+cdoWulNpZgFUDLacVgtZl5hQjmAWhmZkbi8XjdykOwegOdzcZKpVIyPj5eclu9Op71DlbL3VZP9QpW27F9bsf6fTFvBQ5W/+jhK/JHu7xHp5bYc10u5UvLYh5Lri9Z8uCBE/Ljx19rWLA6OHpBEvuf8nzdri5YvoLVrcPT8t29x1c8FcDVhfA/M6utjlhWab/Ksm70rep5RlAjNSpYnZycbLtjw2rTrvW8mbjVwdHR0boNHKi1St8N4/G4/ePf7OxsyXdUFSKr/93aX3WbV1tVbhCGZRGsAmhBYQSr+Xxe0um0fTr85OSko4F3C0j0hnl0dNTe9ujoqKhf1NT29P2a9w8NDcnMzIyMjo7ap8Gap9pOTk7K0NCQfcqC6pirkEN/bCqVsu9Xj1HcnrtbsKofoPRTJoaGhhyjyMxTd82Rr2q/+q9/5sGz0vbbHZ3NxjKnA1AdKP2Lrv6Z1uuhW70266lZh812Q6/H5ulMyWRSstmsfbq/WyBrtmGq7qgOoGqHRkZGHFOdjI+PO/arbzsWi0k2m7XvTyQSjjo4Oztrl2loaEjGx8cd9Tefz9t13RyR5daulmuH1HbLhQ6V2olYLGZ3rNVrb743+m1mGfT3XH9u5T4L5mlkzTa6od6+80yw6QA+89Bl+WzsWuXwdden8pmHPlmeJuDhK/LZWF6+d3DBtRzmsSSXy8n/HH5VBl48J09nl+TBAyfkwQMn5GdPHZc7Bw7JgwdO2KNMf/jYK3LnwCG5KzYi/3rwHTso/fHjr8m/HnxHfvz4a3LnwCG5e/Al+XlmxnHqv37fo8+/XXV9SL69JFuHp+Vbj4zLN3eNyV373ikbrG5/fk6+9ci4PHD4imtguv35Obktfky+uWtMNu9+wzGdwHf3HpefPHtBfvz4mN0OmNOgZLNZ+zaznSpXH8r1Q/TnrNqQasPDdq0j5dpw/ZRUr36l2zFB/2HLq/9nWZbd/npNgVXu+FPpmOUnWPU69pV7HdQxg+m7Wlu71vNmUi5Y1fsnQb9LWlb5PlgymXQc51KplON4MzMzY//v57uh/nhzgJDZhph9PrP91Y93lrUc1FaamsV8TmF/jkUIVgEE1Mg5VlXDm06n7YOICgP0X8T8BqvxeNxeX/26phpx8351ipg6wKg5XtT96qCihyd6Z1YPbvP5vCSTSceoPK9RBOZUAHp4o06Z0MuiRlyog6V+6q7+RUs9X/V81EFKL3+l7Yf9OWwEOpuNZf4SPTk56fg1X/26r9qBVCpVtl7ncjnHqUeqw6pvW69b2WzWsb76rKv7k8mkJBKJiiNc3dowvfM3Ojpqh5/642ZmZuxyqZBV3ac6t6rOjYyMOF4TfZ4uNc+V+aOTul+dZu/Wrqr/y7VHqu1SgbU+WsCrnVBfAvQRDW4dcf00MXX7yMhISTvm9VnQO935fL7sj0HtWr+Pvu9/OoD/9EhePvPQZc9Q9Q8f/sSeJuCmgavymYc+kaPn3Y8H5hyrsVhMhp8dsUPQBw+ckLsHX3IEpyocfey1i/bfdw4ckl+9cdkOVn/42Cv2/wMvnpO7Yje2effgS3ZAO3w8L48+8WTV9eHQkROyefcbdlj6owPn5Zu7xsqe4n/Xvnfkm7vG5I5fZR3r7HzlmnzrkXH7NjVtwM5XrtnB6m3xYzLx9hm7XPqIH1UXVTuh92/K1YdK/RDzy7ufUfrtWkeq+XGsmmDVPCaYwWql/p8aIKC37eWCSbd9eR2zqg1Wqzn2Vdu/Rmtq13reTMw6qNrsWnyXrNQHGx8fd3x/jcfjMjQ0ZLc76sd+dX813w11breb0wG4/diu09sfy7rxvbtcgFquzSFYBdBywhixqh8wLOtGAKP+9xusmgcB/YuH2/3mqDm9sde/AJn7LvcLpf48qwlWdfqvfmbwpL8WKliq5jTqcq9Ppe2H/TlsBDqbjadPB2BOA2B2zvQvsW71Vv+s6sGbon9Rdbtf/6KbTCbF66JQ5Uas6j/auF2gy6S3CW4j1tXznJ2dLWk/1Kgmy7oRLuv363Xdq111MzMzY/+wpd4br3ZCjbo1X3t1mzlaQS+DWcZqPgsqMPaal7Kd6/ffPetv1Go1wepnHvqkZL7VjbtPlz0euI1YTafT8nDqDTtY/eFjr3iezv/jx1+TPaMX7L9VcKrcOXDIEcKq28fOF3zVh1QqJQ/85m1HeHpb/FjFuVMfOHxF7tr3jnzrkXG5a987diBrXshKH/n63b3H5YGnjpe0NfqXW73PodelcvWhUj9EnQkQ5LjdrnWkVsGqeUwwg9VK/T+3YLXc6Hq3fXkds6oNVqs59hGstrd2refNxLx4ldkvWsl3yUp9MP2HbLXeyMiI3X9To+Hdyuz13VndbrZN+nQAbj+ku41YNecSV6Hw0NBQydlSBKsA2kYYwapbh7DWwWqlgMbcv9n5Ng+W6tTXWgWr+ggzc9oCt32rg/Ps7Kyk02l7VJt5WonbKVzma1Fp++2OzmbjqRDAbRoAt8+i6rx5BatubYTX/fo2q5lj1G0dr7Yln8/LyMhI2WlBKgWrbvOpun2xN6kOuFe76vU+6a99pXbCLcTQR1GYXyjM5++2/0qfBbV9NXq3XKDUzvV7OleU/7J3vqZTAZjB6399bF72/Pq39jGt0rFE/3z+PLZXnn2nUHa+1X89+I49FYBSTbC6Z/SCvb1nTi7Jpwv+6kMymZRjU2dlYMJ7jtVyUwNsf35Otg5Pyzd3jZX4wVNn5OdHFuV7j01K+vBrjtfF7cuvWztVrj5U6odY1vIX11Qq5ftiKe1aR8oFq/oIsmqCVbO99xOsWpblOO220lQrbvvyOmZVG6xWc+wjWG1v7VrPm4lZB81pn1byXdKrD6bOiFCDFdTxwPwxvdrvhmY53OaJVdMBuE395Nb+lutjqzOx9D4iwSqAttEMI1Ytq3Kwah4svIJVfaSA32DV7YI7Sq2D1VwuJ7FYzHHacDUTn5unysbj8bIHKf351/OK7K2Azmbjqbrr9tkzTxfSBRmxqt9v/mhhWZaYo3bqEayqAFD/pX4lI1bN+ytd6M6rXa3mfVLPoVI74daJVqekqXKYAXqlMnp9FszXo9xzavf6/dr5onxuT/XB6h8+fEVuGih/8ao/1Easfn7wurzxfqHiSMhywWosFpMPr7pfyOqx1y7KXbERO0gNMmL1wMmCXMz7rw+qjThz2ZJfjC/5Clb10a0/eOpMyYhV5RfjizL464OubYmaPzmVSpWd47JcfajUD9GZ0x94adc64tYmmVOYePUraxGs6qfkVuK2L69jVrXBajXHvmr712hN7VrPm4lZB9X0VOr/lXyX9OqDpdNp+8dw1d6oKfD0Y3S13w115jYUFai6XZvDT7CqtmX+IEWwCqAthBGsmnMBql/n1P36vIP6BVnU/W6/7KlG3W2OVT/Bqjo46gcJfa6qaoLVSgGBeQDSy6eCVn0EitpWLpdzbFc/EOn7NOfuqXb7qwGdzXCUG1mVTqclmUzaIWQ+n3edj0rRvxCac6yqumnOSVXu/yDBqhqFpjqq5UbLV2q7KgWrllU6x2oqlSq5f2RkxG47c7mcY07VSu2qLpvNOl539V6obVZqJ8qNDkulUnYZ9NvNtl0fyaW2W+mzMDMz41h/tQarlmXJ/reXfE8HcNPAVXse1c/GrtmjWG8aWJ5j9bOxa3LwnYKMj49XnHPbbSqAVCplv9/7nx8vCVb3jF6QuwdfkuHjeXv0arUjVp/OLsnd8ZfkqRduzDvnpz7obcSbHxTkvuc+KjvH6n3PfeS4INUPnjpjz6P6wOEr8s1dY/KjA+cdI1p/fmRRsheLZdsSNYrbDH/1dqxcfajUD5mdnXXUE4JVZ5ukTjk1p07y6leuNFhVx4egwarXMavaYNVrO9X0r1fzD/DtoF3reTNxq4O1+i7p1QdT29aPheoiVubZQtV8N9SpfZvtmGrfzGkA1H7MqQDUvnO5nOOHRbM9sqzSqaDC/hyLEKwCCKiRF6/SA4NKV69WE3mXu98MVs2rh5un1/sJVi3LeVVvfXvVBKsqzCg3ksY8ALlNUq5fAVt1cHO5XMnteoCiriypTsMtd/Ast/3VgM5mOFT9NTtq6rR59dnVrzzqFayqdfSryI+Ojjru97oycjXBqnlqulfbotdTtU/z4lWVgtXZ2Vl7v6qz6RZmqTLpo2Pd2lW3jrNlWY7XXbUb+vtTqZ0oF6yqzrQ5v5fZtuv7VnOxen0W9NvLnfq8Wur389MF+ZN49eHqHz18RT7z0GX5zEOXl0epDly17//cI5/IT3Y/a5+6XOmHNrfTE/XPzejoqOzZ96ykTjqnArg3MSF3DhySu2Ij8uCBE/LT4aNVBavPnFyS49MXAtcH87Pz+MHX5O79p12D1R8dOC+bd79hn+b/3b3HHUHrfc99JLfFj9n33/nL38uZy5XbEjUS0DxtUm/HytUHyyrfD1Ftirrda67o1VBHzM9lKpVyHVVfqV+50mBVneKql6PcdADlPjOVjlnVBqte2/F6HdQoaHWmSdjvLfxr13reTNzqoDlKfiXfJSv1wVT4qddPVY/1Y7if74a6ZNL9IlPqh0zzdrP91dscdW0Ct/vU83QLa8P8HIsQrAIIqF7Bql+VOomVVDo4ALqbbrrJt7DLDKA6q6l+H/+gIP/PPn9zrpp6h+fl5MVizcuWu2bJ8zMFz4tYVfLCdEE+vl77sr1/xZJ/f3OpqqkAynn8zSX56Gr4n4EgVlMdaTS3aTSqndIBqCXqOVaiUthZa8lk+YtthfU5JlgFEBjBKgAArWWpYEnirYL8X//uL1D9wi+vy9PZghSL9StbsWjJ9FxRDp7yF7CmTy3JmY/r+7oVipYcu1CU2Ov+AtX40SV564P6vm5oXebprWqkVrXTNABAs5idna1qWpOVyOfzTdk+EqwCCIxgFQCA1jS/ZMn4bFF2TSzK3z4zL18Znpe/+PflC1L9xdDyyNTvHVyQPW8sydH3C7JYaFzZCkVLPrxalLc/Ksqr5wry/PSSHHxnSQ6cLMjBd5ZHpv7uXEGmLhXl4tWiFBv4ui0WLDn3iSW/O1eQp7JLMvTmkux+Y0l+Mb4ou99YHpn69NSSHHmvKO99svxcwn6v0bz0KRrUtA7lpi0BADQnglUAgTVLsAoAAAAAANBoBKsAAiNYBQAAAAAAqxXBKoDACFYBAAAAAMBqRbAKIDCCVQAAAAAAsFoRrAIIjGAVAAAAAACsVgSrAAIjWAUAAAAAAKsVwSqAwAhWAQAAAADAakWwCiAwglUAAAAAALBaEawCCIxgFavFTTfd5FvYZQZQHeo3UBl1BGh/1HO0g7A+xwSrAAIjWMVqcdNNN4mfhc4m0Dqo30Bl1BGg/VHP0Q7C+hyLEKwCCKhewWoymZRYLGYbGhqS0dFR18fMzMxILBaz/4/FYjIzM1P35z4zMyOpVMouYyKRkGw262sbyWSy7PNyk8vlJJfLuW6n2terVs9df81raXZ2VkZGRiq+Bul0WuLxeODnOjo6Kslk0tdj6Gw2lvqM6VKplMzOztrrTE5OytDQkP05cKt/2WzWUT/qXTfQmqjfTqrOuB1vstmsxGIx6tEq0651RB0X3O4bGRlpWJ+ylZl9UJ3XY4P0x8KkPgujo6OO5xnkO0DY75lbG96u9byZuPVv3epKufeI47M3glUALaeewap+UJiZmZGhoSGZnJwUy1oOVNLptH1fuWA1nU7bj6mlmZkZicfjMj4+bt+WzWYlHo/76lj5DVZTqZTr8zG3k81mJZFI2K9RPZ5/vYLVmZmZsp3sfD4v8XhcRkZGJJ/Pi2UtB7GJREIqhbEmgtXmZ37G8vm8jIyM2F+A8/m8I2hV6+sdzfHx8ZI6OTs721JfftAY1G+nZDIpQ0NDjmOckk6nff1AMTQ05PoFEK2lXeuIClb1H+2UoaEhGRoaqipYzeVyZQPa1cRvEN1Kwers7Kz9HpvlVoFWq7R1BKvhqeY7VC6Xk0Qi4dqm1PL43K4IVgG0nEYFq+Vus6xwRqyWK0s2m/XVsfYTrKpQsdrtqPWrfS38lDusYLVcBzyfz/vq0BKsNj+3z5jX5y6ZTNqf91wuJ7FYzPXLMmCifjslk0kZHx8vOS7k83n7S1s9vrhNTk6u+i+Ezapd60gsFpPx8fGSH6LVWUn6caWW0ul0W46EbedgdWRkxA6z3Mqt2s2wy1kNgtXwVPMdanR0VEZGRiSRSJTUp7COz62EYBVAy2lUsKpGJargTA/fKgWr+sFFHaTS6bTEYjF75KN6XC6Xcz2dya2DWCnE08McdfBT29VH3erP0y2QNW9z6/ib2zFvHxkZcTxH/RT6ZDJpPwd1OrV5Okq59d1GE+rTIqTTaXtEqSq7fsq2/prOzs46Xh/1epV7nuVGIOsdWq/3WnWI3QLZciEtnc3GcvuMqfe13GP0UUejo6OSSqVCfx5oDdRvJxUmmSP51Nki5he3Sm28HkxVOiZOTk46jkNq++r47zayMBaL2cdKdTqufv/MzIz9WPMsE6/js2VZMjIy4jgG6q+D2qc6loT9ntVbu9YRdbw3f7hWZzyZwWq5fpHaVjWfTdU3MfuZlT5XXp/1SnXQ67FmH06v23odqObMILd+cy6XK+kjqvvMgDKRSDjqaaX9l5sOyOz7mrdValOSyaRjCiH9ucTjcfv9Lhes6m1IubJ79VErfRbM/qlb/1b979X+EayGo5pgVX0u3b77+T0+r0YEqwBaTqPmWI3FYo7OStBgVR/BqTrSekdXdUby+XzZUQp+Rs0lk0lHIKymC9DXVeUzO8LpdNrRCTI7wuY+3Q6ibqcqqc5ZKpVyHKzdnlO59c3XQJ92IJ/PSzqddux3ZmbGfg3MX1n1U1by+bwkEomywWqlkRB+3mv9dVGdELWdyclJ10COzmZjuc1BlUgkygYY6guE+j+VSq36jiWqR/12UscxM6BIpVKSzWZLvrhVauP9HBPN7ZpnXqhpePSQQf8hb2RkxNF+z87O2u3+7OysI5TwKosaLaRPO6PKoE9v0Eoj7laiXeuI6suYc2Sqz5nZF6y2H+X12TS36/W58tpepTro9VizD6eXIZVKST6ft8NXr+OqWz8tn8/br60aVaf69GZ/zAxdy+1f1Ve9Xqq2Qj9lX1EhlFebotoF8zlks1nHa2a+P5OTk47tVCq7Vx+10mdBnxJMTful931UMGxZ3u0fwWo43Pq3+mdJ//y6/ejj9/i8GhGsAmg5jR6xqjoLQYNVt1+X9flYzWDVbXSk32DVPLjpj9Xv13+VVB0/1QFy6ySa+6wmWDWfh9lpr/TelHvNVWdNX1eN+iy3rUqPVSMFyj2u2mC10nut32++tuXedzqbjeU2YnV8fNzxBUJR76E56sSt7pmjsgHLon6bVHupt48qELGs0gDUZB7nqj0mmtt1+6FL3555TKg0lYzfspSbSsf80dN8XLtq1zqi3ju9D5bNZu2/K00FUKkf5fXZdBsJW+lz5fezXu1j3fphinlc9dqn277clDubzByZV2n/biHvyMiIfZv+nUEFkJbl3aYkk0lxG5lrXuPAvHiVWdZKZa/m+0i5z4L+OVXr6T8QxWKxsj9Ae7V/ltW+9byZeH2P1L+Pqs+yebbjSo7PqwHBKoCW08g5VvWOSD2CVXVQUp2kSqc8+ZkKoNpgVYWR+Xy+pOOndxbdlOsg6aMx1alY6rQk8xdS8yBfaX39NS/X0Vbvg37RITPYcntspY67n6kAqg1WLetGB9ztl2GFzmZjlet4ml/a1Chnt1N4y9Xh1RCCwB/qt5PeXqr2cXx8XFSd0o+tldp4c1t+g1UzvFBUW+8VNqnQwe20a6+ylGsn3M6o0Y/77apd64h6n/U+mBr5ZX5+/fSj/AarXp+rStvzqoOVHlupz+VWnnJ9pHL70vehb0fvmw8NDUk8Hq/4Y6i5f7fAW+/buQWQap1KbYpbu6AGO+iBpb4v1Xc0p24oV3avPmqlz4IepqkBGGruV3Nggt/2r53reTPxClb19kUpN9rd6/i8WhGsAmg57RSsqrk+q3ku5Tok5ryofoJVy7oxp5feqbcs57xO1ZbHPN1JnbKmOn5eI1Yrra+/5uoiQea+9V/X9V/T9X25jZSo1MkvNwLXnBfVb7Cq5iXSOyYmOpuNVU2wWi5Utawbpwm6jdwgWIWJ+u2kt5cqoNCno9GPrZXaeHNbfoPV8fHxinMle43EM0ed1mLEaiqVapkL1NRSu9YR/T1X7605ZVOQfpTfYNXrc1Vpe151MOiIVf30dD+vp1lvzPk9zb65mnLDrHOV9m9O42RZluiDEPQLvup9Aa82xa1dcJvn0uxHmiNuK5Xdq4/q9VlQ88mqUbjq+4v+/IO0f5bVvvW8mVQKVicnJ0vOzFLfs/TpKqo9Pq9WBKsAWk4jpwJQFzayrPoEq16dLZ2ak0nv+KggRw9E/Qar6nnpnfpKp8aX244KePVOnj6iM5fLlcxlao64qbS++Zonk0n7y4Y5x6qaZ8qybsy/qj/WnGNVXYXX7XmqjvLIyIhj3rtEIiFuF6cq916b96vRypXmsaWz2VhuUwGoecnU/+VCVf09N+fNc/shAKB+O5mj9OLxuONHQ/PYWqmN9xus6sdhVV/1em5evKrSSLyhoSFHoOJnxOrIyIgkk0nHscayblxURt9vu49Wtaz2rSP6e67myTT7TvpnxqsfVc1n09xWNZ+rStvzqoNeZTH7UPq1B5LJGxfo0udfrfR6msGq3r9U/We3vrm6T9W5SvtX66p9mf9b1o0g3E+b4tYuuM256taP1PdfqexefVSvz0I6nXb0nS1rOcjV+7BB2r92rufNpFKwak45od+uj6qu9vi8WhGsAmg5jbp4lXmKUL1GrJqnX1SaDmBmZsZxlVMzwFHb9xOsWtZy0GhORl4pPHJ7vdwCJ/2KsMlksiSwVadHqeCq0vpuoZd5xVfVmVNfPmKxG1dt1TsA6pd2db/XyOFcLue4Kq/ZuazmvXa7X/3iW26/dDYbS33GdMlk0vGlwe1UOfNLnTrNUN1n/uAAWBb12+R2mnK5EWdebbyfYDWXy9n1Vf8hVT+dVQ9JvAIjdVxSfYh0Ol11WdTp1epYox8f9Cuwu53C3I7atY6Y77k50lD//Hr1o/yEmerHeD10rPS5qrQ9rzroVRY1xYHZ9zXrgNq21+vpFkKqbaizg8r1zfX/vfavAshyZctmsxKLxUpur9SmlBvYYT5Pt35ktWX36qN6fRYmJydLBkOofrG+Tb/tXzvX82ZSrv+qT0diPkYfyern+LxaEawCaDn1ClYbTXVK9V/i1SjGRo9ECXLqFVbO69Srm266ybewnxOA6lC/gcqoI0D7o56jHYT1OSZYBRBYuwSr6hdpPVhVv/iXu7pmPZSbQxT1ZZ5+BgAAAABANQhWAQTWLsGqZTlPVVKnBrlduKJe+zZPdUb9qdNxqjm9DQAAAAAAE8EqgMDaKVgFAAAAAADwg2AVQGAEqwAAAACA/6+9u9lx21jTON4X0DfQd9D7XvgOfAfeZ+P9HMC3YKA3vfAiDTCGgESLMAvNAFEGIZJAyTlEErSQ4xGcRuigHRmTQG3nnNbYHQwT+Ngh3ll4XrpY4rc+KJH/Bn5ILEpUSWKRxYdVRaCrCFYB1EawCgAAAAAAuopgFUBtBKsAAAAAAKCrCFYB1EawCgAAAAAAuopgFUBtBKsAAAAAAKCrCFYB1EawCgAAAAAAuopgFUBtBKsAAAAAAKCrCFYB1Eawiq44OjqqrOkyAyiH+g3ko44A7Uc9Rxs0tR0TrAKojWAVXXF0dCRV/mhsAruD+g3ko44A7Uc9Rxs0tR2LEKwCqGldwepgMBDHcWQ+ny88JwgCcRxHfN9v/PNXMRqNZDabNV4O1ENjc/PCMBTf96Xf74vjONLr9cTzPAnDsPGymabTqTiO03g5UB/1O0mPwarf76/9mDsYDBL/X/f9ZrOZjEajzOXz+Vw8z5Ner7f0Z5tMJjKZTBr/vTah7XVkmW1u1xRtt6usI7R9d0vb6/k2CcNQer2eTKfThWXm8Ter7Zv3+ih6c77sum68Htd1JQiChef5vp94v6znrZLjOJnlXgWCVQA7Z53Bar/fl/F4vPAcz/M2cpK3aoPBYK0HEawXjc3NGwwGMhgM4gsserLnuu7S657P59Lv91dSzjYHq5PJRDzPa7wc60b9TrJDpul0Kv1+f60holmHlgm5ptNpIqQ16YnoaDSKT1Jns5m4rit5YWwW3/d3ri1SV5vryHw+F9d1V3ZMqGOT+9q87XbVdYS2725pcz3fNpPJRFzXTa33ZvCo+yf7eXmvn0wm0uv1EsfsIAhSOyz5vp84ZmoHprTnrgrBKsEqAMs6g9XxeLzQyA3DMA5Vd+1khsblbqOxuVnT6VR6vV5q71TXdVce8HieV7t+Vg1Wl3mvddvmsq0T9TspLdhcd4++TQSr9gmkCsOw1onkLrZF6mpzHfF9X0ajkbiuuxP7v2X303nb7arrCG3f3dLmer5tBoNBHIDabV07eNQ2cdnX93q90r1O0+q8noev67MTrBKsArCsM1jVHjLmECK9om83CjWE1SFL5s7acRwJgiBe7rpuYp3T6TQeKtHr9RIHEi2DOUTCPPkbjUbxUCn7Sr7v+4llNC53G43NzfJ9P7P3ju/7MhwOJYrehihmfRsOh3EjMwxDGQ6HiSFOukzrsud5ifqt9VR76eh+JWs4ox2s5u1zst5rMpnEzx8MBnEZ9fNp43kwGMhoNJ3etAAAIABJREFUNBJ7f2M+llfuqmWzQypz3b1eb6FXY95vsc2o30l2sKm/u4YqacczOxgdj8fxlAJ2b9cwDOPtTXvV5AWrWfVDy2a+j75v1ufKuihjnkgOBgMJgiBer35Ws+5oXSxbTsdxZDabxcub/o2ranMd0f3keDxeOO6Y7TyzfWn+1nbb0VzW7/cXAg5znbqt2vvarHZt1WNIme12lXWkqO1b5VjX9HbRRW2u59tkPp/HQelwOFyoc2nBqtnZKO/19nOLZAWr5jqzznfz2thF5+bmv/POp3dpOxYhWAVQ07qDVTtAGA6HEgTBQrA6nU7jEz67p6vjOIm5aUajURzKRNGbkzINFmazWeKKvNkg1qHDuh4Nd8IwjA8sWiZtOOp69KSRYHV30djcrLwea+YJqF7F1+eGYZg4+bMDWrthZ76fucyeuyqvB21asJq3z7HfSxvBur8wG7m6zFyfhjNmGTQYKCp3nbJpWbQhr41tHZ6m333Rb7HNqN+L9c++oGieZJUJVs0gNgiCRG8bz/MSobuGRebrze0qq37otm9uc67rZoYyecdhs12h5TefO5/PFy68mNt7UTn1QsM6h1euU1vriLk/NcMK/U3NoED3sfp7mtPU2Nu6tit1v6jbjfaMNdepzzO3l7x2bZVjSNF2u8o6UtT2rXqsw+a1tZ5vG/MizmQySbTDoihaqLNmW6vo9Vm9zrPYz7d7wead7+a1sYvOzc2LMVnr37XtWIRgFUBN6w5WzQavTgMQRcXD7+yQIysoSGM2WO1gtdfrJUJXu+errjftoLArQ8yQjsbmZlUJVu3eX+b+Qeegyro5gPl+9gmi3dDN6nWeFqzm7XPs9XietxA+6vp03faJpnlzAb1BQZlyVy2buTytJ6D2WCrzW2wz6ndSVo9V3ebKBKv2724ut2+4ocOM016fVz/0YmjWNmmrEhrZvWbStn+z519eOfX/131DkHVqax3xPC/xW5tTzdgXk0wa6Nv75rT2n7mdZN1spqhtmne8ytv2irbbtPepW0eK2r51jnXYrLbW821jnl+mTbNhXtRMu69I3uvrBKv2+5nnt3nnu3ltbFtWOzlv/bu2HYsQrAKoad3BahS9DRDG47FoI85s3IVhKKPRaGHIvq6zKEgYj8eJuybaVwn1Mbtxbffm0efY5VdMBbDbaGxuVpWpAIrCvCAIZDgcLgxHzjtRtRuaKq335bLBalrvQB02nDV/q9lbwTxZLSr3MsFqWkhqlo9gtT3SglHzZG3ZYDVtm856fVH9sE/A8k7KqgxzTvv8eY/llVM/3y63AdpaR3T4qcke1WTeNNWcZkbbnp7n5U6TYdadtG3f3m6L2rVVjiFF2+0q60hR27fOsQ6b1dZ6vk3Mc8us9mXe8aLo9ctMBaAXk+xpbLLOd6MovY1d5dy8aP27tB2LEKwCqGkTwaoGCOZcgGajUINR+0qf+f9ZQYEOibIbqOZ7ZzU+zaFetrSr9gSru43G5mblDb03exRVCfN0Og+zMafL7Po5Ho8Xen7mlXWZYHU4HGYOl8862dQh/1EUJb6nonIvE6xOJhN6rHakflcNVvN6nJrbnv5/Wq+9rNfn1Y+0Hqt5wWrZG/OklT+t55+5feeVUz/fLrcB2lhHtLeV+ZgOnbePPXlDVM3tSu8DYC6v2mO1qF1b5RhStN3mfRb78xfVkaK2b51jHTarjfV829i95KNocV+Ud7woer09JVQRu857npfo2JB3vmsy29hVzs3Lrr8KglUAO2cTwapePTOvvpmNQrP3mnlDDH1uXpCgV/XMUMJ8fl4j0PM8GQwG8UEjDMPEvFLmPFLaYNzlk6quo7G5eYPBIFHH5vN5fJFFn1MU5s1ms0QdzQtWzbquJ9dmz50qN68qCi/TbnRivsacdy/rZHM4HMZzVZYtd9Wy2b2ozJu0pM2xSrDaDmlTAeiNoaIoEnNu3rTjblGwas+xqj2t016fVz+iaHGO1eFwmBms6jY8Go0Sc1y6rivmiWpa+e25KvUksmw5d70N0MY6knbTGH18PB7LfD5P/IZmcGhO62CGl3pRUH9r+996Q6e8OVaL2rVVjiFF261tmTpS1Pate6zD5rSxnm8bc1o5+/EyIxzKvN7339xEztxPmXNEm+xg1Q5m8853s9rYVc7N89a/a9uxCMEqgJo2Eazqv81GpHmyrif3jvP27qtZE2RH0WKQoHcz1Mn8Pc9LNALtoQn2MAfzbrHmAUwPao7z5g6Hvu/v9ElV19HY3LwwDMX3/cSdl+0bWxSFeebdkPVkUZ9nvk5vOGIO3Z1Op4lpQrJ6glYNVtPey7x7qn1DnKyTzSAIxHEW523MK3fVstnL9QTbLmeZ32KbUb+T7CG79m+tNyYzj4tVglXzREtfbwf89o060uqHbpNaFp2rLW9+Nr1AYx6703rZpW239t3V9WaaZcpJsLpdtAdmWtCgvb/M9qXuS/X59p2wzQBWA8S0tqHddtQLhea+tqhdW+UYUma7XWUdKWr71jnWYXPaVs+3jTknvs3siZp1vCj7+ih6ux/L2k+ptF7q5mN557tZbewq5+ZF59O7tB2LEKwCqGldweo20DljzEa3Th3QdNmweUdHR5U1XWYA5VC/gXzUEaD9qOdog6a2Y4JVALW1OVjVuQrNGxWkzVUFAAAAAAC6iWAVQG1tDlbNoYrmMORl530BAAAAAADtQLAKoLY2B6sAAAAAAAB5CFYB1EawCgAAAAAAuopgFUBtBKsAAAAAAKCrCFYB1EawCgAAAAAAuopgFUBtBKsAAAAAAKCrCFYB1EawCgAAAAAAuopgFUBtBKsAAAAAAKCrCFYB1EawCgAAAAAAuopgFUBtBKvoiqOjo8qaLjOAcqjfQD7qCNB+1HOgPoJVALURrKIrjo6OpMofjU1gd1C/gXzUEaD9qOdAfSIEqwBqWlewOhgMxHXdheW+74vv+wuPDwaDzMcdx5H5fL6wLAgCcRwn9XX6XoPBYGPfZdZnwHagsbk5s9lMer1e4rEgCBYei6JI+v2+TKfT3PVNp1NxHKfxz5WH+t8s6nfSbDYT13XFcRxxHEcGg0HqcRSL31sYhjuxz6mqzXVkMpkktvfhcCiz2Sz19x0Oh/Hz+v1+vN/W9mbasrzthXqGbdLmeg6smwjBKoCa1hms9no9GY/HieVpwep8PhfXdaXf7y+sbzAYSL/fX1hPFEXieV5uw5dgFSYam5vV6/USJ7aj0Ugcx0mEqPP5vFR4sQshB/W/WdTvt8IwlF6vJ5PJJP53EASlX2/X03WYz+epx/yyJpOJeJ638nL1ej2Zz+e5+xzP8+Lvdpe0tY74vp+4QBeGoYzH4/i31OfpBT/f9yUMw/gxfZ29Dw+CQFzXzdzOlq1nVezqNofNa2s9BzZBhGAVQE3rDFa1YasN2ChKD1Z935fRaCSu6y6czOl67BOwMAzjUJVgFWXQ2Nwsz/MSF0T0BHU0GsWPTSaTUnW0zcGq53kLYfMm91ttQf1+a9n6solgtSq7nqxDEAQyHA5X8h1uozbWEQ0307aN0WiUCEWHw6GYxx9b2j48b/1t3Eaw+9pYz4FNESFYBVDTOoPV6XQqo9EoPlGJovRgtd/vy2w2k/F4vNAzQNejz9HHtbdK3WA1DMPEcDDP8xIBsDm8q9frxb0QptNp4nEzOCJY3W40NjfLDE3DMIyn9DAvkoxGo0SdmUwm0u/34yGVWifTTmBHo5H0er34uVmPm/sNvVCjQz51ued5cZ22ewWZ66t6Uq7M/Ym5L9P3VX//+9/j98r7XGY5dB+oPYK7ug+ifieZxy2bXZem02liW3McR4IgSNRFu/e5bov2VB5p9TJrGzXLkfeedj2ZTqcLZbaP2WY90Of6vh+XbTgcJo75UfQmeNP6nxea2e0Oc7/V7/fjXpJZ9T7t87quW+s7ztsndaGOaPswa5k5/UzWtFIqax8+Go0yv+e8ema2M+1ji10nvvzyS3EcJ7FN6nEzDMOVbHN52xTao431HNgUEYJVADWtO1i1r/bbjcPZbBY3iufz+cIcjGZAazZsh8OhBEFQO1g1h3eFYSie58XP1XJoI3g+nyeGjWlDdTabJRrqBKvbjcbmZpnD/IMgiOuXGSCYvdT1BFnrk1l/7ZBDe7ib9TLtcbvXvM79rO/heV6irmud1vfxfT8OYPQkOauOZ9V/ex+oJ/tmmcwTXDswKiqHDoNNmy6lS6jfSZPJRHq9ngwGg4WLBWWCVfNio+/78ZzpenHRrHv6/1n1MmsbtYNV8z09z0vM055XT9KO2a7rxnVE65z+OwzD+CKLrk/rqbn+MsGqzh1ttgvM9WXVe/vzmheh877jKvukLtSRopFJ+huW6V2atQ/Pe4+8emauTy8qmm1hu06Ywb6uW7eJZbe5vG0K7dLGeg5sigjBKoCa1h2sRtHbK+tRtBis2kODXddNNCx1PWYAq9MApK3PlNUYtsMTXac+pj3aynwn5uckWN1uNDY3T08kzZ6po9FIxuNxos5F0eLUAVGUfVKcNTQz7XEzvLXrqJ5s2u+pwavd4yct9FRZ9d88OTafa5apKFjNK4cZenUZ9XuRzjXZ7/cTPcDLBKt2PdJ6YYeYpqx6mbWN2sFq1ntGUX49STtmmxdz0kI1u+1gj5gpG6xmBZtF9d7+vHlBsanKPsnWxjrSdLAaRen1LK2jgLndpNUJndNV/+26btwbdtltLm+bQru0sZ4DmyJCsAqgpk0Eq/pvbRiaDUJz2Kt5N1fzdboebWSOx2PRMLZOsJp1IqInOnnrHI/HiTvAmidHBKvbjcbm5mmgatZjHapoBh9RtHhHZqU3F7FDmLT3S3vcrJdpwaq9LzDrdFp57JPltPcx+b6fuh4NkcsEq3nl2PRc0tuK+p0tDENxXTfe5uoGq2YdNm8emRXYqqxttEywWuYCRNox29xnlAlW7TneywardrnM5+TV+7xgteg7LrtP6kId2cRUADrtVFFZzHqm209W+zarTugNt+xgdhXbXNY2hXZpYz0HNkWEYBVATZsKVvVurGbPtclksnDFXocPpw2T1R4l5lDiOsFq2p3Iy/RY1c9gB8YEq7uBxubm6c1g7Ppm7wui6E0vnKzh7GV7rKbNG1fUYzUvWDWHWxbJqv/j8XihF5H9uqJgNa8cBKtvUL/zmfXNro/2RY6i3qPKHoqe12O1arBqzsscRfn1JO0meFV6rJojYsz1L9NjtajeFwWred9x2X2SrY11pMrNq4raaFVvXpVG65m2F7Oel1UndESH2YFgVdtc1jaFdmljPQc2RYRgFUBNmwpWoygSnTjfbBymDUsyAxZzPXoF3zwBqjvH6mAwiOc3y5pjVYdg6bAu7Rlhzt9Ij9XdQWNz83TaDrse6s1ozH2EThliX5CJovQ5Vs2hzeaFFnMO1bQ5VqsEq7pf0PXpviDts2bVf72QY+7r0m6oZZbJ3M8UlYNg9Q3qd3KbM2+ooz33zNEfus3pfKR2sGre3MkctjyfzxPbrxnQ5NXLMsGq+Z5pc6za9UTXqeGX/ZnMOVbzglX7Ik/Wa9Jeqzeg0s+qc7IX1fuiqQCyvuMq+6Su1BGdr1S/Tx2ar70/7d9Up6LR7zprnnz9be2bqpatZ/1+X0ajUeK9zDqVdQHfdd2Fm5ktu83lbVNol7bWc2ATRAhWAdS0yWBVT350CJJ9B1Rl9mRNm1LAPLkqClbtIVHmiZj2pLNvIhFFb+de1GF22lA17/Dq+754nkewuiNobDbDDDhUEASpoYXOU2fWsShaDDnCMBTzDsdmAGPfldwOMasEq/b79Pv9zDtAp01lYJbfnELE7FWkNyLRaQ/Mdenz8spBsPoG9fst887gadut9tDUZfYoDcdJ3rHerEcaWprbsh47s+pl2WA16z2jaLGepA2dN4/Zdj3PC1btAM58jc1+bRQl91tm4JVX74uC1bLfcd4+qUt1RNuN5neW1rN3Op0m2n79fj9u39n7cHvO/6r1bD6fJ97LvOiXt9/WYDVre62zzeVtU2iXNtdzYN1ECFYB1LSuYBXYNkdHR5U1XWYA5VC/d1va9ANYLeoI0H7Uc6A+glUAtRGsAgCAJhGsAgCAJhGsAqiNYBUAADSJYBUAADSJYBVAbQSrAAAAAACgqwhWAdRGsAoAAAAAALqKYBVAbQSrAAAAAACgqwhWAdRGsAoAAAAAALqKYBVAbQSrAAAAAACgqwhWAdRGsAoAAAAAALqKYBVAbQSrAAAAAACgqwhWAdRGsAoAAAAAALqKYBVAbesIVgEAAAAAAHYBwSqA2qrUe/YRAAAAAACgTQhWAdRGsAoAAAAAALqKYBVAbQSrAAAAAACgqwhWAdRGsAoAAAAAALqKYBVAbQSrAAAAAACgqwhWAdRGsAoAAAAAALqKYBVAbQSrAAAAAACgqwhWAdRGsAoAAAAAALqKYBVAbQSrAAAAAACgqwhWAdRGsAoAAAAAALqKYBVAbQSrAAAAAACgqwhWAdS26WD1+o9/yfnshXz9+J/y1Y//kOHDS7TIVz/+Q75+/E85n72Q6z/+1fj2DQAAAABAHoJVALVtKlj98dlv8un508aDP2zWp+dP5cdnvzW+nQMAAAAAkIZgFUBt6w5Wn17/IV8Ev8ZB29ePr+Tyxe/y8tVrefX6z8Y/P1br1es/5eWr13L54nf5+vFV/Lt/EfwqT6//aLx8AAAAAACYCFYB1LbOYPXHZ7/Fwdr57Fpevnrd+OfFZr189VrOZ9fxdkDvVQAAAADANiFYBVDbuoLV//r5eRymPQ9fNv450azn4ct4e/ivn583Xh4AAAAAAKKIYBXAEtYRrD76/56qXwS/0ksVsZevXsfTQjyi5yoAAAAAYAsQrAKobdXB6tPrP+KeiYSqsL189TrePphzFQAAAADQNIJVALWtOljVHokM/0cWnRbgi+DXxssCAAAAAOg2glUAta0yWNUpAM5n141/Lmw3vaEVUwIAAAAAAJpEsAqgtlUGq5+eP2UKAJSiUwJ8ev608bIAAAAAALqLYBVAbasKVq//+JcMH17K14+vGv9My/A8T/b29sTzvMbLsm3u3r0r+/v7cnW1mt/468dXMnx4Kdd//KvxzwYAAAAA6CaCVQC1rSpY/X72QoYPL+Xyxe+F6zk7O5Nbt27J/v6+7O3tyd7enty4cUMuLi5KleP09FRu3LiRufzq6iqx/oODA7l9+3apddcJVm/cuBF/jr29PTk8PBTXdRv/beu4c+eO7O3tZX7vZYLVi4uLzHWYLl/8LsOHl/L97EXjnxvb7+joqLKmywwAAABg+xGsAqhtVcHq14//WWoaAM/zZH9/Xw4ODuTu3bvieZ6cnp7KzZs3S5fj1q1bucGqhqqnp6fieZ7cuXNH7t69W2rddYPVw8ND8TxPXNeVw8ND2dvbKx0Ub5O8YLWs09PTUuvQ6QC+fvzPxj93G0ynU3EcJ3PbdV1XHMdpvJy+78tgMJAoimQ8Hku/3xfHcaTX68lkMsl83dHRkVT5I1gFAAAAUAbBKoDaVhWsfvXjP2T48FJevf4zdx0HBwdycHBQ2Ovxzp07cY/Tw8NDOTs7ix83e4emBaw3btzIDF7TgkPz+Rqs3r17Vw4ODuL30PdPY7+fHc7u7e2J67py69at+P+1LPoeBwcHcnp6ulBWXb6/vx+/znXdzNednp4mXnPnzh2Joje9eG/evJnoVZsW/OYFq/ay27dvJ3oFu64rrusmeiLnBayvXv8pw4eX8tWP/2i8HrTBdDqVfr8vvV5vYdl8Po8DzKbLaQarQRDIbDaTKIpkNptJr9eT+Xye+jqCVQAAAADrQLAKoLZVBavDh5cyfHiZ+/qzszPZ29uLw74s2uNRe7RqD9Srqys5OzuTw8PDuIdoWuCpAeCtW7cWwsOywaoO59cQ8/DwMLO85ut1GoK9vb24bBpy3rx5U+7cuSMXFxfxZ7xz5454nie3b99OhK728rt378rFxUU8zP7WrVvx43aIq6/R8uvnPjg4EM/z4telhdtlg1X9nlzXjXsdn52dycXFRfz59b3yfusy2w3KmU6nMhgMZDgcLvT89H1fxuPx1gWrtsFgINPpNHUZwSoAAACAdUgLVt95553UADXrcYJVoKM2GaymDbM3ezZq4KpD6/U5Gibq6/J6pCqzx+vNmzfjgLVssGr2AtXwMmtovz3Hqh0ep/WstT9jFL3pzatTIqQtN8tvhqIHBwfx++3v76fO8aqfQYPdvO+tTLCqIfnNmzcXwu0q0wkQrK6OBquTyUSGw2FiWb/fl/l8nghW5/O5DIdDcRxnYQoB3/dlNBqJ53nxMP3RaJRY7vt+4j3MULRo3VnBqpYzbRnBKgAAAIB1yApW7RA17TGCVaDjVhWsfhH8WjgVQFqPVe3VaAerdlCpPVh1eVGwqvSGSxpSlg1WzSDIfMycikBfY86x6nneQk/QtF66aZ/BfCzrM9pTISgNZM/OzuIh/zo833ytThNw69atpXqsRlGUmE/WnC6hbLCqc6x+9eOvjdeDNtBgNQxDcRxHwjCUKHozxF63AzNYDcNQgiCI/7/f78c9XX3fl16vlwhKe71ePGy/KFgtWndasOp5npjhrY1gFQAAAMA65AWrGqTa/yZYBSBRtPmbV+kcq/bjdrCaF5xWCVajKBn0pYV++/v7qXOs6nKzx+rFxUUcoGqQWFSerGB1mR6rRZ/54uJCDg8PZX9/f2GZfp60G3pVCVaV3pBMy141WOXmVauhwWoURYnpAEajUfz/eVMBmGFpWvhpBqdFwWrVdY9Go8xerIpgFQAAAMA6pAWrdpiaF6oSrAIdtqpg9fvZCxk+vJTLF7/nrsN13XgO09PT03h+TjN81OfoXKHaU1TXcePGjXi+0LQ5Vg8PD+P5WbVXpYa5WXOb2sGqfTOmZYLetGDV/oz2HKvm0H39jjTY1RBTvxud31Rfp4/fvHkzDlb1u9D/FgWrug5znlQzMNV5YnW5GQrr8/T9sr6Xyxe/y/DhpXw/e9F4PWgDM1gNgiDelnq9Xtx71QxW9fk6XN9xnJUFq1XWHYZhooxZCFYBAAAArENWsFqmpyrBKtBxqwpWr/735f/3PlwcXm5zXXdhuP+NGzcSIdzdu3fjYevmUPcoejPcXZeZjysNFM3XmvOKaoipQ+Jv376dOseqvoc5zD1NnWDV/owHBweJeV2jKDlP7MHBQVwGz/PiIfgaUuvnsx83b4al69rf3y+cCsBmLrN/A3uu1aurq/j3Tesxq75+fCXDh5dy9b8vG68HbWAGq1H0JlAdj8eJ+VbNYFWX67+X7bHqum68vMq6Z7OZ5E0BoAhWAQAAAKxDXrCad8MqglUAKwtWoyiST8+flpoOANBpAD49f9p4WdrCDlY9z5NerxdPAxBFyWDVcZx4ztTpdCq9Xq90sBoEgfT7/biX6Xg8Fsdx4uVV110GwSoAAACAdSgKVssgWAU6apXB6qNnv8nw4aV899//0/jnwnb77r//R4YPL+XRs98aL0tb2MGqBprmc8xgVW9Q5TiOeJ4n4/G4dLAaRZGMRqN4mL/OkWr2aC277vl8Lo7jyHw+z/18BKsAAAAA1oFgFUBtqwxWX776M+61+jxkeDfSPQ9fxr1VX776s/HyYDcQrAIAAABYB4JVALWtMliNokieXv8hw4eXMnx4Ka9eE5oh6dXrP+Pt4+n1H42XB7vj6OiosqbLDAAAAGD7EawCqG3VwWoURfL97IUMH17KF8GvhKuIvXr9p3wR/CrDh5fy/exF4+UBAAAAAIBgFUBtVYNV/vjjjz/++OOPP/74448//vjjj782/RGsAqilarC67M7m+vpaHjx4AAAAAADYgFWcwwFtRrAKoDaCVQAAAABor6ZDK2DbEawCqI1gFQAAAADaq+nQCth2BKsAaiNYBQAAAID2ajq0ArYdwSqA2lYdrL7zzjuxrOc03bAAAAAAgK5oOrQCmlAmm1AEqwBqW2WwWnbH1XTDAgAAAAC6oumAC2hK2YyCYBVAbasKVqtcDWq6YQEAAAAAXdF0uAU0qUxWQbAKoLZVBKtVQtXra4JVAAAAANiUpoMtoGlFmQXBKoDa6LEKAAAAAO3VdKgFNIkeqwDWijlWAQAAAKC9mg62gKYwxyqAtVtlsFp2x9V0wwIAAAAAuqLpcAtoQpVRtQSrAGpbdbBaRtMNCwAAAADoiqYDLmDbEawCqI1gFQAAAADaq+nQCth2BKsAaiNYBQAAAID2ajq0ArYdwSqA2ghWAQAAAKC9mg6tgG1HsAqgtiaCVQAAAAAAgG1AsAqgtqrBatPlBQAAAAAA2CYEq0BHEawCAAAAAADUR7AKdBTBKgAAAAAAQH0Eq0BHEawCAAAAAADUR7AKdBTBKgAAAAAAQH0Eq0BHVQ1WAWBZT548abwMAHbfzz//3HgZAOw+2iUAVoVgFegg6j0AAAAAAMByCFaBDqLeAwAAAAAALGev6S6zAJrR9M4HAAAAAABglxGsAh3V9M4HAAAAAABgl+09evRIrp5fA+gQglUAAAAAAIDlEKwCHUSwCgAAAAAAsByCVaCDCFYBAAAAAACWQ7AKdBDBKgAAAAAAwHIIVoEOIlgFAAAAAABYDsEq0EEEqwAAAAAAAMshWAU6iGAVAAAAAABgOQSrQAcRrAIAAAAAACyncrD6b3/5S+OhUFm/XD6T7x5M5JfLZ42XJc35D4Gc/xDkPufipyfy3YNJ42VFuxCsAgAAAAAALKdSsPpvf/lLbFUBz3v378t79+/LN9+exY/9cvksfvzLv/6t9rq9zz6X4+PjOJi8+OlJYZBZxYfuR3J8fCzvf9Av9Xw75D05OZH37t/Pfc37H/Tl+Pg4/vf5D4Fc/PSk8WAOu41gFQAAAAAAYDm1eqyuMlw9Pj5eCCe//Ovf5OTkRI6Pj+Xj4SeJ5+f1Pk1bZvb2/ND9KDXILOraUzzSAAAD00lEQVTRmrX85ORE7t27J8fHx6nPMR+7+OlJIuTVx4pC0l8unyXC4Hv37i18J0BVBKsAAAAAAADLqTXH6irD1ePjY7l3756cnJzEj2kAagarHw8/iUPYk5OTuCerPj749/+Il3/ofpRY9t2DSeL1+tj5D4G8e3oaP/be/ftxGKrr1OV2ub/59kyOj4/j/5o9a81g+Pj4WP7zUy8OYPV99D20t665Dg1hB//+H/H3cPX8Ov5/pa/zPvt84XVNB3fYbgSrAAAAAAAAy6l986pVhatmKKrTAZycnMSPfTz8RM5/COLA9LsHE3n39FROTk7kl8tncWD6/gd9+e7BJA4fL356kghWdR3vnp7GQ/Lf/6AvJycn8s23Z/G0ARrkmiFtWg/R9z/oy7179+Tq+bW8e3oq756exstOTk7i9/nyr3+T8x+CeNoA77PP4x6oZsh6cnIS99rVspz/ECSCVX1cv4er5296sOp7m69rOrjDdiNYBQAAAAAAWM5W9Fj9ePiJvHt6Kh+6H8k3357JycmJfPdgEi8zA9Kr5296hNo9UXVZWi9VXWYGmWn/vnfvXqI3qRmWmn65fBa/9rsHkzg01RtNpU1hYJfFfn8Nkn+5fJYIas1gNW3dut6Ln54sBLxAFoJVAAAAAACA5WzFHKsfDz8R77PP5d69e/Kh+1HcI7PpYDXrxlL6/jbvs89rB6s6jF+fp9MCFAWr5vB/c1oAIA/BKgAAAAAAwHIqBaurDlWvnr8NVjUg1PlTzRCxzFQAZYNVHaJ//kNQOBVAVrD6/gf9eL1Kh///cvksMRXAN9+eyTffnsVl8T77PJ7ywH4P7XFq3gwrLVjV70FvfKXTEmTdRAuwEawCAAAAAAAsp1aP1VUGPGaYaYaDdu9M84ZQaTevKhOsmje48j77XH65fJa4IZR986q0YFWnAdD5UJU5HYB986ov//o3ufjpSaL8ae+hPWH15ltXz5PB6tXz68TNtnQuVb2JlV0mIAvBKgAAAAAAwHJq37wK20ODVe0JCxQhWAUAAAAAAFgOweoOO/8hkPfu34+nHmi6PNgdBKsAAAAAAADLIVjdYRc/PZH3P+jLx8NPmFsVlRCsAgAAAAAALIdgFeggglUAAAAAAIDlEKwCHUSwCgAAAAAAsByCVaCDCFYBAAAAAACWQ7AKdBDBKgAAAAAAwHIIVoEOIlgFAAAAAABYzt6jR48EQPc0vfMBAAAAAADYZXtNFwAAAAAAAAAAdg3BKgAAAAAAAABURLAKAAAAAAAAABURrAIAAAAAAABARQSrAAAAAAAAAFDR/wEhgshtbIPw/AAAAABJRU5ErkJggg==&quot;&gt; obscures it
Build info: version: &#039;3.10.0&#039;, revision: &#039;176b4a9&#039;, time: &#039;2018-03-02T19:03:16.397Z&#039;
System info: host: &#039;KHAGENDRAP-LP&#039;, ip: &#039;10.225.2.82&#039;, os.name: &#039;Windows 10&#039;, os.arch: &#039;amd64&#039;, os.version: &#039;10.0&#039;, java.version: &#039;15.0.2&#039;
Driver info: org.openqa.selenium.firefox.FirefoxDriver
Capabilities {acceptInsecureCerts: true, browserName: firefox, browserVersion: 78.8.0, javascriptEnabled: true, moz:accessibilityChecks: false, moz:buildID: 20210217034806, moz:geckodriverVersion: 0.24.0, moz:headless: false, moz:processID: 11220, moz:profile: C:\Users\khagendra.prasad\A..., moz:shutdownTimeout: 60000, moz:useNonSpecCompliantPointerOrigin: false, moz:webdriverClick: true, pageLoadStrategy: normal, platform: WINDOWS, platformName: WINDOWS, platformVersion: 10.0, rotatable: false, setWindowRect: true, strictFileInteractability: false, timeouts: {implicit: 0, pageLoad: 300000, script: 30000}, unhandledPromptBehavior: dismiss and notify}
Session ID: 4adc3f67-f624-4b13-a267-bd0380f2e7e9" type="org.openqa.selenium.ElementClickInterceptedException">
      <![CDATA[org.openqa.selenium.ElementClickInterceptedException: Element <span class="test-name"> is not clickable at point (202,198) because another element <img class="featherlight-image featherlight-inner" src="data:image/png;base64,iVBORw0KGgoAAAANSUhEUgAABVYAAAKOCAYAAABN80LeAAAgAElEQVR4nOzde1xUdf4/8CMKtTp201SysquxtX77tlnub/fblm4Xd7fW3F3tsmVu6SClZCldtIJKFFMoFEnF+w01JUXNJFO8gggioqLcBVEQRGAYLnJ5/f4YP8czM2dggLkA83o/Hs9Hzplz+ZzPGYbh1Wc+R2poaAARERERtU91dXXQ6/UoKipCTk4Orly5goaGBrA6V9XX1+PKlSvIzs5GUVER9Ho96urqnP76IyIiIuqsAKCsrKxNJGefBBERERFZVl1djeLiYuTm5qKxsdHJ8R/L3tXY2Ijc3FwUFxejurra6a8/IiIios4KYLBKRERE1KmVl5cjOzsb1dXVAICK/auQO3EAst68kTqR3IkDULF/FQCguroa2dnZKC8vd/rrj4iIiKizYrBKRERE1MkVFRWhoKAAAFB1ai+y3riROrGqU3sBAAUFBSgqKnL664+IiIios2KwSkRERNTJ5efno7y8HABQOO81pwd/ZF+F814zjEyuqEB+fr7TX39EREREnRWDVSIiIqJOLicnBzU1NQCAcxPvQ9Z/bnSo/Cm34ORfPRx+XFcmKicnx+mvPyIiIqLOisEqERERUSeXmZkpB23OCPkYrDovWM3IyHD664+IiIios2ouWB07diyDVSIiIqKOLCMjg8Gqi2GwSkRERGR/TQWrY8eOlTFYJSIiIuqgjILV1290uPwPrwWrTji2q2KwSkRERGR/loJVZajaXLjKYJWIiIioHVMGq5mv3+Bw+R/cjJPD3Z1ybFfFYJWIiIjI/tSCVdMwtblwVUJT5S05l1bC1QldcXVCV0ArAeMl1Pp0Q42PBzBeAt6RUODbH6jNwRUAOgBorAQaqlDd5ImxWCwWq63l7F+CRK7CKFh97YYWK9s5X96+ImkfUv7WG5mvWL99/oe3IPV591Ydm1pHFINVIiIiIvsBLAerzS1jsMpisVisNpWzfwkSuQqjYPXVG1qk4KvnzH52CyNDceJZd6v3kf/BzYZg1Yp1Ly1+F0XLpqFwqbrcT4cjbYRHi8+jRec846+4tGoaCkJ9cOpv7ihZNx2FS6chfexApP/LvsfOfPUGmxxPFINVIiIiIvsB1IPVltzIisEqi8VisVpVzv4lSOQq2hKslm762uxntyJpH479uRtyJw5E+d5VqDy+D5d3rsSpEb2RMbptwWrViV+bfN/In/+JYVoBOwebAFB+ZDeSn+kmH/vMe8/bPdRVhqJtOZ4oBqtERERE9gNYvnmVtRisslgsFqtV5exfgkSuwihYfeWGFikIsDxita74nNHyiqR9SH6qm9k+8idfC1atOJ4IVmvOZ+F8+KfqI1b/4dHi82iJkrWKYPXPJsGqnY+d+coNNjmeKAarRERERPYDMFhlsMpisVhOKmf/EiRyFa0JViuPRuPsO4/j7EgP1TlW1QJXAEh4oqtNglURajYZ+s74K678HAFd0m5c2fsD8udOwKm/urd4ncJvX0fFwU2oSNyNgoWGMFfZBrnvPnkFl1ZMQ+Uxw76yprxgFnyWrJ2OymO7UZHYdJvE8dTWESWC1fxP/oBLq6YZTw/AYJWIiIjI6QAGqwxWWSwWy0nl7F+CRK7CKFgdfUOzSn8wfP2/XleGo092VV3HYrA62Hx9OVi14thGwepT3Syud2nxu6rHvxS1GClDu1m9jhidqqy68lKjNpguV1bmJ6/g9N8N56aL29Sq4wHAheWzDfPWjjYOVtNf74MGneG4+fM/wUkr+1EUg1UiIiIi+wEYrDJYZbFYLCeVs38JErkKZbCaMcqjWVlj+6AmNwU5M97GyeHuyH13IErWf43yQ1txft6HOP3P3kj/lwdqclOMfqbLE2OR9KeuZvvL89XgxLPdrDq2/lqwWldeivIjhpGfQuHab3DiL4a5XUVlB3rj5AvuyP/kD3IAmR3ojfSxLVsnf/4nOPFsNxR8NVxeVnZkN5L+r6v8uPJ0IlL//SAyx/SVQ9Sa81k4+mRXozalfzzacNOrNdPkZfGPu6m2W7lO4tO9kP4vD/lxms9zqE5PAgAUbV6M40Ot68OMUdf3wWCViIiIyH4ABqsMVlksFstJ5exfgkSuwtpgNWtsH6T/yyQUnfoEGvRlRj+79boypP7n90h/vQ+ubJ+PyuP7cGHplzg1orfZ9q0NVtVKBJ1FiwwjUWvOZ+HsxOeR99lw5H02HFd+jgBgCCHz506wep268lIkPHE9EC7/JcLoeKJEGJoxysMoJD355hNIf70PCr4yHCNj3EDkfzEcFQevj2CNf9zNqN1Hn7x+vJI101C4ZBrOjHkQZ0deD0UrTyfK/038o3lgzWCViIiIyLkAICkpqdUYrLJYLBar1eXsX4JErsIoWP23h5m8qU9An7oPAFBzIRcZH/0Tp/7qjox/m49KFVW6dyuSn+qmuj+z/U/S4MRfrFtXn2IIVitPJyLd93mcmz5clv3+EKS9ZDzKU63K4nfjfPinVq9TFr/bMNL2WhvE/sVyUWk+z+H0393l9UyXl6yZJo+INa3437uZ7ddSH5hWXXkpjg3rjfR/Nt9/pvtgsEpERERkPwCDVQarLJa9KnCw4edOKxn+bW1F+wNhLwGfP3R9e60E+PY07GfJ68CxKNu1U3kMW+mspbymq7Vt3p2zfwkSuYrmgtWqU/uMfjZrLuQaRlSqhHzKiv+9m92C1abCRxFQqoWvIoC9tML6dWwRrJ6bfn0Kgfz5nyDb7wWjZa0JVmvOZ6E8YTcAwxysKUOt60MGq+1PdEoBtZKzrx1fN0T25eyfM6K2AhisMlhlsexVLQ1Wo/0N4am14eXnDwEHl7S9nQxWrS8Gq0QdklGw+i8PM2p1atxQnP67e5M/w/GPuanuz1TexGvBqhXrGgWrf+yqus7Fua/JbUh8uhfSRxqWFy18F4VLpiHb7wWcn/lqi9ZJfvEBnB1hWOdqYbZRG0QVbV6M4093k/ej7IeS1dOMtsn4l4e8TKwj2i2PQB3pgdx3r08pkPr6E0h76Xqfp380GrmfXg9nlW1sjny9Gay2C84OLjoyZ187vm6I7MvZP2dEbQUwWGWwymLZq1oSrIa91PoQM9q/be1ksGp9MVgl6pCUwWr6vzzMmH7dv+ZCLo482RXp/zIfzSrqUvRKHPtzN9X9mcqbqMHxodatqwxWE//Y1eJ6NVmGmzrVnM9CXtinuLzdMC9qXXkpkkc8iLQR1q0jQlSxji5pt3yOog3KKtq8GIVrv0FdueEr/xeWz8bxod2MgtYLy2fLxxIV/5gb0hWhbeXpROSFfSrfnEp5vqJOez+HU39zl/ukJOYHJP2f5T5REsVgtX1ggMA+Yx8QGetMr29r6+o11pbd29pQC5z8DlhzGxAhXbdYAtb1BNZpgDW/AY58CpxZ5tC2ylV9Gfj5BWDdTdet7Xmd0fKbr/37ZmC1OxA3GWhsdEifMlhlsMpi2aesDVY3fmj+lf/VWvPRqMXZwC/B6iGsLUauWqqDSxx3rPZeDFaJOiSjYPWfHmbyP38WV4vOATCEqulT/4mTL7gj/Z8eOPeh+c2rai7k4vg/7seZEeb7UnPu3WvBqhXrGgWr/6+rxfUyx/SF/rjxja5q8rNw8s0ncPrv7lavc87vD3LYKZ6/FLXYqA2iijYtNtpXWfxuJD/fG2dfNj9WTX4WcmZOkB+feM1wTNPjme4n/Z8mwepf3XHef7jZsub6URSD1fahMwUI7DPn9sG0adOIOhRX+BlvquoAVKSuRtF/JVzub3BxrIQrJ1aiFkBjE9vara0NdUDZGeDYXGC2BOwbB6RvAk6vAU6vBnL2Ahv6ARvvBKL/CHwrAWESEOdrscF2aWcjgM3/Ywh7Nz0AbP0tsMXL8N+tDwPRj6jb+jCw6V4gXAL2jXVInzJYZbDKYtmnrAlWi7ONv/7/+UOGZc2Vadjp52nbtjd1LAarDFaJOhijYHWkh0XnPrwWOJosz3yzDy4tnYKilV+hIOxDnBrRG2dHWN6P2X5FsGrl+i2RM+Eh5H02HFmThuD038zbbu065/2HI/fT4Tg1XP15uS/G9EX+F5b3dW7qH3BuWvP7EetljB2ItH/Yvl9EMVhtH1oTIEyePNmi7Oxsp59Te+yzzsZSsMpidZRy9WC1vrEeurhQlPtJ0H/lBn3071Ab/TvUfNUVuo8k6ONCUNfE9nZra20psPNpYPMjwC8j1Q++6X5g29NA2reGEaxLr4Wrx750SFsBANXFwEIJ2PmiFa82lVosAauNI0t79SmDVQarLJZ9yppgNdrfOLTMOGD9/k1Huv4SbJNmmxWD1evFYJWoQ1IGq2dHelgt440+KPt1FXTJ+5Az422ceNa9RdsL597VIPmZbq3allpHFIPV9qG1wSrORhvZvHmzy4SrnSl0sWUfMFhldaRy+WC1LAeVm/6NypldUDX/LlR/2x/V3/ZHVdhdqJzZBbofRuPqlVyL29utrbVlwM/DgC2/B3a/CtVhqNuGAD+PAE58BSySgGUSsEQC9o8D6qrs3lYAQE2p4dg7/9qSl931WiYBq7s5pE8ZrDJYZbHsU9YEq6u1xqNVW1rK0a42CPpUi8Hq9WKwStQhGQWrL3tY7dLSKUY/symjf49Tf3Nv0T7OvuyBXJ8ehmC1hdtR64lisNo+2DpYrVo8AJMnT0ZaWprTz6099Vlnw2CV1dHL1YPVuqIT0K/7KypndkVV6B2oCrsbVQvuhv67O6Cb2RW6dX9DbWGqxekA7NbWmlJgyyPAj/8DxH+qfvC8X4CCQ8CRd4HvJWD5tdGfERKw3xu4WmnXtsrtXCQBu4arNNCKWspg1WbBar23IljVimC1m3GwWtN8sNrY2NTsF82Xpe3bul8Wq92WI4JVcYzAwcCS19vWXkvV1mBV2Q+AYaqDsJeuh8J+nobHaqN1Mw4YRuYGDjasZzoXbeBgw/PWTJ+g3OeS1w39rdxf4GDD9WhqX9YGq6YjkS1M8eDsD0FErqK1wWrJ+q+NfmZPjRuKk8NbEaxO0DBYZbDq0lobrFZWVhoFq4cOHZKDVRGupqenO/382kufdTYMVlkdvVw5WG0EUFd5CfpdH0A3syv0czXQh94BfegdqJzdExUz3VC5azKu6oqdEKxeAaL/F9jyGHB4qvrBT4QAqd8Dyf5AqGT4Sr4YtRomAUkzgbwdQH2tXdpqaOe1YDXGimC1oR44FmC8LOr3hukAHNCnnT5YNR+x6mE+YtWKYNUexVCV1anLmmDV9Ov87XE0qC2D1eJs80DT0lQGS15XX0+Nb8/m21Wcbd0+fXsagtHmzsVSsPpLsFWhKsBglchRlMHqmREeVsuZ/ATqdYYbV5UnxuLIk11btL2QO0GDY3/u1qptqXVEMVhtH2wVrCYmJhoFqyJcdfb5tZc+62ysDVb9/Pzg6ekJSZIgSRKGDBmCzMzMpj8XtrJ27doFSboeAQwZMkQ+riRJ8PT0hJ+fn12Ozep45fLBKoCq7L3QrX4aFUEe0M3qjspZ3VEx6wboVj2Nmpy9qG+0fAMru7VVGazGWfh5Xf0bYPktQHUJcOC/QPwkIH4ykPABsGEgsPlhIPpRQ/hph7Ya2tmCYLW6GFggARseMUx1IOqQt0P61OWC1asTPFA74UZgnPODVUvFwJXVKcqaYDXjgPWhnrPKlsGq8t+fP3T9senNt8JeMg88xfqBg9XDWd+elueotRToin2ajobVSurXoblg9VhUi25G5uwPQUSuwjhYdXe4XJ8eOPbnrk45tqsSxWC1fWhLsHr1UrocrCYkJKjezCohLq7JfU2dOhWSJCEwMNBouSRJTu8bW/ZZZ2NNsDp69Gh4eXlh165dAIDLly/j+++/t/jZq62lFqwqg9T169fDy8sLo0ePtlsbWB2nXDlYBYAGGMLV6gvHUBn7OSo3jkTlxpHQ7/0MNReOof7aOs4NVj9SP3j8FGDvGMO/63RAnd4AABKmAz/+Doi6z3AjLDu01dDOloxYrTV89X+5BKy+A9BfcGifukiw2s04WPXxaNfBKovVKcqaYBVQDxH9PA2jK+11Q6qWlC2DVRGAHou6/nxxtvFj06/RW5omoDjbeCoFsa5azX3GeL25z5jv8+AS44DVt6d5KNpUsNrCUBVgsErkKEbB6j/cHS7X+1qw6oRjuypRDFbbh7YGq4IIWFNSUrB3716sWLHC6mBVo9FAo9GguLhYXs5gtX1rLlhNSEiARqOx2+hUtWouWAUM4a5Go5HDXpbrlksGq42NaATQ0FCHq6VZqC06jprLmai5dBJVmT+hKnMnaopO4erlDNQWHkdtaRbqG+oM4arJADu7tdWaYDU1HDhiYf7VY98Yto0aaP9gdaFKsHp2E3AsGEgONTg+H0icBayQgLUSsEoyzAtbsNes6fbq004frBrmWO0m/7Ff69PNPFg1vXlVY6XTpwLgqFVWhy9rg9Wmvh6vDOlE0NqS+URtUbYOVpvbXtkXTfWbKGUwrTZP7bEo68JXwBC2NnVDMEvBaitCVYDBKpGjMFh1PfLbOoPVdqEtwWplZSX0er1ZuCpYG6wOGTIEXl5eGDVqlLxcGayGh4dDo9HIXyWPj4+HJEnYuXMnGhoaMH78eEiSJAezXl5emDp1arPnofyauClb91ln01yw6ufn1+zI0JkzZ8rTBHh6ehqFnVqtVr7mTT2n1V7/zGdNsCq2V27Hcs1yxWC1oaERdQBqys6jcucHqJj/MCrDfofKZU+hMvIFVK59AZXL/ozKBYNQMf+30O/6ADXleai7tq3xvuzUVjlY/b3lm1ddPAic36P+XMJXwI+PAlEPOmbE6i+KYLX6MrDyJsPcqUsUll4LVYXVkmGd9BUO6VM7B6td2mWwWjPhRuM5Vq0IVmtra1FRUQGdToeKigrU1NQ0eerNBaP19fXQ6XRmP4jWbs9itfuyNlgVZTr6srmgNdrfMSGrLYNV06/8q9XcZwzbWDNvKmA+p6lpKYNXa46vnIfVdH21YLWVoSrAYJXIUZTBato/3B1OBKvOOLarEsVgtX1oa7B69epVo5GryoC1JcHqzp07jcJSEW6mp6dDkiTEx8ejoaEBo0aNwvPPP4/nn39eDk89PT3h5eWF8PBwFBcXG63fnJaGqq3ts86muWDVUqiprF27dskjWkXIKpZ7eXnh8uXLAAyjX8W//fz88Pzzz+Py5cu4fPkynn/+efk41garfn5+GDJkiFWfB1mdt1wxWK2vLIb+xGroEuahYs8X0K0YDt03nqiYLqHiYwkVn0io+ExC5VxPVCwfblgnYT70J9agXldstC+7tdWaYHXbY8D6h9Wfc3awut4TWGMSpKpZIwHhEpAYaPc+7fQjVq9O6NZMsHqXVcFqREQE+vfvj3vvvRcDBgzAXXfdhREjRiAnJ6fJLrBUR48exQMPPICUlJRWbc9itftqabAKGEZMrtY2P4JV+XV1e08XYMtgde4z9m+faSm/3m/phlPKEkFp4GDz0a2mwWpxdqtDVYDBKpGjGAWrL7k7XK53DyT9X1enHNtViWKw2j60NVitr6+HXq83GrkqtCRYbWgwhKZeXl5oaLgerAYGBpoFn0OGDEFgYCC8vLyQnp4OT09PBAYGYtSoUYiMjIRGo2nR+bQkVG1tn3U2tghWTUuEopmZmdBoNKrzsXp6eiIhIUF+vGvXLjkkZbDKakm5WrDaAOBqyVno5nmhIsAD+m3e0CfMhz55JSpjA1AZ+TwqIoejcv9X0CevhP7ofFRu80Z5gAd087xQU3LGaL5Vu7W1uWD1zFLgOwkIlYCUUPPnjzooWK2+NhVAW4PVQ1Pt3qftMFjtYruRrqbB6njDY7WpAErR9Byrs2bNQpcuXbBw4ULs2LEDs2fPhru7O8aMGdNkF1iqCxcuIDw8HIWFha3ansVq99WaYFVZGQcMo1LDXlK/uZK1X29va9kyWLUm2LS2TaJvlMGmabBanN22tpuW8lyWvG4egCvnirWinP0hiMhVODtYJQarrq6twWplZSXq6urQ0NAAnU6H6upqXL16FZcvX25xsFpcXAyNRiPf0KqhwRCsqgWlYjoAEaimp6fL2yqnFLBWS+Z07Uyhiy1fNy2ZCuDy5cvQarXyVACCqISEBIwePRqenp7w8/OTR6yqjTDWaDQArA9WR48e3eLQl9X5ypWC1UYA1RX5qEhaiYpdU1Ex8ybovpSgm3cfdOtfhm73p9DFh0IfHwr97k8Myxbci8qvJFTMvAkVMR9Dd2w5asvy5HDVXm1tNljN3GoINBdKQMYP5s87O1hdeRMQIRm+/q+kDFvXSIapAM4sM2q6vfq0XQSrDRMM2hqkNmrVglXTm1cZB6vnJ92hGqxWmZyKCFazsw2jserr6/Hoo4/ilVdegV6vx4svvojY2FjExsYCAHbs2IEXXngBJSUl2LFjBx577DHcfffdeOaZZ5CWlobs7Gy89tprKCwsxKxZs/Dmm29i5MiR8PT0xNtvvy1PNfD999/jgQcewIABA/DZZ5/JUwTk5eVh1KhRuPfee+Hl5YWFCxcCAKKiojB48GD5WBwRy3JatTVYNS0RtJreiEnY+GHbj6FWzgxWMw4YzmvJ64b9NBcwmwarpm1v69QJpvPFmmrhdXb2hyAiV8Fg1fWIYrDaPrQlWAWAq1evor6+HnV1dairq4NOp0NdXR2qq6tbHKw2NBjPp9rQcH0qgMDAQDQ0GMLX9PR0NDQYpgDw9PREeHi46uP21GedTXPB6q5du6DRaORA1LRmzpwJLy8vo5tbKUNRUaZf99doNEYjVpXFm1exWlKuFKzW1JSjbOmTKF80GBXHV6Jy72eoDO2Pyhlu0Af9BrqQvtAtHYKqJU9C921f6IJ+g8oZXaD/rj8q9k6D7sQq6BY+Ad2iJ1BbfQWAE29eVXTYEFQuloDzP5k/7+hg1fTmVWd+AOL9gaOB18wy/Fd586pwCcj/2azp9upTuwar1oSlpqGqWThqcVSrFetdC1brfNwVUwF4oMqnmTlWVYLV2bNnw83NDc8++yxGjRqFP/3pT/Dw8MChQ4dQXl6OG264ARs2bMCGDRsAAIsWLYK7uzsSExMxYMAAjBw5EocOHcJTTz2FyZMn48iRI+jevTsyMjIwZswYuLm5ISQkBN9//z3c3NwQFRWFmJgY9OjRA2vWrEF0dDR69uyJFStWYPny5fDz80P37t0RExODL7/8Er/97W+RkpKC+++/H6+88gri4uLwzDPPYNy4cU1dIhbLfmXrYFVZxdnGc4GKaQHsUc4IVjMONB9iKudBtTZYbWtZ06Zof6t35+wPQUSuorXTFrE6fuXk5Dj99UdtC1arq69/j66urg6NjY1obGxEXV0d6uvrWxWsNjQ0YMiQIUYjSCMjI+WRjRqNRg5OR40aZXTTKvFYBK/tqc86m+aCVQDyTclMv7oPXJ8rFTCEnaNHjzaaCkC5jTJYHT16NIYMGSIHspcvX5b/3Vywun79enh6ejZ7Uy2Wa5QrBavlhdm48ryEqpAbULHkT9DHf4fKH19H5Tc9UP1dX+hDboN+Tk9Uzelp+Pd3fVH5TQ9U/fg6KhNCoVvyR+i/vRHlz0sovXAWgBOD1ewfgQWSwdnF5s87c8SqpWqoNYTByyVgRS+gPEN9NTv1qWOCVavC0pboYhzCWgpw5RGrXeU/+mtaGawGBQXBzc0Nfn5+mDNnDr788kvce++98qjTHj16IDIyEpGRkQAMc7J6eHggPT0dw4cPx6233opx48bJX/+Pi4tD9+7dkZmZiVGjRuHhhw0TA+t0Otx9990IDw+Hr68v+vTpg5kzZ2L27Nm499578eyzz+K5557DwoUL5aB3xowZiI2NRX19PZ577jnceuuteOeddxAeHo68vLzmX4Qslj3KnsGqKNMbXtljvlVHB6umN4NS+vwhw/5Waw0BZsaBpsNTewervj0N7VVOCeDbkzevImpnLly40Paff1aHrAsXLjj99UetD1at1Vyw2hF1ptDFln1gGqxevnwZfn5+Rl/3F3ObZmZmwsvLC5IkwdPTUw49TZ+TJEm+WZXYp1arlUc1i20B9WBVOWWAl5eX6rytLNcsVwpWKy/lo+wlCfoZEnTzvVCZMB+6bW+jcvYNqA7tj6qwu1A1v79B2F2oCr0DlbNvRNW2tw3rhnqhcpaE8hclXLl0DoCjglXFiPPGOsN/o58GNj4B/PgH4IffGZY11F9fz9kjVtWqptgQBK8bCOiLri+P9zVazV596tipACwFrFaMbG3UXl/PulGthuPVeyuC1fFizlUP4B0JeLtlUwG4ubnJUwEAhlGsPXv2xJEjR3DTTTcZjVhdvnw53N3dkZ2djfPnz2PRokV48803cfPNN+PFF1/EgQMHoNFokJmZidGjR+ORRx4BYBysarVa9O/fHx9//DH8/Pzw4YcfYt68eZg3bx7Ky8sRHR0NPz8/DBo0CLfccgsSExORn5+P8PBwvPHGG7jpppswdOjQ5l+ELJY9qrlgNdrfsFzcKKk1ZTqHqK3mMFWWo4NV0xGoS15v+pgtCVZtORWACFUBw3+Vx7HyJl3O/hBE5CoqKipw4cIF5OTkICMjg1xATk4OLly4gIqKCqe//qj1AUJCXJzVnH2O7aXPOhNrglUWqz2XKwWr9XXVqNzhi8rNo1GZ8C0qjgRDt+h/UDmnB6rn90d12F3G5vdH5Zwe0C/+HXRHglGZ8B10P76Kyu3voa7OkEbZq61Gwerh6zd2Qu0VoLERWOIBVJ0Hai4BS28BruqAKkVYefTL9hesNtQDSV8YL9v6R2CR8d/H9urTsrKyNmk6WFUJQI1D0S62Gc1qaSoBOVi9NsfqOxKqtR6o9XYH/isB/7V88yrTYHXmzJlwc3NDWFgYtmzZgg0bNmDQoEF44IEHkJeXh/79+8Pb2xve3t4oLS3FyJEj0b17d+zZswcDBgxAaKjhbmo+Pj7o1asXfvnlF/Ts2RMZGUjVmQIAACAASURBVBkYNWqUHKxWVFTgzjvvxKJFi7B06VLcfPPNSE1NRVlZGV588UUsWrQIixYtwttvv40nn3wSOp0Oe/bsgbu7O0JCQnD//fdjzpw5hu7XavGb3/ym+Rchi2WPai5YNR1t2trQrzMFq9H+Lf9a/cYPLQerGQfa1nbTaupcTKdmsOJYzv4QRERE5AidKUBgnzm3DxissjpSuVKwCgD19dWoPZ8A3SYtKmbejcrQ3tAvuhfVYXejOtQT1fPuNAj1RHXY3ahadA+q5t2Gill3oWLTBNQUHJVDVcCewWopsPURQzga/8n1C1anN/x31QDg9GIgfR2wcoAhtKy5cn29xCDgx/8Foh5wTLC6y4pgVa2WScDqbkaL7NWnDgtWDXOpdkHDhC5GwaoIQg3/7WK0TDxuflqALurrjpfQ4N0N9d4ewLs3AFN7o+bTB1ExZQCg7Qr4SDj3/r1Aba7xVAD1erNgNTw8HL169cKdd96J/v37o2/fvnjyySexf/9+AIbRq927d0f37t3Rv39/PPfccxg0aBAKCwsREhKCm266CX369MEdd9yBFStWICUlBV5eXsjNzYWPjw/+8pe/AACqqqrw5JNPYvny5QAgj3K99dZb8dRTT6GwsBCFhYVISUnBI488gttuuw233347Ro0ahaqqKnz55Ze45ZZb0KdPHwwYMAArVqxo3YuQxWprNResmgaWLZib06hssY+mypHBqjKc9PO0bv+mgaZpKacVsPYGX36e16cdyDhg3bkUZxuPtvXzbDYsd/aHICIiIkfoTAEC+8y5fcBgldWRytWCVQCo0xWhLGocSqdI0L0nQT/dHdWL7kDVsgdRPf9uVM+/G1XLB0K/sD+qp7tDN1HClakSKqK8cVVXZLQvu7W1tgzY+Qzw42PAr68CMNwgHddulI6iZGDfW8C+/wAX4oyfA4CD7wFRjwBbHjGEtHZoKwDDvhdJwE4XD1YbJlz/Y7/BuytqtN1Qo+12faSqtgvqtW5o8O6Keq3btX93MxjXxcC7Gxq8u8rztTZqJdSNN2wnwtQG7664Ot4N9dqucrjaMKELoO2CuvHdUPvODcDUvsDKfwDrtEDkRGDD68CKYUjzfQiozUMZAD0gj1itBtCoePE0NDSgrq4ONTU1MuXzAJCXl4e8vDxkZWWhoaEB9fXX56EoLCzEyZMnUVpqeOGJSecbGxtRX19vtG5dXZ3RD2heXp58V1dlVVVV4eTJk8jNzTVafunSJZw8eRJlZWVNXR4Wy75lzRyryiBO+dVya8t0tKYyBLRVOTJYVa77+UPN77s423w+VtMKe6llYa3p1/qV16S5c/kl2HwagybK2R+CiIiIHKEzBQjsM+f2AYNVVkcqVwxWGxobUVtVjKq8QyjfMwOls2/Hldck6N6VoF/VHzUr+0M/QUL5axKufNMHul8DUZ0Xh9qqEjSY5Et2a2tNKbD9T8AmL2D3SPWLFz8JOPSm+nOHvIGNA4BN9wDVJXZpq6GdJYZg9ed/tO4FuFgC1hj/fWyvPrVrsFovRqe+I6F2XBdgSh9gah/UvW1Yhgld0ejjgavjuwG+PQDfHqgb3w1Xx3UFPrwVeP9m1I7rijqtIVhtvBbQYsrtaJhwAxrGG5bVa7sCU/oCPj2ujUTtivoJXQzH8b0N+KAPqibcirq5zyErbBzORnwAbJ4MhD2H1Mn/C9SeNwtWa624TqbBanup9toulouVNcGq6VfffXtaH1yabhv2kq1ablyODFZNp0doKiguzja+aZSlYNW0/W0Jd605l7nPWN1fzv4QRERE5AidKUBgnzm3D6ZNm0bUobjCz7haNQJoQCNqasuhu5SF4rVDUTxEQskfJFxa9QIqinNwtbYcDddGi6olOHZra0MdcDkNSJoDzJGAAz5AxhYgbR2QthbIiAIytxqcjTIsS1sHpP8IHJ4CBEvAoWlAfgzQcNUubZXrh4eAJZJh6oLtjwHbHgO2/97w7+2Pq/g9sO1xYMtAw82sfn3NIX1q12C16l0PYLwEvC0h8737ED9jNJJmjECBTz80jOsC3aRbccZvEBKnPImsT/8fzn08GKc+eAyJU/6A0wF/Q85nf0DWxPtR5tMLVT49kD+xP4589DSSZoxC1ge/Q8O4LsB4CTm+D+LYjH8jftpzyJ38AKrfuxm12t8g5917cPazp5HxxVAUT7wD+OoeYOYgIGQosP5lYN6jyPW9H6jORSmAMgBorAAaK6Fv6sRsXAxCWZ2yrAlWAeMRlcr1o/3NR7Aei7p+0yvTQLatN2ayVI4MVk2P9flD6qN4fwk2v8mVpWAVMO/jJa+b91fGAfN+NT1Xa84l44DxKNomRt46+0MQERGRI3SmAIF9xj4gsoXO9Pq2tuqusbbs3tb6q0BqMLDqVsPI0CUKS69RLlssASu7A0lfAXVVdm2rXFXFhtG1q28A1vYE1lhplRtw0Nt4CgM79qnd51itmeCOkg/vA2IDgOKdQNFWIOYT5Ey6D1XBzwPpS4Bj3wMpoUBiAOq+fBxI+AbIiwYKdgExAcie9ADwwxtAfCBwbBlQsh9ImgfdhwNQ5nMb8OunQPEvwOl1wKmFwOa3cW58P2DbNKDgF6DwILA7CFmTvZDvex8uTLwTNd43AFoxx2oOrgCoACzevAowBKB5eXlIS0tDSUmJdT8NKvtQq9LSUuj1joxzWSw7l7XBanG2erhqrdZMIdCScmSwarq+8iv8gYPVnzMd5arWF5ZGt4p5VNWeU/sav7XnYtomC+s6+0MQERGRI4gAgVrO2deOrxsi+3L2zxlRWwH2DlbHSsie0Bfl2wOBsv3A6neA1W8DpXtxfvNsnAh7Dyj9FTi5DIh4Awh/DvhsILDJBymzxyJ990ag4jjy5v4b2OsPlPyE3BWfIGfNl0DpXlTP/ycQPhIo2YrciEm4GPkFcGUv8HMAysNfB3THcXTVbPy6aAZQloziNR+gcdmbKBx3G3BtOoL89+8CruagDNduXtVQBTRUm00FoNfrMX78eGg0Gtxyyy3o1asX5s6d2+TpW1uNjY14+umn4e/vb5P9sVjtoqwNVkVF+1sehWlJ2Ev2G6kqytHBqqUQVC1sFW1Rrm/pBl7F2eY3urIUVFu6yVVLzsX0HFQCX2f/EiQiInIEZwcXHZmzrx1fN0T25eyfM6K2AsyD1bFjx6oGqJaWNx2s/kfCicm/Q0VOInBmJzLH3Y3cd+4A0nciJ+04flo+B7gSC13Q33Bm/L3IebsfSnzvBdZogaNrUHoxE6jJxekF7wIHQ4D09fjxwxfx6zfvAuVHUBoxDojxB9I3YNvUf2DntNHAhV+AX+cCP80Aas+jOnU3kLwVKN0PxHwNbJ+Cknd6Av+VgP9KOD/5bqA2VzHHahXQaB6sRkREwM3NDZGRkcjOzoaPjw/c3NwQExMjr1NeXo7y8nJUVFSYdUVdXR1KSkpUR6w2NjZi27ZtSEpKkpdVVVWprq/X66HX61VHzJaWlqoem8VySrU0WBX1S7AhAAwcbH5jJjFyc+OH9rlRlVo5OlgVFe1vmK9U2Qd+noZlpuGpMjBtrq+PRRnWNw0+Awcb2tdUv7ZlWgOVdjn7lyARERERERFRawHqwappiKq2zLpg9XUJqb6PQJ8RB2Tsxhnt/TinvRPI3oWMtGRsXxkCXN4FzPw/XPzv7cgadw+wczpwfguOzHoLMZsWAzU5ODnvPeDAXCBzFWI+Go4DcycA5YdxZdFbwM+fA+d+wqZP/oOfZmiB0oPA7tnAzq+A6lwcCvfD8Zn/RtHMZ3Dx00Eo+fhh6H1uNoxY/a+E8753mQSrlUBjFapNTuWbb76Bm5sbYmNjARhC1JCQECQmJgIApkyZgr59+6Jv377o37+/PPp0zpw5GDVqFF544QU8+uijGDZsGObMmQPAEIQOHToUkZGRmDx5MiIiIgAAS5cuxX333Yfbb78dQ4cORVpaGgBg+fLluPfee3HffffhtttuwyuvvIKKigqUl5fjjTfeQP/+/eHp6QkfHx/U1NQ0HXqwWCyWk8vZvwSJiIiIiIiIWguwHKyKINX0ccuC1bclFGh7o3LjNKAsHtj+GbB9KnB5F3I2zETSwilA8VZg5mDo3uiG/P/2BvYFAeeicWbh+8DpbYAuCfmhbwGxXwJp8xD/4ZM4ETQauPwT8P2/oA/+O3AlFrXHfsLV03uBymRg10yUfDsaKD+K2l3foWzpOODoF8DMR4CZj0A//gZgnASMk1DgexdQk4sruDYVgIU5Vs+ePQsvLy906dIFAwYMwJgxYxAXF4fGxkbMmTMHt9xyC2JjYxEbG4stW7bgxhtvxIYNG/Dxxx/Dzc0No0aNwp49ezBmzBj0798fjY2N2LFjB7p3747k5GQ88cQTmD59OlJSUuDm5obPPvsMSUlJGDRoEF588UUcOXIEGo0G33//PRYuXIjU1FTcf//98PHxwYoVK+Dm5obo6GhERkbi4Ycfxr59+2yfgrBYLJYNy9m/BImIiIiIiIhaC1CfY1UZpjYVqjYbrDZMkNDg3RVl73kCWz8ELmwHzkUCG8cj+737UTZnOHA0EAh4BHVjJFSN7QZ882fgxELg1Grgl5nA0fkomzEUiHwd2KVFpu99yP/i/wFHvgLm/AlZ4+9A9er3gbO7kXsgCiiKA/YGIWP8PcCKsUD6OiBnI/DTJODD3sAHt6Lauxsw3jDH6sVJ/YHqbJRCcfOqxkqjYFV8HV+v1yM6Ohre3t6466674Obmhh07duDvf/87fvvb3yIkJAQhISGYM2cObr/9drz66qv4+OOP0bt3b/mr+/v27UO3bt0QFxcHHx8fPPXUUwCAxx57DP7+/pg9ezbuuece6HQ6AEBFRQUqKirg7+8Pd3d3zJgxA4GBgQgNDcVTTz2Fhx9+GDExMejduzcGDRqECRMmYP369RyxymKx2n05+5cgERERERERUWsBlm9eZU2o2mywWvVuN8PI0HckXPDuhVN+jyNjyiBcHncToO0G3bs348J7fVDx7s2GoHO8hHLtDTg3cQDOvv8wcifchQvv9kfpe71ROUGDSu/foOzdW1AysTfKJvRE5TsewMzBQPxcZK2ajoxNc4Ar+4FVb+HK2zfhsvYWZL7/W6RNHYycCXei2vs3qPV2x9UJHsbBak2OWbCqNzmXMWPGwM/PT35cVlaGXr16YfLkyRg+fDgef/xxrF69GqtXr8by5csxa9YsbN26FZMmTcLAgQNRW2uYtbWurg6DBg3Ca6+9hvvvvx+LFi0CADz66KPw9/fHl19+iYEDB8rBaHp6OlJSUjBt2jT06NEDERERiIiIwIoVKxAaGoqwsDBcunQJhw4dQlhYGF588UW4ubnJ0wqwWCxWey1n/xIkIiIiIiIiai3AcrDa1A2rrA5W6yd0kW9ccnVCN1S82xO6d3ui3rurIdj07oJaHw9cndBNXq9hgoTaCTdC79MTV71vlJ9vmNAF8O6CqxO6Gdb3ltA4TkL9lH7A3s+A3M1Azg9A9PvQTewDjOsKaLtA925PXHmvF2p9PABvCbU+HqjxMQlWq3ONg1XFVABitOrkyZPRtWtXzJ49G3FxcQgJCYGbmxvWrFmDuXPn4tZbb0ViYiISExORlJSE++67D5GRkXj//fdx3333Qa+/HtUGBQWhS5cu6NOnDy5cuAAAGDRoED777DPExcXBzc0N8+bNw4kTJ3DPPffg1VdfRWxsLNzd3bF8+XIsX74chYWFGD58OMaNG4eQkBB4enri+PHjSE1NRffu3Y1CYBaLxWqP5exfgkREREREREStBTQdrFqj6TlWx0tomNDFEKRqJXleU2glQ+jqrbhjtLdi2bXRq8rnjP6teFw5QYMzkwYi+ZNnkDp1CPIm3IFab3fj7bWGEBXjJdT6dEOVz41ysFrgexdQ3fwcq+Xl5fD29sZNN92Em2++GTfffDM++eQTNDQ0oKamBm+++SZ69eqFXr164fbbb8f48ePR2NiIr776Ci+88ILRV/MzMjLwwAMPYNKkSfKykSNHyje1mj17Nvr27YtbbrkFf/rTn5CRkQEACA4ORp8+fdC3b1/06tULTzzxBDIyMlBSUoLnnnsOvXv3hqenJ0aMGIHCwsK2Zh4sFotl13L2L0EiIiIiIiKi1gLsHayyWCwWi2WhnP1LkIiIiIiIiKi1AAarLBaLxXJSOfuXIBEREREREVFrATYIVp19EkRERERERERERESOZJNgNS0tDUTkepz9BkZERERERERE1JFJDFiIXA9/7omIiIiIiIiI2kZKS0tDXV0dEbkQBqtERERERERERG0jpaWloba2lojauYCAgDYT+2KwSkRERERERETUNlJaWhqqq6uJqJ0LCAho0x3cAwIC5H0xWCUiIiIiIiIiahspLS0Ner2eiNo5WwSrYl8tCVbLysqcfqOtjo59yL50Fbw+rsvZH2iJiIiIqHPpKH9bSGlpaaioqCCidi4gIACNjY1Nqqqqwp49e1SfCwgIkPfVkj+CAaC4tIxaKS0tjX3IvnQJvD6ui8EqEREREdlaR/jbQg5Wy8rKiKiday5YraqqQnh4OPz9/VXD1YCAAHlfDFYd+0bLPmRfugJeH9fFYJWIiIiIbK0j/G0hB6ulpaV2o9VqodVq7XqMtrYtKyvL6W0hak5AQIDFNxy9Xi+HquHh4dDr9WbrBAQEyPtisOrYN1r2IfvSFfD6uC4Gq0RERERkax3hbws5WC0pKTGzaNEiOXjUarUICgpSXa85YvvWbGvNfpU2bNjQqn1kZGQYPU5ISLB5e1srIyNDbteiRYvk5Rs2bDBrP3VuAQEBqKurM6PT6YxCVZ1Op7peQECAvC8Gq459o2Ufsi9dAa+P62KwSkRERES21hH+tpCD1aKiIiNBQUHQarWIj49HUVER4uPjodVq8dFHH5mt2xwR/rV0u5bud+HChdBqtVi4cGGL93HmzBmbt89Wzpw5I7dT2f/iGrX39pPtBAQEoLb2qpkffvgB/v7+8Pf3R1HRJdV1amuvIiAgQN4Xg1XHvtGyD9mXroDXx3UxWCUiIiIiW+sIf1vIwerFixdlcXFx0Gq1mDVrltHyWbNmQavVYufOnbh48SI++ugjaLVaREZGyqGfcntTyn2JbYXIyEiz50z3a6qp/cbFxVl1LLFM9IHysThf5fo7d+4065uWnou1+xXS0tLkfc+aNQtxcXFIS0szOq5ov2lbTPtC2cam2mtpe0ddW1IXEBCA6upqM2VlZViwYAH8/f2xYMEClJWVqa4XEBBg9LrqTG9m7RnDJvalq+D1cV0MVomIiIjI1jrC3xZysFpQUCBbt24dtFotwsPDVZevW7cOBQUFZgHaRx99hFOnTsmPxXZqjz/66CP5sQgaDx06ZHG/ynZY2m9BQQHCw8Oh1WqxY8cOq44l9nHq1Cmzx+Jcmtu+pedizX6VlH26bt06hIeHY926dfL1ULZfbTvlcZT7sdSHlrZ35LUldQEBAais1KsqKbmMsDBDuBoWtgAlJZfN1gkICJD3xWDVsW+07EP2pSvg9XFdDFaJiIiIyNY6wt8WcrCan58vW7t2LbRaLRYsWKC6fO3atcjPz5dDsoMHD8rrbN++3WxbEaIpn1ezfft2i/tVo9yvsGDBAnlf1hxLPE5NTVV9PHPmTPlxamoqtFotZs6c2eZzEfs9ePCg2X5NiedFO0Qgabo8Pz8fBw8eVG2PpT5ryfaOvLakLiAgAGXl5RYVFhUhLCwM/v7+2Llzp9nzAQEB8r4YrDr2jZZ9yL5sby5dvtLk4/ZwfU6mncEXX/jD29vbyBdf+ONk2hmn92FHZa9r7+wP3kRERETUuXSEv/3kYPXcuXOy/fv3y0GfcrkIA7dt24Zz587Bz88PWq0W+/fvl9fZtm2bHL6JZSJcUz5vum8ltf2qUe7XdNuUlBSrjiX2kZKSovpY9MWaNWvk/Ynzb8u5iP0uWLAAa9asafJ8U1JSjM7Vz88Pfn5+Zu0V+xTPmW6n1mct2d6R15bUBQQEoLikpEnnCwqwY8cO1ecCAgLkfbWnYDX11GkcTUqWHx9NSkbqqdNOeVM0bYut3mg7wi8EW0vPzMbRpGTkFVxkX7YziceSEXckAUUlpSguLcO58xdw8NBhnMnIbFfX56uvv0b0tu1my3fs/Blfff210/uxI7LntXf2B28iIiIi6lw6wt9+crCanZ1tJDAwEFqtFlu3bkV2djZiY2Pl0E2sI0Ky2NhYeVlycrLZeiJ8M32s3G7+/PnyY7X9qjHd76pVq6DVajF//nyrjyWeT05OVn0s2uPn54fAwECj82rruYjnxL4tnafoU+W5mh4/OTkZW7duhVarlfeltp2lx9Zsr/YasNe1JXUBAQFtJvbl6GA1r+AitkZvw9bobWah6eKICAQFBcmPg4KCsDgiwmid9MxsbI3ehkOH4+VlqadOY2v0NrNQdmv0NqRnZreqnaZtsdUbbVv6UJy7Wt8dOhwvP9eSfW6N3oadu2LMrs+e2H1mx21t0Lw1ehuCgoJsGlTbKrg7mpSMdZHrsTgiAusi1xudt/J1JOzcFWNVQCyuh9rrb+euGKPrpLyugmlfqV2X4tIy7IndhxUrVxm1XW1/aq+NopJSHDwch/0HDyHuSAIyc3Jx8NBh7D94CAmJSe3i+thaQlIyIpYuw8RJvohYugzpWTlGz6dn5WDjpigzTe1z46YoTP/8C9X9xezegznBIZgTHIIEk2sqjjVxkq/qMcR+1bYV5zH98y8Qs3uP2bYxu/fI56jWZntfe2d/8CYiIiKizqU9/m2h9jlYSktLQ2Zmppn58+cbfZ17xowZRs+LkGzPnj1Gy1euXKn6dXC1bZXEfizt15TaMbZs2WK2XlPHEo+TkpJUH2dmZmLLli3y8pUrV7Zo/02di3K/TZ1rUlKSah+qtXfGjBlN9r2lx9Zu76hrS/bn6GB1T+w+BAUFITg4GOsi1xs9Z02wqrZ80+YoBAUFYcXKVfKyFStXISgoqNWjJNtjsHo0KRlBQUEICgoy67vQ0FD5ubac56HD8fL1Ect27opBUFCQUZjdEu01WBWvG/F6Uutb0Xal4ODgJgP7dZHr5XWV55xXcBELwsPNrpPyugrKEDT11GkEBwdbfN0vCA+X97tzV4zq/kyvqXD+QqEcsAlHjia2+Svhbb0+O3b+jPfee8/sq//NmTRpEn7dG6u6zzFvjYUkSUZ6aDSYExwir7NxU5TZOpIkqe4vZvcePDhwoNn+YnbvQXpWDoYOG2a2H3GsiKXL0EOjMXruwYEDkZ6Vg/SsHPTt18/ithMn+Zo9N+LlkRbPU+zXkdfe2R+8iYiIiKhz6VDBanp6OjlYVFQUtFotpk6d6vS2tMavv/4qB+7Obgu1nKOD1RUrV8mhqmnQY22warqeCJWU+wsODsaC8HD5sXJknzIgFKP78gouYueuGPl4psfYE7tPdaRoS99obRGsLggPNzrX9MxsowCtuNTyqEjTEY+moacybBTnahpSi1GeK1auMhrtKvaXeuo0Dh2Ox4qVq+TRxMpjiFGgrQ1qbdGXos9CQ0Pl88oruCgH1OLcRdtFX5o+Vnttitee8pzzCi4iODgYoaGh8jFMr6vptVE+J16Pyp8HtZ8X5f9cEFJPnUZQUBA2bVYfeZl2NsMoXLtQVNzqfrXV9Zk0aVKLQ1VhypQpZvubExxiFKSKkaIifBQjRkWwOuLlkc2OWE3PykEPjUYecTri5ZGQJAlDhw1DcWkZHh88GEOHDZNHnorji+Mo2yIC2umff4HiUkN4Kp4T2/bt109+7sGBAxGxdJlRQBuzew8SkpLldZVtmjjJ16HX3tkfvImIiIioc+lQweqZM2fIwcRozs2bNzu9Ldb6+uuvjUaiTp061eltotZxZLCaV3BRHhEoRkYqwyRrg1UxgvJoUrIckIlRgqmnTpsFScqRfSLUEsGYMqwU/zVtixhlazpKtDVvtLYIVkXQKUK7nbtiEBwcbNRm0R8ivBR9ZhqEir4S/REaGipvK9ZVhtTiuoWGhsp9prxGyr4UYawyWBWjLxeEh7dpztW29qWlgFT0k6UgVTw27UdhT+w+1TBZbJtXcNHsdS6OuWlzlNk0AKL/1H4elG0zvd5K4jm1Ubbn8gvkr4AL8UeOyvNuOuv6iJBUbaSlJckpqfJ2ps89Pniw0ahPQYzuFCM+RbBqKYg0pWyf2PbxwYPNnisuLTMb/ap8XoS8asdNz8ppcr/i3DZuipID5DFvjUVxaZkctIptHXXtnf3Bm4iIiIg6F1sEq2FhC1S/2WdpgEprPgdLaWlpICLX46g3MxFQHjocL4esyjcwa4NVZRgo9ilCx527YlSPoxy9GhoaKo/4FNuFhoYaBU+iLbYKVcUbrS2C1a3R2xAcHCwHxwvCw+V5QkX/iT4S7RZhp1qYKUJZEVLv3BWDBeHhWLFylbxMeSzlfpSBtrhmaoGi2K8tQlVb9KVok2kQqexj5XrKINma9jc1/YGlYFVJbXSp2s+DcgoItW3E9VP7oFBYfFkO1o4cTUROXr781fAjRxOden1aO1rVUrAqQk3TuUpNw1C1Eatqc5iqESGtaXhbXGr46r/pV/aVxIhVZfvmBIdg4iRf9O3XD3379VNtR0JSMnpoNEajWU0DWrXpDOx97Z39wZuIiIiIOhdbBKtikJCaEyfbftPstLQ0SM7uKCJq39r6ZiaCKTEyT4RCIqSyNlgtLr0eBq6LXI/Q0FB5/2KZ2K8IypShkzhO6qnTZkGa6TpibsvW3gTL9I3WVsGqOG8RnB06HK86RYKYD7Sp/wsnRsCKEDk9M1se5asMqcU1UYbUpiM41a6ZWEf0pdpX3h3dl5ZGnopftmrBqqVpApo6Z2uC1eLSMvn1lZ6ZLfeT6Xamx1GOLFZeQ+U2Yh1L89seO55iNK9m/oVCHDx0GJk5uU69PvYKVk2X9mZ2YAAAIABJREFUWwpWlcRzMbv3yGGraUArRoo+OHCg2TFidu9BD40GPTQas+2KS8vkr+uLUaaCGIkqphcwnZIgPStHDmTFTaqsDVbtfe2d/buKiIiIiDoXW00FoDZq1RajVcXnYAarRNQkW8xpqUaEQS0JVsVcrWK0ZnGp4Sv/YpkI/8Rx1eamVAavloJVEUwpw8S2vNHaKlgVAaByrlq1eWGV52BpTlMxYnJxRIQcUov9K/uquLTMbH5Q05GfTYWMYv/N3fzJEX2pPD/lctFX4jWp/Lq9GAUsthFzxVozd63aa8tS2yw9b9pe05HUpnPvKud1betr19HXx9ZTASjnIVUuFyNJrRmxqgw6lcGlMlQ1ba8yVFUbcSpCVUsjWZVt6qHRyPtXhqrKEbKWglUxt6ujrr2zf1cRERERUediq2BVbdSqLUaris/BDFaJqElteTMT4Z0ygDINPVsSrCq/Pi32qXyTVI5QFSNl98TuMwoRi0vNv/otKNuinAOzrW+0tgpWRf8owzW1QE6MflS7I7wgAkPlvsQUCqahshjJumlzFA4djkdwcDCCg4Pl4LW50ZviWG0Nqtval8rXxYqVq4zmKVXe0Kqlc6yqnbPpc6bXaV3kejksF/2r9ro3XS5C00OH4+VroTaa2BYjhB19fWw9YnXosGGqc5iaLm9qjlW1Eav2DlUFEejG7N5jMVQtLjWfciBm9x6Lc6za89o7+3cVEREREXUutrx5lXLUqq1Gq4rPwQxWiahJbXkzEyGW6UhF5fKWBKvKMFC5T7FMOToz9dRped9in2Iba4JV5eO2hFS2DlbF17/FuaoFq8ogtKl9q31NX+xPuW1ewUU5gBQhpDI8tOZr8eJxW+attUWwmldwUe5DtdeGsq2iz/MKLsqjbsWUAGpaEqyKa6Rsg9q+Tfv20OF4ozlWF4SHy9uJ0apNBer21N6CVRFyiq/VT5zkK49AVY4EbcnNq0SIKYJLJTH3qQhdlc/F7N4jz8faQ6Mxem7MW2OxcVOU3MaJk3zl8FfMoypC1b79+hltK0JWcdwxb421GMDa+9o7+3cVEREREXUutgxWlQOybDVaVXwOZrBKRE2y5ZuZK7JFGNhSpjeX6iyc0ZfkuOvj7e0NHx8fm00FUFxqCFdF0KgMRJWjSVsSrIqv3atRm6tV+ZxyWgG19vTt189iOy3tV7TZdHvTuVsdce2d/buKiIiIiDoXW//tFxa2wKajVcXnYMnZdyYnIudw1puZq0lLc1wYeOhwvByqWhr125E5si/J8dfH9/33Wz1adaqfX7P7b0lg60xtaaezzrElv1OIiIiIiKxh67/9Dh2Ot+loVfE5WEpLS3P6HxFE5FgMVh3b147qwz2x++Qbe4n5QjsTBqvtW1uvz697Y/Hxx5+0OFSdNn064o4cdfr5uzIGq0RERERkax3hbz8Gq0QuisGqY/uafci+dAW8Pq6LwSoRERER2VpH+NuCwSqRi2Kw6ti+Zh+yL10Br4/rYrBKRERERLbWEf62YLBK5KIYrDq2r9mH7EtXwOvjuhisEhEREZGtdYS/LRisErkoBquO7Wv2IfvSFfD6uC4Gq0RERERkax3hbwsGq0QuqiV/BJeVGdan1mMfsi9dBa8PESmdO3fO6W0govYrOzvb6W0govaro/xtwWCVyAWlpVkfrLZkXSIiIiIiIiIiV8BglchFMVglIiIiIiIiImo9BqvtQHpWDjZuikJCUrLT20Kug8EqEREREREREVHrtShYnfzBBy1abq3HBw82ErF0mdNDJzUTJ/ni8cGD5ccbN0Xh8cGDMSc4RF424uWRGPHyyBbtd+OmKEiShImTfJ1+juQ6GKwSEREREREREbWe1cHq5A8+kFmzvCUkSULffv0wcZIvHhw4EJIkIWb3HqN10rNymnzc3HOW1m/J8jnBIUZtG/PWWEiShKHDhsnbSJKEMW+Ntaqd4nkGq+QMDFaJiIiIiIiIiFqvxSNWlSGqLULV4lJDsCpGgipDxomTfCFJkhxoTpzki5jde+TwVWwnwss5wSHoodHIz80JDkF6Vg4eHzxYXvbgwIFIz8pBQlIy+vbrZ7Sf4tIyo3V7aDRGwWhCUjIkScL0z79AcWkZHhw4EH379UMPjQbFpWWIWLoMkiQhYumyJtspwlfxvGmwOuLlkeih0WDjpiinh2/UeTFYJSIiIiIiIiJXBQBlZWVt0uI5VpVhqi1C1eLSMjnw3LgpCiNeHimHjSJYFaNZN26KwtBhw9BDo0HE0mWY/vkXRoFkD41G3s+c4BAkJCXL64g5THtoNBjx8kh53yIEjVi6TA44x7w1FglJyUZf8Rf69uuHocOGyaNTlfsX+0zPymmynSJsFe1QBqvi/NWOTWRLDFaJiIiIiIiIyFU5JVgtLrXdSFVBBI2C+Cq9MvxUrquc57Rvv354fPBgi1+nFyNQxfytPTQao/VF0JqQlIz0rBx5xOvQYcNUR4yK0aRiFK3YRsy/+uDAgU22Uzwn1isuvT5KV4xg5ZQA5AgMVomIiIiIiIjIVTktWC0ubfsNq5SUI1aVX70Xwaoy4GxtsCqmFpg4yVceDZqQlCyPEO3brx+KSw1znk6c5CsHrAlJyUb7E4Hq0GHD5HB06LBhRsdpqp1qzylDXjG1QHNzsxK1FYNVIiIiIiIiInJVTg1Wbck0aBTUglVLX7EXI0dFQBuxdJnROtM//wIJScnYuCnKiNinCFEjli5DelaO0Vf8lW0S86wqR9bOCQ6R52tV7rOpqQDUglUxh2wPjUa+IRaRvTBYJSIiIiIiIiJX5ZLBqunNqJq7eVVxaRnGvDXWaKqBOcEhctgpiFBTuUytTcWlZWYhqjJstaadTQWrxaVlRmGws8M36rwYrBIRERERERGRq+o0wSoROR6DVSIiIiIiIiJyVc0Fq2PHjmWwSkTqGKwSERERERERkatqKlgdO3asjMEqEZlxVLBaV1ePdT9sxeixPnhp9Fv4xyv/xYfTZyD19Fmnv4kSERERERERkWuyFKwqQ9XmwlUGq0QuyhHBamlpKSZN/hD3PfhbDLj/ITz08CA86PUI7r7vQTz+5B8RvW27099IiYiIiIiIiMj1qAWrpmFqc+Eqg1UiF+WIYHXNmjW4o39/TJ06FSdOnMCFCxeQn5+PrVu3wsvLC088+STKysqc/mZKRERERERERK6lqWC1uWUMVolcnCOC1fHjx2HY0KGqz2VlZeGuO+/E0aMJTn8zJSIiIiIiIiLXYilYbcmNrBisErmotgarGZlZ+C7sexw4nICklFOITzyORUtXYOuOXUg8fhJxR5Pxwt9G4NU33kLCsRM4mpyKhGMnkHDsBBKPn8QPP27DI//ze3wTEorE4yeRePwkon+KwfeLl2P/4QQkpZzG/sMJCF2wEOkZmU5/wyUiIiIiIiKizqOpm1dZi8EqkYtqS7BaVl6BWXNCMPylfyJkwTKs3fwTlkduwfLILVgW+SOWrzf8N/LHn7FhawxWrN+KlRuisXJDNFZtjMaqjduwZvMObPk5Fut+3Ik1m7Zj7eYdWLN5B9Zs2o41m7bjh+27MT9iNZ792z/wTUgoyit0Tn/TJSIiIiIiIqLOwabBKhG5HmvfbEzXzc7JxarIzVi2ZgPW/RCNPfvj8Ov+w9h7MB57D8Rjz/7D2B17ELtjD+HnPfuxPWYPtu78FVHbY/DD1p+xPmoH1m7ajlUbtmJFZBSWrd2EJas3ImLVBixZvQGLV0Zi8Yp1CJw7DwuXrsa6H7YgJ/ec0990iYiIiIiIiKhzsGmw6uyTISLHakuwWlxcjCUrIxGfdAKxB+OQcOw4kk+cwomTp5F68jRSUk8iMTkFhxMSse/QEezaewDbft6DzdE/Y93m7Vi6djPCl0Xi20UrMXteBGZ9txBfz12Ar+fMx5dB3+Kzr7/Bx18EYur0LxGfmIKlq9fj0qVLTu8zIiIiIiIiIuocGKwSUau1JVi9dOkSFq9Yh4NHknAwLgEpqadw6vRZnE3PxNmMTJw+k46U1NM4eiwFh44kYu+Bw/h59z5s27kHP0T/jDU/RGPpmk1YsGwtvlu4EsHhyzAnbAm+mbcYM0MW4KtvQvH5jDn4+ItA7I9LxJJVkSgsLHR6nxERERERERFR58BglYharS3BalFRERYuW40D8UmIS0jC6bQzyMjMxrlz55B77hwyM7NxOu0sklNOIv7oMew7fAQxew9gR8xebN4Wg8jN27F8XRS+XxGJeYvX4Nvvl2PugqWYHboIgcFhhmD162/wacBM7I9LxOLlaxmsEhEREREREZHNAEBSUlKrMVglcmFtDVYXRKzC/vhEHEk89v/Zu9dm9606X/B6AXoDegd6B34BU6U5dabmTJ2Z1pmB5nR3oAUJECBBuZGQC4lyD7mQGEwwJOYiAiaASaJccC5OQuxAY7pP96bRadNnTrmrupEfdE37SUOpfvNg81v/n5aXLpb33vbe+/vgU///ti1Z0t7+eemrtZbo13+f0j/89h/pn/7pn2i5/Cda/OP/oF//JqVf/c3f0ft/9Sua/Ox9eu2Nd+jF196g5194lb77/Iv0je/+kHqD79GXnv4WPfaVZ+ihJ79G9z/2FYoeeZLueuAxuu2eh+iWO++jt372c/rK17+JYBUAAAAAAAAATgyCVQBobddg9Uu9b9DkZ7+g6S9+SX/369/8scfq/6T/8f/+T/qH3/6Wjv7+NzT/m7+l93/xK3r7Z+/Ta2++Sy+99ib98MXXKH7+RRo89yP66je/R08+fTwdwMNP9enBJ75K9z3apbsfeoLuuO8RuvWu++mtd9+np55+FsEqAAAAAAAAAJwYBKsA0NquweoTX/k6vfnuz+m99/+K/ubvfk2//s1/p/QfFvTfF7+lX/8mpb/5u1/TL//6b2n68zm99e7sjz1W36LnX3iV4udfpGef+xE9/c3v0VNf+w493jueZ/W+R79Md9z7Rbrpzvvo0zfdQR+//hZ6/e0pPfXVZxCsbmk6nVKn06HpdLr3bQEAAAAAAICLL0kSsixLcRyHwjDc+3aVQbAKAK3tGqw+9tTX6I23p/T2ez+nX/7qv9Ff/+0R/e3R39PfHf1Gharv/9Wv6J3ZL+j1yXv06utv0wuvvEHP/+RV+s7zL9Kz3/0RfeXZ5+iR7jMUfbFLt97zCIWfv4euvfEO+thnbqGrPv5Z+vOrP0M/fetn9MRXvt4oWOUiHgRB5fNJkuz9+He7Xep0OuoLx7Zt8jzvxLbtLPd1Op2S67ob++e6rto/z/M2Ql65/6zsSzdJEvV627Y3XtftdslxHPXlHcexei5NU/J9X72H7/uUZRnleU5ZllEYhoVlu92uWpaft22bLMsyhtVBEBi3K0mSjeMCAAAAAABwUfF5KP88nU43zrHa8H1/53WYIFgFgNZ2DVYfefKr9PrkPXrjnfdo+os5/fyXf01/9av/9kd/Q7O/+hW9N/sFvfnH3qrJT9+iHydj+sFPXqFvfX9ET/W/Q/c+1qPP3fsY3Xz3wxTefh9dd+vd9Kmb76Rrrv8cfeSTIV11zXX02pvv0mNPfW2rYLUsUDyUYNX3fbJtm7rdrgr40jSlMAzJsqwT+cI4y311XbfwPhxU8mNZllEURWTbNqVpql7X6XQaX730fV+FpWmaFr6csywrBLe87/xeURRRFEWUZZl6re/7hePOr02ShGzbLqwrCAL1PO+b3NdOp6PW7bpu4fd3Wg0AAAAAAACAQ6MHq3l+fM7ked7et80EwSoAtLZLsPq73/2OHnriK/TTt35Gr77xDr393vv0zvQX9N77v6Tpz+f03vu/pHemv6A335nRePIevfz62/Tia2/QD154jZ6Jn6fHewOKHu3RnQ88SbdGj9LNX3iYbrjjfrr+1nvokzfeTtdcdwt95BOfpas+cR29+sY79MiTX20crHLPT8dxVGgpn993sNrtdsmyrNIh+lEUVT7f1FntK1+B5J+zLCPbto3vGwSBCjTzfLtgVReGYeWynU6ndN+592ubZfM8LzQUZICc5znFcVxoNMRxXDg+AAAAAAAAF1VZsCrPA+VoQ9lJxbKswjm8fEw//zOtI8/zQgebPM/Jtu3CiNYwDAs/I1gFgNZ27bF6/6NP0atvvEsvvPI6/fTNd+j1yXv05jtTeuvd9+mNd6b0+uQ9eu2td+mVN96hF159k5774Yv09De/T49/dUAPP/l1uueRL9Pn73+Cbo0epRvvepDCz99L193yBfrkDZ+nq6+7ha665jr6i499ml55/W16+PGvbNVjlcM9fUqAsrBxOp2S53mFYet6MdZDPB7+LYec5/lxKFd1Nc5xnNqrdY7jFL545H7xkHbbtiu3nwPcbfeV9yEMQxUKWpZFURQZt1X/kkySpDRI5OBbf582f7++75duEx/DsnC62+2W/g64Z60eyrM0TQv7oDcaptNp4Xl+jX6MAQAAAAAALho9WOXzQz4v5Z/liEDu9MLnsbysPG+TwWrTdcRxTK7rFqZn63Q6hXN4BKsA0Nouweo///M/0/2PPEkvj9+mH774Kr302puU/HRCr7z+Nr36xjv0yuvv0Cuvv03J+G368Us/pcFzP6LeMzE9+fS36JEvf52iR79Kdz74FN1672N0y92P0A133E+f+dzd9Kmb7qCPX38bffTTN9KfffRT9GfBtZSM36IHH+tuFazmeW4MFk3BKgdlYRiqK2W+7xd6vPq+vzFXpuM4GwFonueVQ/n5iltVIMjvJ8NJ3m7XdTeW5e2X84bKQHTbfc3z4y8b/gKqCwT1cFR+qZnIL9m2wWqWZYUvUtPfQdXcpvqXKW+XaX5WnX6FUw9WTY/V9YAFAAAAAAC4CPSbV+mdkUwdZPj8iYNQftx1XbWsDFar1hFFkTpH59fJ81q9VyyCVQBobddgNXrocXrptTfp+z9O6Mcv/ZRGL79OL7z6Or3w6pv04qtvHvdS/dFL9PVvD+krz3yXnux/mx798jN0/xNP010PPUW33fs43RI9Sjfd9RCFt99Ln775Lrr2xtvp6us+R3957Q30X4Nr6UPBJ+jFV9+k+x95cutgNc+PAy0ZGpqCVd/3N4JAPQDlkJbXM51O1fOyd2Icx5W9E5sOz+e5VvXlTCFkEATGHpa8jm33lY9bVa9NSQ8ptw1W9S/dumNjmsdU4qkJynqr+r6/EYZLcRyXTmXAN+SSxwXBKgAAAAAAwDH9nFyfOs10DiinwuP7cugjBWWwWrUOOVUdrysIAoqiiOI43jhXRbAKAK3tGqze9/CX6KXX3qRvD0f03I9eouHoFXr+hVfpRy+NafiTV+iZ+HnqPftd6n79O/Slp79Fj3Sfofuf+Brd+dBT9Pn7Hhdzq95H1992N3365jvpE+Ft9JfX3kB/ee1n6UN/+Qn60w9f88dg9alWwSoXY+5haAo2TcP887w4pD9N08KVtjAM1VUvub4gCCp7Su4arJqW63Q6xiCz7b5WrdOk0+kUQtmTmAqA998UJlcFo3WhqykYLTv++nuUBbamqQAQrAIAAAAAwGWkn5PzXKj8s+d5lSM4OQSNomhjblQ+N6xbB49C5HPz6XRKnU6HgiDYOL9EsAoAre0arN7z4OP0k5dfp29853n61vdH9O3hT+i5H75I3x7+hL7yjZie+Oo36Ymnv0mP9Z6lh77Up+jRr9JdDx+Hqp+754t0y90P0013PkjX3XoPffqm496qH/vMzfSXnwzpL67+DH3gqqvpg1ddTT95+XWKHn6iVbCa51duBpUkieqdKUMu05UuJsNF13VVYZdD8vXH9XlddWU9T6WyqQDKglXT+kzLNN3XbYJV/cvpNG9edRahap5vBqtVvWBNN6/Sj13Z8QAAAAAAALhITOfk8ryPg1Z5fiTPs6bTqZqWTj4ug9W6dfD5tDzXtG17Y515jmAVAHawa7B6572P0A9feI16z36P+t8a0rPf/RH1vz2kL375Gfpi9xv0yFPfoAe+9DW697Gv0hce7tKdD36Jbrv3MdVT9cY77qfrb7uHPnXznXTtjXfQNdffSh/91I30kU9+lv5r8En6L38W0P/z5x+lH734Gt39wGOtg9U8L04JYAob6+Y8zfMrvVG5lyoP94+iqHTdJq7rtr551a49Vpvu6zbBKgeW8rEwDAtfdFmWqWkT5DQJ2wSrpxWqxnFcmMqAe9XyttdNLcBTH2RZRmmabmyHPoQFAAAAAADgojKdk/M5Fp+P8Tk035RZPyfUbziV58VgtW4dPJWfHraazssQrAJAa7sGq3dED9PwJ6/Ql772LfryM8/Rk1/7NkWP9uieL36Zokd79IWHu3TXQ0/SnQ89Sbfd9zjddu9j9Ll7HqFb7n6YbrjjAbr+1nvous/dTZ+84Xa65rPHoWrwqRvpL67+DH3ww9fQn3zoI/TBq66m5194le68/4s7BatySgA9bGwSdOb5lflTefJruW7uhWp6b52pyEvcw1YGkFXBahAExqH3sqfutvu6TbDKPVT1eWU5zOQesZ7nbezzNsFqWU/bMAyNE6TLOVvL5uDhIfpyO+UE6XlenJZAJ38H/IWu91g2TSsAAAAAAAAA+4dgFQBa2zVYvf2eh+j7P36ZHu8N6Ivdb9DtDzxBn7/vCbrrwSfp9vufoNvvf4I+f+/xXKqfu+cRuvkLD9PNX3iYwtvvo8/edg99+pYv0LU33kEf/+yt9NFP30wf/dSNdNU119GHPvJx+sBVH6M/+dOr6INXfYx+MHqZ7oge3ilYzfMrQaMeNsobQ/EVtCzLKI7jjbCw6oqa4ziNQss8v3K1rNvtqvdM01SFeHrPy6pglUNj3/cLN+niq3dt9nWbYDXPER6WybKMHMcpvZkZAAAAAAAA7A+CVQBobZdg9V/+5Xd0+90P0fd//BI9/FSfbosepVvueYRujR49DlKjR+nW6It0y93HgepNdz1EN9zxAH328xFdd+vd9Olb7qJrb7yDrr7uc3T1Z26m4Nob6MMfv47+7KPX0gev+hh94C8+Sn/ypx+mD374Ghr+OKHbo4fpX/7ld7XbWRWs5vmVuwfqAWWSJOR53kZvRj0Q4+X1npfcY7HJMHvW7XYLPSlt2ybP84zhad1Nr3gybr13aNt93TZY5fXu+2/60KRpWtozGQAAAAAAAPYLwSoAtLZTsPq739HNt99L3/3hC3TD7ffT1dffRtfedCdde+Od9El2w5308fAO+kR4O119/W300U/fTMG1N9JHPnkDXfXx6+lDwafoT4Nr6QMfvob8Pwvo//i//5z+d/9D9B//rw/Qf/w/P0Def/LpP3/gz+m5H75It9x5f6NgFQAAAAAAAACgCQSrANDaLsHqPyx+S08/+x167Kmn6amnn6Xh6GX67vMvFsQ/eIG++/wLFP/gJxT/4Cf0neGIvjMc0be+90P65nPP0ze/90N6Nv4BPRsP6ZnvfJ++8e3v0de/+Rx9/VvPUf+b36VB/AN66PEv0wOPPknPfOf7tPjtP+79mAEAAAAAAADAxYBgFQBa2yVY/f/+7d/otjvvpv/1f/vP9O3vj+j1d39OyfhtSl5/h15+/V16+fV3Kfnjvy+9NlH/f/mNd+nlN35Gr/zRSz99+/j/b75Hr7z5Hr361nv0ypvHz7313i8pfv5F+l/+w3+i278Q0b/927/t/ZgBAAAAAAAAwMWAYBUAWtslWM3znObzOd10y210z/0P0n0PPEw3fe7zdNfd99L9D32R7nvgYbrvwYfVv/fef+y+B47/je57ULnnvgeUex94iD5/5xfo5s/dTtEDD9EXovvppltuo/l8vvfjBQAAAAAAAAAXB4JVAGht12CV/f73v6ff//73lOc5/eEPf1A/s3//939X9J9N/vCHP1Ce5+r1+z5OAAAAAAAAAHDxIFgFgNZOKlgFAAAAAAAAADhvEKwCQGsIVgEAAAAAAADgskKwCgCtIVgFAAAAAAAAgMsKwSoAtIZgFQAAAAAAAAAuKwSrANAaglUAAAAAAAAAuKwQrAJAawhWAQAAAAAAAOCyQrAKAK0hWAUAAAAAAACAywrBKgC0hmAVAAAAAAAAAC4rBKsA0BqCVQAAAAAAAAC4rBCsAkBrCFYBAAAAAAAA4LJCsAoArSFYBQAAAAAAAIDLCsEqALSGYBUAAAAAAAAALisEqwDQGoJVAAAAAAAAALisEKwCQGsIVgEAAAAAAADgskKwCgCtIVgFAAAAAAAAgMvq4ILVTqdDlmUpjuNQGIZ7P1AAsAnBKgAAAAAAAABcVgcZrMogNUkSsm2but3u3g9WlmVk2/betwPgUCBYBQAAAAAAAIDL6uCD1TzPKQxD6nQ66uc0TcnzPLIsi2zbpiAICq+fTqfkuq7q9SrXF0UROY5DlmWR67o0nU4L7x1Fkeo1a9u2WnY6narlWJIke/8FAuwTglUAAAAAAAAAuKzORbAaBAF5nqd+dl2XoiiiPD8OWV3XVcukaUq2bavnsyyjNE0pz3OK45hc11U/R1FEtm1TlmXqvR3HUYHpdDol27ZV+JokCVmWtfdfGsChQLAKAAAAAAAAAJfVqQerv/71r43KNqhsKgAOO5MkIcdxCstwYJrnx71bZQirr1ufUsB1XYrj2Pje+mNVwWrZfgJcFGV/902LzTavBQAAAAAAAAA4dGcSrG6zQaabV8kh92EYFp6XePmym12VLcev73Q6G8P7mwarABcZglUAAAAAAAAAgKKDDFb1Yf0y7OQ5UJssr9PXZVoWwSrAJgSrAAAAAAAAAABFBx2s5vlxD1Ue5p/nx/OeWpal5kXVVU0F4Hnexo2u9PdGsAqwCcEqAAAAAAAAAEDRwQereZ6T4ziFxzqdDvm+r8LV6XSqbjBlunmVnJ9V9lrNskzNr8rrrQpWsywjy7LUewFcFghWAQAAAAAAAACKzkWwyoFomqaU58cBp+/7hXlYZUCaJAm5rrsxh2qeH98dQmG5AAAgAElEQVToynEc9Zzs3VoXrOZ5cY5XBKxwWZx1sLpcLmk0GlGv16Ner0eDwYAmk8mZ7OtkMqHhcKh+Hg6HajvOelsug+l0Sp7nqbrquq6xDpvm1NaFYajqe6fTUTWavzNs2ybLsgoX5qqeS5JEvbdt24URD3K7bdsufE9kWaaW07+f4OJbr9eUJAkNBgNVN4bDIa1Wq0bLD4fDyhozn89pPp+XPr9YLAr1M45jOjo6arUv4/GYlsvliRyXyWRC/X5/4zgsFotCzT2Psiwjz/M2pqrathbEcbwxbVWWZRSGoapRrusW2p/dbtdYv0x1k2snj8Ay1VS9jS3rHmrb5aS3iy66qn1dr9c0mUxUfe/3+5QkCa3X663fZ7lc0ng8PtHtNn0mJ5MJ2q0AsDfyPHrXdmlT+rl8mxpY992nt8cPLlgFgMNzlsHqcrmkfr9Pk8lENVSXyyUtFosz2VdTsCqL8dHREcVxXDlfMzSTZZkaYcBhAAcLMjgwXfQyrSsIAnUBTk4LkySJeg8OQHhUQ9Vz3W5XnaSkaVoIEqIo2niOt9n3ffJ9n/L8OIB1HKd0+hq4WNbrNQ0GA0qSRAWI6/Wa5vN54xPvugZg1UnyYrGgfr9Ps9lMPXZ0dET9fr9VI3Y4HJ5Y7eVgdTQabWzzaYY2bRvUTWVZRq7rku/7G8HqNrWg2+2S67obF5c4WJW1jafI4lFasvaU3WeALxTx/8umxoqiiDzPUzWx0+lQt9vden/g4hgMBhTHceOLQydttVrRYDA4s/fr9Xqlzw2Hw8KFstVqRUmStLrIcNK1bzgcbtT/PD/dYHWxWFQeLwCAXq9XaEvO53Pq9Xqn+p0i69JpBat6bUWwCgC1zjJYHY1GdJJX8LdVF6zm+XFQ0u/3zyzsvaiiKFIn6VK3260dTVBHhgi6MAxLw4eq54IgKH1ObqNt24Wwwfd9FUzAxZYkyUZwuK1dgtWyZY+OjloFEycdrI7HYxoMBoV1XoRgNUkSY83ZphYkSaKCzKp6x9NS5flxDZUBKV/kMS3neV7hwlDTGhgEgbrYhNp2+SwWC4rjmMbj8bno9Tifz3fezrKgkC9cmS6SxXFcOZKgbH0nHazOZrONbUSwCgD7pAerZY+d9Hvy/xGsAsDBOMtgte4K1mq1KgxzlSegy+WS4jiufW4wGJQOb20SrOZ5TuPxmPYZAF8EnU7H2MuDe7LK120brOrhrOT7vgoKmj6XJAk5jqN6jelkj1V9qoKqsBYull6v12jo/Hw+V0NJB4NBoTepqZc8v3Y4HFJVwFFVP+W28f95vfwa7lXa6/VoPB5vBKtyu4fDoTp554BgPp9Tv983NkS5Acr7oy8r99/UAJfPz2YzNU3LcDik5XJJSZKoobky4NBfrx/vPM9pPB4X9lvf5vF4TL1er7JhbgpW29SCqnrHw/Q5TDWtzzRVih64hmFInU6HbNvemOaEX9vtdqnb7VKn01FhKmrb5ZMkCc1mM1Uv5HOyHsiekk3bYjw6qWydg8FA1TNZAzjs1d+Xe0ExXvd6vVbtRr0+8NQt8rmyoHAymZR+NieTibqoVlYPl8tloQ5xXZLbUradw+GQjo6O1PKmQIJr53g8Llzgkyf/pjDX9Dx/F/Dx1b+H9Potvzv0qRGq2t9l30UAcHHoNYtHf/LP27b7BoPBVnVcb1eXtWV1eiZQ1x5HsAoAtc4qWG1y5Xu9XquTYh52y8WVG7L8HDfe9B6mVb0Omgarl23OsdNQFSDIE3h9rsCynqiMh+aa5sGeTqfkuq5x+KrpOZ5XW59HVdJ73iJ8uJyWy2WjE0Mems/1iesR1ydZc1arVaFBKqdK0ddbVz9lw7XX69FoNCqEsNzQ5Me4YSrrpnxe1kB+rmquQXnyLvexTbAqhyUnSVIIIfTfg/56Pt5yP0ajEa3XaxVs8LbxXIr60FqT0w5W5TzUclqAJsGqfsEoTVNV59I0Jdd1Cz1PgyAgx3HItu3C46htl4/8rJhCMTkknv9f1hZbrVaFz+pqtaI4jtXnTa+N+nvx/5fLZeE1cjtMvTP1mip7zfMoA65bfHJuOhZVvZ5kHSurh3KO/vV6TXEcl7Y39e3kOlbVw4trp97m3TZYld8x/J0jwwdZI/XXcw3lC1R17W/TdxEAXCz6HKuyzuf59u0+/q7g5+vquN7mLGvL6uRzde3x9XqNYBUA6h1SsKqTDUIurHoDbT6fbwzPLRviimD17OzSY1XeSFC/cZQeEjCeE7AscC17Ls+Pw4dOp7PRm5XnRZRhLMKHy8lUvyaTyUbvKXlSyuRVb1lz9B5N+mvr3l/Sg1W916Zpu+SJPPdck8/z+/F7V80jK2s1N1BXq1WrYFVuJ/de018vQx5T0MLhjh4Wye2ZTCaN507cJliVN4/Sl6nroc83q5Lrq3rPLMtq50KN41j18A+CQF0o4h6y/B6obZfLfD4v/P2Px+PC3yYHhfrnvqwtZqpn3Aszz801iDWtbXqwymGufL18jT6t03q9PpFgVa+Hpgtvct/rtpN7R1X9vuRx4Atl+nqaBKv6dnJvWfl6/jswvZ6DC96Oqva36bsIAC4WU49VGW5u2+7Tn6+r43L5qrasTp7r17XH5/M5glUAqHdIUwFwo9A03CvPjwsf9wKQDW39almv1zP2QmoarCZJci7mGztkJz3H6mmFqvJ3LkMQU6ia55iH8LLihlxZT3h5gqw3IGXdkTXH1Puqar68baYC0LfBtF3yMb3uMr65YN1FMX27eZ9PIljVG7ty/8qCVX7MtE8ccGxzAW3XOVZZk3rHr2kyx2oYhsY6K3W7XfUa/f3lfqG2XS5y2iX9s5HnxzWP502WN+zL8/K2mP5ZlLWjak5nWQN43XK7yt6D16/jsM9Ut05iKgBT2KjXElMYW7adTeYI1I8fL3MSwapcrz5awbSv/Fhd+7tsWgMAuDjK2pxV7eJtgtW6Oq6/V1lbVl+HrHV17fHJZIJgFQDqnWWwWtd41O94WhYyyIbdbDZrfEOZJsEqbl51MrhnahRF6mQ9juPCXa7zvFnQcBqharfbLQyXlT1Wy0LVPMedsy8zOaxV0nvW79JjtSpYLauf+s2rTI1cU28x2dgdjUalQ+LbBKs8lYup5jbtecDv3SZY5R6r+pA0fZt3CVbb1AJTsCnrk+yxmqZpoV7K3qXMNDd0HMfqMZ4KgHsmep6n1sE9VnkfUNsuD+5Vrl8oMs1RnOflnxVZG+bz+c49Vnn4pR4glgWr/Pqy/TS15cpqWdObV5nqoanHqqxdddvZJljldcrvF1O91J8/iWCVv2/q2t8IVgEuvm2D1bp2H6+T/19Xx+XyVW1ZXV2PVfl9M5vNEKwCQL2zDFa5kTabzVTjVc7dJa8q6XM78dxSeV5sxPIJgpzouu3Nqzig2PZmSmCWpil5nleYP1A/tk2CVTk1gE6fo1U+XvWc7/tk27ZxjtWy9wrDUN3Z27IsdROYfR9nOBtcvyaTSaH3lgxT9TlVt5ljlefdqxqOql984rmoZBhiauTqc6zyvuhDS/UTd/naqmNjCoR522TNlTdekTck4OfbBKv6fsl5I5MkoeFwqH5er9eN5t7SmYLVNrXAFKy6rluoTaag1bIs8jyvEHTyzaf09wjDUC2jb1eWZYWaLNeJ2nZ5zGYz4/euDMpkTZEnnWVtMb4ozfXJNMeqnJpjtVoV5uLkdcub381ms40eq3qQNxgMaDweF9qUci4+OTcf97AsOy7D4bBQL1arFSVJUpgyoawe6nOsjkajQn2p2s42wWqe58Q35pPvW9eObhOs6vvF0xbUtb8RrAJcfKapAGQd2rbdx+vk/9fVcbl8VVtWJ2tdXXt8tVohWAWAemcZrOb5cUNNDkGTN6iaTIp3Hp3NZoVu+PycfsdAnodPH16lMwWrcqiA7JUAAKBbLpcbQ2j1E1P9ztcyoCi7mMPrOTo6qjzB1utnHMcbPczKTmZlDeVeTPJ1s9mscBfwqpNx07pN281BBf+8Xq9V3W1yd9cmwap+N1l5PHg4s/zu4Oe3CVYBLhJT3cjzYk9Wvc7wyWlVW0zeId50Iz5ZY2TIKmsAvy8vnyTJxsmuHG6+Wq02tlVeSNHvJl31mV+v1zSZTAp1UL9JVVk9XC6XhTrEP8tjW7adbYNVDrPlsvP5XP1+eO7WXYJV3jbZNtePR1n7G8EqwMWnD7s3tcO2affxOuXyVXVcX76sLavT24B17XEEqwBQ66yDVQAAAAAAAACAQ4dgFQBqIVgFAAAAAAAAAChCsAoAtRCsAgAAAAAAAAAUIVgFgFoIVgEAAAAAAAAAihCsAkAtBKsAAAAAAAAAAEUIVgGgFoJVAAAAAAAAAIAiBKsAUAvBKgAAAAAAAABAEYJVAKiFYBUAAAAAAAAAoAjBKgDUQrAKAAAAAAAAAFCEYBUAaiFYBQAAAAAAAAAoQrAKALUQrMJpSNOU0jTd+3YAAAAAAAAAtIFgFQBqIViF0xCGIYVheKbvaVnW3vf7PBwnAGgmSRKyLIu63e7Gc2EYkmVZlCSJ+rnqsxzHMTmOY1yP6fFOp6PWrb9evk8QBGTbNlmWRY7jUBzHxvefTqfkeR5ZlkWWZZHrujSdTvd+jJv8Djqdzt63AwAAAC4nBKsAUAvBKpyGswgMfd8vBA/nMVg9Kd1uFwEtwAnjUM/zvI3nHMch13UbB6ue51Gn09kIPjlY1ZdtEqx2u11yXZeyLKM8Pw5PTSMFptMpWZZFURSpx+I4VssBAAAAgNleg9UkSTaujOuNyU6no55nZY3SbrdLjuMYr8inaUq+76t1+L5faCxWLcuNUsuyyLZtCoJAPZdlGYVhqHoCdDqdjav7QRCoZasa1J1Oh1zX3Xj8LMIH3g8+BrZtbxyjpqbTaeEYwfmHYBVOg17buJbatl04uY+iSNVY13VVKCBruinU4LrN8jxXPct4fXK5NE0L30myjnU6HYqiSNVIuR063/cL3wmmOhqGIQVBoL7jOp0OpWmqfnYcR32XyOOkL6d/X+nBMS/L30NMBj2mYw4AzSRJotpPsiZw708Zfla157IsI8dxKEkS8n2/8FwYhhTHMdm2XXiPJsFq0zak53mVNWA6naqaqtcdvT4GQUDT6VT9LOug/lq9RpbVz6oarPdYlW16vV1e9R0AAAAA0MbegtUkSTZO5LjRqDfWmjQIsywjz/NU44mHZnGjK4oiiqKIsixTr+WGa92y3EDM8+MTb9d11XYnSUJBEKjX6sO1wjBUDcMsy8h1XeNwMd5X08ntWQSrnU5Hndjzfvq+bwx662BI1sWDYBVOg6xtcRyrXlUcMEynU/V/2duKXy9PiMuGq8oQkX/mi0ammszfP2makm3bar184UuGunr4wZIkUevnMMC073L9HOjytgZBoPZPD0ls21av4wBB7l/ZMda/T8uO+b7/LgDOEw5WgyAofNZ936c4jhsHq9xOzfO8UPN4uSRJKIqiQvuqSbDKtays7cls2668mO44jlrHdDothLxcH2Ut4aBZr4P6a/VaWlY/q2qwbHfqtdtUI6u+AwAAAAC2tbdgtSww1eeXahqslr2HqcGZ5/XhX9WydUGnPLHl3gdy/8qujnMDUm/cnnawyiG3qUHdpsGJYPXiQbAKp0HWNs/zChfV5HPyhJ5x76myOs1Mwars8VVVX+X3QKfTKWxD0zpXtv4wDDfCBLk++bMerOqBrvzO2SZYrTrmANAMB6tpmhbar/z/psGqDA3DMCzUGw5W+XX8uW06xyqPEDNNJ8CqpklJkmTjQnsQBIXaom+vPhqh7LUchJret2o5WSP1eqmPmpLfFdt8BwAAAAA0sbdgVW/Y6M/JXkJtGzxVvW+63W7l8J+yZTmELDuZ1xuIekOVr/KbluUGsuyplOebjT59OJY8VrLR6XleoSFsahjz+st6XoVhqLaFG648hIobsdPptDAsVe9RwT2CeYoBuY08lxgvXxeSwH4gWIXToJ80l037wj3o9VBAhgVlN2MxBatl26DfuEUuqwcYZcEq98DiYaZl09eYgo+mwaq+vrbB6jZT7QCAGQereZ6rmz11u10V7jUJVnl+U0m212Swyu1I7tHZJFhlPOrK9JxlWaU9Vk31Tq8tcjvqglV9m7luVdXPqhpcVi+ZXLaqRgIAAAC0sZdglYfal22U3kuoTYOnLESU71F2Im5alk9A6+ZJ1a+Um/azbN95v7MsK4S3stGnPyd7m0ZRVJjewLbtwnAy01X8umOsN1wdx9mYe1WGHTysSh+qJgMS2YuXh3YhUD1sCFbhNNSdbOv4Io0+tJ7riuli2DbBKl8Y4uf076ImwSoPT5V1d5/Bqu/7lcEqai/AbmSwGkWRujguL3rXBatBEGz0ytd7sMrPahAEaq7lbYJV3l5T7fI8r3SEUpMeq9sEq2U9Vqvq5zbBal2P1abHCgAAAKCJcxGs6lfx604EecL8st6qVXPj1S3LvUVNjTD9zqt53i5Y5XXxMDLZ6DP1tOXleNvl62RjvSxM3iZY1Xs0cC8LuQz3QM1z8xAvvaGMG10dPgSrcBpkLYiiqBAk8Nx8eX5l3lMZrKZpWpj7uqxu63Wv6qRazsvH9W7bYFUGv7xdZxmsymkT+MKbXFbW26pjDgDNyGBVXtTm55sEq6bpmDik5eVk/eF5TMtGUMn3ieNYfca5R6hpG7heyNBT1tS6OVa3CVa57uhzrFbVz6bBapM5VsuOFQAAAEAb53YqABm46o3NqnlBTeFn02UZ99yUj5UFsqapAJoEq3Lf9ZNqPWi2LEs1RLmhyz0PeE7XLMtK33ebqQD0dZjCBVMYq+N17jLVA5ydsw5Wl8sljUYj6vV61Ov1aDAY0GQy2ftxKNvW8Xi89+04j/QT2iAI1BBQeYdtnvpE3nRE3nG6aiQBT13CF3iqTqrlnaK5N9a2wap+J+w4js80WNXvhi17lclt4++qsmMO7a3Xa0qShAaDgaphw+GQVqtVo+WHw2FlvZvP5zSfz0ufXywWhfoZxzEdHR212pfxeEzL5XLnYzKZTNT26BaLxd5/Z7uQwWqe5xu96vVgVW8P3XzzzcapqeScrXqwmufHgWlZZwO9ZvBn3LbtjVFH+jplvZW9VPVpn/QbzW4TrEZRVKhT8uaEZfWzabDK+yHXI9vmCFa3N5lMaDgc7n07zkrVvq7Xa5pMJqq+9/t9SpKE1uv11u9zku3H4XBYWmP3fTwB4HLTa9Iu7dKmZB2va1ebtGm3XqibV51FqJrnm8FqVS9X082rym54ojcauUeAPDGOoqhybljf91U4wPtp23bl+za9eZUpWDUFxbKBWzWn7La/X9ifswxWl8sl9ft9mkwmqqG6XC4P9uR7sVhcqhMOACi3Xq9pMBhQkiQqSF2v1zSfzxufeNc1ACeTSenzi8WC+v0+zWYz9djR0RH1+/1WjdjhcHjitbdNAxcuDkxBcv4MBgOK47jxxaGTtlqtaDAYnNn7VYWRw+GwcKFstVpRkiSl08tVOa3240W4YAUAF4dek+bzOfV6vVP9TpF1fNd2Z9Pl9xascpgnr+rHcaxCQH6safB2WqEq34SAl9Mn/q+bOiAMQ3U1npct20ZTY5N7E8k5Si3LKh2qxb2VZIjKN7HS5yXU37vT6RSGhPq+v3HzK1OvV32OVc/zCu/vOA4FQVA4hvx/BKvnw1kGq6PRiM6yB2iSJDs1QBGsAgBLkoRGo9FO69glWC1b9ujoqFUwgWAVThqC1fNlsVhQHMc0Ho/Pxed2Pp/vvJ1lwSpfuDJdJIvjuHIkQdn6EKwCwEVnqkmnXacuVbCa51fu6CyHHOlX/JoGb2VDznmYlGmuVh4iVLVsv98vbKM+X17Z0HwZQAZBoIZgVc0namps8nxd+pBROVRL9mDl4FWGqN1utzD00yTLMgrDsDC0Vh8uVhas6sPD+Ge5TfrvWc7LhWD18J1lsFp3BWs4HNLR0ZEa9sRFeT6fq6FZw+Gw0PCdzWbqucFgoJZJksTYtb9qXcvlUr33YDCg2WyGYBUAKM+P61eTofOyxgwGg0JvUr0Bx6Eo16OqgKOqfspt4//zevk1k8mE+v0+9Xo9Go/HG8FqWW3kgGA+n1O/36+siWX7J18jH+v1ehvHQB7j9Xqtpj7o9/tbhxtwthCsni9JktBsNlP1Qj4n64HsKb9cLimOY9W2kr9v+RyPTipb52AwUPVM1ikOe/X35V5QjNddVSN46hb5XFmwOplMSv92J5OJuqhWVg/r2o9V21nW9jXRnzeFvvwYb6us/frUBlVtYgCAOnpNOjo6KmR+pov4ejDK9ZLr5zZ1XG93blvTmrZb9xqsAsD5cFbB6mKxqJ0PajgcUhzHhQK8WCwKDXB9PrDFYqGe45BVrm+bdcn5XtfrNcVxjGAVAGi5XDaaz46H5nM4yL2guA7JBtxqtSo0SOVUKfp66+qnrHW9Xo9Go1EhhOWGJj/GDVNepqo28nNN5ho0XfmXF7zy/EqYw9sq16sPu9WPl74uAGiv3++rz/xgMChc1JAXclarlfo/h4p5ftxO4mVWq1UhMFytVhTHsfr86rVRfy/+/3K5LLxGboepR39VjeBRBrK+lNXRql5LsvdpWT2saz9Wbaep7VvGNOxWvg//Hnhb5XcKbxePHKtrEwMA1NHnKJV1Ps+bBatyOhr+ruDn6+q4rK1talrTdiuCVQCodWjBqj5VgDwJZ1Xr0Ytt2Qm9/npTcMI9CPb9OwKA/TLVLzn5PTfKRqPRRgNN9kKVDThTj/iyHqvbBqv6nKum7ZIn8lW1kd+7SU8mUwN1NpupnmDr9boQ5pQNIeMgRzau+ZifhyHLAIduPp8XLmKMx+NCj00OCvXPPZ/k6r3nTfVMtqFMNYg1rW3657+uRsiLWnl+XH9OIljV62Fd+7FuO01t3zKmmilrqux5a/re4OCBf5fbtK8BAHSmHqsy3GwSrOq1Vz5fV8fl8m1qWtN2K4JVAKh1aFMBmHojmO7at1wuab1e03g8LtyhuypYrVqXaT4szLEKAHl+pSFnChf1E2S9ASmvmMsaZwoJq4LDbaYC0LfBtF3ysbra2PRk21TD5bGbz+eFeWqr5ubi99XtOs8tAORqWLre04ifl+0recO+PD8+6eQemWWhZ54Xg72qOZ1lfeF1m6Zy0t+jrkaY6tZJTAVgCiur2o9127nNHIGmmjkej4mDWdnzuGxb5e+krO7v++8TAM6HsjZnVbt4m2C1ro7r77VtTWvabkWwCgC1zjJYrWs8mp4fjUYbV58YN8Blg78qWK1al6nHAYJVAGByWKskT/aTJNmpx+pJ3LzK1Mg19RaT9bGqNu4arPJx4cap7E2rbys3ZlerlZoaYd+/d4CLhqch0S8U6XNCs7LhlLI26EPS83z7Hqv8mdcviJcFq3U1Ql+XfC/TvjS5eZWpHta1H+u2c9dglacW4DluTb8f+Tvh74uqug8A0MS2wWpVj1O5Tv5/XR2Xy7epaU3brQhWAaDWWQar3MibzWaq8arP3VV2swNZVPnKk+xFICe35tfxhNhN1pXnm3NkjUYjBKsAQHl+pX5NJpPCxRwZpupzqm4zxyqfHFcNR5U3c8nzK3NRVYWVeb45xyrvi35TP1NtPIlglUMGPVzgXltlc6wOBgMaj8eF7wvcXAVgN3KYo/44t6lkTZEXgRaLhfoMykCRh0tyfTLNsSp7U8rPspx2ZDAYqMdns9lGj1W9x3pVjdDn5uPpW8qOy3A4pOFwWJhbVq9JZfWwrv1YtZ27Bqty2+X3g/zO4u2Sc6zWtYkBAOqYpgKQvUTH43HtuXpVsFpXx+XybWpa03YrglUAqHWWwWqeHxcqOQRN3v2vrLjxTal4qJoMJnjIGPe0kD23OHSQBb5sXXm+eVdX/nnfvyMAOAzL5XJjCK1+NV6/87UMKMruPsrrOTo6qjzB1utnHMcbPczKTrzlnaG5F618XVltPIlgNc+vBAv6turHQDaCV6vVxv5WTSdz0rIsI8/zyLIssiyLXNelNE1PbP1JklCn09n73zVcLqa6kefFnqz6505e0OY6ot+9mXtMmtpXeV6sMTJklfWF35eXT5Jk4+ITX6Dnx8pqhOlu0lVtuvV6TZPJpFAH9ZtUldXDuvZj1XaeRLDKNyTUt5XXzb8zfX+q2sQAAHX0Yfd6u3e9XqvayHV4m2C1ro7ry29b05q2WxGsAkCtsw5WAQDg8tHvFJvn5SHBofB9n3zfVz/LnmsAAIdC9jZm21wUAwCAItluRbAKALUQrMJpSNO00NMrCAL1XLfbJcdx1HOWZaleW/K5TqdD0+l07/sCALspm6Px0IPVTqdTekOb6XRKnU5H1SruyZokCXmeR91ulyzLok984hNk23Zh2SiKyPf9jR6rsv65rqseD8OQbNsm27YpiqLCemzbPpXetABwPnBPXr2WIlgFAGhHb7ciWAWAWghW4bRw7640Tcm2bRWSyv93u13yPM/4Og4Z9r0fANAOz4WlD/Fnhx6sdrtdcl3XGK66rkvdbpfy/Djg5DqWJAnZtl3o6ep5XqG3q+u6NJ1OC8GqXv84JI3jmFzXpSzLKMsychyHptOp+n+WZZTnOS5CAVxCVcNdEawCAGynrN2KYBUAaiFYhbMge37p4SkHC2EYFnq25nleGmoAAJwFDldd11Xh6HQ6LfQozfOcLMuiPL8SrOrr4KA1TVN1wUgGq6b6l+eboWwYhhSGIeV5To7jqHAXAAAAAE4eglUAqIVgFU7DdDotTAVgWZYKSOM4Vo9x76s8LwYGrGooLgDAWeHANEkSSpKkUNsYv06/IVWWZSpsjaJIBah6sKrXvzzP1XQDEr8uTVPyfZ8cxzEuCwAAAAC7QbAKALUQrMJpcBynMBegDEijKCo8x9BjFQAOGYefpvCUlT3HPU95GgD9tWU9VptcXMqyjDzPM9ZVAAAAAGgPwSoA1EKwCpwEHssAACAASURBVKdBDvfn3l0cDoRhaLy7NuZYBYBD0u121RymaZoWLvToN5IyhaX6ujzPK9S0qjlW+d8oigo3pkrTVG0T11EEqwAAAACnA8EqANRCsAqnodvtqrtVB0Ggennl+XFQIIe1yukA4jhWd8XudDq4IQsA7I2czkQfbs/zrOrD86t6s9q2XViH/lq+mGRZVmEO1yAIVD11HEeFrPL9fd9XgSsAAAAAnAwEqweGb4DAjWDP8zZCAxk28F1l6xrK3IuibH4tDjH0x7nxzkxzgvm+X9rzgpd3HEf1miibd8z0/nAYEKzCWeJeW/IxDl73vW0AAAAAAAAADMHqAQnDkBzHUT22siyjKIrItm3V8yDP88Jw2TRNyfM8dSdZk+l0So7jkOd5xmDC933yfd8YbFaFnVmWkeu6xmCVh6vxdprugCvFcVzaewP2D8EqnKUwDMnzvMLw2k6ngyGsAAAAAAAAcFAQrB4Ivhus6eYDQRAUglMZrOZ5fWgZRRFNp1Pj3WSzLFM3Qtg2WE2ShLrdrnFIm+mxqnV1Oh3qdrt7/z2AGYJVOEs8F2DZ8FoAAAAAAACAQ4Bg9UAkSVJ6AxY9ODUFq01u3mIKViU9+MyyrNF6TSEqB8XyBjNyLjCJe7fu+3cA5RCsAgAAAAAAAAAUIVg9EGEYVg6Fl6GnPhVAp9Np1Jtr22CVA1t5kwTTXbrLbsIwnU7Jtm3qdDrkum7pPLC+76M32oFDsAoAAAAAAAAAUIRg9UBsG6xKPJS/yXtsE6zmeV64cVa32yXLsgrzveZ5ebDq+z55nqd6q5q2k3u26uuEw4JgFQAAAAAAAACgCMHqgWg7FYDe27PT6ajAVZ+vtU2wqjP1jjUFq6a7ept6vEZRtPE6ODwIVgEAAAAAAAAAihCsHoi2N69K09TYi9TkpIJV/c7cpmDV9F5BEGw85jiOcZ/hsCBYhUMXhuHee76nabr3bQAAAAAAAICzg2D1gIRhWAgasyyjKIo2hsrrvVHrphGQr9t2jlX5Prwt+lypZT1WXddV2829buXUAnEcN7o5FuwfglU4LdPplDzPUz3tXddtdbHF1Eu/Ddnr37Is8jyvULeqyBpbV28BAAAAAADg/EOwemA4kKw6qdcDhKrerlKbYFVuS6fTMQYMZXOshmFItm2TZVnkOA51u93C86ber3CYEKzCaeDaFUWRumATx/HGRZgmTjJYlRe3ut0uOY7TaHsQpgIAAAAAAFwuCFYBoBaCVTgNURQVpjlh+hzNHLTatq0u4nS7XXXhJgiCQk/XLMvI9311UUcGrqZ1STJYldspt4d721uWVdh+U4/VOI435pHmm/rx62zbVgGzvh18cUvvyTudTtHjHwAAAAAAYM8QrAJALQSrcBo6nc7GDe3y/EpPVv6Ze8xzr1YORrkXKYeTHDzKean5tWXrMm2THqxmWaZ69KdpWujB6nmeCkTLpgKQU6jIfYvjmFzXpSzLKMuywno7nU7h5263WwhxgyCgIAj2/jsEAAAAAAC4zBCsAkAtBKtwGkwhJpNTk1iWVRiKH4bhRqgopwLQ54KW76Ovq+k28fZEUVR4bzkVSlmw6vu+6qEqA1LP8wrBslxGnypFD5sdx8GNsgAAAAAAAPYMwSoA1EKwCqdhmx6r8nnTXKYyWJU3n2LyubptMvVY5e0Jw3Bj3XXBqpwOQIap+o2yLMsqBKv6dnBAO51OyXXdvf/+AAAAAAAALjsEqwBQC8EqnIamc6yagtWqHqtV4WmbYDUMQ7WdVTeoKgtW8/y4F22apoXAuKrHruk5DmiDIMCN/wAAAAAAAA4AglUAqIVgFU4D9wSNokgN3Y/juDB/ap5vhqE8byoPhY+iqDDHqud55Pt+YU7WsnXpZKCZpqmav5XXwe8tb5TF21EVrPq+r7aLH4uiiFzXVcunaaq2uSx0dV0X0wAAAAAAAAAcCASrAFDrrIPV5XJJo9GIer0e9Xo9GgwGNJlM9n4cyrZ1PB7vfTvOqzRNyfM8NRTedd2NQNEUhna7XbJtmyzLoiAICkFklmWFdfJQ/bJ1SXJ4vm3b5Hnexpys3W6XHMdRr+Gh/VXB6nQ6LfSqZUEQqP2QgWlZsBoEAaYBOGDD4bBVrVqtVpQkCfX7/Z1r3nw+p/l8fqL7tV6vqd/v02Kx2PsxPguncQzz/LgOlN04D+BQTSYTGg6He9+Os1K1r+v1miaTCQ0GA+r1etTv9ylJElqv11u/z0m3H9t+/+yq1+ttfDcsFgvVhtcdYnte38Y4juno6Kjx8of2GRkOh4X9OeTzKLjYyurALp+XbT5v8/m8UK9Ho9Gp7SuCVQCodZbB6nK5pH6/T5PJRDVUl8vlwZ7QLxaL0uK+r0YuXFzyRlhweNp85jm0HI/HhZoXxzG1OemeTCYnXnfm8znFcVw6dcVZSJLkVMLOkziGQRCoCy1Vr6ua/gPgUA0GA4rjmFar1V7ef7Va0WAwOLP36/V6pc8Nh0MaDofqWPBFMdN88XWq2o9tbPP9M5/PK2vRNvXWFKxKhxY61u3Der2m+XxO/X6/8TGQ+3jWf69N/haOjo72/h0OlxtfbDmJdTWtKYvFgvr9Pi2XS8rz48/maeYJCFYBoNZZBquj0YjOsgdokiQ7FVkEq3BWeBoC9Hg7XG0+82UNxPV6Tb1eb+sw4zSC1eFwqE402/TMOmu7ntRucwyn0yk5jtPoc4lgFc6bxWKhLvKch/bMfD7feTvLTv75JN1UA+M43vrCzz6DVd0uNfM8BKt1+1fW67bpd94h7GPd38K2I0/2HQ7DxbKPYLXuddv+jde9HsEqANQ6y2C1LkgYDod0dHSkhrlwA0F29R8Oh4WG0Gw2U88NBgO1TJIkhWEJTda1XC7Vew8GA5rNZpXBKj/Pr+ehRePxeOME2/QYQJ7nqjcceqseNnkys16vC1OaxHFsPEHj0LJsfbPZTP3fVPuOjo4K9UoPQLj3K9cgvnKf58f1drlcquVN27Barajf71OeH1/4kttatY/j8bgwtYE8mZPPDYfDwjbp6+R90cNOOXWC7EHG+8L49VV1ve4YlkmSRE0dYlkWhWG4Mb2JvNGeDFZ5bmieAoWnAZlOp2pKkk6ng/mUYa+SJKHZbKbqhHxOH2LJtUrWnF6vV2jXyOd4dFLZOgeDgfpcy88yh736+87nc+OQc1lT9F6I6/VatQX5ubJaOJlMSttok8lEDTHlwJQvRnEbsa79WLWdZfVfkt8/k8mEuE3J65OdFmSoa6qZer0ta0fz76ZNsFq3Tv27abFYbGxrkxpf9p0gle2DPiWA/O6Sx1PfR34f05QC8rGybTb9DW1z3lAWso/H48J2b/s9Wrb/AHXKgtWyep7n5d8x+uctjuPCcoxHwZpyhbK/8W0+E8PhsFA3EKwCQK2zClabXM0aDocUx3GhkHFji4ufXnAXi4V6jhtycn3brEvOU7RerymO48pgVQ6f46vfq9VKhRXy5F4PPQDgfNFPbOUJT9mJZ9VJqTy5NdW+1WpVWF5OpZLnmz1U9B44vV6PRqNR5cWs2Wym9mM+nxfmpyrbR24oy6kNZOAqn5vNZoVtksMV1+t1oRbrQxt5mdFoVNgO/Xukqq7XHcM6SZIU5nHmfcjz4zmk5c3vOFjNsqzQy1XO4+y6rrqAEkUReZ63979ruLzkSanpwowcEs//lxeL1ut1YRimDAxXqxXFcaw+a0dHR4Vhm/p78f+Xy2XhNXI7TL3NZV3mYdryAvtoNFK1hINI07Go6hEqg0quN/rcq3Xtx6rtNNX/qu2bTCaF2s/Hno+b3ltW32f9OFa1o9sGq3Xr1L+bZOcEPj4yiKxqu9edWzQNq/lvhUNw+Zzp/eT3p/w91G2z6W9om/OGsr9VfTu3+R6t2n+AOmXn+FX1vOw7Rv4dJ0lS2SlpPB6rC3z6Z9y0Pdt8JhCsAsDWDi1Y1a+Sco8K+VjVeuRzelGsWhcXfPkc9yAo21ZTA59PKmTvL25E7ft3DQDtyc88z0taN+xum2BVr32mHvOyt6UehPJ6+P16vV7tDTrkyaw+PUHZPuoBimQaisjrMNVY07HQ1YUEVXW97hjWMQWrkuylKv/vOM5GD/TpdLpxc7q6G+4BnBb+fPPPeu84Dgr1nvgcVuoXbEyfNdmGqgpq6uY95Zqi1wkZZDH5Gr0ecY0re5+mwWqv19sY7VTVfqzbTlP9r9o+U5gpj9O2wWrV7+OkpgLQ16l/N+nBqgz9684DTiJY1UNMeQzLglX+e5IXFvn3WLXNpr8h/ow0OW9oGqyW/Q2bjlnV/gPUaToVgKxTZd8xskd+k5Geq9WKuLe1rKN121P3mUCwCgBbO7SpAExhpT40iIcRrddrGo/HpV3+9aJYtS5TI2LbOVblYzyZfJ6bG1gAcL6YbhgxGo1oMBhUDvdvOhWAXk9MJ7/ysclkYqxnvM66E2IOA8qWr9rH5XJJSZJsNIxNDVnet6p6KvdrtVrRaDRSw7V4yBa/1tT4Lavrdcewjh6sTqfTwlQAlmUZg9U0Tcn3fXIch8IwVOuSy7F9/13D5SSn5GAy/JPtqyRJCm232WymemSWhZ55XjzZ1ttjkvxM87rldpW9R9nd6fmCk6keVV3caToVgKnXfFX7sW47m8yfelrBal07uk2w2mad8vvINFVCWY2v+p3W7YPsNWxaP38eqnrIyjBUhpN15xtlvemanDeU/b0kSdL6e7Rq/wHqlP1NV9Xzsu+YyWRCg8Fgq9FFeX5lRFJZXWjTtjzzYBUAzr+yz3fTYtb0tXWNR9Pzo9GotHHBBVs2+KuC1ap1mXoctAlWZWOQhwGdl5vCAEC5svqlD+uUynqQ6L1DTes29QCTJ8Sz2Wyjx6pUd0KcJAnpvaT0Xmx1+6gPGTS9Ztseqzw8S5+PTu6XXLbuO6LqGNbRg1XHcSiKIvVzWY9VlmUZeZ5HURTV9n4FOCs8RYbeLpG9BqWq4d78eZzP5zv3WOUTY/2CeFmwyq8v209TD/qyGtT05lWmAKGu/Vi3nfsMVuva0W2C1TbrnM1mpcegqsZX/U6r3k//fctApm4f5fvxxUeeX7jJNlf17mty3mD6e9GnBtr2e7Rq/wHqlNXFqnouyc/YZDJRU0ptc0O2PM8Lo6xMbcVtPhNnHqwCwMV1GsEqF97ZbFaYV6gqXODJrWVx4y9/2YtA3qSAXyd7hNWtK88358gajUaVwaqcP0nOscqv4S+KqvADAM4HWZ+Wy6X6rK/X69JglRuG4/G4MCcp34nbtG6mzw/K4abskdLr9TZ6kvL/606Iyyb95xOssn1crVaF99HnopMn1KY5VuV+y1ouh8Vy3eZ5GvXGr3z/qrpedwzr6GGonFOVe6CaglU+wZbBKi8vg1k5/yrAWdHnhpSPc3tFBqzyAsVisSjUMm5zca3TP7tyFI/s0bdarTZ6uvPwZzlHs95jVW9PDQYDkvVVrlefY5V7+Zcdl+FwSMPhlRuarFYrSpKkEJiVhWJ17ceq7TyLYFXWTH3kQ1U7uk2w2madVUFkXdtd3z+d3kuOv5fkd2eSJIXfvT4HeF0oqfcwrdrmqmC1yXmDafQM9/qTr9nme7Rq/wHqlPXkr6rnZd8x+nzEZRcZ+IK9XId+nwH5/LafifF4XKhjCFYBoLXTCFbz/LgQyiFocohpWeNS3l1UDg3gwsjr4cYFL8c3S5DFsmxdeb55V1f+2bQfXKDl6/WeHnxSXzfP4UXEoYPpTvdhGBYCCYDzQJ/qQ9aRqvnx+OSca5Ep2Curffod7Y+OjjaGwsphVvJkrOqEWA451HFP1rJ9lHWX31M2euWdhYfDYaGhykOxeFlepzzRN+2zrMMcjsgeYFV1ve4YVtGD1W63S7Ztk2VZFAQBhWFoDFZd11VD/X3fL9zISj7H0wQAnCXT3czzvNiTVX5O4zguXASRtUy/sCPvAG3qhS/vFG8assnvy8vLm5LwhRG+QM+P6dsqwyEO9ThIq5o3cr1eq2GovIx+k6qqm7RUtR+rtvO0g1W9ZupTr1S1o9sEq23WOZ/PN4ahy7+tqhpv+k6Q9CHuo9HIOPpCfnfJNn1dsMo30NHDn7JtrgpWm5w36NMMyB7VbNvv0ar9B6hT9jddVc+rvmP0v1VT3eaLF3JYv34BSf6Nt/lM8Get3+8jWAWA9k4rWL1M6oZ/XWQcSJjueu04Drmui2AVAAAA4BLj4fT6DcEuY/v5su43wKFDsAoArSFY3Y0+9+BlkyQJhWFIjuNQmqbqcb75i36jF3lDmCAI1Ou51yv3EpNBbdVyQRCoZfTeYXEck+M4qjcZLxOGIUVRRL7vo0ctAAAAwCnjKSg4WOXh+pftrvSX/bwB4JAhWAWA1hCstsdDB/QhZJcJB6tBEBTmFPR9n+I43rjRCw9LTtO0MI+hHEqbZRm5rluYXsC03HQ6Jcdx1PBb3/fVNqRpSo7jqPXL+Q/DMCTbto3TFwAAAADAyZJTNsgpGC7THJ84bwA4bAhWAaA1BKuwCw5WOcjkx/n/pjtoM/mcZVmFHq9hGJbOS8jLmYJVXiaKokLPVjmHYhiGxqkLAAAAAAAA4PJBsAoArSFYhV1wsJrnxzdymU6n1O12Vagpw1OeHkAO25fBqlyvDFarlguCQD3W6XRUyMo3zpJksIqbyQAAAAAAAECeI1gFgB0gWIVdyGCVe4l6nqeG4Mtg1XGcwnQBeo9VuV4ZflYtJ9+rbPltngMAAAAAAIDLBcEqALSGYBV2IYPVLMvItu3ClAAyBJVzqiZJ0rjHatVyspeqNJ1OybZt9bosy9RUAwhWAQAAAAAAgCFYBYDWEKzCLmSwmufFm0TleTFY7Xa7ZNs2WZZFQRBQGIaNgtWq5fQpAmTQ2u12yXEcsiyLbNtWN8BCsAoAAAAAAAAMwSoAtIZgFc4r3/cLIW6eH8/zWnazLAAAAAAAAAAdglUAaA3BKpxXnU6n0PM0SRJyHMc45yoAAAAAAACACYJVAGgNwSqcV9PplFzXVdMAuK6rhvsDAAAAAAAANIFgFQBaQ7AKAAAAAAAAAJcVglUAaA3BKgAAAAAAAABcVghWAaA1BKsAAAAAAAAAcFkhWAWA1hCsAgAAAAAAAMBlhWAVAFpDsAq7SNOU0jTd+3YAAByCMAz3XhOn0yllWbb3YwEAAABwXiBYBYDWEKzCLsIwpDAMz/Q9Lcva+36fh+MEAM1Np1PyPI8syyLLssh1XUqSZOv1WJbVajnTepht2+T7fuOwtNPpqG2Q/wcAAAAAMwSrANAaglXYxVkEhr7vF4KB8xisnpRut4uAFuCEZVlGtm1TFEUqvIzjmGzbpul0utW6TjJY5f+naUphGJLruo3CVYSpAAAAANtBsAoArSFYhV3owWoYhmTbtgop+PEoisi2bdUTjIfK+r6vemV5nrexftd1Cz238vw4cOh2u2p9crk0TQu9zoIgUM91Oh2Koogcx9nYDp3v+2r9nU7HGGaEYUhBEFCn01GvS9NU/ew4jgpl5HHSl3Mch+I4VuvVg2NeNgiCwrHg4KTsmANAM1EUke/7G493u11VX5IkIc/zqNvtkmVZ6vMsa1EQBIWertPpdKM+VK1LMl1A8jyv8Bkv++ybeqwGQbBRH2zbVttUti4Ol23bpk6ns9GTdzqdkuM4e/8dAgAAAOwCwSoAtIZgFXYhA8M4jlWPqizLVLDI/+dwksPGOI4LoWhZzzC9B5hlWWpYbJZl5Loudbtd9TyHlGmaFnqccSggQ11TmJLnx8EHr58DWdO+y/VzoMvbGgSB2j89WLVtW72u2+0WgomyYJX3QYYwZcd8338XAOdJp9MpXNxg3JM1z49rAg/J5+c5cJQXUORnW9amKIoKIa2+Lp0pWI3jmDqdjvp/2WffFKxOp1NyXbewLt6eqnXpF5e63W5hu4MgKFzAAgAAADiPEKwCQGsIVmEXMvTzPK8QTsjnHMcphJ95nqsT/bohq6ZgVfY0rZqOQA8Y5DYkSaJCiqb7qD8uAwZ9ffJnPVjVAxUZomwTrFYdcwBopmroPH8eOQyVz3FPcv31piCzbl1l7yvJmlL12S+bY9VxnMKFJa6HVeuyLKtwsUaGzfo6AQAAAM4rBKsA0BqCVdiFfjIvh6rLIa5pmpLv++Q4TiH44yGx+nB4yRSslm2DfgMauawenpQFq1mWFaYCKBuqq4eY2wSr+vraBqtVxxwAmmnaY1WvF2Wf5SRJKEmSjc+mDFbrLuqU9VjlXqZVn/2yYFVOB2DbtuqFWrUu03ZwKGsKjwEAAADOIwSrANAaglXYRVkvqTJZlm3ME5jnx8Fr2TD2bYJVx3Fq5xrk58rCDZ4igEOHqh6rZxGs+r5fGaziJjUAu2k6x6opWC3rsVoVnrYNVmWv+6rPflnd4yBUn4alSY9diZc3zdsKAAAAcB4hWAWA1hCswi5kSBhFUWEO0zRNC3fYzvNisJqmqQpSq4JVvTdZVbAq5zvkHmPbBqsy+OXtOstgVU6bwEOG9Rtf8WurjjkANMM9U6MoKtQsvZ7o9YLnWOXPH9+kj+uMfiOoqnXpZE3gnvg8Dyq/V9lnv+qCkuM46sZZ/FjVukzBap4fzx+LaQAAAADgokCwCgCtnUawOhwOaTKZnNk+TCYT4/uVPd7UeDym5XK599/RIdNDwiAI1BB6edLtuq4aYsq9Qflu0pZlFcJDHd91m4fkVgWr+h26wzDcOliV28Wh7lkGq3wzK35/3g992zikKTvm0M5FqV/z+Zzm8/mZ7EPVew2HQ+r1espgMDjT49tUmqaFaUT0+Z/L6oVec0w9RPXh9U2DVeY4TqEXPSv77FcFqxz+Nl1XWbAaBAGmATgHzrqesV6vR4vFwvi4yXA43PuxMh27XWrXYrGgXq+39/1gk8mksD/9fp+SJKH1er33bQOAw1ZVO06j1vE6TU7zOw3BKgC0hmC1ej9MJwYAcHFdlPq16/In9V768VwsFjQYDM4s9IXTIW9+BYdrm3q2Wq1oMBiUPj+fzxtPPVMWrLJDCx2bHLujoyOK47jxMdD3cTAY0Gq12tv+TCaTQoC9XC5pNBpRHMcIV0Hh0V4nuU793gXyQqFpLvK6C4/yfgp6x4wsy9S84fr9G+I4Vhc7Tfd24JEqmGJrk6zpq9WqUAtPu57rtes0IVgFgNbOQ7A6n88r13cIwWrVyQgAnB8XpX5ts/yu9WubYPU0jjGcLZ4CAdOOHL5dPmtJkrS+uHwegtW6/TMdu/V6Tf1+v9FxOYR9lMrCiW3+Rnb5m4Dz4TSC1SRJ1FQ7ZfdaYGX3NZCiKFKhqD6VGN8nIc+vjPLi76ogCApT8vBIuDw/Hn3iuu7GaBU4ptf0xWJB/X5f/f8iBav/+q//uhMEqwCX1FkHq7PZjAaDgRpWJYv0eDymfr9feG4+n9d2/28STEwmExqPx5QkiRrGoC8zmUzU+4/H441gNUkS9fxwOFQ9D3h/mGl/xuPx3n/XAFDvEOvXYrFQ28XvoQ/hPDo6Uts2HA5pPB4X1rtt/ZrP54X1bfNeVcdzuVxSHMe0Wq3UeuTrTY/B4eAeQuitej7Iz5+pjoxGo8Jnm2sAt5XYYrFQy/Nrq+ph22B1sVhQHMeqnTabzQr7cnR0pIboLxYLWq1WG0P25XuX1THT/lUdO2k8HpNs05W19fR95Dalvry+Tq6RfFzllFS9Xo+Wy6XaJ27X6usyBUNl4QT3xK37vZYds6rvCjh/ZLBqmrZGn2omiiI1RZWcq7tKVXja5qKd3CZ9+arRFTJATpJE9XZFsLrJFKxyW02vdXV1fDabqbrdZASTXrvW6zX1er3CCAD5mOk9jo6OCussq9sIVgGgtbMOVrkhnOdXGm/8uByOtFwu1f/rel41DVZlL4Plckn9fl8VWm4Y8rZxICK/RI6OjtQ2jUajwhevfoIwmUzUCct6vabRaIQeWgDnwCHWL+4ZwD+v12uK45i4MbharQr1iuubPoy1af3iBjPvq2zUNnkv/XjqoYdsROuBTJIkhUY4ALSnB6t6HeETUH69KQjkn/Vgtawe8nraBKvL5VIFicvlsnDyPBwOKY7jjXrBdZD3h5+vqmOm/as6dpJcT1VbryxY5WBUrpMDVL1HLP/OuHZzGM77tFqtCs/LdVVtd9Xvour3avqbqDrGcP5sG6zKMFX2Fq3i+76xx2q32220vE72WK26D4OUpmmhx6pp/+AKvd0Xx3FprWtSx/nno6Mj1fO1jKmuJElSqM/z+ZxGo5HxPebzOfX7/UKdKqvbCFYBoLV9TwXAhZgbh6arVicVrOpFeTKZqC9PU/CpN+Al/QRDP0HQG7b66wHgMB1i/TKFELK3AF+Zl89X9SKtq1+mcJNfs+17lfVY5Ytas9lM1WEOFfY5DyHARaIHq6aLwPLzuU2wqpPLntRUAHIbuHe8fN4UrHIdrqpjpv2rOnb6MePjUNXWKwtW8zwv1EDZY1SGA6bler3eRs+r0Wik9ll+L1Rt9za/i6pjVneM4fzZNliVvUGb3JiRb+po6pUqA9KmoigqhLFNg1XP84w9WRGsmlXdyK+uhuh1XK+rdTXDVLv0C1Sy9pdNQcXPV9VtBKsA0NpZBqvr9ZrG43Hp0NPlcklJkqiCfdI9Vk3BKj9mamDLx1arFY1GIzVsgIc88Wv1LwXTXQzrrsgBwP4dYv0qC1b5MdM65GPb1i9TL1Meglr3Xk2Op6y9PHxrvV4bQwUAaO+0gtW6etg2WJ3NZmoIqT7kvGzOU7kNMnitqmOm/as6dpLsKVXV1qsKVuUFJRlOTiYT4zr5edNxlcFsVY//smB1Pp83/r3qx6zuGMP5s22wKkPIumCV5zw1hadNQlkdz4sqQ9omwWpVz1oEq2ZVNV2vddvW8TbBap5fuUDFnRv48bq5/avqNoJVAGjtLINVLrSyN5KpmOrd8uuCidlsZjwZl1fxTUVZzkNl6rEqG5A8dJbDDNUIIQAAIABJREFUkroeX/1+Hw1LgHPoEOuXKYSQc5GaepHK9922fo1Go9KT87r3anI89XqcJIkKVfXeWADQ3mkFq3X1sE2wytOK6MFd1Qn5crks7UVbVcdM+1d17Jg+VL+qrVcVrPJ6eB1cm8u+D+qOKw/H16cF0H/XdTevqvu96ses7hjD+VMXrDqO0ypYrQpVeV3bzN1tClXzvH6O1brpChCsmjUNVtvU8bbB6nw+VxeT9ItqplGo3KauqtsIVgGgtbMMVnlOkzw/blTyRPh5ftyjShY5PZioamhyA1U27mazWaGByb0Ams6xyl8S8ouA179arSiO441gQm5/kiSFG8Ss12sMbwU4Bw6xfnE9ajrH6mq1KgzV2rZ+cT2UDWN+vu696o4nD9+S+8uBDXr1A5ysXYNV0+eUlyurh7yebYNVHsYuQ8a6nk5VQWRVHTPtX9Wxy/MrF7P0IKmsrVcVrOb5lQtecvu5vsppZfSbV5mOKwcPVd81ejjBobScH7zu96ofs7pjDOePDFZ5HlIOQ6MoIsuytg5W60LVNE3JcZzG21gWquZ5MTjl9+XXNZkDFsGqWdNgtU0dbxus8oiFOI43art+3xQ5zVRV3UawCgCtnVawqnexn0wm6oSe52eRPa7kc71e8U61fOIuh0PpuIEol5dFdjKZEPdQ5S7/pl5U8g6Bk8lEfRHod8HmO9PKZeVQAh5OJe8Sjp5YAIfvEOsXBxqyRskeqHlurlFc47atX3levDO06UZYZe9VdzzLbnQ1GAxInz/xrPCJpKm3TBiGhRNJgPNkl2CVbyrCF15ksFpVD3k9baYCGI1GhTqRJEltj1U5xYk+HUBdHZP7Zzp2cr2yxxOrauvVBatHR0fU623OmSrvqM3fB3XHlQPZqnamPs2APm1Nk9+r6ZhVHWM4f5IkKdzUKQgCsm2bLMuiIAhaTQXQ6XTIsqwN/Frf943zoAZBQEEQbDxuWpdlWRSGIWVZpt7PcRz1vc7f8yZyHxCsmm0zFcC2dbxtsMq/V54KhfEFIK7h+jl4Vd1GsAoArZ1GsHqIqooyAMAha3qjl/Nsn9On8Mmg53kbzzmOQ67r4kQL4MBwCChHA3EPpsvWa5ID5n1vB5x/URRtPdfpael0OlvfzAouF9N0JNvchFaHYBUAWkOwCrtI05Q8z1NXfeWV5W63S47jGK9Oy+fQcAKodtGD1X3X5yRJKAxDchyH0jRVj0+nU/I8r9CDJUkScl2XLMsi27YLvVy51yv37pFBbdVyskeQ7HmT58c9Zm3bJtu2KYoitQxvE69z379DgLPG04rIYJV7WJbNM3oR6fN6A7QxnU5VL89DaZNvMz0AXD6LxcI4rzSCVQDYCwSrsCsegqHPxST/3+12Vcigv45D1n3vB8ChuqjBKg9NHQ6He+1hxsFqEASF8NL3fYrjuBCspmmqalccx4Uhk5Zlke/7lGUZZVlGruuqALVsOdMccLwNcRyreeSyLCuc8HY6nYM6AQbYBzk9Cg+br5qC4KLhoa761DAAABcVt4nLptlDsAoAe3FZglU4GzKA0MNT7q3KAYZcDkNtAWBfOFjVb6DB/6+ac032FrUsq9DjNQxD47xxcjlTsMrLeJ5XmDtMrq/T6RRCYAAAAABoD8EqALSGYBV2wUNlTZPAx3GsHpM9q0xhAyaLB4B94WA1z48v8kynU+p2u+oCkKxP3ItU1jxejz4kX9a6quWCIChMl8Ihq+mGHzJYRc0EAAAAOBkIVgGgNQSrsAvHcYzz/uX58QT4ph5V6LEKAIdEBqtRFFEQBOR5XmHYfZIkahoTWauaBKt1y8n3kqrCUwSrAAAAACcHwSoAtIZgFXYhh/snSVLosRqGYWEYK8McqwBwSGSwmmUZ2bZdqEkcYurD9sMwbBSs1i0ne6lKURSR67pqeoE0TQu9WRGsAgAAAJwMBKsA0BqCVdiFvAN2EAQUhmGhx6ocwiqnA4jjmBzHUUNfcQMWANgXGazm+XEP0rKe+Dxs37btwtzReV49FUDVcvp0KjJoDYJA1VjHcVTIimAVAAAA4OQgWAWA1hCswmnodrvkeV7hMQ5e971tAACHwvf9jSlTMDUKAAAAwNlCsAoArSFYhdMQhiF5nqd6XaVpirtYAwBoOp1O4YJTkiSF3v0AAAAAcPoQrAJAawhW4TRkWVYY3uo4DnqrAgBoptMpua6raqXrusa5qQEAAADg9CBYBYDWEKwCAAAAAAAAwGWFYBUAWkOwCgAAAAAAAACXFYJVAGgNwSoAAAAAAAAAXFYIVgGgNQSrAAAAAAAAAHBZIVgFgNYQrAIAAAAAAADAZYVgFQBaQ7AKAAAAAAAAAJcVglUAaA3BKgAAAAAAAABcVghWAaA1BKsAAAAAAAAAcFkhWAWA1hCsAgAAAAAAAMBlhWAVAFr7/9m72+g2rvve93jNhbd6wdV3esV13yitTy6Tqj3rnPaWXUpO09xzI9pOk5zcKKKT1qktR3QTJ41cx1Jq96jnNLFFQyIsl04MhYLtCLYCQzYtm3ZMkbZEy5FBWSKtB9OyLYGWZUHiAzD93xe8e7RnY4DBDAEMAH5nrc9aJDCY2XjYezZ+2LNnJcHq1NQUAAAAAABAyyJYBRCYn3pvrht24wcAAAAAALASBKsAAvNT7811w278AAAAAAAAVoJgFUBgfuq9uW7YjR8AAAAAAMBKEKwCCMxPvTfXDbvxAwAAAAAAWAmCVQCB+an35rphN34AAAAAALSzwcFBWb9+vUQiEYlEIrJ27VrZuXNn6OVS1q1bJ5s2bQq9HCtBsAogMD/13lw37MYPAAAAAIB2NTg4KB0dHbJlyxb7tp07d0pHR0fFcHVwcFAikUjdy5fJZGTt2rWyZs2aFW1jJY+vBYJVAIH5qffmumEfZAAAAAAAaFflRoPu3LnTEUZu2LBBBgcH7f8bFaxu2rRJent7Ze3atY79V2KWtRkQrAIIzE+9N9cNu/Grp0wm03SNPQAAAABg9YhEIpLJZMreNzw8LBs2bLCnCYhEIjI4OCiDg4OyZs0a2bRpk3R0dEgkEpH169fL2NiY/fjh4WFZu3atRCIRWbNmjQwPD5dse82aNRUDWvW4LVu2yIYNGxz36dtXI2zdyqr2px43NjbmmPpgw4YNdrkHBwftsNnteZmPXbt2reM5m/SFYBVAIH7qvbmuaoy2bdtmN5ZhH3iUTCazonloNm3a1JBf+AAAAAAAMHmNOl23bp0dTOp/q8d2dHTYo13HxsZk3bp19pQCY2Nj0tHRYT9Gra9CSBVYlgt1p6am7OB1amr5+7eeB6j/t23bZv+vtm2WVe1P/b127Vo7pB0bG5MNGzbIunXrqnpemzZtcgS81QyWIlgFsCJ+6r25rmqI1q9fb/+S5RZeuv1CVO5XIz+3V1q3o6NDOjo6pLe3VzZt2mSXz61h1bej/nYLViv90lXN/QAAAAAAVGOlwar52E2bNtmB5LZt22T9+vVlt1fuu71uw4YN0tvba/+/du1aO0jdsmWLHYZWKreiyjo8POz6PVzdVs3z8jMtgUKwCiAwP/XeXFdv5LZs2SJr1qxx/Dq0bt06e8So+vVLTbStblcNYG9vr2NddRqC2zZU6GmePqBs2bJFIpGI3ahPTS3/QqZ+dVON8ZYtW6Sjo8Nu8NVpCR0dHfYpC+o56uVQpxOU2w4AAAAAACtVzVQAU1P+g1XzO7WiRn6WG5Sk07/XKyqs1fdlqhSsqlP93Z6rmuKg0vOamlqef1YN/tIzgUoIVgEE5qfem+tOTd0IMTOZjB2O6qFjb2+vZDIZu0FTAaUKWYeHh+1fpTZt2mSHmGvWrCm7DT3c3LZtW8lIUXWQcGusVSOuAtTe3l7Ztm2b7Ny5056/ZXBw0BGsquc4ODhon9Kg1jO3E/aBFwAAAADQHqq9eJXfYHXLli0lI1Z1XsGqGhmq36YGM42NjQUesaq2od/nZ8SqWR6VK3i9zgSrAALzU+/Ndaemlof7q7lZ9JGi6nR8fZSoavTU5NgqSFW3rV271g5VVYPstg0VzuqnGpgNazXBqn7agvkYfSoAtb9169bJunXr7NGpbtsBAAAAAKAW1JyiaiTp1NSUfRaofqq+Ps+oelylAFIFmPr3afPiVZUCyfXr17t+F1+/fr1s2bLFHpCkyjg2NmaPvDXLqvanPxd1wSq3OVYrPa/h4WF7P2NjYwSrAOrPT70311WNcbnh/yo0VeGoauDU8H41QlSFmOpvvWEst41t27bZAazZoFc7FYD+q1Y1wapetm3btrluBwAAAACAWhkcHPS8MLM+5d7w8HBVIzv1MzX17/FTU5WDVTWC1O0aI/pIVn37+oWszLKq/enb15+vClnVNis9LzWSVz+ztJrXmGAVQGB+6r25rgowt2zZYs93okLI/fv3y86dO+3TAFTDrE7/V78erVu3zp4KYMOGDZLJZOz1MpmM6za2bdsmmUzGMYWA2dCri1ep0/xVg75z507XQLSaqQDUL2/quRKsAgAAAADQ2ghWAQTmp96b66ppAPQGadu2bRKJROTb3/62YxSrGrqv//Kknxqwbds2x+TXGzZssINTcxv6emvWrHGdzHt4eNj+pcr8haxcIKpfvEr9re7TL66lRsMSrAIAAAAA0NoIVgEE5qfem+uG3fgBAAAAAACsBMEqgMD81Htz3bAbPwAAAAAAgJUgWAUQmJ96b64bduMHAAAAAACwEgSrAALzU+/NdcNu/AAAAAAAAFaCYBVAYH7qvblu2I0fAAAAAADAShCsAgjMT7031w278QMAAAAAAFgJglUAgfmp9+a6YTd+AAAAAAAAK0GwCiAwP/XeXDfsxg8AAAAAAGAlCFYBBOan3pvrht34AQAAAAAArATBKoDA/NR7c92wGz8AAAAAAICVIFgFEJifem+uG3bjB6B1hN3WAQAAAIAbglUAgfmp9+a6YQc1AFpH2G0dAAAAALghWAUQmJ96b64bdlADoHWE3dYBAAAAgBuCVQCB+an35rphBzUAWkfYbR0AAAAAuCFYBRCYn3pvrht2UAOgdYTd1gEAAACAG4JVAIH5qffmumEHNQBaR9htHQAAAAC4IVgFEJifem+uG3ZQA6B1hN3WAQAAAIAbglUAgfmp9+a6YQc1AFpH2G0dAAAAALghWAUQmJ96b66rhyZr1qyRnTt3loQpGzZskN7e3pqHNMPDw3XZLoD6CLutAwAAAAA3BKsAAvNT78119dCkt7dXNmzYUBKmdHR0yPDwcM1DmsHBQVm3bl3oYVEjXDk1Kvn3jodeDmAlwm7rAAAAAMANwSqAwPzUe3NdPTQZHh6Wjo6OktvWrFlTl5BmNQWrE/1/ICd33xJ6OYCVCLutAwAAAAA3BKsAAvNT7811zeDEnA6gt7fXcbr+8PCwrF27ViKRiKxZs8YxkjUSicjOnTtlzZo1EolEZO3atY77h4eHZd26dfZjt2zZ4ghWx8bGZP369RKJRCQSiciGDRtkbGxMpqZuhLDbtm2Tjo4O10B206ZN9qjbSCQiHR0dJVMNbNiwQTo6OiQSici6deskk8k4tr9p0ybp6OiQjo4O2bJli+P5rFu3zi6P12sxNbU8SlX9ffxnn5czybtlampKFubOMXoVLSnstg4AAAAA3BCsAgjMT7031zWDE3M6AD0wHBsbk46ODhkcHJSpqeUwsqOjww4bzTC0t7dX1q9f79jWpk2b7G2tXbvWEZCuXbvW3vfY2Jhs2LDBvn9wcFDWrFnj2L5JhaKqfJlMpmQag507d9qPX79+vb0/9VxU+dToXT1MXb9+vaP8lV6LqakpOfaT/0Mm+v9AziTvlrf/bYNMP36bnNx9i0z0/4FMP35b6CEZ4FfYbR0AAAAAuCFYBRCYn3pvrmsGJ/p0AOY0ANu2bXMEpVNTU7Ju3To7XIxEIvbfU1POU/2Hh4clEok4Hrtz586K94+Njdm3DQ4OSiQSKRuqTk0tB6vmSFa9fCa9fGr75mP10bubNm2yg1iv12JqakouHH7YDlUn+v/Ang7gTPJuuXjkl6GHZIBfYbd1AAAAAOCGYBVAYH7qvbmuW3iipgMwpwHYtGmTfZq+bsuWLcsNUIVg1W0+Va/79W26BZ8mr2A1k8nI+vXr7akA1On9av9uwar+fPTte70Wurf/bYMc/9nn7dGrYYdjQFBht3UAAAAA4IZgFUBgfuq9ua5beKICVXPe0C1btpSM0tT5HbGq35/JZKoasVop9PEKVtWp/+a8reW2XylY9XotFDVa9cqpUXnv4HbCVbS0sNs6AAAAAHBDsAogMD/13lzXLTxRUwDo0wBMTd0IP7dt2+ZYV/1dKVidmiqdY3X9+vWO+9etW2cHn25zrK40WF23bp09ojSTyTjmePUbrHq9FoqaDkD9f3L3LUwDgJYVdlsHAAAAAG4IVgEE5qfem+uWC1DWrFnjmAZAGRwclLVr19qnvuujNr2C1eHhYVm3bp1EIhF7NKx+vwpb1bbN0aUrDVZ37twpa9assacA0Od49Ruser0WQDsKu60DAAAAADcEqwAC81PvzXXDDmoAtI6w2zoAAAAAcEOwCiAwP/XeXDfsoAZA6wi7rQMAAAAANwSrAALzU+/NdcMOagC0jrDbOgAAAABwQ7AKIDA/9d5cN+ygBkDrCLutAwAAAAA3BKsAAvNT7811ww5qALSOsNs6AAAAAHBDsAogMD/13lw37KAGQOsIu60DAAAAADcEqwAC81PvzXWnpqbk7EuPAUBF9C8AAAAANCuCVQCBEawCqDf6FwAAAACaFcEqgMBqFayGfZox4FfYYeNqMjVF/wIAAABAcyJYBRCYn3pvrquHU1NTU8LC0iqLV7D67uG9Erv/Dvnql/5c/tuf/XFFX/3Sn0vs/jvk3cN7Qw8wmxX9CwAAAADNSoRgFUBABKssq3HxClYfvvd2z0DV9PC9t4ceYDYr+hcAAAAAmpUIwSqAgAhWWVbj4hWs3qqNVP3SX6yXb/z3vywJUr/x3/9S/urPb/x/y1/9WegBZrOifwEAAACgWYkQrAIIiGCVZTUuXsGqHqru/8WP5PcHB+TbN3/Bvv32r/+1TGV2y7//y1ZHuBp2gNms6F8AAAAAaFYiBKsAAqpnsDoxMSE9PT0SiUQkEolIZ2en9Pf3i4hIf3+/dHd32+sODAxIZ2enRCIRiUaj0tPTU/W2RESmp6elt7dXotGo6/1ui9s+5+bmJBqNSiaTKVlXlXdiYkK6urrssnR3d8v09LT09/fbt5kymYxkMhnX+9Siyu229PX12dsREZmbm3O8Hl1dXbJv376Kz5flxlJtsPqdr/6VnHp+UM6+9Jj8/uCAbL75i3aoevalx2Qqs1u++ZW/JFglWAUAAADQokQIVgEEVK9gdWJiQqLRqPT398vc3Jx9mwoG9WA1k8lINBqViYkJEVkOSfVg02tbKgzt6+tz3N/V1SV9fX2uwVqlfZqhr4hIZ2enZDIZe18DAwP2vt0Cze7u7pJgVwWr5RYVrKoymftXZVDb7+3tdWx7enq67LZZnEu1wep/+7M/lv7NGx3hqh6q3v71LzvWDTvAbFb0LwAAAAA0KxGCVQAB1StY7enpKRtqijjDS7cgM+i29GVubk4ikYhr4Fhpn+aoVX20qlc4qpagweqOHTscgal6XE9Pj3R3d9tl0kevsvhf/ASrZriqQtXvfePLJeuFHWA2K/oXAAAAAJqVCMEqgIDqFayWCzTVogebakRqufW9ttXd3W2PIHW7b8eOHSW3e+2zv7/fDjj1kaIiItFo1PO0+6DB6vT0tESjUcftvb29driryuEVNrNUXvwGq/rp/2dfeqxkzlWCVYJVAAAAAK1JhGAVQEBTU1Py84cG5JHdcbEsy/G327rm/27BajWjOs0Ro2oO0d7eXkeIWc22Ko3e7O/vLzvXarl9itwYteo2snVgYECi0ahnoFsuWNXp21bP05wvNRqNytzcnCNYnZiYsKcH2LFjhz0FAov3su2gv2DVnFNVnxbADFfDDjCbFf0LAAAAAM1KhGAVQEDNEqyKLM9z2tfXZ8+XWu22ggar5fapP7bctufm5mTHjh3S2dkp3d3dJcFm0BGrIuKYDmDfvn3233qwqhY1krXc3KwszmXbQZHI96oPVjff/EVHqPq9b3xZtn7bOefqN/7vHoJVglUAAAAALUqEYBVAQPUIVkX8TQVgLuo0fRUU1mMqAK99ilQX6s7NzUlXV1fJPlYSrKq5Yefm5qSnp8ceveoWrKqlt7dXenp6KpZ1tS8qVPUTrH6550/lt4M/LZlTVYWr+3/xY/nSX6wnWCVYBQAAANCiRAhWAQRUr2DVLVjUF68LVnV1ddkhYtBtVbp4ldc+Raq/UFVfX19J+VYSrIosz6G6Y8cOx3yrlYLVffv2VXw9V/uih6rVBKu3funPHeHq5pu/WDKf6m1f/StHqHrLX/1Z6AFms6J/AQAAAKBZiRCsAgioXsGqChH1+T+np6ftkFMPQzOZjGOkqAoU1eO8tqXmQ+3r67Pvn5iYkK6urrIXePLap75ffZmennbMf5rJZCQajZYEnisNVtU8rmoaALVNtZ+BgQHHa9HV1VUxfF7NixmqVhOsPnzv7SVBqpeH77099ACzWdG/AAAAANCsRAhWAQRUr2BVZDlI7OnpsS/U1NnZaZ+yrwerAwMD0tnZ6bigkzlfaKVtiSyHi729vRKNRu37KwWN1e7TDEJVYKuXQw9a1VLtxav07et/q7BYL5MerHZ3d9uPVxfZYild3ELVaoLVdw/vldj9dzhGrpZz65f+XGL33yHvHt4beoDZrOhfAAAAAGhWIgSrAAKqZ7DKwhLmUi5UrSZYBcEqAAAAgNVBhGAVQEAEqyztuFQKVQlWCVYBAAAAQBEhWAUQEMEqS7stXqEqwSrBKgAAAAAoIgSrAALyE6yePXu25LEEqyzNtFQTqhKsEqwCAAAAgCKy8mD17NmzBKvAalTLEatAKwk7bFxNpqboXwAAAABoTrUIVqemGLEKrEpTU7UJVgGgHPoXAAAAAJoVwSqAwFYarAJANcJu6wAAAADADcEqgMCmpoIHqwAAAAAAAK2MYBVAYASrAAAAAABgtSJYBRAYwSoAAAAAAFitCFYBBOan3tNGAAAAAACAdkKwCiAwglUAAAAAALBaEawCCIxgFQAAAAAArFYEqwACI1gFAAAAAACrFcEqgMAIVgEAAAAAwGpFsAogMIJVAAAAAACwWhGsAgiMYBUAAAAAAKxWBKsAAiNYBQAAAAAAqxXBKoDA6hGsnj9/XvbufUzuvPNOufXWr8qtt35V7rzzTtm79zE5f/586M8ZAAAAAADAsghWAaxALYPVxcVFGRwclN7em+UrX9noqrf3ZonFYjI/Px/6cwcAAAAAAKsbwSqAwGoVrC4uLsp9991XEqRms1nJZrMlt993332yuLgY+vMHAAAAAACrF8EqgMBqFazu2bPHdYSqut/tvsHBwdCfPwAAAAAAWL0IVgEEVotg9dy5c3Lzzbf4DlZvvvkWOXfuXOivAQAAAAAAWJ0IVgEEVotgde/ex8rOqarWKXf/3r2Phf4aAAAAAACA1YlgFUBgtQhW77zzzsDB6p133hn6awAAQKu6Mm/Jy2cKsvuNJdk1sSi7JhblF+OL9t+731iS0bMFubrQ+LJ9fN2SZ08W5P6XF+Tew4ty7+FF+fHIov33/S8vyMFTS/LJfDhle+ZkQX768qL85MUF+cmLC/KjkRt///TlRXn2nXDKBgAAGotgFUBgtQhWb731q/aFqqrdlrqg1a23fjX01wAAgFbz/pWiDB5dlP7MQnUOLcijx5bkw6v1L9vZy0X551cW5ebh+ersn5cHXl2S9z4pNqBsluwYXZCNw/NV+9noorz3SfjvOQAAqA+CVQCBhRWsTk1NyVe+slG+/vVvhP4aAADQKj6dtyTx1lL1garh7kOLMnxiSfJ1GMF6+bolD437CFQNt+yfl0deX5RP61S2XxxZ9BWo6nqH52Xg9aW6lA0AAISLYBVAYGFPBXDXXXeF/hoAANAK3v24KPe9FCxQNW1/ubajMKcuFeW2VLBA1fR3zy7IzFztRq9OXSpKX8rfKNVyvvvMgszMhf9ZAAAAtUOwCiCwsC9e9eije0N/DQAAaHZHzhfl7kM+Tv2vwg+eX5RjF1YeYD4/XZBb9tcmVFW+mpyXV84WVly2Q6cL0luDQFV3y/55eeXcyssGAACaA8EqgMBqEayePXtWbr75Ft/B6s033yJnz54N/TUAAKCZnfm4KP9wqHaBqu6HLyyuaG7Tk5eK8tXkQk1DVeVrTy7Iux8Hf92mLhbklv21Galq+psnazuqFgAAhIdgFUBgtQhWLcuSPXv2+A5W9+zZE/rzBwCgmV1dsOSfDtcnVFV2jC7K9SX/Zbsy/x9yW6o+oapy+8FFyS/6L9sn1y3ZfKA+oaryt88uBCobAABoLgSrAAKrVbC6uLgo9913X0l4ms1m7QtV6e677z5ZXFwM/fkDANDMHn8z+IWq/Hgq6//U9v89tlTXUFWJH13yXbZ/fS34har8GAxQNgAA0FwIVgEEVqtg1bKWw9XBwUHp7b257Jyqvb03SywWk/n5+dCfOwAAzezs5WJDQtX+zILcfWhBLlyp/tT2U7liQ0LVm4fn5dbkgpz3caGtU7liQ0LVjcPzcvP+BTl3mSkBAABoZQSrAAKrZbCqnDt3Th59dK/ccccdcsstt8rXvvZ1ueuuu+TRR/cypyoAAFX6xZHGjFZV9h6rfvTlj0YWGxas3jw8Lw++Wv1ZLve80JjRqsoDPsoGAACaD8EqgMDqEawCAICVyV2zGhqqqlGr81XMtfrh1caNVtVHrVYzD+yHVxs3WlUftRpkjloAANAcCFYBBEawCgBA83n5TKHhwWp/ZkEmP/Cea/XZdxozt6rptfe8T7l/9p0p4xUmAAAgAElEQVRCw4PVjcPz8tp5/3PUAgCA5kCwCiAwglUAAJrPnjcWQwlWh094Twfws9HGTgOgPPK69yn3219eCCVYHXidi1gBANCqCFYBBEawCgBA8/mfvwsnWN014R1efj+zEEqweu9h77LdlQknWP3Jiwuhf2YAAEAwBKsAAiNYBQCg+Wx7sfGhan9mQXaMeoeX3z7Q+FD15uF5uf2gd9m+9ZvGh6obh+flb58lWAUAoFURrAIIjGAVAIDm84PnwwlWf/iCd3j5N8lwgtWvPekdXt66P5xg9W+qKBsAAGhOBKsAAiNYBQCg+dz3UjjB6n0veQert6XCCVZve2bes2x9qXCmAtic8i4bAABoTgSrAAIjWAUAoPn8r9fCmWP1f495B6v/cCicOVb/4XnvUaH9Ic2x+g+HGLEKAECrIlgFEBjBKgAAzSd+NJxgde8x76vb//Mri6EEqw++6h36/uyVxVCC1QeqKBsAAGhOBKsAAiNYBQCg+bx8phBKsPrquYJn2Q6+UwglWH3utHfZnn2nEEqwmj7lXTYAANCcCFYBBEawCgBA8/lk3mp8sHpoQa7Me5ft4+tW44PV/fMyd827bHPXrFCC1WrKBgAAmhPBKoDACFYBAGhOuyYaOx3A7je8pwFQth1u7HQA979c/Rym2w43djqAn77MNAAAALQyglUAgRGsAgDQnKbnig0NVs9dLlZdtrc/KjY0WD2dq75sJz5s7HQAp3JMAwAAQCsjWAUQGMEqAADNK/bGUkNC1WouWmX66UuNGbX64Kv+y3bfS40ZtfrPrzBaFQCAVkewCiAwglUAAJrXhU8t+dFIfacE+PHIolzM+y/bucuWfOOp+oaq/+PpBblwpfrRqsrZy0X5+pP1DVW/8dSCXPg0/M8IAABYGYJVAIERrAIA0NymLhbl7kP1CVfvPrQgp+f8B5fK5IWi3LK/PqHqrckFOfFR8LIdu1CU3jqFqjfvX1nZAABA8yBYBRAYwSoAAM3vd+cKtQ9WDy3I67Mrnx/0udNLtQ9W98/LS2dWXrb06aW6BKsvnSFUBQCgXRCsAgiMYBUAgNYw+UFRfvB8bULVe15YlKmLtQsHf3e+IH+TrE2o+vWn5mXyQg3Ldq4gX03WJlD92pPzcqyGZQMAAOEjWAUQGMEqAACt48zHRXng1ZVNC/Dgq4vy3ie1DwdPXirKHemFFYWqW9IL8u7HtX/dpi4W5Hu/XVhRqHrHbxdkZgXTJgAAgOZEsAogMIJVAABaS6FoyctnCvKTF/0Fqve9tCBHzhelWKxf2ZYKlhx8pyDf+o2/gPW21Lw8P12oe9mefacg/+9v/AWqfakFOXS6vmUDAADhIVgFEBjBKgAArWmhsDxK9LenluSR15fkgVcXZduLyxek2nZ4UR58dVF2v7EkmdMFmc4VZanQuLLNL1ly/MOiPPHWktx3eEHuSC/IpgMLcmtyQTYdWB6Zev/LC7L/7YK8/VFRlhoYWs4XLHnzg4L86viS/NPhRfn79MJyELx/Qb51YEHu+O2C/PTlRRk+UZATDS4bAABoPIJVAIERrAIAAAAAgNWKYBVAYASrAAAAAABgtSJYBRAYwSoAAAAAAFitCFYBBEawCgAAAAAAViuCVQCBEawCAAAAAIDVimAVQGAEqwAAAAAAYLUiWAUQGMEqAAAAAABYrQhWAQRGsAoAAAAAAFYrglUAgRGsAgDQuhYLlnz4aVFO5W44ecn5/0dXi7JYaHzZrsxb8tKZgsReX5SHJ5bk4Ykl+fn4kv137PVFeflsQT6db3zZctcs+dXxJfn79IJ855llmw7M23//fXpBEr9fkrnr4b/HAACgvghWAQRGsAoAQOu5tmjJ6VxRjr5fqMqxC0WZnivK9aX6l+39Ty0ZPLok339uoTqZBYkfW5IPPi3WvWyn5yzZ8tyCfG7P9ap9P7MoM3P1LxsAAAgHwSqAwAhWAQBoHYsFS85crj5QLQ1YC3L2clGWirUv26fzljzxlo9A1bA1syi/PrEk+YXal23umiX3Hl70FajqPr/nutw/uiBXQhhdCwAA6otgFUBgBKu1tWvXLolGoxKJRGT79u2hliUSiYT+egAAaufqgiVvfRg8VNX9/sOC5BdrV7Z3Py7KvYeDBaqm+19elPc+qV3Z3vywKF/81XzgUFX310/My9RFRq8CANBOCFYBBBZ2sHrkyBHp6emRSCQikUhEOjs7ZevWraG/LkFcunRJIpGIHDlyxP5fvz8ajUoikXDctnnzZolGoyXb6urqkl27dq2oPASrANA+LuYtOXZh5YGqbvJCUeaurbxsY+eLsjWzWJNQVbn70KIcfb+w4rI9nS3I52sQqOr+JH5dMtMrLxsAAGgOBKsAAgs7WI1Go44g9ciRI5JOp0N/XYJIp9MVw8yenh7ZvHmz47bOzk6JRqOO56wC2lOnTq2oPASrANAeri5YcqyGgaozXF3ZyNV354rSn6ldoKr7wfMrG7l6/MOirB+sbaiq/Oe983LyUvifDQAAsHIEqwACCztY9Qr/Ll265BjR2t3dbd+3a9cu6ezstEe6miM8I5GIJBIJxzpqNKmSTqelq6ur7DYqlaWnp8celbp161b7drOcenm7urrs/48cOSLRaFQ2b97sCFxVmavZr2VZ0t3dLYlEQrq7uyUSidhBtf7aqn2ZI2YBAM1tsVC70//LOfFRUQoB5ly9umDJthfrE6rq0wIEueDWx9ct+cIv6xOqKl9OzMundZgPFgAANBbBKoDAwg5WzRGrpq6uLtm4caMdJKpgNJFIOEZ6ptPpkuBQBZxq5Of27dslGo3a2zp16pR0dnaWbKPciFm9LJcuXZKNGzc6glKvEaunTp2SSCRi73/79u2yceNGOXLkiCNI3bx5s2zcuLHq/XZ3d0tnZ2dJaKrKcunSpZpMLQAAaLx3P65vqKqc/8T/vKFDbwa/UJUfT2X9n3b/oxcW6hqqKv/yu6XQPyMAAGBlCFYBBFbrYHVqaspVufVVqNjZ2Snbt293jMRUQafb47q7u0suDmWOCI1EIiUhqR4wbt261RFgWpZVMnrUqyx6oOkVrJrrd3d322WJRqN2aNzV1eXYptd+u7u7XcusQtyuri7X8LrcewUAaA6TJ96R3xyZaZB35c0TJ6su2+Fjp6Vv/6WGuG3/RXl18lTVZTs4MSOffeRqQ3THrsrzb0yH/lkBAADBEawCCMxPva9m3aDtyK5du6S7u1ui0agj+HQ7pd6y3ENTM9h0Czm7u7vtkFGdOm9y22e5sujbqyZY3bhxo2zevNmeR1UFyRs3bpTt27eXjGqtZr9qKgC312jjxo2O0bAAgNZx8lJjRqsq03PVj1r9t7HaXqzKy6PHqh8ZuulAY0arKv2HFkP/rAAAgOAIVgEE1izBqqJO17esysGq2yn7bsGqPgLWspyBZE9PT8VpCMxy1SJYTSQS9qhZfXRtudur2W93d7fr9AV6sGqO7gUANLf5pcaGqkffL8ixC4Wq5lrNXbMaGqp+/7kF2ZpZkPkq5lqdvWI1NFT93J7r8seD1+XaCi4ABgAAwkWwCiCwZgtW9XCy0lQAPT09gaYC0C9QtX37dsf6laiLP5m3+50KQI1UVSNUzdvNqQiq2W+lYFVtIxKJlFy4CwDQvD66ajU8WD36fkE+vu5dtpfOFBoerH7/uQV58wPvEbVPvLXU8GD1c3uuy/MzzLUKAECrIlgFEFiYweqpU6ckkUg4Lia1ceNGxwhN8+JV5tyjXhev6urqsi9etXXrVsfFqy5duiTRaNQRcKbTaXt9U3d394ouXqU/J7egU01NYIakXvv1ClbVc+/q6ioZwQsAaE6nc40fsXr0/YKcvewdXu55o7HTACi/PuEdXt6Zng8lWL1/dCH0zwwAAAiGYBVAYGEHqypkjEQiEo1GHSGqWqenp8d1/tNEIiGdnZ0SiURcT3ePRCKOdbq6ukrCzCNHjjjmWtWDWJMKNdW6PT09jnWrDVa3bt3qOu/p9u3bXR/vtd9qglXLWg503S5yBQBoPtmPGh+qHn2/IKdy3sHqg682PlT9/nML8vCEd7B6azKcYPU7zxCsAgDQqghWAQTWbFMB1FI1IScAAM3o+AfhBKsnPvIOVn/yYjgjVu9/2fsiUX/5eOND1c/tuS5fTsyH/pkBAADBEKwCCIxgFQCA5jN5IZypACYvFDzLdvehcEas/uB572D1Tx8NJ1j9z3sJVgEAaFUEqwACI1gFAKD5vPVhOMHqWx96B6v3Hg4nWP2nw97B6hd/Fc5UAF/8FcEqAACtimAVQGDtHKwCANCqshfDmQpg6qL3VAA7fxdOsPq/xryD1W88FU6w+j+eJlgFAKBVEawCCIxgFQCA5nM6F06wOj3nHawOHg1njtVHj3lfvOquzEIowWr/Ie/QFwAANCeCVQCBEawCANB8Pvw0nKkALua9y/bymUIoweor57ynKXjiraVQgtXhE96hLwAAaE4EqwACI1gFAKD5LBSshoeqxy4UZWHJu2yfzFuND1YzC3Jl/j88y3Yxb4USrF6qIpAGAADNiWAVQGAEqwAANKd3LjU2WD2V854GQHl4YqmhwWrs9epPtf/OM42dDuDv0wuhf1YAAEBwBKsAAiNYBQCgOX260NhRq1cXqi/b6VyxocHqucvVh75H3y82NFg98ZH3FAUAAKB5EawCCIxgFQCA5nWqQaNWq7lolWng9cZcxCp+1P/8pbcfbMyo1a0ZLloFAECrI1gFEBjBKgAAzevaoiVvflDfUPXNCwWZr2JuVdOFTy2554X6hqv3vLBQ1QW1TNNzlvzXx+brGqr+2b/Py3kfI2kBAEBzIlgFEBjBKgAAze2TeUuOXajXBasKcmU+eDiYvViUrZn6hKtbMwu+5n01vXa+KJ+vU6j6x4PX5Y33CVUBAGgHBKsAAiNYBQCg+X10tViHULUouWsrL9ur5wq1D1YzC/J6DYLL/W8v1SVYPXiKeVUBAGgXBKsAAiNYBQCgNcxdK8pkjUauvvlBUT6Zr13ZJi8U5B8O1SZU/eHzC5K9WLvRoIeml+RPH61NoPpfHpuX184zUhUAgHZCsAogMIJVtLt77rkHAJpO0Dbt6oIlb3+0stGrb39UkPxi7dvbd+eK8rNXVjYtwAOvLsp7n9S+bMc/LMpXfr2yOVdv3j8vJy+Ff1wDAAC1RbAKIDCCVbS7e+65R1hYWFiaaVlJsKp8+GlRjvu8qNVbHxYDXQjKj0LRkpfPFOQfX/QXsN57eEHGzhelWKxf2ZYKljzx1pL8xZC/QPWLv5qXp7OFupYNAACER4RgFUBABKtodwSrLCwszbbUIli1LEuKliVX5i15/0pRTl0qytsfFeWtD4ty7EJBjn9YlLc/KsipXFHev1KUT+ethgaDCwVLTl4qysF3CrJrYlF+9sqi/OPI8gWp/vHF5ZGpsdcX5bnTBZmeK8pSoXFlm1+y5Mh7y+X6u2cXZOP+eekZWr4gVc/jyyNT/z69IHveWJKjF4qy2MCyAQCAxhMhWAUQEMEq2h3BKgsLS7MttQpWAQAAsHIiBKsAAiJYRbsjWGVhYWm2hWAVAACgeYgQrAIIiGAV7Y5glYWFpdkWglUAAIDmIUKwCiCgegWryWRSYrGYLZVKyezsbE3LPjs7KyMjI3V9fWZnZyWfz4tlWTIyMiLxeFxisZgMDQ3J6Oho6O8fvJULVvv7+yUSicjAwEDJfXNzcxKJRKS7u9u+rbu7W/r7+yuGJeXW6e7ulq6uLtcylNtmf3+/Y/8DAwPS2dkpkUhEotGo9PT0lC3H3Nyc9Pb2SjQarWr91bjMzc1JT0+PRCIRiUQi0tXVJfv27Qu7WCyrZCFYBQAAaB4iBKsAAqpnsKqCx3w+L+l0WoaGhmpa9pmZGUkmk3V9feLxuORyORkdHZVEImGHrLOzszUPii3LklwuV/PXabWrFKx2dna6Bo4qxPQTrE5PT0tXV5d0dnaW3Nfd3S3RaFR27NhRUoZqgtVMJiPRaFQmJibsfWUyGdfHzc3NSVdXl/T09Mj09LS9fiuGhtPT066vZy2W7u5u6e3ttf/PZDL261XLZWBgwLEfFhYRglUAAIBmIkKwCiCgRgSrSiwWq2kYWatgNZ1Oy8zMTMnt2WxWUqlU2eeD1lApWO3v75doNFoSqHV3d8uOHTt8Bav9/f3S19cnXV1dJaGn2l40GpW5ubmSMpTbntq/OXq10rJjxw7X0bEsziUSiZQNp1lY6r0QrAIAADQPEYJVAAE1OljN5XJ2IDo5OSnxeNwRjuqn2yeTSUcQOzs7a08xMDQ0JOPj447HxmIxx/7M4DWfz0sqlbKnJxgdHZV0Ou2YskAPWFOplExOToplWfa+1IhV0+TkpAwNDdnl1tdTgbK6f2RkRMwpDPTb9OfhVma316reUyK0Mq9gtbe31zGSVI2SzGQyvoLVzs5OmZiYkB07dpSMUOzu7pZMJiN9fX2OEbLVBqsTExOuAbDb0t3d7Tq9gb7o0wp0dnY6RrOqgLi3t9e+P5PJ2CF0JBKRvr6+sutHo9GS56RPS9Dd3W0/D/Ua69vu6elxhM+RSMT+2zx9v7e31163mm3pS09Pj+N5mEtfX1/Z56uecyQSkf7+ftdpBNRt5udoYmJCurq67NdKPU5/btFo1PEemtNAmCOfWcJfxsfHfd1HsAoAANA8RAhWAQTUiGA1l8tJOp22Q86ZmRkZGhqSdDrtCCBHRkYcp9uPj49LPB63/9fnNc3n85JIJHwFq4lEQtLptP34XC5nl9UcsZrP5yUejzv+TyaTEo/HZWRkxH6s/nzUbaOjoyXlSqVS9v0qZNX3NzQ0ZIfI+vMoV+bR0VFJpVKSz+ft8JURte68gtV9+/Y5Rnju2LFD+vr6fAWrExMT9inr09PTEo1GHferYHVubk6i0ag9UtLPHKsqyOvt7a040tJrJOa+ffsc0wqoaQb0Mun/DwwMSDQatcPiubk5O2x1W1+FwHrQuG/fPjvg7Onpsbel9q1eg7m5OXt0r/581NLV1eUoR29vb8l0CZW2pS/qPevs7JQdO3aUjCRWoawKPNV21RQS+nbNMF3/DOifI3W7Ck2np6ft/eqfLz3cV6+BPq1DPaYsYAm+XLlyRb72ta/Jk08+WXLfk08+KV/72tfkypUrjtsJVgEAAJqHCMEqgIAacfGqeDzuCFFnZmYkFouVjP6Mx+MlAWcikZCZmRmZnZ0tCU6z2WzVwarb4xW3YHV8fNwONM1tptNpicfj9mjWdDot4+PjjvX0fcViMclmsyXPS92WzWYlkUiUPLZSmfUg1nyucPIKVkXEMRq0q6vLnsO02mC1t7fXMaqxq6vLMeJQBasiN0YfmmVwK595+v/09LQ9krLcaEuvYFUPCdXS19fnCA7N/UYiEUfwqI+KdVtfjQR2W/TXNZPJOIJT9Vi9fOr+iYmJknXVRcaq3ZbbMjAwIN3d3faIYxFx/G2WWY1QdSuHeo36+vrs90d/rDm9hFrcwni97J2dndLf31929C1L+ItbuFouVBWpbbCau2bJE8eX5HsHF+Q7zyzbdODG3987uCCJt5bk4+uNb3+vL1pyOleU350ryOjZZS+fufH3784V5HSuIPNLjS/b1QVLjr5fkKenliT59rJfn7jx99NTSzJ5oSj5xfCPYwAAoL5ECFYBBNTIqQAUFayat7vdprbjFhyat1UKVisFj27Bqgp0yz1PNY2Berw+nYCij0CtFNyawax6HpXK7LY/fYQtbqgmWFVBmDpNW0R8BavqlHGdfsq/Hqzq2/IbrKpFjQrVwz9925WmAjDLYu6rXLBqbqNSEKvfNj09LT09PY7XKEiwar4f+v2ZTCZwsKqW3t5e+z0z30t1Cn655yuyHFir110PZs1Q1q08quzlPkNzc3PS19cnnZ2d0tvby4jVJl30cLVSqCpSm2D1dK4oW55bkO7d16uz57p8P7Mo784V697uXr5elNfOLcnT2er8ZqogY+8V5cp8/Y8JF/NFOTC1JD8/sli11NSS5PL1f90AAEA4RAhWAQTUTMHq0NCQrxGrXsGqPqLVz4hVt1P1Tfl83t5eKpUqGbGqcwtW9akG9OkO9OdRqczxeLymFwJrZ9UEq+q08L6+PvsU72qD1YGBgZIRjNPT044RjGaYqYJRfaSoW/kqXbDK7SJZ1Tyut7c30IhVffEKVtWcqyI3Tv0350JVf1cbrKrXVF9qMWJVLfv27bPLVS60Lvd81eN7enoc4bz5fMuNWFWfh2oWPxcyY2n8osLVSqGqyMqC1blrltx7eLH6QNXwuT3X5f6XF+TK/H/UvL2dX7LkjfcLVQeqpQHrkhy7UJCFQu2PBflFSzKnC74CVd0vxpfkhZkluc4IVgAA2o4IwSqAgJopWB0dHZVEImHPI+o1x2oqlSqZQ1UFnLlcrmQO1kQiIfpFnlQwmUwmHcHoyMhISdmz2axdrnw+75gzVl24ygxn1d9uwaplLQey6XRaUqmU43ZzjlW3Mqv962XS533FDdUEqyLLowz1KQGqDVb1kYrm7SqkdRslqk7pryZYzWQyjqBvx44dEo1GXU8NV/O46iMb5+bmys6p6jbHqt9gVZ9+wJxjVZ/ndHp6Wrq6ugIFq2pbKqR1m2PVT7A6MDBgv36qXGpdtV399VN/Vwo21euuz7/qNseqfsEqtV0V7OtlUn/r89WWC2dZmme5cuVKxVBVJHiw+uYHBfnCL4MFqqa/fmJBpi7Wrq29lC9K+lSwQNWUOb0kl2s4dcHslaLEj/obpVrO3mNL8tHV8I9tAACgdkQIVgEE1EzBqmVZol/pPplMOgLK2dlZ+7R7NceoHpyqkabq/vHxccf9uVxOUqmUfeq8Ciyz2ay9z9nZWYnH4yUhpV6uWCxWcuGt8fFxe9/xeNzx3MsFq9ls1nX+Vf21KVfmfD7vKNPQ0FDJdrCs2mBVXbBILW7Bqnmq9u23314y/6ha9JGsbsGqCkCrCVb1q8KrU+nLjagUWQ7lent77dPvzTlZ9e11dnY6grsgwaoaoar2pT+nffv22fvq7u52jAz1G6yqC0mp18EcCesnWNXfT7PM6tR79frpr1GlYFVdYEz/PJifo0wmI11dXfZ+9QtZ6c9NzfUrIiW3V3rvWVpjCRKsPp0tyOf21CZUVdbHr0vmdGHF7eyZjy35zVRtQlXlwNSSnL+88tPv3/qgIL8Yr02oqjw0vignLzE1AAAA7UKEYBVAQPUKVoFmUS5YZanNwqnpLCz+F7/B6vEPCvLHg7UNVZU/ffS6nLwYPCTMXbPkQI1DVSV1ckk+vh68bO9fseShGoeqyq4JRq4CANAuRAhWAQREsIp2R7Ba34VglYXF/+InWL183ZINj9cnVL0xLcC8XF3w374uFKyanf5fflqAgiwGmHP12qIlg2/UPlB1TAswuVSX+WABAEBjiRCsAgiIYBXtjmC1vgvBKguL/8VPsPqjF4JfqMqPf3l1yXf7OvFe8AtV+fHmB/5HraZPBb9QlR+H3135VAoAACBcIgSrAAIiWEW7I1hlYWFptqXaYPXER8WGhKrdu6/L5wevy3Su+gBz7lqxIaHq09klOXCyIJ/4uJjVB59aDQlVf35kUX4xviiX8sy3CgBAKxMhWAUQEMEq2h3BKgsLS7Mt1Qar3/rNQsOC1e7d16X/0GLVbevLZxozWlUZO1/9yNBf/74+86qW88xJ/6N9AQBA8xAhWAUQEMEq2t0999wDAE3Hq+16/1OroaGqGrV6bdG7Xb26aDU0VFWjVpeK3mW7fL3Y0FBVjVplrlUAAFoXwSqAwAhWAQBoPk8cX2p4sNq9+7q8MOM9MvR0rnHTAOhmr3ifcn/s/cbMrWo65WMaBQAA0FwIVgEERrAKAEDzuTPd2GkAlPtfXvAs22vnGjsNgHLsgnfo+5tsY6cBUF6YYToAAABaFcEqgMAIVgEAaD63JudDCVa/84x3sDoyE06wOnrWO1j95fFwgtXk2wSrAAC0KoJVAIERrAIA0Hx6hhofqnbvvi5//cS8Z9l+eyqcYDVz2jtY3fNGOMHq3kmCVQAAWhXBKoDACFYBAGg+fxIPJ1j900eve5YtdTKcYDV10ju8fHginGB11wTBKgAArYpgFUBgBKtYLW666Sbfwi4zgOq0Y/3+wi/DCVa/8EvvYDV9qvGh6tPZJXmuihGr8aPhBKuDRxdD/8ystjoCwIl6jnYQ1ueYYBVAYASrWC1uuukm8bPQ2QRaRzvW768/Gc4cq994ynsqgBffDSdYPfyud7D6xFuND1V/fmRREm81f7DabnUEgBP1HO0grM+xCMEqgIDqFawmk0mJxWIOo6OjoT/fsOmvRzwel3Q6Lfl8vm77Gx0dlWQyGfrzbgZ0NhtncnJSEolEye25XE5isVhdPvMjIyMyOztbs+2ZbdjQ0FDD27DZ2VkZGRlZ0XOo9HrF4/HQnluttWP9viuzsKKA9LOxvPzRw1fkMw9dls88dFn+8KFP5KaBTz0f13+oNCAcHR111Idtu5+Rnw4fleHj+YaFqo+9dlEGUq97vm6pk+4jVu/a945sf37O9b4fHTgvm3e/Id/cNSbfemRcbh864TtYfaaKaQqoI7Vn9jUTiYRks9nQy1VLel9uZmZGYrFY6GVCc2rXet5MVB0Ms3+4EpW+G+bzeUkkEpLL5WRoaMi1LU2n06L6pl7t7+zsrCQSCfv+ZDIpuVxO8vm8DA0NSS6Xcy0HwSqAllPPYLVeB5l0Oi2Tk5Ohv3ZBxGIxmZmZEctaDplSqZSk0+m67Y9g9QY6m42Tz+clFouVdJjGx8cllUrVZZ/JZNKuW7Xant6GzczMyNDQUEPbnpmZmRXV33JfvkdHRyWRSNgB9+zsbE1DaUV1zBvxWrVj/U68VVhRqPqZ/z9I/T93X7Nv+0+P5D0fO3yiNCA0jyVH3/1Yfvz4a/LT4Qst81kAACAASURBVKMNC1b3jF6QgX3ex8tjF4quwed39x6X+577qOT2+577SL71yLgduj5w+Irrel7evOA9mrbSF0nqSDB6vyqfz8vk5KTE4/EVt9WTk5N17Z/5QbCKarVrPW8mZh2cnZ1teP9wJSp9NxwZGbH7viMjI65tYDwet/uMevtrWcvtpur/5/N5R1ucz+cdoWulNpZgFUDLacVgtZl5hQjmAWhmZkbi8XjdykOwegOdzcZKpVIyPj5eclu9Op71DlbL3VZP9QpW27F9bsf6fTFvBQ5W/+jhK/JHu7xHp5bYc10u5UvLYh5Lri9Z8uCBE/Ljx19rWLA6OHpBEvuf8nzdri5YvoLVrcPT8t29x1c8FcDVhfA/M6utjlhWab/Ksm70rep5RlAjNSpYnZycbLtjw2rTrvW8mbjVwdHR0boNHKi1St8N4/G4/ePf7OxsyXdUFSKr/93aX3WbV1tVbhCGZRGsAmhBYQSr+Xxe0um0fTr85OSko4F3C0j0hnl0dNTe9ujoqKhf1NT29P2a9w8NDcnMzIyMjo7ap8Gap9pOTk7K0NCQfcqC6pirkEN/bCqVsu9Xj1HcnrtbsKofoPRTJoaGhhyjyMxTd82Rr2q/+q9/5sGz0vbbHZ3NxjKnA1AdKP2Lrv6Z1uuhW70266lZh812Q6/H5ulMyWRSstmsfbq/WyBrtmGq7qgOoGqHRkZGHFOdjI+PO/arbzsWi0k2m7XvTyQSjjo4Oztrl2loaEjGx8cd9Tefz9t13RyR5daulmuH1HbLhQ6V2olYLGZ3rNVrb743+m1mGfT3XH9u5T4L5mlkzTa6od6+80yw6QA+89Bl+WzsWuXwdden8pmHPlmeJuDhK/LZWF6+d3DBtRzmsSSXy8n/HH5VBl48J09nl+TBAyfkwQMn5GdPHZc7Bw7JgwdO2KNMf/jYK3LnwCG5KzYi/3rwHTso/fHjr8m/HnxHfvz4a3LnwCG5e/Al+XlmxnHqv37fo8+/XXV9SL69JFuHp+Vbj4zLN3eNyV373ikbrG5/fk6+9ci4PHD4imtguv35Obktfky+uWtMNu9+wzGdwHf3HpefPHtBfvz4mN0OmNOgZLNZ+zaznSpXH8r1Q/TnrNqQasPDdq0j5dpw/ZRUr36l2zFB/2HLq/9nWZbd/npNgVXu+FPpmOUnWPU69pV7HdQxg+m7Wlu71vNmUi5Y1fsnQb9LWlb5PlgymXQc51KplON4MzMzY//v57uh/nhzgJDZhph9PrP91Y93lrUc1FaamsV8TmF/jkUIVgEE1Mg5VlXDm06n7YOICgP0X8T8BqvxeNxeX/26phpx8351ipg6wKg5XtT96qCihyd6Z1YPbvP5vCSTSceoPK9RBOZUAHp4o06Z0MuiRlyog6V+6q7+RUs9X/V81EFKL3+l7Yf9OWwEOpuNZf4SPTk56fg1X/26r9qBVCpVtl7ncjnHqUeqw6pvW69b2WzWsb76rKv7k8mkJBKJiiNc3dowvfM3Ojpqh5/642ZmZuxyqZBV3ac6t6rOjYyMOF4TfZ4uNc+V+aOTul+dZu/Wrqr/y7VHqu1SgbU+WsCrnVBfAvQRDW4dcf00MXX7yMhISTvm9VnQO935fL7sj0HtWr+Pvu9/OoD/9EhePvPQZc9Q9Q8f/sSeJuCmgavymYc+kaPn3Y8H5hyrsVhMhp8dsUPQBw+ckLsHX3IEpyocfey1i/bfdw4ckl+9cdkOVn/42Cv2/wMvnpO7Yje2effgS3ZAO3w8L48+8WTV9eHQkROyefcbdlj6owPn5Zu7xsqe4n/Xvnfkm7vG5I5fZR3r7HzlmnzrkXH7NjVtwM5XrtnB6m3xYzLx9hm7XPqIH1UXVTuh92/K1YdK/RDzy7ufUfrtWkeq+XGsmmDVPCaYwWql/p8aIKC37eWCSbd9eR2zqg1Wqzn2Vdu/Rmtq13reTMw6qNrsWnyXrNQHGx8fd3x/jcfjMjQ0ZLc76sd+dX813w11breb0wG4/diu09sfy7rxvbtcgFquzSFYBdBywhixqh8wLOtGAKP+9xusmgcB/YuH2/3mqDm9sde/AJn7LvcLpf48qwlWdfqvfmbwpL8WKliq5jTqcq9Ppe2H/TlsBDqbjadPB2BOA2B2zvQvsW71Vv+s6sGbon9Rdbtf/6KbTCbF66JQ5Uas6j/auF2gy6S3CW4j1tXznJ2dLWk/1Kgmy7oRLuv363Xdq111MzMzY/+wpd4br3ZCjbo1X3t1mzlaQS+DWcZqPgsqMPaal7Kd6/ffPetv1Go1wepnHvqkZL7VjbtPlz0euI1YTafT8nDqDTtY/eFjr3iezv/jx1+TPaMX7L9VcKrcOXDIEcKq28fOF3zVh1QqJQ/85m1HeHpb/FjFuVMfOHxF7tr3jnzrkXG5a987diBrXshKH/n63b3H5YGnjpe0NfqXW73PodelcvWhUj9EnQkQ5LjdrnWkVsGqeUwwg9VK/T+3YLXc6Hq3fXkds6oNVqs59hGstrd2refNxLx4ldkvWsl3yUp9MP2HbLXeyMiI3X9To+Hdyuz13VndbrZN+nQAbj+ku41YNecSV6Hw0NBQydlSBKsA2kYYwapbh7DWwWqlgMbcv9n5Ng+W6tTXWgWr+ggzc9oCt32rg/Ps7Kyk02l7VJt5WonbKVzma1Fp++2OzmbjqRDAbRoAt8+i6rx5BatubYTX/fo2q5lj1G0dr7Yln8/LyMhI2WlBKgWrbvOpun2xN6kOuFe76vU+6a99pXbCLcTQR1GYXyjM5++2/0qfBbV9NXq3XKDUzvV7OleU/7J3vqZTAZjB6399bF72/Pq39jGt0rFE/3z+PLZXnn2nUHa+1X89+I49FYBSTbC6Z/SCvb1nTi7Jpwv+6kMymZRjU2dlYMJ7jtVyUwNsf35Otg5Pyzd3jZX4wVNn5OdHFuV7j01K+vBrjtfF7cuvWztVrj5U6odY1vIX11Qq5ftiKe1aR8oFq/oIsmqCVbO99xOsWpblOO220lQrbvvyOmZVG6xWc+wjWG1v7VrPm4lZB81pn1byXdKrD6bOiFCDFdTxwPwxvdrvhmY53OaJVdMBuE395Nb+lutjqzOx9D4iwSqAttEMI1Ytq3Kwah4svIJVfaSA32DV7YI7Sq2D1VwuJ7FYzHHacDUTn5unysbj8bIHKf351/OK7K2Azmbjqbrr9tkzTxfSBRmxqt9v/mhhWZaYo3bqEayqAFD/pX4lI1bN+ytd6M6rXa3mfVLPoVI74daJVqekqXKYAXqlMnp9FszXo9xzavf6/dr5onxuT/XB6h8+fEVuGih/8ao/1Easfn7wurzxfqHiSMhywWosFpMPr7pfyOqx1y7KXbERO0gNMmL1wMmCXMz7rw+qjThz2ZJfjC/5Clb10a0/eOpMyYhV5RfjizL464OubYmaPzmVSpWd47JcfajUD9GZ0x94adc64tYmmVOYePUraxGs6qfkVuK2L69jVrXBajXHvmr712hN7VrPm4lZB9X0VOr/lXyX9OqDpdNp+8dw1d6oKfD0Y3S13w115jYUFai6XZvDT7CqtmX+IEWwCqAthBGsmnMBql/n1P36vIP6BVnU/W6/7KlG3W2OVT/Bqjo46gcJfa6qaoLVSgGBeQDSy6eCVn0EitpWLpdzbFc/EOn7NOfuqXb7qwGdzXCUG1mVTqclmUzaIWQ+n3edj0rRvxCac6yqumnOSVXu/yDBqhqFpjqq5UbLV2q7KgWrllU6x2oqlSq5f2RkxG47c7mcY07VSu2qLpvNOl539V6obVZqJ8qNDkulUnYZ9NvNtl0fyaW2W+mzMDMz41h/tQarlmXJ/reXfE8HcNPAVXse1c/GrtmjWG8aWJ5j9bOxa3LwnYKMj49XnHPbbSqAVCplv9/7nx8vCVb3jF6QuwdfkuHjeXv0arUjVp/OLsnd8ZfkqRduzDvnpz7obcSbHxTkvuc+KjvH6n3PfeS4INUPnjpjz6P6wOEr8s1dY/KjA+cdI1p/fmRRsheLZdsSNYrbDH/1dqxcfajUD5mdnXXUE4JVZ5ukTjk1p07y6leuNFhVx4egwarXMavaYNVrO9X0r1fzD/DtoF3reTNxq4O1+i7p1QdT29aPheoiVubZQtV8N9SpfZvtmGrfzGkA1H7MqQDUvnO5nOOHRbM9sqzSqaDC/hyLEKwCCKiRF6/SA4NKV69WE3mXu98MVs2rh5un1/sJVi3LeVVvfXvVBKsqzCg3ksY8ALlNUq5fAVt1cHO5XMnteoCiriypTsMtd/Ast/3VgM5mOFT9NTtq6rR59dnVrzzqFayqdfSryI+Ojjru97oycjXBqnlqulfbotdTtU/z4lWVgtXZ2Vl7v6qz6RZmqTLpo2Pd2lW3jrNlWY7XXbUb+vtTqZ0oF6yqzrQ5v5fZtuv7VnOxen0W9NvLnfq8Wur389MF+ZN49eHqHz18RT7z0GX5zEOXl0epDly17//cI5/IT3Y/a5+6XOmHNrfTE/XPzejoqOzZ96ykTjqnArg3MSF3DhySu2Ij8uCBE/LT4aNVBavPnFyS49MXAtcH87Pz+MHX5O79p12D1R8dOC+bd79hn+b/3b3HHUHrfc99JLfFj9n33/nL38uZy5XbEjUS0DxtUm/HytUHyyrfD1Ftirrda67o1VBHzM9lKpVyHVVfqV+50mBVneKql6PcdADlPjOVjlnVBqte2/F6HdQoaHWmSdjvLfxr13reTNzqoDlKfiXfJSv1wVT4qddPVY/1Y7if74a6ZNL9IlPqh0zzdrP91dscdW0Ct/vU83QLa8P8HIsQrAIIqF7Bql+VOomVVDo4ALqbbrrJt7DLDKA6q6l+H/+gIP/PPn9zrpp6h+fl5MVizcuWu2bJ8zMFz4tYVfLCdEE+vl77sr1/xZJ/f3OpqqkAynn8zSX56Gr4n4EgVlMdaTS3aTSqndIBqCXqOVaiUthZa8lk+YtthfU5JlgFEBjBKgAArWWpYEnirYL8X//uL1D9wi+vy9PZghSL9StbsWjJ9FxRDp7yF7CmTy3JmY/r+7oVipYcu1CU2Ov+AtX40SV564P6vm5oXebprWqkVrXTNABAs5idna1qWpOVyOfzTdk+EqwCCIxgFQCA1jS/ZMn4bFF2TSzK3z4zL18Znpe/+PflC1L9xdDyyNTvHVyQPW8sydH3C7JYaFzZCkVLPrxalLc/Ksqr5wry/PSSHHxnSQ6cLMjBd5ZHpv7uXEGmLhXl4tWiFBv4ui0WLDn3iSW/O1eQp7JLMvTmkux+Y0l+Mb4ou99YHpn69NSSHHmvKO99svxcwn6v0bz0KRrUtA7lpi0BADQnglUAgTVLsAoAAAAAANBoBKsAAiNYBQAAAAAAqxXBKoDACFYBAAAAAMBqRbAKIDCCVQAAAAAAsFoRrAIIjGAVAAAAAACsVgSrAAIjWAUAAAAAAKsVwSqAwAhWAQAAAADAakWwCiAwglUAAAAAALBaEawCCIxgFavFTTfd5FvYZQZQHeo3UBl1BGh/1HO0g7A+xwSrAAIjWMVqcdNNN4mfhc4m0Dqo30Bl1BGg/VHP0Q7C+hyLEKwCCKhewWoymZRYLGYbGhqS0dFR18fMzMxILBaz/4/FYjIzM1P35z4zMyOpVMouYyKRkGw262sbyWSy7PNyk8vlJJfLuW6n2terVs9df81raXZ2VkZGRiq+Bul0WuLxeODnOjo6Kslk0tdj6Gw2lvqM6VKplMzOztrrTE5OytDQkP05cKt/2WzWUT/qXTfQmqjfTqrOuB1vstmsxGIx6tEq0651RB0X3O4bGRlpWJ+ylZl9UJ3XY4P0x8KkPgujo6OO5xnkO0DY75lbG96u9byZuPVv3epKufeI47M3glUALaeewap+UJiZmZGhoSGZnJwUy1oOVNLptH1fuWA1nU7bj6mlmZkZicfjMj4+bt+WzWYlHo/76lj5DVZTqZTr8zG3k81mJZFI2K9RPZ5/vYLVmZmZsp3sfD4v8XhcRkZGJJ/Pi2UtB7GJREIqhbEmgtXmZ37G8vm8jIyM2F+A8/m8I2hV6+sdzfHx8ZI6OTs721JfftAY1G+nZDIpQ0NDjmOckk6nff1AMTQ05PoFEK2lXeuIClb1H+2UoaEhGRoaqipYzeVyZQPa1cRvEN1Kwers7Kz9HpvlVoFWq7R1BKvhqeY7VC6Xk0Qi4dqm1PL43K4IVgG0nEYFq+Vus6xwRqyWK0s2m/XVsfYTrKpQsdrtqPWrfS38lDusYLVcBzyfz/vq0BKsNj+3z5jX5y6ZTNqf91wuJ7FYzPXLMmCifjslk0kZHx8vOS7k83n7S1s9vrhNTk6u+i+Ezapd60gsFpPx8fGSH6LVWUn6caWW0ul0W46EbedgdWRkxA6z3Mqt2s2wy1kNgtXwVPMdanR0VEZGRiSRSJTUp7COz62EYBVAy2lUsKpGJargTA/fKgWr+sFFHaTS6bTEYjF75KN6XC6Xcz2dya2DWCnE08McdfBT29VH3erP0y2QNW9z6/ib2zFvHxkZcTxH/RT6ZDJpPwd1OrV5Okq59d1GE+rTIqTTaXtEqSq7fsq2/prOzs46Xh/1epV7nuVGIOsdWq/3WnWI3QLZciEtnc3GcvuMqfe13GP0UUejo6OSSqVCfx5oDdRvJxUmmSP51Nki5he3Sm28HkxVOiZOTk46jkNq++r47zayMBaL2cdKdTqufv/MzIz9WPMsE6/js2VZMjIy4jgG6q+D2qc6loT9ntVbu9YRdbw3f7hWZzyZwWq5fpHaVjWfTdU3MfuZlT5XXp/1SnXQ67FmH06v23odqObMILd+cy6XK+kjqvvMgDKRSDjqaaX9l5sOyOz7mrdValOSyaRjCiH9ucTjcfv9Lhes6m1IubJ79VErfRbM/qlb/1b979X+EayGo5pgVX0u3b77+T0+r0YEqwBaTqPmWI3FYo7OStBgVR/BqTrSekdXdUby+XzZUQp+Rs0lk0lHIKymC9DXVeUzO8LpdNrRCTI7wuY+3Q6ibqcqqc5ZKpVyHKzdnlO59c3XQJ92IJ/PSzqddux3ZmbGfg3MX1n1U1by+bwkEomywWqlkRB+3mv9dVGdELWdyclJ10COzmZjuc1BlUgkygYY6guE+j+VSq36jiWqR/12UscxM6BIpVKSzWZLvrhVauP9HBPN7ZpnXqhpePSQQf8hb2RkxNF+z87O2u3+7OysI5TwKosaLaRPO6PKoE9v0Eoj7laiXeuI6suYc2Sqz5nZF6y2H+X12TS36/W58tpepTro9VizD6eXIZVKST6ft8NXr+OqWz8tn8/br60aVaf69GZ/zAxdy+1f1Ve9Xqq2Qj9lX1EhlFebotoF8zlks1nHa2a+P5OTk47tVCq7Vx+10mdBnxJMTful931UMGxZ3u0fwWo43Pq3+mdJ//y6/ejj9/i8GhGsAmg5jR6xqjoLQYNVt1+X9flYzWDVbXSk32DVPLjpj9Xv13+VVB0/1QFy6ySa+6wmWDWfh9lpr/TelHvNVWdNX1eN+iy3rUqPVSMFyj2u2mC10nut32++tuXedzqbjeU2YnV8fNzxBUJR76E56sSt7pmjsgHLon6bVHupt48qELGs0gDUZB7nqj0mmtt1+6FL3555TKg0lYzfspSbSsf80dN8XLtq1zqi3ju9D5bNZu2/K00FUKkf5fXZdBsJW+lz5fezXu1j3fphinlc9dqn277clDubzByZV2n/biHvyMiIfZv+nUEFkJbl3aYkk0lxG5lrXuPAvHiVWdZKZa/m+0i5z4L+OVXr6T8QxWKxsj9Ae7V/ltW+9byZeH2P1L+Pqs+yebbjSo7PqwHBKoCW08g5VvWOSD2CVXVQUp2kSqc8+ZkKoNpgVYWR+Xy+pOOndxbdlOsg6aMx1alY6rQk8xdS8yBfaX39NS/X0Vbvg37RITPYcntspY67n6kAqg1WLetGB9ztl2GFzmZjlet4ml/a1Chnt1N4y9Xh1RCCwB/qt5PeXqr2cXx8XFSd0o+tldp4c1t+g1UzvFBUW+8VNqnQwe20a6+ylGsn3M6o0Y/77apd64h6n/U+mBr5ZX5+/fSj/AarXp+rStvzqoOVHlupz+VWnnJ9pHL70vehb0fvmw8NDUk8Hq/4Y6i5f7fAW+/buQWQap1KbYpbu6AGO+iBpb4v1Xc0p24oV3avPmqlz4IepqkBGGruV3Nggt/2r53reTPxClb19kUpN9rd6/i8WhGsAmg57RSsqrk+q3ku5Tok5ryofoJVy7oxp5feqbcs57xO1ZbHPN1JnbKmOn5eI1Yrra+/5uoiQea+9V/X9V/T9X25jZSo1MkvNwLXnBfVb7Cq5iXSOyYmOpuNVU2wWi5Utawbpwm6jdwgWIWJ+u2kt5cqoNCno9GPrZXaeHNbfoPV8fHxinMle43EM0ed1mLEaiqVapkL1NRSu9YR/T1X7605ZVOQfpTfYNXrc1Vpe151MOiIVf30dD+vp1lvzPk9zb65mnLDrHOV9m9O42RZluiDEPQLvup9Aa82xa1dcJvn0uxHmiNuK5Xdq4/q9VlQ88mqUbjq+4v+/IO0f5bVvvW8mVQKVicnJ0vOzFLfs/TpKqo9Pq9WBKsAWk4jpwJQFzayrPoEq16dLZ2ak0nv+KggRw9E/Qar6nnpnfpKp8aX244KePVOnj6iM5fLlcxlao64qbS++Zonk0n7y4Y5x6qaZ8qybsy/qj/WnGNVXYXX7XmqjvLIyIhj3rtEIiFuF6cq916b96vRypXmsaWz2VhuUwGoecnU/+VCVf09N+fNc/shAKB+O5mj9OLxuONHQ/PYWqmN9xus6sdhVV/1em5evKrSSLyhoSFHoOJnxOrIyIgkk0nHscayblxURt9vu49Wtaz2rSP6e67myTT7TvpnxqsfVc1n09xWNZ+rStvzqoNeZTH7UPq1B5LJGxfo0udfrfR6msGq3r9U/We3vrm6T9W5SvtX66p9mf9b1o0g3E+b4tYuuM256taP1PdfqexefVSvz0I6nXb0nS1rOcjV+7BB2r92rufNpFKwak45od+uj6qu9vi8WhGsAmg5jbp4lXmKUL1GrJqnX1SaDmBmZsZxlVMzwFHb9xOsWtZy0GhORl4pPHJ7vdwCJ/2KsMlksiSwVadHqeCq0vpuoZd5xVfVmVNfPmKxG1dt1TsA6pd2db/XyOFcLue4Kq/ZuazmvXa7X/3iW26/dDYbS33GdMlk0vGlwe1UOfNLnTrNUN1n/uAAWBb12+R2mnK5EWdebbyfYDWXy9n1Vf8hVT+dVQ9JvAIjdVxSfYh0Ol11WdTp1epYox8f9Cuwu53C3I7atY6Y77k50lD//Hr1o/yEmerHeD10rPS5qrQ9rzroVRY1xYHZ9zXrgNq21+vpFkKqbaizg8r1zfX/vfavAshyZctmsxKLxUpur9SmlBvYYT5Pt35ktWX36qN6fRYmJydLBkOofrG+Tb/tXzvX82ZSrv+qT0diPkYfyern+LxaEawCaDn1ClYbTXVK9V/i1SjGRo9ECXLqFVbO69Srm266ybewnxOA6lC/gcqoI0D7o56jHYT1OSZYBRBYuwSr6hdpPVhVv/iXu7pmPZSbQxT1ZZ5+BgAAAABANQhWAQTWLsGqZTlPVVKnBrlduKJe+zZPdUb9qdNxqjm9DQAAAAAAE8EqgMDaKVgFAAAAAADwg2AVQGAEqwAAAACA/6+9u9lx21jTON4X0DfQd9D7XvgOfAfeZ+P9HMC3YKA3vfAiDTCGgESLMAvNAFEGIZJAyTlEErSQ4xGcRuigHRmTQG3nnNbYHQwT+Ngh3ll4XrpY4rc+KJH/Bn5ILEpUSWKRxYdVRaCrCFYB1EawCgAAAAAAuopgFUBtBKsAAAAAAKCrCFYB1EawCgAAAAAAuopgFUBtBKsAAAAAAKCrCFYB1EawCgAAAAAAuopgFUBtBKsAAAAAAKCrCFYB1Eawiq44OjqqrOkyAyiH+g3ko44A7Uc9Rxs0tR0TrAKojWAVXXF0dCRV/mhsAruD+g3ko44A7Uc9Rxs0tR2LEKwCqGldwepgMBDHcWQ+ny88JwgCcRxHfN9v/PNXMRqNZDabNV4O1ENjc/PCMBTf96Xf74vjONLr9cTzPAnDsPGymabTqTiO03g5UB/1O0mPwarf76/9mDsYDBL/X/f9ZrOZjEajzOXz+Vw8z5Ner7f0Z5tMJjKZTBr/vTah7XVkmW1u1xRtt6usI7R9d0vb6/k2CcNQer2eTKfThWXm8Ter7Zv3+ih6c77sum68Htd1JQiChef5vp94v6znrZLjOJnlXgWCVQA7Z53Bar/fl/F4vPAcz/M2cpK3aoPBYK0HEawXjc3NGwwGMhgM4gsserLnuu7S657P59Lv91dSzjYHq5PJRDzPa7wc60b9TrJDpul0Kv1+f60holmHlgm5ptNpIqQ16YnoaDSKT1Jns5m4rit5YWwW3/d3ri1SV5vryHw+F9d1V3ZMqGOT+9q87XbVdYS2725pcz3fNpPJRFzXTa33ZvCo+yf7eXmvn0wm0uv1EsfsIAhSOyz5vp84ZmoHprTnrgrBKsEqAMs6g9XxeLzQyA3DMA5Vd+1khsblbqOxuVnT6VR6vV5q71TXdVce8HieV7t+Vg1Wl3mvddvmsq0T9TspLdhcd4++TQSr9gmkCsOw1onkLrZF6mpzHfF9X0ajkbiuuxP7v2X303nb7arrCG3f3dLmer5tBoNBHIDabV07eNQ2cdnX93q90r1O0+q8noev67MTrBKsArCsM1jVHjLmECK9om83CjWE1SFL5s7acRwJgiBe7rpuYp3T6TQeKtHr9RIHEi2DOUTCPPkbjUbxUCn7Sr7v+4llNC53G43NzfJ9P7P3ju/7MhwOJYrehihmfRsOh3EjMwxDGQ6HiSFOukzrsud5ifqt9VR76eh+JWs4ox2s5u1zst5rMpnEzx8MBnEZ9fNp43kwGMhoNJ3etAAAIABJREFUNBJ7f2M+llfuqmWzQypz3b1eb6FXY95vsc2o30l2sKm/u4YqacczOxgdj8fxlAJ2b9cwDOPtTXvV5AWrWfVDy2a+j75v1ufKuihjnkgOBgMJgiBer35Ws+5oXSxbTsdxZDabxcub/o2ranMd0f3keDxeOO6Y7TyzfWn+1nbb0VzW7/cXAg5znbqt2vvarHZt1WNIme12lXWkqO1b5VjX9HbRRW2u59tkPp/HQelwOFyoc2nBqtnZKO/19nOLZAWr5jqzznfz2thF5+bmv/POp3dpOxYhWAVQ07qDVTtAGA6HEgTBQrA6nU7jEz67p6vjOIm5aUajURzKRNGbkzINFmazWeKKvNkg1qHDuh4Nd8IwjA8sWiZtOOp69KSRYHV30djcrLwea+YJqF7F1+eGYZg4+bMDWrthZ76fucyeuyqvB21asJq3z7HfSxvBur8wG7m6zFyfhjNmGTQYKCp3nbJpWbQhr41tHZ6m333Rb7HNqN+L9c++oGieZJUJVs0gNgiCRG8bz/MSobuGRebrze0qq37otm9uc67rZoYyecdhs12h5TefO5/PFy68mNt7UTn1QsM6h1euU1vriLk/NcMK/U3NoED3sfp7mtPU2Nu6tit1v6jbjfaMNdepzzO3l7x2bZVjSNF2u8o6UtT2rXqsw+a1tZ5vG/MizmQySbTDoihaqLNmW6vo9Vm9zrPYz7d7wead7+a1sYvOzc2LMVnr37XtWIRgFUBN6w5WzQavTgMQRcXD7+yQIysoSGM2WO1gtdfrJUJXu+errjftoLArQ8yQjsbmZlUJVu3eX+b+Qeegyro5gPl+9gmi3dDN6nWeFqzm7XPs9XietxA+6vp03faJpnlzAb1BQZlyVy2buTytJ6D2WCrzW2wz6ndSVo9V3ebKBKv2724ut2+4ocOM016fVz/0YmjWNmmrEhrZvWbStn+z519eOfX/131DkHVqax3xPC/xW5tTzdgXk0wa6Nv75rT2n7mdZN1spqhtmne8ytv2irbbtPepW0eK2r51jnXYrLbW821jnl+mTbNhXtRMu69I3uvrBKv2+5nnt3nnu3ltbFtWOzlv/bu2HYsQrAKoad3BahS9DRDG47FoI85s3IVhKKPRaGHIvq6zKEgYj8eJuybaVwn1Mbtxbffm0efY5VdMBbDbaGxuVpWpAIrCvCAIZDgcLgxHzjtRtRuaKq335bLBalrvQB02nDV/q9lbwTxZLSr3MsFqWkhqlo9gtT3SglHzZG3ZYDVtm856fVH9sE/A8k7KqgxzTvv8eY/llVM/3y63AdpaR3T4qcke1WTeNNWcZkbbnp7n5U6TYdadtG3f3m6L2rVVjiFF2+0q60hR27fOsQ6b1dZ6vk3Mc8us9mXe8aLo9ctMBaAXk+xpbLLOd6MovY1d5dy8aP27tB2LEKwCqGkTwaoGCOZcgGajUINR+0qf+f9ZQYEOibIbqOZ7ZzU+zaFetrSr9gSru43G5mblDb03exRVCfN0Og+zMafL7Po5Ho8Xen7mlXWZYHU4HGYOl8862dQh/1EUJb6nonIvE6xOJhN6rHakflcNVvN6nJrbnv5/Wq+9rNfn1Y+0Hqt5wWrZG/OklT+t55+5feeVUz/fLrcB2lhHtLeV+ZgOnbePPXlDVM3tSu8DYC6v2mO1qF1b5RhStN3mfRb78xfVkaK2b51jHTarjfV829i95KNocV+Ud7woer09JVQRu857npfo2JB3vmsy29hVzs3Lrr8KglUAO2cTwapePTOvvpmNQrP3mnlDDH1uXpCgV/XMUMJ8fl4j0PM8GQwG8UEjDMPEvFLmPFLaYNzlk6quo7G5eYPBIFHH5vN5fJFFn1MU5s1ms0QdzQtWzbquJ9dmz50qN68qCi/TbnRivsacdy/rZHM4HMZzVZYtd9Wy2b2ozJu0pM2xSrDaDmlTAeiNoaIoEnNu3rTjblGwas+xqj2t016fVz+iaHGO1eFwmBms6jY8Go0Sc1y6rivmiWpa+e25KvUksmw5d70N0MY6knbTGH18PB7LfD5P/IZmcGhO62CGl3pRUH9r+996Q6e8OVaL2rVVjiFF261tmTpS1Pate6zD5rSxnm8bc1o5+/EyIxzKvN7339xEztxPmXNEm+xg1Q5m8853s9rYVc7N89a/a9uxCMEqgJo2Eazqv81GpHmyrif3jvP27qtZE2RH0WKQoHcz1Mn8Pc9LNALtoQn2MAfzbrHmAUwPao7z5g6Hvu/v9ElV19HY3LwwDMX3/cSdl+0bWxSFeebdkPVkUZ9nvk5vOGIO3Z1Op4lpQrJ6glYNVtPey7x7qn1DnKyTzSAIxHEW523MK3fVstnL9QTbLmeZ32KbUb+T7CG79m+tNyYzj4tVglXzREtfbwf89o060uqHbpNaFp2rLW9+Nr1AYx6703rZpW239t3V9WaaZcpJsLpdtAdmWtCgvb/M9qXuS/X59p2wzQBWA8S0tqHddtQLhea+tqhdW+UYUma7XWUdKWr71jnWYXPaVs+3jTknvs3siZp1vCj7+ih6ux/L2k+ptF7q5mN557tZbewq5+ZF59O7tB2LEKwCqGldweo20DljzEa3Th3QdNmweUdHR5U1XWYA5VC/gXzUEaD9qOdog6a2Y4JVALW1OVjVuQrNGxWkzVUFAAAAAAC6iWAVQG1tDlbNoYrmMORl530BAAAAAADtQLAKoLY2B6sAAAAAAAB5CFYB1EawCgAAAAAAuopgFUBtBKsAAAAAAKCrCFYB1EawCgAAAAAAuopgFUBtBKsAAAAAAKCrCFYB1EawCgAAAAAAuopgFUBtBKsAAAAAAKCrCFYB1EawCgAAAAAAuopgFUBtBKvoiqOjo8qaLjOAcqjfQD7qCNB+1HOgPoJVALURrKIrjo6OpMofjU1gd1C/gXzUEaD9qOdAfSIEqwBqWlewOhgMxHXdheW+74vv+wuPDwaDzMcdx5H5fL6wLAgCcRwn9XX6XoPBYGPfZdZnwHagsbk5s9lMer1e4rEgCBYei6JI+v2+TKfT3PVNp1NxHKfxz5WH+t8s6nfSbDYT13XFcRxxHEcGg0HqcRSL31sYhjuxz6mqzXVkMpkktvfhcCiz2Sz19x0Oh/Hz+v1+vN/W9mbasrzthXqGbdLmeg6smwjBKoCa1hms9no9GY/HieVpwep8PhfXdaXf7y+sbzAYSL/fX1hPFEXieV5uw5dgFSYam5vV6/USJ7aj0Ugcx0mEqPP5vFR4sQshB/W/WdTvt8IwlF6vJ5PJJP53EASlX2/X03WYz+epx/yyJpOJeJ638nL1ej2Zz+e5+xzP8+Lvdpe0tY74vp+4QBeGoYzH4/i31OfpBT/f9yUMw/gxfZ29Dw+CQFzXzdzOlq1nVezqNofNa2s9BzZBhGAVQE3rDFa1YasN2ChKD1Z935fRaCSu6y6czOl67BOwMAzjUJVgFWXQ2Nwsz/MSF0T0BHU0GsWPTSaTUnW0zcGq53kLYfMm91ttQf1+a9n6solgtSq7nqxDEAQyHA5X8h1uozbWEQ0307aN0WiUCEWHw6GYxx9b2j48b/1t3Eaw+9pYz4FNESFYBVDTOoPV6XQqo9EoPlGJovRgtd/vy2w2k/F4vNAzQNejz9HHtbdK3WA1DMPEcDDP8xIBsDm8q9frxb0QptNp4nEzOCJY3W40NjfLDE3DMIyn9DAvkoxGo0SdmUwm0u/34yGVWifTTmBHo5H0er34uVmPm/sNvVCjQz51ued5cZ22ewWZ66t6Uq7M/Ym5L9P3VX//+9/j98r7XGY5dB+oPYK7ug+ifieZxy2bXZem02liW3McR4IgSNRFu/e5bov2VB5p9TJrGzXLkfeedj2ZTqcLZbaP2WY90Of6vh+XbTgcJo75UfQmeNP6nxea2e0Oc7/V7/fjXpJZ9T7t87quW+s7ztsndaGOaPswa5k5/UzWtFIqax8+Go0yv+e8ema2M+1ji10nvvzyS3EcJ7FN6nEzDMOVbHN52xTao431HNgUEYJVADWtO1i1r/bbjcPZbBY3iufz+cIcjGZAazZsh8OhBEFQO1g1h3eFYSie58XP1XJoI3g+nyeGjWlDdTabJRrqBKvbjcbmZpnD/IMgiOuXGSCYvdT1BFnrk1l/7ZBDe7ib9TLtcbvXvM79rO/heV6irmud1vfxfT8OYPQkOauOZ9V/ex+oJ/tmmcwTXDswKiqHDoNNmy6lS6jfSZPJRHq9ngwGg4WLBWWCVfNio+/78ZzpenHRrHv6/1n1MmsbtYNV8z09z0vM055XT9KO2a7rxnVE65z+OwzD+CKLrk/rqbn+MsGqzh1ttgvM9WXVe/vzmheh877jKvukLtSRopFJ+huW6V2atQ/Pe4+8emauTy8qmm1hu06Ywb6uW7eJZbe5vG0K7dLGeg5sigjBKoCa1h2sRtHbK+tRtBis2kODXddNNCx1PWYAq9MApK3PlNUYtsMTXac+pj3aynwn5uckWN1uNDY3T08kzZ6po9FIxuNxos5F0eLUAVGUfVKcNTQz7XEzvLXrqJ5s2u+pwavd4yct9FRZ9d88OTafa5apKFjNK4cZenUZ9XuRzjXZ7/cTPcDLBKt2PdJ6YYeYpqx6mbWN2sFq1ntGUX49STtmmxdz0kI1u+1gj5gpG6xmBZtF9d7+vHlBsanKPsnWxjrSdLAaRen1LK2jgLndpNUJndNV/+26btwbdtltLm+bQru0sZ4DmyJCsAqgpk0Eq/pvbRiaDUJz2Kt5N1fzdboebWSOx2PRMLZOsJp1IqInOnnrHI/HiTvAmidHBKvbjcbm5mmgatZjHapoBh9RtHhHZqU3F7FDmLT3S3vcrJdpwaq9LzDrdFp57JPltPcx+b6fuh4NkcsEq3nl2PRc0tuK+p0tDENxXTfe5uoGq2YdNm8emRXYqqxttEywWuYCRNox29xnlAlW7TneywardrnM5+TV+7xgteg7LrtP6kId2cRUADrtVFFZzHqm209W+zarTugNt+xgdhXbXNY2hXZpYz0HNkWEYBVATZsKVvVurGbPtclksnDFXocPpw2T1R4l5lDiOsFq2p3Iy/RY1c9gB8YEq7uBxubm6c1g7Ppm7wui6E0vnKzh7GV7rKbNG1fUYzUvWDWHWxbJqv/j8XihF5H9uqJgNa8cBKtvUL/zmfXNro/2RY6i3qPKHoqe12O1arBqzsscRfn1JO0meFV6rJojYsz1L9NjtajeFwWred9x2X2SrY11pMrNq4raaFVvXpVG65m2F7Oel1UndESH2YFgVdtc1jaFdmljPQc2RYRgFUBNmwpWoygSnTjfbBymDUsyAxZzPXoF3zwBqjvH6mAwiOc3y5pjVYdg6bAu7Rlhzt9Ij9XdQWNz83TaDrse6s1ozH2EThliX5CJovQ5Vs2hzeaFFnMO1bQ5VqsEq7pf0PXpviDts2bVf72QY+7r0m6oZZbJ3M8UlYNg9Q3qd3KbM2+ooz33zNEfus3pfKR2sGre3MkctjyfzxPbrxnQ5NXLMsGq+Z5pc6za9UTXqeGX/ZnMOVbzglX7Ik/Wa9Jeqzeg0s+qc7IX1fuiqQCyvuMq+6Su1BGdr1S/Tx2ar70/7d9Up6LR7zprnnz9be2bqpatZ/1+X0ajUeK9zDqVdQHfdd2Fm5ktu83lbVNol7bWc2ATRAhWAdS0yWBVT350CJJ9B1Rl9mRNm1LAPLkqClbtIVHmiZj2pLNvIhFFb+de1GF22lA17/Dq+754nkewuiNobDbDDDhUEASpoYXOU2fWsShaDDnCMBTzDsdmAGPfldwOMasEq/b79Pv9zDtAp01lYJbfnELE7FWkNyLRaQ/Mdenz8spBsPoG9fst887gadut9tDUZfYoDcdJ3rHerEcaWprbsh47s+pl2WA16z2jaLGepA2dN4/Zdj3PC1btAM58jc1+bRQl91tm4JVX74uC1bLfcd4+qUt1RNuN5neW1rN3Op0m2n79fj9u39n7cHvO/6r1bD6fJ97LvOiXt9/WYDVre62zzeVtU2iXNtdzYN1ECFYB1LSuYBXYNkdHR5U1XWYA5VC/d1va9ANYLeoI0H7Uc6A+glUAtRGsAgCAJhGsAgCAJhGsAqiNYBUAADSJYBUAADSJYBVAbQSrAAAAAACgqwhWAdRGsAoAAAAAALqKYBVAbQSrAAAAAACgqwhWAdRGsAoAAAAAALqKYBVAbQSrAAAAAACgqwhWAdRGsAoAAAAAALqKYBVAbQSrAAAAAACgqwhWAdRGsAoAAAAAALqKYBVAbesIVgEAAAAAAHYBwSqA2qrUe/YRAAAAAACgTQhWAdRGsAoAAAAAALqKYBVAbQSrAAAAAACgqwhWAdRGsAoAAAAAALqKYBVAbQSrAAAAAACgqwhWAdRGsAoAAAAAALqKYBVAbQSrAAAAAACgqwhWAdRGsAoAAAAAALqKYBVAbQSrAAAAAACgqwhWAdRGsAoAAAAAALqKYBVAbQSrAAAAAACgqwhWAdS26WD1+o9/yfnshXz9+J/y1Y//kOHDS7TIVz/+Q75+/E85n72Q6z/+1fj2DQAAAABAHoJVALVtKlj98dlv8un508aDP2zWp+dP5cdnvzW+nQMAAAAAkIZgFUBt6w5Wn17/IV8Ev8ZB29ePr+Tyxe/y8tVrefX6z8Y/P1br1es/5eWr13L54nf5+vFV/Lt/EfwqT6//aLx8AAAAAACYCFYB1LbOYPXHZ7/Fwdr57Fpevnrd+OfFZr189VrOZ9fxdkDvVQAAAADANiFYBVDbuoLV//r5eRymPQ9fNv450azn4ct4e/ivn583Xh4AAAAAAKKIYBXAEtYRrD76/56qXwS/0ksVsZevXsfTQjyi5yoAAAAAYAsQrAKobdXB6tPrP+KeiYSqsL189TrePphzFQAAAADQNIJVALWtOljVHokM/0cWnRbgi+DXxssCAAAAAOg2glUAta0yWNUpAM5n141/Lmw3vaEVUwIAAAAAAJpEsAqgtlUGq5+eP2UKAJSiUwJ8ev608bIAAAAAALqLYBVAbasKVq//+JcMH17K14+vGv9My/A8T/b29sTzvMbLsm3u3r0r+/v7cnW1mt/468dXMnx4Kdd//KvxzwYAAAAA6CaCVQC1rSpY/X72QoYPL+Xyxe+F6zk7O5Nbt27J/v6+7O3tyd7enty4cUMuLi5KleP09FRu3LiRufzq6iqx/oODA7l9+3apddcJVm/cuBF/jr29PTk8PBTXdRv/beu4c+eO7O3tZX7vZYLVi4uLzHWYLl/8LsOHl/L97EXjnxvb7+joqLKmywwAAABg+xGsAqhtVcHq14//WWoaAM/zZH9/Xw4ODuTu3bvieZ6cnp7KzZs3S5fj1q1bucGqhqqnp6fieZ7cuXNH7t69W2rddYPVw8ND8TxPXNeVw8ND2dvbKx0Ub5O8YLWs09PTUuvQ6QC+fvzPxj93G0ynU3EcJ3PbdV1XHMdpvJy+78tgMJAoimQ8Hku/3xfHcaTX68lkMsl83dHRkVT5I1gFAAAAUAbBKoDaVhWsfvXjP2T48FJevf4zdx0HBwdycHBQ2Ovxzp07cY/Tw8NDOTs7ix83e4emBaw3btzIDF7TgkPz+Rqs3r17Vw4ODuL30PdPY7+fHc7u7e2J67py69at+P+1LPoeBwcHcnp6ulBWXb6/vx+/znXdzNednp4mXnPnzh2Joje9eG/evJnoVZsW/OYFq/ay27dvJ3oFu64rrusmeiLnBayvXv8pw4eX8tWP/2i8HrTBdDqVfr8vvV5vYdl8Po8DzKbLaQarQRDIbDaTKIpkNptJr9eT+Xye+jqCVQAAAADrQLAKoLZVBavDh5cyfHiZ+/qzszPZ29uLw74s2uNRe7RqD9Srqys5OzuTw8PDuIdoWuCpAeCtW7cWwsOywaoO59cQ8/DwMLO85ut1GoK9vb24bBpy3rx5U+7cuSMXFxfxZ7xz5454nie3b99OhK728rt378rFxUU8zP7WrVvx43aIq6/R8uvnPjg4EM/z4telhdtlg1X9nlzXjXsdn52dycXFRfz59b3yfusy2w3KmU6nMhgMZDgcLvT89H1fxuPx1gWrtsFgINPpNHUZwSoAAACAdUgLVt95553UADXrcYJVoKM2GaymDbM3ezZq4KpD6/U5Gibq6/J6pCqzx+vNmzfjgLVssGr2AtXwMmtovz3Hqh0ep/WstT9jFL3pzatTIqQtN8tvhqIHBwfx++3v76fO8aqfQYPdvO+tTLCqIfnNmzcXwu0q0wkQrK6OBquTyUSGw2FiWb/fl/l8nghW5/O5DIdDcRxnYQoB3/dlNBqJ53nxMP3RaJRY7vt+4j3MULRo3VnBqpYzbRnBKgAAAIB1yApW7RA17TGCVaDjVhWsfhH8WjgVQFqPVe3VaAerdlCpPVh1eVGwqvSGSxpSlg1WzSDIfMycikBfY86x6nneQk/QtF66aZ/BfCzrM9pTISgNZM/OzuIh/zo833ytThNw69atpXqsRlGUmE/WnC6hbLCqc6x+9eOvjdeDNtBgNQxDcRxHwjCUKHozxF63AzNYDcNQgiCI/7/f78c9XX3fl16vlwhKe71ePGy/KFgtWndasOp5npjhrY1gFQAAAMA65AWrGqTa/yZYBSBRtPmbV+kcq/bjdrCaF5xWCVajKBn0pYV++/v7qXOs6nKzx+rFxUUcoGqQWFSerGB1mR6rRZ/54uJCDg8PZX9/f2GZfp60G3pVCVaV3pBMy141WOXmVauhwWoURYnpAEajUfz/eVMBmGFpWvhpBqdFwWrVdY9Go8xerIpgFQAAAMA6pAWrdpiaF6oSrAIdtqpg9fvZCxk+vJTLF7/nrsN13XgO09PT03h+TjN81OfoXKHaU1TXcePGjXi+0LQ5Vg8PD+P5WbVXpYa5WXOb2sGqfTOmZYLetGDV/oz2HKvm0H39jjTY1RBTvxud31Rfp4/fvHkzDlb1u9D/FgWrug5znlQzMNV5YnW5GQrr8/T9sr6Xyxe/y/DhpXw/e9F4PWgDM1gNgiDelnq9Xtx71QxW9fk6XN9xnJUFq1XWHYZhooxZCFYBAAAArENWsFqmpyrBKtBxqwpWr/735f/3PlwcXm5zXXdhuP+NGzcSIdzdu3fjYevmUPcoejPcXZeZjysNFM3XmvOKaoipQ+Jv376dOseqvoc5zD1NnWDV/owHBweJeV2jKDlP7MHBQVwGz/PiIfgaUuvnsx83b4al69rf3y+cCsBmLrN/A3uu1aurq/j3Tesxq75+fCXDh5dy9b8vG68HbWAGq1H0JlAdj8eJ+VbNYFWX67+X7bHqum68vMq6Z7OZ5E0BoAhWAQAAAKxDXrCad8MqglUAKwtWoyiST8+flpoOANBpAD49f9p4WdrCDlY9z5NerxdPAxBFyWDVcZx4ztTpdCq9Xq90sBoEgfT7/biX6Xg8Fsdx4uVV110GwSoAAACAdSgKVssgWAU6apXB6qNnv8nw4aV899//0/jnwnb77r//R4YPL+XRs98aL0tb2MGqBprmc8xgVW9Q5TiOeJ4n4/G4dLAaRZGMRqN4mL/OkWr2aC277vl8Lo7jyHw+z/18BKsAAAAA1oFgFUBtqwxWX776M+61+jxkeDfSPQ9fxr1VX776s/HyYDcQrAIAAABYB4JVALWtMliNokieXv8hw4eXMnx4Ka9eE5oh6dXrP+Pt4+n1H42XB7vj6OiosqbLDAAAAGD7EawCqG3VwWoURfL97IUMH17KF8GvhKuIvXr9p3wR/CrDh5fy/exF4+UBAAAAAIBgFUBtVYNV/vjjjz/++OOPP/74448//vjjj782/RGsAqilarC67M7m+vpaHjx4AAAAAADYgFWcwwFtRrAKoDaCVQAAAABor6ZDK2DbEawCqI1gFQAAAADaq+nQCth2BKsAaiNYBQAAAID2ajq0ArYdwSqA2lYdrL7zzjuxrOc03bAAAAAAgK5oOrQCmlAmm1AEqwBqW2WwWnbH1XTDAgAAAAC6oumAC2hK2YyCYBVAbasKVqtcDWq6YQEAAAAAXdF0uAU0qUxWQbAKoLZVBKtVQtXra4JVAAAAANiUpoMtoGlFmQXBKoDa6LEKAAAAAO3VdKgFNIkeqwDWijlWAQAAAKC9mg62gKYwxyqAtVtlsFp2x9V0wwIAAAAAuqLpcAtoQpVRtQSrAGpbdbBaRtMNCwAAAADoiqYDLmDbEawCqI1gFQAAAADaq+nQCth2BKsAaiNYBQAAAID2ajq0ArYdwSqA2ghWAQAAAKC9mg6tgG1HsAqgtiaCVQAAAAAAgG1AsAqgtqrBatPlBQAAAAAA2CYEq0BHEawCAAAAAADUR7AKdBTBKgAAAAAAQH0Eq0BHEawCAAAAAADUR7AKdBTBKgAAAAAAQH0Eq0BHVQ1WAWBZT548abwMAHbfzz//3HgZAOw+2iUAVoVgFegg6j0AAAAAAMByCFaBDqLeAwAAAAAALGev6S6zAJrR9M4HAAAAAABglxGsAh3V9M4HAAAAAABgl+09evRIrp5fA+gQglUAAAAAAIDlEKwCHUSwCgAAAAAAsByCVaCDCFYBAAAAAACWQ7AKdBDBKgAAAAAAwHIIVoEOIlgFAAAAAABYDsEq0EEEqwAAAAAAAMshWAU6iGAVAAAAAABgOQSrQAcRrAIAAAAAACyncrD6b3/5S+OhUFm/XD6T7x5M5JfLZ42XJc35D4Gc/xDkPufipyfy3YNJ42VFuxCsAgAAAAAALKdSsPpvf/lLbFUBz3v378t79+/LN9+exY/9cvksfvzLv/6t9rq9zz6X4+PjOJi8+OlJYZBZxYfuR3J8fCzvf9Av9Xw75D05OZH37t/Pfc37H/Tl+Pg4/vf5D4Fc/PSk8WAOu41gFQAAAAAAYDm1eqyuMlw9Pj5eCCe//Ovf5OTkRI6Pj+Xj4SeJ5+f1Pk1bZvb2/ND9KDXILOraUzzSAAAD00lEQVTRmrX85ORE7t27J8fHx6nPMR+7+OlJIuTVx4pC0l8unyXC4Hv37i18J0BVBKsAAAAAAADLqTXH6irD1ePjY7l3756cnJzEj2kAagarHw8/iUPYk5OTuCerPj749/+Il3/ofpRY9t2DSeL1+tj5D4G8e3oaP/be/ftxGKrr1OV2ub/59kyOj4/j/5o9a81g+Pj4WP7zUy8OYPV99D20t665Dg1hB//+H/H3cPX8Ov5/pa/zPvt84XVNB3fYbgSrAAAAAAAAy6l986pVhatmKKrTAZycnMSPfTz8RM5/COLA9LsHE3n39FROTk7kl8tncWD6/gd9+e7BJA4fL356kghWdR3vnp7GQ/Lf/6AvJycn8s23Z/G0ARrkmiFtWg/R9z/oy7179+Tq+bW8e3oq756exstOTk7i9/nyr3+T8x+CeNoA77PP4x6oZsh6cnIS99rVspz/ECSCVX1cv4er5296sOp7m69rOrjDdiNYBQAAAAAAWM5W9Fj9ePiJvHt6Kh+6H8k3357JycmJfPdgEi8zA9Kr5296hNo9UXVZWi9VXWYGmWn/vnfvXqI3qRmWmn65fBa/9rsHkzg01RtNpU1hYJfFfn8Nkn+5fJYIas1gNW3dut6Ln54sBLxAFoJVAAAAAACA5WzFHKsfDz8R77PP5d69e/Kh+1HcI7PpYDXrxlL6/jbvs89rB6s6jF+fp9MCFAWr5vB/c1oAIA/BKgAAAAAAwHIqBaurDlWvnr8NVjUg1PlTzRCxzFQAZYNVHaJ//kNQOBVAVrD6/gf9eL1Kh///cvksMRXAN9+eyTffnsVl8T77PJ7ywH4P7XFq3gwrLVjV70FvfKXTEmTdRAuwEawCAAAAAAAsp1aP1VUGPGaYaYaDdu9M84ZQaTevKhOsmje48j77XH65fJa4IZR986q0YFWnAdD5UJU5HYB986ov//o3ufjpSaL8ae+hPWH15ltXz5PB6tXz68TNtnQuVb2JlV0mIAvBKgAAAAAAwHJq37wK20ODVe0JCxQhWAUAAAAAAFgOweoOO/8hkPfu34+nHmi6PNgdBKsAAAAAAADLIVjdYRc/PZH3P+jLx8NPmFsVlRCsAgAAAAAALIdgFeggglUAAAAAAIDlEKwCHUSwCgAAAAAAsByCVaCDCFYBAAAAAACWQ7AKdBDBKgAAAAAAwHIIVoEOIlgFAAAAAABYzt6jR48EQPc0vfMBAAAAAADYZXtNFwAAAAAAAAAAdg3BKgAAAAAAAABURLAKAAAAAAAAABURrAIAAAAAAABARQSrAAAAAAAAAFDR/wEhgshtbIPw/AAAAABJRU5ErkJggg=="> obscures it
Build info: version: '3.10.0', revision: '176b4a9', time: '2018-03-02T19:03:16.397Z'
System info: host: 'KHAGENDRAP-LP', ip: '10.225.2.82', os.name: 'Windows 10', os.arch: 'amd64', os.version: '10.0', java.version: '15.0.2'
Driver info: org.openqa.selenium.firefox.FirefoxDriver
Capabilities {acceptInsecureCerts: true, browserName: firefox, browserVersion: 78.8.0, javascriptEnabled: true, moz:accessibilityChecks: false, moz:buildID: 20210217034806, moz:geckodriverVersion: 0.24.0, moz:headless: false, moz:processID: 11220, moz:profile: C:\Users\khagendra.prasad\A..., moz:shutdownTimeout: 60000, moz:useNonSpecCompliantPointerOrigin: false, moz:webdriverClick: true, pageLoadStrategy: normal, platform: WINDOWS, platformName: WINDOWS, platformVersion: 10.0, rotatable: false, setWindowRect: true, strictFileInteractability: false, timeouts: {implicit: 0, pageLoad: 300000, script: 30000}, unhandledPromptBehavior: dismiss and notify}
Session ID: 4adc3f67-f624-4b13-a267-bd0380f2e7e9
at java.base/jdk.internal.reflect.NativeConstructorAccessorImpl.newInstance0(Native Method)
at java.base/jdk.internal.reflect.NativeConstructorAccessorImpl.newInstance(NativeConstructorAccessorImpl.java:64)
at java.base/jdk.internal.reflect.DelegatingConstructorAccessorImpl.newInstance(DelegatingConstructorAccessorImpl.java:45)
at java.base/java.lang.reflect.Constructor.newInstanceWithCaller(Constructor.java:500)
at java.base/java.lang.reflect.Constructor.newInstance(Constructor.java:481)
at org.openqa.selenium.remote.http.W3CHttpResponseCodec.createException(W3CHttpResponseCodec.java:187)
at org.openqa.selenium.remote.http.W3CHttpResponseCodec.decode(W3CHttpResponseCodec.java:122)
at org.openqa.selenium.remote.http.W3CHttpResponseCodec.decode(W3CHttpResponseCodec.java:49)
at org.openqa.selenium.remote.HttpCommandExecutor.execute(HttpCommandExecutor.java:160)
at org.openqa.selenium.remote.service.DriverCommandExecutor.execute(DriverCommandExecutor.java:83)
at org.openqa.selenium.remote.RemoteWebDriver.execute(RemoteWebDriver.java:601)
at org.openqa.selenium.remote.RemoteWebElement.execute(RemoteWebElement.java:279)
at org.openqa.selenium.remote.RemoteWebElement.click(RemoteWebElement.java:83)
at themis.Util.AutoGenerateMail.GenerateMail(AutoGenerateMail.java:159)
at TestCases.ISTrackEAMManagedWithCheckBoxAMTestCase.AutomaticReport(ISTrackEAMManagedWithCheckBoxAMTestCase.java:71)
at java.base/jdk.internal.reflect.NativeMethodAccessorImpl.invoke0(Native Method)
at java.base/jdk.internal.reflect.NativeMethodAccessorImpl.invoke(NativeMethodAccessorImpl.java:64)
at java.base/jdk.internal.reflect.DelegatingMethodAccessorImpl.invoke(DelegatingMethodAccessorImpl.java:43)
at java.base/java.lang.reflect.Method.invoke(Method.java:564)
at org.testng.internal.MethodInvocationHelper.invokeMethod(MethodInvocationHelper.java:132)
at org.testng.internal.MethodInvocationHelper.invokeMethodConsideringTimeout(MethodInvocationHelper.java:61)
at org.testng.internal.ConfigInvoker.invokeConfigurationMethod(ConfigInvoker.java:366)
at org.testng.internal.ConfigInvoker.invokeConfigurations(ConfigInvoker.java:320)
at org.testng.internal.TestMethodWorker.invokeAfterClassMethods(TestMethodWorker.java:217)
at org.testng.internal.TestMethodWorker.run(TestMethodWorker.java:130)
at java.base/java.util.ArrayList.forEach(ArrayList.java:1511)
at org.testng.TestRunner.privateRun(TestRunner.java:764)
at org.testng.TestRunner.run(TestRunner.java:585)
at org.testng.SuiteRunner.runTest(SuiteRunner.java:384)
at org.testng.SuiteRunner.runSequentially(SuiteRunner.java:378)
at org.testng.SuiteRunner.privateRun(SuiteRunner.java:337)
at org.testng.SuiteRunner.run(SuiteRunner.java:286)
at org.testng.SuiteRunnerWorker.runSuite(SuiteRunnerWorker.java:53)
at org.testng.SuiteRunnerWorker.run(SuiteRunnerWorker.java:96)
at org.testng.TestNG.runSuitesSequentially(TestNG.java:1218)
at org.testng.TestNG.runSuitesLocally(TestNG.java:1140)
at org.testng.TestNG.runSuites(TestNG.java:1069)
at org.testng.TestNG.run(TestNG.java:1037)
at org.testng.remote.AbstractRemoteTestNG.run(AbstractRemoteTestNG.java:115)
at org.testng.remote.RemoteTestNG.initAndRun(RemoteTestNG.java:251)
at org.testng.remote.RemoteTestNG.main(RemoteTestNG.java:77)
]]>
    </error>
  </testcase> <!-- AutomaticReport -->
  <system-out/>
  <testcase classname="TestCases.ISTrackEAMManagedWithCheckBoxAMTestCase" name="newCaseGeneration" time="301.815"/>
  <system-out/>
  <testcase classname="TestCases.ISTrackEAMManagedWithCheckBoxAMTestCase" name="taskCompletion" time="890.078"/>
  <system-out/>
  <testcase classname="TestCases.ISTrackEAMManagedWithCheckBoxAMTestCase" name="pocmSupervisor" time="83.129"/>
  <system-out/>
  <testcase classname="TestCases.ISTrackEAMManagedWithCheckBoxAMTestCase" name="pocmUser1" time="59.176"/>
  <system-out/>
  <testcase classname="TestCases.ISTrackEAMManagedWithCheckBoxAMTestCase" name="acceptanceIS" time="185.161"/>
  <system-out/>
</testsuite> <!-- TestCases.ISTrackEAMManagedWithCheckBoxAMTestCase -->
