<?xml version="1.0" encoding="UTF-8"?>
<!-- Generated by org.testng.reporters.JUnitReportReporter -->
<testsuite hostname="KhagendraP-LP" failures="0" tests="8" name="TestCases_Production.ISTrackOrderProcessingProductionTestCase" time="2294.106" errors="0" timestamp="2021-05-12T13:57:21 IST" skipped="0">
  <testcase classname="TestCases_Production.ISTrackOrderProcessingProductionTestCase" name="newCaseGenerationISTrack" time="317.643"/>
  <system-out/>
  <testcase classname="TestCases_Production.ISTrackOrderProcessingProductionTestCase" name="checkManageStatusInGold" time="165.140"/>
  <system-out/>
  <testcase classname="TestCases_Production.ISTrackOrderProcessingProductionTestCase" name="taskRejectionByProcurementUserISTrack" time="362.836"/>
  <system-out/>
  <testcase classname="TestCases_Production.ISTrackOrderProcessingProductionTestCase" name="taskCompletionByProcurementUserISTrack" time="896.600"/>
  <system-out/>
  <testcase classname="TestCases_Production.ISTrackOrderProcessingProductionTestCase" name="acceptanceERSByOdmUserISTrack" time="185.481"/>
  <system-out/>
  <testcase classname="TestCases_Production.ISTrackOrderProcessingProductionTestCase" name="checkRFS_RFBAndSRTMessage" time="154.130"/>
  <system-out/>
  <testcase classname="TestCases_Production.ISTrackOrderProcessingProductionTestCase" name="billingSupervisorISTrack" time="94.111"/>
  <system-out/>
  <testcase classname="TestCases_Production.ISTrackOrderProcessingProductionTestCase" name="checkGoldOrderAcceptanceStatus" time="118.165"/>
  <system-out/>
</testsuite> <!-- TestCases_Production.ISTrackOrderProcessingProductionTestCase -->
