<?xml version="1.0" encoding="UTF-8"?>
<!-- Generated by org.testng.reporters.JUnitReportReporter -->
<testsuite skipped="0" hostname="EQ-EQ6330754" name="TestCases.ISTrackMaintenanceScopeProcessingAMTestCase" tests="4" failures="0" timestamp="21 Aug 2020 10:32:30 GMT" time="301.486" errors="0">
  <testcase name="billingSupervisor" time="84.023" classname="TestCases.ISTrackMaintenanceScopeProcessingAMTestCase"/>
  <testcase name="billingUser1" time="62.208" classname="TestCases.ISTrackMaintenanceScopeProcessingAMTestCase"/>
  <testcase name="checkCompletedTasks" time="59.628" classname="TestCases.ISTrackMaintenanceScopeProcessingAMTestCase"/>
  <testcase name="checkGoldOrderAcceptanceStatus" time="95.627" classname="TestCases.ISTrackMaintenanceScopeProcessingAMTestCase"/>
</testsuite> <!-- TestCases.ISTrackMaintenanceScopeProcessingAMTestCase -->
