<?xml version="1.0" encoding="UTF-8"?>
<!-- Generated by org.testng.reporters.JUnitReportReporter -->
<testsuite hostname="KhagendraP-LP" failures="0" tests="7" name="TestCases.ISTrackOnsiteInterventionProcessingAMTestCase" time="1002.647" errors="0" timestamp="2021-05-19T18:40:09 IST" skipped="0">
  <testcase classname="TestCases.ISTrackOnsiteInterventionProcessingAMTestCase" name="newCaseGenerationISTrack" time="251.680"/>
  <system-out/>
  <testcase classname="TestCases.ISTrackOnsiteInterventionProcessingAMTestCase" name="checkManageStatusInGold" time="165.554"/>
  <system-out/>
  <testcase classname="TestCases.ISTrackOnsiteInterventionProcessingAMTestCase" name="taskCompletionByProcurementUserISTrack" time="87.781"/>
  <system-out/>
  <testcase classname="TestCases.ISTrackOnsiteInterventionProcessingAMTestCase" name="acceptanceISByOdmUserISTrack" time="149.736"/>
  <system-out/>
  <testcase classname="TestCases.ISTrackOnsiteInterventionProcessingAMTestCase" name="checkRFS_RFBInGold" time="145.829"/>
  <system-out/>
  <testcase classname="TestCases.ISTrackOnsiteInterventionProcessingAMTestCase" name="billingSupervisorISTrack" time="87.604"/>
  <system-out/>
  <testcase classname="TestCases.ISTrackOnsiteInterventionProcessingAMTestCase" name="checkGoldOrderAcceptanceStatus" time="114.463"/>
  <system-out/>
</testsuite> <!-- TestCases.ISTrackOnsiteInterventionProcessingAMTestCase -->
