<?xml version="1.0" encoding="UTF-8"?>
<!-- Generated by org.testng.reporters.JUnitReportReporter -->
<testsuite hostname="KhagendraP-LP" failures="0" tests="7" name="TestCases.ISTrackERSDirectOrderProcessingAMTestCase" time="1721.782" errors="0" timestamp="2021-04-21T10:16:27 IST" skipped="0">
  <testcase classname="TestCases.ISTrackERSDirectOrderProcessingAMTestCase" name="newCaseGeneration" time="280.193"/>
  <system-out/>
  <testcase classname="TestCases.ISTrackERSDirectOrderProcessingAMTestCase" name="checkManageStatusInGold" time="161.881"/>
  <system-out/>
  <testcase classname="TestCases.ISTrackERSDirectOrderProcessingAMTestCase" name="taskCompletion" time="711.940"/>
  <system-out/>
  <testcase classname="TestCases.ISTrackERSDirectOrderProcessingAMTestCase" name="acceptanceERS" time="221.304"/>
  <system-out/>
  <testcase classname="TestCases.ISTrackERSDirectOrderProcessingAMTestCase" name="checkRFS_RFB" time="146.028"/>
  <system-out/>
  <testcase classname="TestCases.ISTrackERSDirectOrderProcessingAMTestCase" name="billingSupervisor" time="86.137"/>
  <system-out/>
  <testcase classname="TestCases.ISTrackERSDirectOrderProcessingAMTestCase" name="checkGoldOrderAcceptanceStatus" time="114.299"/>
  <system-out/>
</testsuite> <!-- TestCases.ISTrackERSDirectOrderProcessingAMTestCase -->
